[2025-12-16T07:17:57.077+0000] {processor.py:186} INFO - Started process (PID=161) to work on /opt/airflow/dags/test_pyspark_basic_operations_dag.py
[2025-12-16T07:17:57.080+0000] {processor.py:914} INFO - Processing file /opt/airflow/dags/test_pyspark_basic_operations_dag.py for tasks to queue
[2025-12-16T07:17:57.088+0000] {logging_mixin.py:190} INFO - [2025-12-16T07:17:57.087+0000] {dagbag.py:588} INFO - Filling up the DagBag from /opt/airflow/dags/test_pyspark_basic_operations_dag.py
[2025-12-16T07:17:57.359+0000] {logging_mixin.py:190} INFO - [2025-12-16T07:17:57.334+0000] {dagbag.py:387} ERROR - Failed to import: /opt/airflow/dags/test_pyspark_basic_operations_dag.py
Traceback (most recent call last):
  File "/home/airflow/.local/lib/python3.12/site-packages/airflow/models/dagbag.py", line 383, in parse
    loader.exec_module(new_module)
  File "<frozen importlib._bootstrap_external>", line 999, in exec_module
  File "<frozen importlib._bootstrap>", line 488, in _call_with_frames_removed
  File "/opt/airflow/dags/test_pyspark_basic_operations_dag.py", line 1, in <module>
    from pyspark.sql.functions import when, col, lit, split, filter, explode, array, array_contains, count, min, max, mean, expr, udf, from_json, to_json
ModuleNotFoundError: No module named 'pyspark'
[2025-12-16T07:17:57.370+0000] {processor.py:927} WARNING - No viable dags retrieved from /opt/airflow/dags/test_pyspark_basic_operations_dag.py
[2025-12-16T07:17:57.608+0000] {processor.py:208} INFO - Processing /opt/airflow/dags/test_pyspark_basic_operations_dag.py took 0.569 seconds
[2025-12-16T07:18:30.592+0000] {processor.py:186} INFO - Started process (PID=232) to work on /opt/airflow/dags/test_pyspark_basic_operations_dag.py
[2025-12-16T07:18:30.600+0000] {processor.py:914} INFO - Processing file /opt/airflow/dags/test_pyspark_basic_operations_dag.py for tasks to queue
[2025-12-16T07:18:30.609+0000] {logging_mixin.py:190} INFO - [2025-12-16T07:18:30.608+0000] {dagbag.py:588} INFO - Filling up the DagBag from /opt/airflow/dags/test_pyspark_basic_operations_dag.py
[2025-12-16T07:18:30.827+0000] {logging_mixin.py:190} INFO - [2025-12-16T07:18:30.803+0000] {dagbag.py:387} ERROR - Failed to import: /opt/airflow/dags/test_pyspark_basic_operations_dag.py
Traceback (most recent call last):
  File "/home/airflow/.local/lib/python3.12/site-packages/airflow/models/dagbag.py", line 383, in parse
    loader.exec_module(new_module)
  File "<frozen importlib._bootstrap_external>", line 999, in exec_module
  File "<frozen importlib._bootstrap>", line 488, in _call_with_frames_removed
  File "/opt/airflow/dags/test_pyspark_basic_operations_dag.py", line 1, in <module>
    from pyspark.sql.functions import when, col, lit, split, filter, explode, array, array_contains, count, min, max, mean, expr, udf, from_json, to_json
ModuleNotFoundError: No module named 'pyspark'
[2025-12-16T07:18:30.836+0000] {processor.py:927} WARNING - No viable dags retrieved from /opt/airflow/dags/test_pyspark_basic_operations_dag.py
[2025-12-16T07:18:30.952+0000] {processor.py:208} INFO - Processing /opt/airflow/dags/test_pyspark_basic_operations_dag.py took 0.381 seconds
[2025-12-16T07:19:13.750+0000] {processor.py:186} INFO - Started process (PID=314) to work on /opt/airflow/dags/test_pyspark_basic_operations_dag.py
[2025-12-16T07:19:13.753+0000] {processor.py:914} INFO - Processing file /opt/airflow/dags/test_pyspark_basic_operations_dag.py for tasks to queue
[2025-12-16T07:19:13.761+0000] {logging_mixin.py:190} INFO - [2025-12-16T07:19:13.760+0000] {dagbag.py:588} INFO - Filling up the DagBag from /opt/airflow/dags/test_pyspark_basic_operations_dag.py
[2025-12-16T07:19:13.814+0000] {logging_mixin.py:190} INFO - [2025-12-16T07:19:13.802+0000] {dagbag.py:387} ERROR - Failed to import: /opt/airflow/dags/test_pyspark_basic_operations_dag.py
Traceback (most recent call last):
  File "/home/airflow/.local/lib/python3.12/site-packages/airflow/models/dagbag.py", line 383, in parse
    loader.exec_module(new_module)
  File "<frozen importlib._bootstrap_external>", line 999, in exec_module
  File "<frozen importlib._bootstrap>", line 488, in _call_with_frames_removed
  File "/opt/airflow/dags/test_pyspark_basic_operations_dag.py", line 1, in <module>
    from pyspark.sql.functions import when, col, lit, split, filter, explode, array, array_contains, count, min, max, mean, expr, udf, from_json, to_json
ModuleNotFoundError: No module named 'pyspark'
[2025-12-16T07:19:13.817+0000] {processor.py:927} WARNING - No viable dags retrieved from /opt/airflow/dags/test_pyspark_basic_operations_dag.py
[2025-12-16T07:19:13.890+0000] {processor.py:208} INFO - Processing /opt/airflow/dags/test_pyspark_basic_operations_dag.py took 0.156 seconds
[2025-12-16T07:20:01.132+0000] {processor.py:186} INFO - Started process (PID=396) to work on /opt/airflow/dags/test_pyspark_basic_operations_dag.py
[2025-12-16T07:20:01.135+0000] {processor.py:914} INFO - Processing file /opt/airflow/dags/test_pyspark_basic_operations_dag.py for tasks to queue
[2025-12-16T07:20:01.142+0000] {logging_mixin.py:190} INFO - [2025-12-16T07:20:01.141+0000] {dagbag.py:588} INFO - Filling up the DagBag from /opt/airflow/dags/test_pyspark_basic_operations_dag.py
[2025-12-16T07:20:01.228+0000] {logging_mixin.py:190} INFO - [2025-12-16T07:20:01.183+0000] {dagbag.py:387} ERROR - Failed to import: /opt/airflow/dags/test_pyspark_basic_operations_dag.py
Traceback (most recent call last):
  File "/home/airflow/.local/lib/python3.12/site-packages/airflow/models/dagbag.py", line 383, in parse
    loader.exec_module(new_module)
  File "<frozen importlib._bootstrap_external>", line 999, in exec_module
  File "<frozen importlib._bootstrap>", line 488, in _call_with_frames_removed
  File "/opt/airflow/dags/test_pyspark_basic_operations_dag.py", line 1, in <module>
    from pyspark.sql.functions import when, col, lit, split, filter, explode, array, array_contains, count, min, max, mean, expr, udf, from_json, to_json
ModuleNotFoundError: No module named 'pyspark'
[2025-12-16T07:20:01.281+0000] {processor.py:927} WARNING - No viable dags retrieved from /opt/airflow/dags/test_pyspark_basic_operations_dag.py
[2025-12-16T07:20:01.443+0000] {processor.py:208} INFO - Processing /opt/airflow/dags/test_pyspark_basic_operations_dag.py took 0.329 seconds
[2025-12-16T07:20:32.204+0000] {processor.py:186} INFO - Started process (PID=467) to work on /opt/airflow/dags/test_pyspark_basic_operations_dag.py
[2025-12-16T07:20:32.207+0000] {processor.py:914} INFO - Processing file /opt/airflow/dags/test_pyspark_basic_operations_dag.py for tasks to queue
[2025-12-16T07:20:32.213+0000] {logging_mixin.py:190} INFO - [2025-12-16T07:20:32.212+0000] {dagbag.py:588} INFO - Filling up the DagBag from /opt/airflow/dags/test_pyspark_basic_operations_dag.py
[2025-12-16T07:20:32.260+0000] {logging_mixin.py:190} INFO - [2025-12-16T07:20:32.248+0000] {dagbag.py:387} ERROR - Failed to import: /opt/airflow/dags/test_pyspark_basic_operations_dag.py
Traceback (most recent call last):
  File "/home/airflow/.local/lib/python3.12/site-packages/airflow/models/dagbag.py", line 383, in parse
    loader.exec_module(new_module)
  File "<frozen importlib._bootstrap_external>", line 999, in exec_module
  File "<frozen importlib._bootstrap>", line 488, in _call_with_frames_removed
  File "/opt/airflow/dags/test_pyspark_basic_operations_dag.py", line 1, in <module>
    from pyspark.sql.functions import when, col, lit, split, filter, explode, array, array_contains, count, min, max, mean, expr, udf, from_json, to_json
ModuleNotFoundError: No module named 'pyspark'
[2025-12-16T07:20:32.264+0000] {processor.py:927} WARNING - No viable dags retrieved from /opt/airflow/dags/test_pyspark_basic_operations_dag.py
[2025-12-16T07:20:32.321+0000] {processor.py:208} INFO - Processing /opt/airflow/dags/test_pyspark_basic_operations_dag.py took 0.133 seconds
[2025-12-16T07:21:02.874+0000] {processor.py:186} INFO - Started process (PID=538) to work on /opt/airflow/dags/test_pyspark_basic_operations_dag.py
[2025-12-16T07:21:02.880+0000] {processor.py:914} INFO - Processing file /opt/airflow/dags/test_pyspark_basic_operations_dag.py for tasks to queue
[2025-12-16T07:21:02.900+0000] {logging_mixin.py:190} INFO - [2025-12-16T07:21:02.898+0000] {dagbag.py:588} INFO - Filling up the DagBag from /opt/airflow/dags/test_pyspark_basic_operations_dag.py
[2025-12-16T07:21:02.994+0000] {logging_mixin.py:190} INFO - [2025-12-16T07:21:02.981+0000] {dagbag.py:387} ERROR - Failed to import: /opt/airflow/dags/test_pyspark_basic_operations_dag.py
Traceback (most recent call last):
  File "/home/airflow/.local/lib/python3.12/site-packages/airflow/models/dagbag.py", line 383, in parse
    loader.exec_module(new_module)
  File "<frozen importlib._bootstrap_external>", line 999, in exec_module
  File "<frozen importlib._bootstrap>", line 488, in _call_with_frames_removed
  File "/opt/airflow/dags/test_pyspark_basic_operations_dag.py", line 1, in <module>
    from pyspark.sql.functions import when, col, lit, split, filter, explode, array, array_contains, count, min, max, mean, expr, udf, from_json, to_json
ModuleNotFoundError: No module named 'pyspark'
[2025-12-16T07:21:03.006+0000] {processor.py:927} WARNING - No viable dags retrieved from /opt/airflow/dags/test_pyspark_basic_operations_dag.py
[2025-12-16T07:21:03.188+0000] {processor.py:208} INFO - Processing /opt/airflow/dags/test_pyspark_basic_operations_dag.py took 0.335 seconds
[2025-12-16T07:21:40.001+0000] {processor.py:186} INFO - Started process (PID=620) to work on /opt/airflow/dags/test_pyspark_basic_operations_dag.py
[2025-12-16T07:21:40.005+0000] {processor.py:914} INFO - Processing file /opt/airflow/dags/test_pyspark_basic_operations_dag.py for tasks to queue
[2025-12-16T07:21:40.012+0000] {logging_mixin.py:190} INFO - [2025-12-16T07:21:40.011+0000] {dagbag.py:588} INFO - Filling up the DagBag from /opt/airflow/dags/test_pyspark_basic_operations_dag.py
[2025-12-16T07:21:40.051+0000] {logging_mixin.py:190} INFO - [2025-12-16T07:21:40.044+0000] {dagbag.py:387} ERROR - Failed to import: /opt/airflow/dags/test_pyspark_basic_operations_dag.py
Traceback (most recent call last):
  File "/home/airflow/.local/lib/python3.12/site-packages/airflow/models/dagbag.py", line 383, in parse
    loader.exec_module(new_module)
  File "<frozen importlib._bootstrap_external>", line 999, in exec_module
  File "<frozen importlib._bootstrap>", line 488, in _call_with_frames_removed
  File "/opt/airflow/dags/test_pyspark_basic_operations_dag.py", line 1, in <module>
    from pyspark.sql.functions import when, col, lit, split, filter, explode, array, array_contains, count, min, max, mean, expr, udf, from_json, to_json
ModuleNotFoundError: No module named 'pyspark'
[2025-12-16T07:21:40.055+0000] {processor.py:927} WARNING - No viable dags retrieved from /opt/airflow/dags/test_pyspark_basic_operations_dag.py
[2025-12-16T07:21:40.114+0000] {processor.py:208} INFO - Processing /opt/airflow/dags/test_pyspark_basic_operations_dag.py took 0.129 seconds
[2025-12-16T07:22:15.556+0000] {processor.py:186} INFO - Started process (PID=696) to work on /opt/airflow/dags/test_pyspark_basic_operations_dag.py
[2025-12-16T07:22:15.558+0000] {processor.py:914} INFO - Processing file /opt/airflow/dags/test_pyspark_basic_operations_dag.py for tasks to queue
[2025-12-16T07:22:15.565+0000] {logging_mixin.py:190} INFO - [2025-12-16T07:22:15.563+0000] {dagbag.py:588} INFO - Filling up the DagBag from /opt/airflow/dags/test_pyspark_basic_operations_dag.py
[2025-12-16T07:22:15.611+0000] {logging_mixin.py:190} INFO - [2025-12-16T07:22:15.597+0000] {dagbag.py:387} ERROR - Failed to import: /opt/airflow/dags/test_pyspark_basic_operations_dag.py
Traceback (most recent call last):
  File "/home/airflow/.local/lib/python3.12/site-packages/airflow/models/dagbag.py", line 383, in parse
    loader.exec_module(new_module)
  File "<frozen importlib._bootstrap_external>", line 999, in exec_module
  File "<frozen importlib._bootstrap>", line 488, in _call_with_frames_removed
  File "/opt/airflow/dags/test_pyspark_basic_operations_dag.py", line 1, in <module>
    from pyspark.sql.functions import when, col, lit, split, filter, explode, array, array_contains, count, min, max, mean, expr, udf, from_json, to_json
ModuleNotFoundError: No module named 'pyspark'
[2025-12-16T07:22:15.616+0000] {processor.py:927} WARNING - No viable dags retrieved from /opt/airflow/dags/test_pyspark_basic_operations_dag.py
[2025-12-16T07:22:15.682+0000] {processor.py:208} INFO - Processing /opt/airflow/dags/test_pyspark_basic_operations_dag.py took 0.150 seconds
[2025-12-16T07:22:48.782+0000] {processor.py:186} INFO - Started process (PID=767) to work on /opt/airflow/dags/test_pyspark_basic_operations_dag.py
[2025-12-16T07:22:48.787+0000] {processor.py:914} INFO - Processing file /opt/airflow/dags/test_pyspark_basic_operations_dag.py for tasks to queue
[2025-12-16T07:22:48.795+0000] {logging_mixin.py:190} INFO - [2025-12-16T07:22:48.794+0000] {dagbag.py:588} INFO - Filling up the DagBag from /opt/airflow/dags/test_pyspark_basic_operations_dag.py
[2025-12-16T07:22:48.864+0000] {logging_mixin.py:190} INFO - [2025-12-16T07:22:48.848+0000] {dagbag.py:387} ERROR - Failed to import: /opt/airflow/dags/test_pyspark_basic_operations_dag.py
Traceback (most recent call last):
  File "/home/airflow/.local/lib/python3.12/site-packages/airflow/models/dagbag.py", line 383, in parse
    loader.exec_module(new_module)
  File "<frozen importlib._bootstrap_external>", line 999, in exec_module
  File "<frozen importlib._bootstrap>", line 488, in _call_with_frames_removed
  File "/opt/airflow/dags/test_pyspark_basic_operations_dag.py", line 1, in <module>
    from pyspark.sql.functions import when, col, lit, split, filter, explode, array, array_contains, count, min, max, mean, expr, udf, from_json, to_json
ModuleNotFoundError: No module named 'pyspark'
[2025-12-16T07:22:48.869+0000] {processor.py:927} WARNING - No viable dags retrieved from /opt/airflow/dags/test_pyspark_basic_operations_dag.py
[2025-12-16T07:22:49.044+0000] {processor.py:208} INFO - Processing /opt/airflow/dags/test_pyspark_basic_operations_dag.py took 0.284 seconds
[2025-12-16T07:23:27.242+0000] {processor.py:186} INFO - Started process (PID=845) to work on /opt/airflow/dags/test_pyspark_basic_operations_dag.py
[2025-12-16T07:23:27.247+0000] {processor.py:914} INFO - Processing file /opt/airflow/dags/test_pyspark_basic_operations_dag.py for tasks to queue
[2025-12-16T07:23:27.274+0000] {logging_mixin.py:190} INFO - [2025-12-16T07:23:27.273+0000] {dagbag.py:588} INFO - Filling up the DagBag from /opt/airflow/dags/test_pyspark_basic_operations_dag.py
[2025-12-16T07:23:27.354+0000] {logging_mixin.py:190} INFO - [2025-12-16T07:23:27.344+0000] {dagbag.py:387} ERROR - Failed to import: /opt/airflow/dags/test_pyspark_basic_operations_dag.py
Traceback (most recent call last):
  File "/home/airflow/.local/lib/python3.12/site-packages/airflow/models/dagbag.py", line 383, in parse
    loader.exec_module(new_module)
  File "<frozen importlib._bootstrap_external>", line 999, in exec_module
  File "<frozen importlib._bootstrap>", line 488, in _call_with_frames_removed
  File "/opt/airflow/dags/test_pyspark_basic_operations_dag.py", line 1, in <module>
    from pyspark.sql.functions import when, col, lit, split, filter, explode, array, array_contains, count, min, max, mean, expr, udf, from_json, to_json
ModuleNotFoundError: No module named 'pyspark'
[2025-12-16T07:23:27.362+0000] {processor.py:927} WARNING - No viable dags retrieved from /opt/airflow/dags/test_pyspark_basic_operations_dag.py
[2025-12-16T07:23:27.465+0000] {processor.py:208} INFO - Processing /opt/airflow/dags/test_pyspark_basic_operations_dag.py took 0.253 seconds
[2025-12-16T07:25:05.703+0000] {processor.py:186} INFO - Started process (PID=929) to work on /opt/airflow/dags/test_pyspark_basic_operations_dag.py
[2025-12-16T07:25:05.711+0000] {processor.py:914} INFO - Processing file /opt/airflow/dags/test_pyspark_basic_operations_dag.py for tasks to queue
[2025-12-16T07:25:05.716+0000] {logging_mixin.py:190} INFO - [2025-12-16T07:25:05.715+0000] {dagbag.py:588} INFO - Filling up the DagBag from /opt/airflow/dags/test_pyspark_basic_operations_dag.py
[2025-12-16T07:25:05.899+0000] {logging_mixin.py:190} INFO - [2025-12-16T07:25:05.847+0000] {dagbag.py:387} ERROR - Failed to import: /opt/airflow/dags/test_pyspark_basic_operations_dag.py
Traceback (most recent call last):
  File "/home/airflow/.local/lib/python3.12/site-packages/airflow/models/dagbag.py", line 383, in parse
    loader.exec_module(new_module)
  File "<frozen importlib._bootstrap_external>", line 999, in exec_module
  File "<frozen importlib._bootstrap>", line 488, in _call_with_frames_removed
  File "/opt/airflow/dags/test_pyspark_basic_operations_dag.py", line 1, in <module>
    from pyspark.sql.functions import when, col, lit, split, filter, explode, array, array_contains, count, min, max, mean, expr, udf, from_json, to_json
ModuleNotFoundError: No module named 'pyspark'
[2025-12-16T07:25:05.917+0000] {processor.py:927} WARNING - No viable dags retrieved from /opt/airflow/dags/test_pyspark_basic_operations_dag.py
[2025-12-16T07:25:08.021+0000] {processor.py:208} INFO - Processing /opt/airflow/dags/test_pyspark_basic_operations_dag.py took 2.365 seconds
[2025-12-16T07:28:08.107+0000] {processor.py:186} INFO - Started process (PID=1052) to work on /opt/airflow/dags/test_pyspark_basic_operations_dag.py
[2025-12-16T07:28:08.111+0000] {processor.py:914} INFO - Processing file /opt/airflow/dags/test_pyspark_basic_operations_dag.py for tasks to queue
[2025-12-16T07:28:08.115+0000] {logging_mixin.py:190} INFO - [2025-12-16T07:28:08.114+0000] {dagbag.py:588} INFO - Filling up the DagBag from /opt/airflow/dags/test_pyspark_basic_operations_dag.py
[2025-12-16T07:28:08.165+0000] {logging_mixin.py:190} INFO - [2025-12-16T07:28:08.153+0000] {dagbag.py:387} ERROR - Failed to import: /opt/airflow/dags/test_pyspark_basic_operations_dag.py
Traceback (most recent call last):
  File "/home/airflow/.local/lib/python3.12/site-packages/airflow/models/dagbag.py", line 383, in parse
    loader.exec_module(new_module)
  File "<frozen importlib._bootstrap_external>", line 999, in exec_module
  File "<frozen importlib._bootstrap>", line 488, in _call_with_frames_removed
  File "/opt/airflow/dags/test_pyspark_basic_operations_dag.py", line 1, in <module>
    from pyspark.sql.functions import when, col, lit, split, filter, explode, array, array_contains, count, min, max, mean, expr, udf, from_json, to_json
ModuleNotFoundError: No module named 'pyspark'
[2025-12-16T07:28:08.169+0000] {processor.py:927} WARNING - No viable dags retrieved from /opt/airflow/dags/test_pyspark_basic_operations_dag.py
[2025-12-16T07:28:08.226+0000] {processor.py:208} INFO - Processing /opt/airflow/dags/test_pyspark_basic_operations_dag.py took 0.138 seconds
[2025-12-16T07:29:48.096+0000] {processor.py:186} INFO - Started process (PID=1143) to work on /opt/airflow/dags/test_pyspark_basic_operations_dag.py
[2025-12-16T07:29:48.104+0000] {processor.py:914} INFO - Processing file /opt/airflow/dags/test_pyspark_basic_operations_dag.py for tasks to queue
[2025-12-16T07:29:48.134+0000] {logging_mixin.py:190} INFO - [2025-12-16T07:29:48.133+0000] {dagbag.py:588} INFO - Filling up the DagBag from /opt/airflow/dags/test_pyspark_basic_operations_dag.py
[2025-12-16T07:29:48.642+0000] {logging_mixin.py:190} INFO - [2025-12-16T07:29:48.615+0000] {dagbag.py:387} ERROR - Failed to import: /opt/airflow/dags/test_pyspark_basic_operations_dag.py
Traceback (most recent call last):
  File "/home/airflow/.local/lib/python3.12/site-packages/airflow/models/dagbag.py", line 383, in parse
    loader.exec_module(new_module)
  File "<frozen importlib._bootstrap_external>", line 999, in exec_module
  File "<frozen importlib._bootstrap>", line 488, in _call_with_frames_removed
  File "/opt/airflow/dags/test_pyspark_basic_operations_dag.py", line 1, in <module>
    from pyspark.sql.functions import when, col, lit, split, filter, explode, array, array_contains, count, min, max, mean, expr, udf, from_json, to_json
ModuleNotFoundError: No module named 'pyspark'
[2025-12-16T07:29:48.702+0000] {processor.py:927} WARNING - No viable dags retrieved from /opt/airflow/dags/test_pyspark_basic_operations_dag.py
[2025-12-16T07:29:49.033+0000] {processor.py:208} INFO - Processing /opt/airflow/dags/test_pyspark_basic_operations_dag.py took 1.054 seconds
[2025-12-16T07:32:35.488+0000] {processor.py:186} INFO - Started process (PID=1259) to work on /opt/airflow/dags/test_pyspark_basic_operations_dag.py
[2025-12-16T07:32:35.500+0000] {processor.py:914} INFO - Processing file /opt/airflow/dags/test_pyspark_basic_operations_dag.py for tasks to queue
[2025-12-16T07:32:35.517+0000] {logging_mixin.py:190} INFO - [2025-12-16T07:32:35.503+0000] {dagbag.py:588} INFO - Filling up the DagBag from /opt/airflow/dags/test_pyspark_basic_operations_dag.py
[2025-12-16T07:32:35.622+0000] {logging_mixin.py:190} INFO - [2025-12-16T07:32:35.607+0000] {dagbag.py:387} ERROR - Failed to import: /opt/airflow/dags/test_pyspark_basic_operations_dag.py
Traceback (most recent call last):
  File "/home/airflow/.local/lib/python3.12/site-packages/airflow/models/dagbag.py", line 383, in parse
    loader.exec_module(new_module)
  File "<frozen importlib._bootstrap_external>", line 999, in exec_module
  File "<frozen importlib._bootstrap>", line 488, in _call_with_frames_removed
  File "/opt/airflow/dags/test_pyspark_basic_operations_dag.py", line 1, in <module>
    from pyspark.sql.functions import when, col, lit, split, filter, explode, array, array_contains, count, min, max, mean, expr, udf, from_json, to_json
ModuleNotFoundError: No module named 'pyspark'
[2025-12-16T07:32:35.635+0000] {processor.py:927} WARNING - No viable dags retrieved from /opt/airflow/dags/test_pyspark_basic_operations_dag.py
[2025-12-16T07:32:35.762+0000] {processor.py:208} INFO - Processing /opt/airflow/dags/test_pyspark_basic_operations_dag.py took 0.317 seconds
[2025-12-16T07:33:11.557+0000] {processor.py:186} INFO - Started process (PID=1331) to work on /opt/airflow/dags/test_pyspark_basic_operations_dag.py
[2025-12-16T07:33:11.560+0000] {processor.py:914} INFO - Processing file /opt/airflow/dags/test_pyspark_basic_operations_dag.py for tasks to queue
[2025-12-16T07:33:11.571+0000] {logging_mixin.py:190} INFO - [2025-12-16T07:33:11.570+0000] {dagbag.py:588} INFO - Filling up the DagBag from /opt/airflow/dags/test_pyspark_basic_operations_dag.py
[2025-12-16T07:33:11.653+0000] {logging_mixin.py:190} INFO - [2025-12-16T07:33:11.644+0000] {dagbag.py:387} ERROR - Failed to import: /opt/airflow/dags/test_pyspark_basic_operations_dag.py
Traceback (most recent call last):
  File "/home/airflow/.local/lib/python3.12/site-packages/airflow/models/dagbag.py", line 383, in parse
    loader.exec_module(new_module)
  File "<frozen importlib._bootstrap_external>", line 999, in exec_module
  File "<frozen importlib._bootstrap>", line 488, in _call_with_frames_removed
  File "/opt/airflow/dags/test_pyspark_basic_operations_dag.py", line 1, in <module>
    from pyspark.sql.functions import when, col, lit, split, filter, explode, array, array_contains, count, min, max, mean, expr, udf, from_json, to_json
ModuleNotFoundError: No module named 'pyspark'
[2025-12-16T07:33:11.657+0000] {processor.py:927} WARNING - No viable dags retrieved from /opt/airflow/dags/test_pyspark_basic_operations_dag.py
[2025-12-16T07:33:11.874+0000] {processor.py:208} INFO - Processing /opt/airflow/dags/test_pyspark_basic_operations_dag.py took 0.356 seconds
[2025-12-16T07:33:44.177+0000] {processor.py:186} INFO - Started process (PID=1401) to work on /opt/airflow/dags/test_pyspark_basic_operations_dag.py
[2025-12-16T07:33:44.185+0000] {processor.py:914} INFO - Processing file /opt/airflow/dags/test_pyspark_basic_operations_dag.py for tasks to queue
[2025-12-16T07:33:44.188+0000] {logging_mixin.py:190} INFO - [2025-12-16T07:33:44.187+0000] {dagbag.py:588} INFO - Filling up the DagBag from /opt/airflow/dags/test_pyspark_basic_operations_dag.py
[2025-12-16T07:33:44.242+0000] {logging_mixin.py:190} INFO - [2025-12-16T07:33:44.231+0000] {dagbag.py:387} ERROR - Failed to import: /opt/airflow/dags/test_pyspark_basic_operations_dag.py
Traceback (most recent call last):
  File "/home/airflow/.local/lib/python3.12/site-packages/airflow/models/dagbag.py", line 383, in parse
    loader.exec_module(new_module)
  File "<frozen importlib._bootstrap_external>", line 999, in exec_module
  File "<frozen importlib._bootstrap>", line 488, in _call_with_frames_removed
  File "/opt/airflow/dags/test_pyspark_basic_operations_dag.py", line 1, in <module>
    from pyspark.sql.functions import when, col, lit, split, filter, explode, array, array_contains, count, min, max, mean, expr, udf, from_json, to_json
ModuleNotFoundError: No module named 'pyspark'
[2025-12-16T07:33:44.246+0000] {processor.py:927} WARNING - No viable dags retrieved from /opt/airflow/dags/test_pyspark_basic_operations_dag.py
[2025-12-16T07:33:44.303+0000] {processor.py:208} INFO - Processing /opt/airflow/dags/test_pyspark_basic_operations_dag.py took 0.145 seconds
[2025-12-16T07:34:16.347+0000] {processor.py:186} INFO - Started process (PID=1475) to work on /opt/airflow/dags/test_pyspark_basic_operations_dag.py
[2025-12-16T07:34:16.355+0000] {processor.py:914} INFO - Processing file /opt/airflow/dags/test_pyspark_basic_operations_dag.py for tasks to queue
[2025-12-16T07:34:16.361+0000] {logging_mixin.py:190} INFO - [2025-12-16T07:34:16.360+0000] {dagbag.py:588} INFO - Filling up the DagBag from /opt/airflow/dags/test_pyspark_basic_operations_dag.py
[2025-12-16T07:34:16.460+0000] {logging_mixin.py:190} INFO - [2025-12-16T07:34:16.446+0000] {dagbag.py:387} ERROR - Failed to import: /opt/airflow/dags/test_pyspark_basic_operations_dag.py
Traceback (most recent call last):
  File "/home/airflow/.local/lib/python3.12/site-packages/airflow/models/dagbag.py", line 383, in parse
    loader.exec_module(new_module)
  File "<frozen importlib._bootstrap_external>", line 999, in exec_module
  File "<frozen importlib._bootstrap>", line 488, in _call_with_frames_removed
  File "/opt/airflow/dags/test_pyspark_basic_operations_dag.py", line 1, in <module>
    from pyspark.sql.functions import when, col, lit, split, filter, explode, array, array_contains, count, min, max, mean, expr, udf, from_json, to_json
ModuleNotFoundError: No module named 'pyspark'
[2025-12-16T07:34:16.464+0000] {processor.py:927} WARNING - No viable dags retrieved from /opt/airflow/dags/test_pyspark_basic_operations_dag.py
[2025-12-16T07:34:16.543+0000] {processor.py:208} INFO - Processing /opt/airflow/dags/test_pyspark_basic_operations_dag.py took 0.219 seconds
[2025-12-16T07:34:48.975+0000] {processor.py:186} INFO - Started process (PID=1549) to work on /opt/airflow/dags/test_pyspark_basic_operations_dag.py
[2025-12-16T07:34:48.978+0000] {processor.py:914} INFO - Processing file /opt/airflow/dags/test_pyspark_basic_operations_dag.py for tasks to queue
[2025-12-16T07:34:48.983+0000] {logging_mixin.py:190} INFO - [2025-12-16T07:34:48.982+0000] {dagbag.py:588} INFO - Filling up the DagBag from /opt/airflow/dags/test_pyspark_basic_operations_dag.py
[2025-12-16T07:34:49.085+0000] {logging_mixin.py:190} INFO - [2025-12-16T07:34:49.056+0000] {dagbag.py:387} ERROR - Failed to import: /opt/airflow/dags/test_pyspark_basic_operations_dag.py
Traceback (most recent call last):
  File "/home/airflow/.local/lib/python3.12/site-packages/airflow/models/dagbag.py", line 383, in parse
    loader.exec_module(new_module)
  File "<frozen importlib._bootstrap_external>", line 999, in exec_module
  File "<frozen importlib._bootstrap>", line 488, in _call_with_frames_removed
  File "/opt/airflow/dags/test_pyspark_basic_operations_dag.py", line 1, in <module>
    from pyspark.sql.functions import when, col, lit, split, filter, explode, array, array_contains, count, min, max, mean, expr, udf, from_json, to_json
ModuleNotFoundError: No module named 'pyspark'
[2025-12-16T07:34:49.102+0000] {processor.py:927} WARNING - No viable dags retrieved from /opt/airflow/dags/test_pyspark_basic_operations_dag.py
[2025-12-16T07:34:49.237+0000] {processor.py:208} INFO - Processing /opt/airflow/dags/test_pyspark_basic_operations_dag.py took 0.287 seconds
[2025-12-16T07:35:28.569+0000] {processor.py:186} INFO - Started process (PID=1627) to work on /opt/airflow/dags/test_pyspark_basic_operations_dag.py
[2025-12-16T07:35:28.572+0000] {processor.py:914} INFO - Processing file /opt/airflow/dags/test_pyspark_basic_operations_dag.py for tasks to queue
[2025-12-16T07:35:28.576+0000] {logging_mixin.py:190} INFO - [2025-12-16T07:35:28.575+0000] {dagbag.py:588} INFO - Filling up the DagBag from /opt/airflow/dags/test_pyspark_basic_operations_dag.py
[2025-12-16T07:35:28.647+0000] {logging_mixin.py:190} INFO - [2025-12-16T07:35:28.633+0000] {dagbag.py:387} ERROR - Failed to import: /opt/airflow/dags/test_pyspark_basic_operations_dag.py
Traceback (most recent call last):
  File "/home/airflow/.local/lib/python3.12/site-packages/airflow/models/dagbag.py", line 383, in parse
    loader.exec_module(new_module)
  File "<frozen importlib._bootstrap_external>", line 999, in exec_module
  File "<frozen importlib._bootstrap>", line 488, in _call_with_frames_removed
  File "/opt/airflow/dags/test_pyspark_basic_operations_dag.py", line 1, in <module>
    from pyspark.sql.functions import when, col, lit, split, filter, explode, array, array_contains, count, min, max, mean, expr, udf, from_json, to_json
ModuleNotFoundError: No module named 'pyspark'
[2025-12-16T07:35:28.653+0000] {processor.py:927} WARNING - No viable dags retrieved from /opt/airflow/dags/test_pyspark_basic_operations_dag.py
[2025-12-16T07:35:28.744+0000] {processor.py:208} INFO - Processing /opt/airflow/dags/test_pyspark_basic_operations_dag.py took 0.194 seconds
[2025-12-16T07:36:26.093+0000] {processor.py:186} INFO - Started process (PID=1727) to work on /opt/airflow/dags/test_pyspark_basic_operations_dag.py
[2025-12-16T07:36:26.142+0000] {processor.py:914} INFO - Processing file /opt/airflow/dags/test_pyspark_basic_operations_dag.py for tasks to queue
[2025-12-16T07:36:26.160+0000] {logging_mixin.py:190} INFO - [2025-12-16T07:36:26.158+0000] {dagbag.py:588} INFO - Filling up the DagBag from /opt/airflow/dags/test_pyspark_basic_operations_dag.py
[2025-12-16T07:36:26.390+0000] {logging_mixin.py:190} INFO - [2025-12-16T07:36:26.381+0000] {dagbag.py:387} ERROR - Failed to import: /opt/airflow/dags/test_pyspark_basic_operations_dag.py
Traceback (most recent call last):
  File "/home/airflow/.local/lib/python3.12/site-packages/airflow/models/dagbag.py", line 383, in parse
    loader.exec_module(new_module)
  File "<frozen importlib._bootstrap_external>", line 999, in exec_module
  File "<frozen importlib._bootstrap>", line 488, in _call_with_frames_removed
  File "/opt/airflow/dags/test_pyspark_basic_operations_dag.py", line 1, in <module>
    from pyspark.sql.functions import when, col, lit, split, filter, explode, array, array_contains, count, min, max, mean, expr, udf, from_json, to_json
ModuleNotFoundError: No module named 'pyspark'
[2025-12-16T07:36:26.394+0000] {processor.py:927} WARNING - No viable dags retrieved from /opt/airflow/dags/test_pyspark_basic_operations_dag.py
[2025-12-16T07:36:26.711+0000] {processor.py:208} INFO - Processing /opt/airflow/dags/test_pyspark_basic_operations_dag.py took 0.732 seconds
[2025-12-16T07:36:57.164+0000] {processor.py:186} INFO - Started process (PID=1799) to work on /opt/airflow/dags/test_pyspark_basic_operations_dag.py
[2025-12-16T07:36:57.167+0000] {processor.py:914} INFO - Processing file /opt/airflow/dags/test_pyspark_basic_operations_dag.py for tasks to queue
[2025-12-16T07:36:57.170+0000] {logging_mixin.py:190} INFO - [2025-12-16T07:36:57.169+0000] {dagbag.py:588} INFO - Filling up the DagBag from /opt/airflow/dags/test_pyspark_basic_operations_dag.py
[2025-12-16T07:36:57.215+0000] {logging_mixin.py:190} INFO - [2025-12-16T07:36:57.207+0000] {dagbag.py:387} ERROR - Failed to import: /opt/airflow/dags/test_pyspark_basic_operations_dag.py
Traceback (most recent call last):
  File "/home/airflow/.local/lib/python3.12/site-packages/airflow/models/dagbag.py", line 383, in parse
    loader.exec_module(new_module)
  File "<frozen importlib._bootstrap_external>", line 999, in exec_module
  File "<frozen importlib._bootstrap>", line 488, in _call_with_frames_removed
  File "/opt/airflow/dags/test_pyspark_basic_operations_dag.py", line 1, in <module>
    from pyspark.sql.functions import when, col, lit, split, filter, explode, array, array_contains, count, min, max, mean, expr, udf, from_json, to_json
ModuleNotFoundError: No module named 'pyspark'
[2025-12-16T07:36:57.218+0000] {processor.py:927} WARNING - No viable dags retrieved from /opt/airflow/dags/test_pyspark_basic_operations_dag.py
[2025-12-16T07:36:57.270+0000] {processor.py:208} INFO - Processing /opt/airflow/dags/test_pyspark_basic_operations_dag.py took 0.123 seconds
[2025-12-16T07:37:32.289+0000] {processor.py:186} INFO - Started process (PID=1872) to work on /opt/airflow/dags/test_pyspark_basic_operations_dag.py
[2025-12-16T07:37:32.292+0000] {processor.py:914} INFO - Processing file /opt/airflow/dags/test_pyspark_basic_operations_dag.py for tasks to queue
[2025-12-16T07:37:32.298+0000] {logging_mixin.py:190} INFO - [2025-12-16T07:37:32.297+0000] {dagbag.py:588} INFO - Filling up the DagBag from /opt/airflow/dags/test_pyspark_basic_operations_dag.py
[2025-12-16T07:37:32.355+0000] {logging_mixin.py:190} INFO - [2025-12-16T07:37:32.347+0000] {dagbag.py:387} ERROR - Failed to import: /opt/airflow/dags/test_pyspark_basic_operations_dag.py
Traceback (most recent call last):
  File "/home/airflow/.local/lib/python3.12/site-packages/airflow/models/dagbag.py", line 383, in parse
    loader.exec_module(new_module)
  File "<frozen importlib._bootstrap_external>", line 999, in exec_module
  File "<frozen importlib._bootstrap>", line 488, in _call_with_frames_removed
  File "/opt/airflow/dags/test_pyspark_basic_operations_dag.py", line 1, in <module>
    from pyspark.sql.functions import when, col, lit, split, filter, explode, array, array_contains, count, min, max, mean, expr, udf, from_json, to_json
ModuleNotFoundError: No module named 'pyspark'
[2025-12-16T07:37:32.358+0000] {processor.py:927} WARNING - No viable dags retrieved from /opt/airflow/dags/test_pyspark_basic_operations_dag.py
[2025-12-16T07:37:32.410+0000] {processor.py:208} INFO - Processing /opt/airflow/dags/test_pyspark_basic_operations_dag.py took 0.140 seconds
[2025-12-16T07:38:07.614+0000] {processor.py:186} INFO - Started process (PID=1944) to work on /opt/airflow/dags/test_pyspark_basic_operations_dag.py
[2025-12-16T07:38:07.618+0000] {processor.py:914} INFO - Processing file /opt/airflow/dags/test_pyspark_basic_operations_dag.py for tasks to queue
[2025-12-16T07:38:07.624+0000] {logging_mixin.py:190} INFO - [2025-12-16T07:38:07.623+0000] {dagbag.py:588} INFO - Filling up the DagBag from /opt/airflow/dags/test_pyspark_basic_operations_dag.py
[2025-12-16T07:38:07.714+0000] {logging_mixin.py:190} INFO - [2025-12-16T07:38:07.699+0000] {dagbag.py:387} ERROR - Failed to import: /opt/airflow/dags/test_pyspark_basic_operations_dag.py
Traceback (most recent call last):
  File "/home/airflow/.local/lib/python3.12/site-packages/airflow/models/dagbag.py", line 383, in parse
    loader.exec_module(new_module)
  File "<frozen importlib._bootstrap_external>", line 999, in exec_module
  File "<frozen importlib._bootstrap>", line 488, in _call_with_frames_removed
  File "/opt/airflow/dags/test_pyspark_basic_operations_dag.py", line 1, in <module>
    from pyspark.sql.functions import when, col, lit, split, filter, explode, array, array_contains, count, min, max, mean, expr, udf, from_json, to_json
ModuleNotFoundError: No module named 'pyspark'
[2025-12-16T07:38:07.718+0000] {processor.py:927} WARNING - No viable dags retrieved from /opt/airflow/dags/test_pyspark_basic_operations_dag.py
[2025-12-16T07:38:07.879+0000] {processor.py:208} INFO - Processing /opt/airflow/dags/test_pyspark_basic_operations_dag.py took 0.292 seconds
[2025-12-16T07:38:51.572+0000] {processor.py:186} INFO - Started process (PID=2040) to work on /opt/airflow/dags/test_pyspark_basic_operations_dag.py
[2025-12-16T07:38:51.575+0000] {processor.py:914} INFO - Processing file /opt/airflow/dags/test_pyspark_basic_operations_dag.py for tasks to queue
[2025-12-16T07:38:51.579+0000] {logging_mixin.py:190} INFO - [2025-12-16T07:38:51.578+0000] {dagbag.py:588} INFO - Filling up the DagBag from /opt/airflow/dags/test_pyspark_basic_operations_dag.py
[2025-12-16T07:38:51.647+0000] {logging_mixin.py:190} INFO - [2025-12-16T07:38:51.625+0000] {dagbag.py:387} ERROR - Failed to import: /opt/airflow/dags/test_pyspark_basic_operations_dag.py
Traceback (most recent call last):
  File "/home/airflow/.local/lib/python3.12/site-packages/airflow/models/dagbag.py", line 383, in parse
    loader.exec_module(new_module)
  File "<frozen importlib._bootstrap_external>", line 999, in exec_module
  File "<frozen importlib._bootstrap>", line 488, in _call_with_frames_removed
  File "/opt/airflow/dags/test_pyspark_basic_operations_dag.py", line 1, in <module>
    from pyspark.sql.functions import when, col, lit, split, filter, explode, array, array_contains, count, min, max, mean, expr, udf, from_json, to_json
ModuleNotFoundError: No module named 'pyspark'
[2025-12-16T07:38:51.651+0000] {processor.py:927} WARNING - No viable dags retrieved from /opt/airflow/dags/test_pyspark_basic_operations_dag.py
[2025-12-16T07:38:51.713+0000] {processor.py:208} INFO - Processing /opt/airflow/dags/test_pyspark_basic_operations_dag.py took 0.156 seconds
[2025-12-16T07:52:20.884+0000] {processor.py:186} INFO - Started process (PID=2165) to work on /opt/airflow/dags/test_pyspark_basic_operations_dag.py
[2025-12-16T07:52:20.888+0000] {processor.py:914} INFO - Processing file /opt/airflow/dags/test_pyspark_basic_operations_dag.py for tasks to queue
[2025-12-16T07:52:20.892+0000] {logging_mixin.py:190} INFO - [2025-12-16T07:52:20.891+0000] {dagbag.py:588} INFO - Filling up the DagBag from /opt/airflow/dags/test_pyspark_basic_operations_dag.py
[2025-12-16T07:52:20.940+0000] {logging_mixin.py:190} INFO - [2025-12-16T07:52:20.930+0000] {dagbag.py:387} ERROR - Failed to import: /opt/airflow/dags/test_pyspark_basic_operations_dag.py
Traceback (most recent call last):
  File "/home/airflow/.local/lib/python3.12/site-packages/airflow/models/dagbag.py", line 383, in parse
    loader.exec_module(new_module)
  File "<frozen importlib._bootstrap_external>", line 999, in exec_module
  File "<frozen importlib._bootstrap>", line 488, in _call_with_frames_removed
  File "/opt/airflow/dags/test_pyspark_basic_operations_dag.py", line 1, in <module>
    from pyspark.sql.functions import when, col, lit, split, filter, explode, array, array_contains, count, min, max, mean, expr, udf, from_json, to_json
ModuleNotFoundError: No module named 'pyspark'
[2025-12-16T07:52:20.946+0000] {processor.py:927} WARNING - No viable dags retrieved from /opt/airflow/dags/test_pyspark_basic_operations_dag.py
[2025-12-16T07:52:21.011+0000] {processor.py:208} INFO - Processing /opt/airflow/dags/test_pyspark_basic_operations_dag.py took 0.164 seconds
[2025-12-16T07:53:33.578+0000] {processor.py:186} INFO - Started process (PID=2257) to work on /opt/airflow/dags/test_pyspark_basic_operations_dag.py
[2025-12-16T07:53:33.599+0000] {processor.py:914} INFO - Processing file /opt/airflow/dags/test_pyspark_basic_operations_dag.py for tasks to queue
[2025-12-16T07:53:33.610+0000] {logging_mixin.py:190} INFO - [2025-12-16T07:53:33.608+0000] {dagbag.py:588} INFO - Filling up the DagBag from /opt/airflow/dags/test_pyspark_basic_operations_dag.py
[2025-12-16T07:53:33.864+0000] {logging_mixin.py:190} INFO - [2025-12-16T07:53:33.782+0000] {dagbag.py:387} ERROR - Failed to import: /opt/airflow/dags/test_pyspark_basic_operations_dag.py
Traceback (most recent call last):
  File "/home/airflow/.local/lib/python3.12/site-packages/airflow/models/dagbag.py", line 383, in parse
    loader.exec_module(new_module)
  File "<frozen importlib._bootstrap_external>", line 999, in exec_module
  File "<frozen importlib._bootstrap>", line 488, in _call_with_frames_removed
  File "/opt/airflow/dags/test_pyspark_basic_operations_dag.py", line 1, in <module>
    from pyspark.sql.functions import when, col, lit, split, filter, explode, array, array_contains, count, min, max, mean, expr, udf, from_json, to_json
ModuleNotFoundError: No module named 'pyspark'
[2025-12-16T07:53:33.948+0000] {processor.py:927} WARNING - No viable dags retrieved from /opt/airflow/dags/test_pyspark_basic_operations_dag.py
[2025-12-16T07:53:34.445+0000] {processor.py:208} INFO - Processing /opt/airflow/dags/test_pyspark_basic_operations_dag.py took 0.921 seconds
[2025-12-16T07:54:37.410+0000] {processor.py:186} INFO - Started process (PID=2336) to work on /opt/airflow/dags/test_pyspark_basic_operations_dag.py
[2025-12-16T07:54:37.436+0000] {processor.py:914} INFO - Processing file /opt/airflow/dags/test_pyspark_basic_operations_dag.py for tasks to queue
[2025-12-16T07:54:37.453+0000] {logging_mixin.py:190} INFO - [2025-12-16T07:54:37.452+0000] {dagbag.py:588} INFO - Filling up the DagBag from /opt/airflow/dags/test_pyspark_basic_operations_dag.py
[2025-12-16T07:54:37.687+0000] {logging_mixin.py:190} INFO - [2025-12-16T07:54:37.650+0000] {dagbag.py:387} ERROR - Failed to import: /opt/airflow/dags/test_pyspark_basic_operations_dag.py
Traceback (most recent call last):
  File "/home/airflow/.local/lib/python3.12/site-packages/airflow/models/dagbag.py", line 383, in parse
    loader.exec_module(new_module)
  File "<frozen importlib._bootstrap_external>", line 999, in exec_module
  File "<frozen importlib._bootstrap>", line 488, in _call_with_frames_removed
  File "/opt/airflow/dags/test_pyspark_basic_operations_dag.py", line 1, in <module>
    from pyspark.sql.functions import when, col, lit, split, filter, explode, array, array_contains, count, min, max, mean, expr, udf, from_json, to_json
ModuleNotFoundError: No module named 'pyspark'
[2025-12-16T07:54:37.720+0000] {processor.py:927} WARNING - No viable dags retrieved from /opt/airflow/dags/test_pyspark_basic_operations_dag.py
[2025-12-16T07:54:37.903+0000] {processor.py:208} INFO - Processing /opt/airflow/dags/test_pyspark_basic_operations_dag.py took 0.574 seconds
[2025-12-16T07:55:35.526+0000] {processor.py:186} INFO - Started process (PID=2432) to work on /opt/airflow/dags/test_pyspark_basic_operations_dag.py
[2025-12-16T07:55:35.531+0000] {processor.py:914} INFO - Processing file /opt/airflow/dags/test_pyspark_basic_operations_dag.py for tasks to queue
[2025-12-16T07:55:35.546+0000] {logging_mixin.py:190} INFO - [2025-12-16T07:55:35.544+0000] {dagbag.py:588} INFO - Filling up the DagBag from /opt/airflow/dags/test_pyspark_basic_operations_dag.py
[2025-12-16T07:55:35.658+0000] {logging_mixin.py:190} INFO - [2025-12-16T07:55:35.640+0000] {dagbag.py:387} ERROR - Failed to import: /opt/airflow/dags/test_pyspark_basic_operations_dag.py
Traceback (most recent call last):
  File "/home/airflow/.local/lib/python3.12/site-packages/airflow/models/dagbag.py", line 383, in parse
    loader.exec_module(new_module)
  File "<frozen importlib._bootstrap_external>", line 999, in exec_module
  File "<frozen importlib._bootstrap>", line 488, in _call_with_frames_removed
  File "/opt/airflow/dags/test_pyspark_basic_operations_dag.py", line 1, in <module>
    from pyspark.sql.functions import when, col, lit, split, filter, explode, array, array_contains, count, min, max, mean, expr, udf, from_json, to_json
ModuleNotFoundError: No module named 'pyspark'
[2025-12-16T07:55:35.664+0000] {processor.py:927} WARNING - No viable dags retrieved from /opt/airflow/dags/test_pyspark_basic_operations_dag.py
[2025-12-16T07:55:35.769+0000] {processor.py:208} INFO - Processing /opt/airflow/dags/test_pyspark_basic_operations_dag.py took 0.274 seconds
[2025-12-16T07:56:18.027+0000] {processor.py:186} INFO - Started process (PID=2507) to work on /opt/airflow/dags/test_pyspark_basic_operations_dag.py
[2025-12-16T07:56:18.034+0000] {processor.py:914} INFO - Processing file /opt/airflow/dags/test_pyspark_basic_operations_dag.py for tasks to queue
[2025-12-16T07:56:18.042+0000] {logging_mixin.py:190} INFO - [2025-12-16T07:56:18.038+0000] {dagbag.py:588} INFO - Filling up the DagBag from /opt/airflow/dags/test_pyspark_basic_operations_dag.py
[2025-12-16T07:56:18.143+0000] {logging_mixin.py:190} INFO - [2025-12-16T07:56:18.116+0000] {dagbag.py:387} ERROR - Failed to import: /opt/airflow/dags/test_pyspark_basic_operations_dag.py
Traceback (most recent call last):
  File "/home/airflow/.local/lib/python3.12/site-packages/airflow/models/dagbag.py", line 383, in parse
    loader.exec_module(new_module)
  File "<frozen importlib._bootstrap_external>", line 999, in exec_module
  File "<frozen importlib._bootstrap>", line 488, in _call_with_frames_removed
  File "/opt/airflow/dags/test_pyspark_basic_operations_dag.py", line 1, in <module>
    from pyspark.sql.functions import when, col, lit, split, filter, explode, array, array_contains, count, min, max, mean, expr, udf, from_json, to_json
ModuleNotFoundError: No module named 'pyspark'
[2025-12-16T07:56:18.147+0000] {processor.py:927} WARNING - No viable dags retrieved from /opt/airflow/dags/test_pyspark_basic_operations_dag.py
[2025-12-16T07:56:18.245+0000] {processor.py:208} INFO - Processing /opt/airflow/dags/test_pyspark_basic_operations_dag.py took 0.268 seconds
[2025-12-16T07:56:50.985+0000] {processor.py:186} INFO - Started process (PID=2580) to work on /opt/airflow/dags/test_pyspark_basic_operations_dag.py
[2025-12-16T07:56:50.998+0000] {processor.py:914} INFO - Processing file /opt/airflow/dags/test_pyspark_basic_operations_dag.py for tasks to queue
[2025-12-16T07:56:51.059+0000] {logging_mixin.py:190} INFO - [2025-12-16T07:56:51.058+0000] {dagbag.py:588} INFO - Filling up the DagBag from /opt/airflow/dags/test_pyspark_basic_operations_dag.py
[2025-12-16T07:56:51.385+0000] {logging_mixin.py:190} INFO - [2025-12-16T07:56:51.351+0000] {dagbag.py:387} ERROR - Failed to import: /opt/airflow/dags/test_pyspark_basic_operations_dag.py
Traceback (most recent call last):
  File "/home/airflow/.local/lib/python3.12/site-packages/airflow/models/dagbag.py", line 383, in parse
    loader.exec_module(new_module)
  File "<frozen importlib._bootstrap_external>", line 999, in exec_module
  File "<frozen importlib._bootstrap>", line 488, in _call_with_frames_removed
  File "/opt/airflow/dags/test_pyspark_basic_operations_dag.py", line 1, in <module>
    from pyspark.sql.functions import when, col, lit, split, filter, explode, array, array_contains, count, min, max, mean, expr, udf, from_json, to_json
ModuleNotFoundError: No module named 'pyspark'
[2025-12-16T07:56:51.389+0000] {processor.py:927} WARNING - No viable dags retrieved from /opt/airflow/dags/test_pyspark_basic_operations_dag.py
[2025-12-16T07:56:51.482+0000] {processor.py:208} INFO - Processing /opt/airflow/dags/test_pyspark_basic_operations_dag.py took 0.559 seconds
[2025-12-16T07:57:25.336+0000] {processor.py:186} INFO - Started process (PID=2654) to work on /opt/airflow/dags/test_pyspark_basic_operations_dag.py
[2025-12-16T07:57:25.347+0000] {processor.py:914} INFO - Processing file /opt/airflow/dags/test_pyspark_basic_operations_dag.py for tasks to queue
[2025-12-16T07:57:25.352+0000] {logging_mixin.py:190} INFO - [2025-12-16T07:57:25.351+0000] {dagbag.py:588} INFO - Filling up the DagBag from /opt/airflow/dags/test_pyspark_basic_operations_dag.py
[2025-12-16T07:57:25.744+0000] {logging_mixin.py:190} INFO - [2025-12-16T07:57:25.711+0000] {dagbag.py:387} ERROR - Failed to import: /opt/airflow/dags/test_pyspark_basic_operations_dag.py
Traceback (most recent call last):
  File "/home/airflow/.local/lib/python3.12/site-packages/airflow/models/dagbag.py", line 383, in parse
    loader.exec_module(new_module)
  File "<frozen importlib._bootstrap_external>", line 999, in exec_module
  File "<frozen importlib._bootstrap>", line 488, in _call_with_frames_removed
  File "/opt/airflow/dags/test_pyspark_basic_operations_dag.py", line 1, in <module>
    from pyspark.sql.functions import when, col, lit, split, filter, explode, array, array_contains, count, min, max, mean, expr, udf, from_json, to_json
ModuleNotFoundError: No module named 'pyspark'
[2025-12-16T07:57:25.765+0000] {processor.py:927} WARNING - No viable dags retrieved from /opt/airflow/dags/test_pyspark_basic_operations_dag.py
[2025-12-16T07:57:25.933+0000] {processor.py:208} INFO - Processing /opt/airflow/dags/test_pyspark_basic_operations_dag.py took 0.647 seconds
[2025-12-16T07:58:14.336+0000] {processor.py:186} INFO - Started process (PID=2733) to work on /opt/airflow/dags/test_pyspark_basic_operations_dag.py
[2025-12-16T07:58:14.339+0000] {processor.py:914} INFO - Processing file /opt/airflow/dags/test_pyspark_basic_operations_dag.py for tasks to queue
[2025-12-16T07:58:14.343+0000] {logging_mixin.py:190} INFO - [2025-12-16T07:58:14.342+0000] {dagbag.py:588} INFO - Filling up the DagBag from /opt/airflow/dags/test_pyspark_basic_operations_dag.py
[2025-12-16T07:58:14.570+0000] {logging_mixin.py:190} INFO - [2025-12-16T07:58:14.531+0000] {dagbag.py:387} ERROR - Failed to import: /opt/airflow/dags/test_pyspark_basic_operations_dag.py
Traceback (most recent call last):
  File "/home/airflow/.local/lib/python3.12/site-packages/airflow/models/dagbag.py", line 383, in parse
    loader.exec_module(new_module)
  File "<frozen importlib._bootstrap_external>", line 999, in exec_module
  File "<frozen importlib._bootstrap>", line 488, in _call_with_frames_removed
  File "/opt/airflow/dags/test_pyspark_basic_operations_dag.py", line 1, in <module>
    from pyspark.sql.functions import when, col, lit, split, filter, explode, array, array_contains, count, min, max, mean, expr, udf, from_json, to_json
ModuleNotFoundError: No module named 'pyspark'
[2025-12-16T07:58:14.591+0000] {processor.py:927} WARNING - No viable dags retrieved from /opt/airflow/dags/test_pyspark_basic_operations_dag.py
[2025-12-16T07:58:15.016+0000] {processor.py:208} INFO - Processing /opt/airflow/dags/test_pyspark_basic_operations_dag.py took 0.743 seconds
[2025-12-16T07:58:46.530+0000] {processor.py:186} INFO - Started process (PID=2805) to work on /opt/airflow/dags/test_pyspark_basic_operations_dag.py
[2025-12-16T07:58:46.547+0000] {processor.py:914} INFO - Processing file /opt/airflow/dags/test_pyspark_basic_operations_dag.py for tasks to queue
[2025-12-16T07:58:46.604+0000] {logging_mixin.py:190} INFO - [2025-12-16T07:58:46.588+0000] {dagbag.py:588} INFO - Filling up the DagBag from /opt/airflow/dags/test_pyspark_basic_operations_dag.py
[2025-12-16T07:58:46.905+0000] {logging_mixin.py:190} INFO - [2025-12-16T07:58:46.860+0000] {dagbag.py:387} ERROR - Failed to import: /opt/airflow/dags/test_pyspark_basic_operations_dag.py
Traceback (most recent call last):
  File "/home/airflow/.local/lib/python3.12/site-packages/airflow/models/dagbag.py", line 383, in parse
    loader.exec_module(new_module)
  File "<frozen importlib._bootstrap_external>", line 999, in exec_module
  File "<frozen importlib._bootstrap>", line 488, in _call_with_frames_removed
  File "/opt/airflow/dags/test_pyspark_basic_operations_dag.py", line 1, in <module>
    from pyspark.sql.functions import when, col, lit, split, filter, explode, array, array_contains, count, min, max, mean, expr, udf, from_json, to_json
ModuleNotFoundError: No module named 'pyspark'
[2025-12-16T07:58:46.927+0000] {processor.py:927} WARNING - No viable dags retrieved from /opt/airflow/dags/test_pyspark_basic_operations_dag.py
[2025-12-16T07:58:47.077+0000] {processor.py:208} INFO - Processing /opt/airflow/dags/test_pyspark_basic_operations_dag.py took 0.575 seconds
[2025-12-16T07:59:29.929+0000] {processor.py:186} INFO - Started process (PID=2880) to work on /opt/airflow/dags/test_pyspark_basic_operations_dag.py
[2025-12-16T07:59:29.937+0000] {processor.py:914} INFO - Processing file /opt/airflow/dags/test_pyspark_basic_operations_dag.py for tasks to queue
[2025-12-16T07:59:29.971+0000] {logging_mixin.py:190} INFO - [2025-12-16T07:59:29.970+0000] {dagbag.py:588} INFO - Filling up the DagBag from /opt/airflow/dags/test_pyspark_basic_operations_dag.py
[2025-12-16T07:59:30.094+0000] {logging_mixin.py:190} INFO - [2025-12-16T07:59:30.073+0000] {dagbag.py:387} ERROR - Failed to import: /opt/airflow/dags/test_pyspark_basic_operations_dag.py
Traceback (most recent call last):
  File "/home/airflow/.local/lib/python3.12/site-packages/airflow/models/dagbag.py", line 383, in parse
    loader.exec_module(new_module)
  File "<frozen importlib._bootstrap_external>", line 999, in exec_module
  File "<frozen importlib._bootstrap>", line 488, in _call_with_frames_removed
  File "/opt/airflow/dags/test_pyspark_basic_operations_dag.py", line 1, in <module>
    from pyspark.sql.functions import when, col, lit, split, filter, explode, array, array_contains, count, min, max, mean, expr, udf, from_json, to_json
ModuleNotFoundError: No module named 'pyspark'
[2025-12-16T07:59:30.107+0000] {processor.py:927} WARNING - No viable dags retrieved from /opt/airflow/dags/test_pyspark_basic_operations_dag.py
[2025-12-16T07:59:30.254+0000] {processor.py:208} INFO - Processing /opt/airflow/dags/test_pyspark_basic_operations_dag.py took 0.372 seconds
[2025-12-16T08:00:18.958+0000] {processor.py:186} INFO - Started process (PID=2959) to work on /opt/airflow/dags/test_pyspark_basic_operations_dag.py
[2025-12-16T08:00:18.974+0000] {processor.py:914} INFO - Processing file /opt/airflow/dags/test_pyspark_basic_operations_dag.py for tasks to queue
[2025-12-16T08:00:19.020+0000] {logging_mixin.py:190} INFO - [2025-12-16T08:00:19.019+0000] {dagbag.py:588} INFO - Filling up the DagBag from /opt/airflow/dags/test_pyspark_basic_operations_dag.py
[2025-12-16T08:00:19.175+0000] {logging_mixin.py:190} INFO - [2025-12-16T08:00:19.146+0000] {dagbag.py:387} ERROR - Failed to import: /opt/airflow/dags/test_pyspark_basic_operations_dag.py
Traceback (most recent call last):
  File "/home/airflow/.local/lib/python3.12/site-packages/airflow/models/dagbag.py", line 383, in parse
    loader.exec_module(new_module)
  File "<frozen importlib._bootstrap_external>", line 999, in exec_module
  File "<frozen importlib._bootstrap>", line 488, in _call_with_frames_removed
  File "/opt/airflow/dags/test_pyspark_basic_operations_dag.py", line 1, in <module>
    from pyspark.sql.functions import when, col, lit, split, filter, explode, array, array_contains, count, min, max, mean, expr, udf, from_json, to_json
ModuleNotFoundError: No module named 'pyspark'
[2025-12-16T08:00:19.187+0000] {processor.py:927} WARNING - No viable dags retrieved from /opt/airflow/dags/test_pyspark_basic_operations_dag.py
[2025-12-16T08:00:19.332+0000] {processor.py:208} INFO - Processing /opt/airflow/dags/test_pyspark_basic_operations_dag.py took 0.406 seconds
[2025-12-16T08:01:03.447+0000] {processor.py:186} INFO - Started process (PID=3036) to work on /opt/airflow/dags/test_pyspark_basic_operations_dag.py
[2025-12-16T08:01:03.451+0000] {processor.py:914} INFO - Processing file /opt/airflow/dags/test_pyspark_basic_operations_dag.py for tasks to queue
[2025-12-16T08:01:03.455+0000] {logging_mixin.py:190} INFO - [2025-12-16T08:01:03.454+0000] {dagbag.py:588} INFO - Filling up the DagBag from /opt/airflow/dags/test_pyspark_basic_operations_dag.py
[2025-12-16T08:01:03.525+0000] {logging_mixin.py:190} INFO - [2025-12-16T08:01:03.513+0000] {dagbag.py:387} ERROR - Failed to import: /opt/airflow/dags/test_pyspark_basic_operations_dag.py
Traceback (most recent call last):
  File "/home/airflow/.local/lib/python3.12/site-packages/airflow/models/dagbag.py", line 383, in parse
    loader.exec_module(new_module)
  File "<frozen importlib._bootstrap_external>", line 999, in exec_module
  File "<frozen importlib._bootstrap>", line 488, in _call_with_frames_removed
  File "/opt/airflow/dags/test_pyspark_basic_operations_dag.py", line 1, in <module>
    from pyspark.sql.functions import when, col, lit, split, filter, explode, array, array_contains, count, min, max, mean, expr, udf, from_json, to_json
ModuleNotFoundError: No module named 'pyspark'
[2025-12-16T08:01:03.530+0000] {processor.py:927} WARNING - No viable dags retrieved from /opt/airflow/dags/test_pyspark_basic_operations_dag.py
[2025-12-16T08:01:03.588+0000] {processor.py:208} INFO - Processing /opt/airflow/dags/test_pyspark_basic_operations_dag.py took 0.161 seconds
[2025-12-16T08:01:47.823+0000] {processor.py:186} INFO - Started process (PID=3123) to work on /opt/airflow/dags/test_pyspark_basic_operations_dag.py
[2025-12-16T08:01:47.829+0000] {processor.py:914} INFO - Processing file /opt/airflow/dags/test_pyspark_basic_operations_dag.py for tasks to queue
[2025-12-16T08:01:47.833+0000] {logging_mixin.py:190} INFO - [2025-12-16T08:01:47.832+0000] {dagbag.py:588} INFO - Filling up the DagBag from /opt/airflow/dags/test_pyspark_basic_operations_dag.py
[2025-12-16T08:01:47.892+0000] {logging_mixin.py:190} INFO - [2025-12-16T08:01:47.877+0000] {dagbag.py:387} ERROR - Failed to import: /opt/airflow/dags/test_pyspark_basic_operations_dag.py
Traceback (most recent call last):
  File "/home/airflow/.local/lib/python3.12/site-packages/airflow/models/dagbag.py", line 383, in parse
    loader.exec_module(new_module)
  File "<frozen importlib._bootstrap_external>", line 999, in exec_module
  File "<frozen importlib._bootstrap>", line 488, in _call_with_frames_removed
  File "/opt/airflow/dags/test_pyspark_basic_operations_dag.py", line 1, in <module>
    from pyspark.sql.functions import when, col, lit, split, filter, explode, array, array_contains, count, min, max, mean, expr, udf, from_json, to_json
ModuleNotFoundError: No module named 'pyspark'
[2025-12-16T08:01:47.902+0000] {processor.py:927} WARNING - No viable dags retrieved from /opt/airflow/dags/test_pyspark_basic_operations_dag.py
[2025-12-16T08:01:47.948+0000] {processor.py:208} INFO - Processing /opt/airflow/dags/test_pyspark_basic_operations_dag.py took 0.163 seconds
[2025-12-16T08:02:23.815+0000] {processor.py:186} INFO - Started process (PID=3198) to work on /opt/airflow/dags/test_pyspark_basic_operations_dag.py
[2025-12-16T08:02:23.818+0000] {processor.py:914} INFO - Processing file /opt/airflow/dags/test_pyspark_basic_operations_dag.py for tasks to queue
[2025-12-16T08:02:23.837+0000] {logging_mixin.py:190} INFO - [2025-12-16T08:02:23.835+0000] {dagbag.py:588} INFO - Filling up the DagBag from /opt/airflow/dags/test_pyspark_basic_operations_dag.py
[2025-12-16T08:02:23.910+0000] {logging_mixin.py:190} INFO - [2025-12-16T08:02:23.894+0000] {dagbag.py:387} ERROR - Failed to import: /opt/airflow/dags/test_pyspark_basic_operations_dag.py
Traceback (most recent call last):
  File "/home/airflow/.local/lib/python3.12/site-packages/airflow/models/dagbag.py", line 383, in parse
    loader.exec_module(new_module)
  File "<frozen importlib._bootstrap_external>", line 999, in exec_module
  File "<frozen importlib._bootstrap>", line 488, in _call_with_frames_removed
  File "/opt/airflow/dags/test_pyspark_basic_operations_dag.py", line 1, in <module>
    from pyspark.sql.functions import when, col, lit, split, filter, explode, array, array_contains, count, min, max, mean, expr, udf, from_json, to_json
ModuleNotFoundError: No module named 'pyspark'
[2025-12-16T08:02:23.914+0000] {processor.py:927} WARNING - No viable dags retrieved from /opt/airflow/dags/test_pyspark_basic_operations_dag.py
[2025-12-16T08:02:23.989+0000] {processor.py:208} INFO - Processing /opt/airflow/dags/test_pyspark_basic_operations_dag.py took 0.211 seconds
[2025-12-16T08:03:04.080+0000] {processor.py:186} INFO - Started process (PID=3273) to work on /opt/airflow/dags/test_pyspark_basic_operations_dag.py
[2025-12-16T08:03:04.085+0000] {processor.py:914} INFO - Processing file /opt/airflow/dags/test_pyspark_basic_operations_dag.py for tasks to queue
[2025-12-16T08:03:04.096+0000] {logging_mixin.py:190} INFO - [2025-12-16T08:03:04.093+0000] {dagbag.py:588} INFO - Filling up the DagBag from /opt/airflow/dags/test_pyspark_basic_operations_dag.py
[2025-12-16T08:03:04.183+0000] {logging_mixin.py:190} INFO - [2025-12-16T08:03:04.171+0000] {dagbag.py:387} ERROR - Failed to import: /opt/airflow/dags/test_pyspark_basic_operations_dag.py
Traceback (most recent call last):
  File "/home/airflow/.local/lib/python3.12/site-packages/airflow/models/dagbag.py", line 383, in parse
    loader.exec_module(new_module)
  File "<frozen importlib._bootstrap_external>", line 999, in exec_module
  File "<frozen importlib._bootstrap>", line 488, in _call_with_frames_removed
  File "/opt/airflow/dags/test_pyspark_basic_operations_dag.py", line 1, in <module>
    from pyspark.sql.functions import when, col, lit, split, filter, explode, array, array_contains, count, min, max, mean, expr, udf, from_json, to_json
ModuleNotFoundError: No module named 'pyspark'
[2025-12-16T08:03:04.187+0000] {processor.py:927} WARNING - No viable dags retrieved from /opt/airflow/dags/test_pyspark_basic_operations_dag.py
[2025-12-16T08:03:04.260+0000] {processor.py:208} INFO - Processing /opt/airflow/dags/test_pyspark_basic_operations_dag.py took 0.204 seconds
[2025-12-16T08:03:41.611+0000] {processor.py:186} INFO - Started process (PID=3346) to work on /opt/airflow/dags/test_pyspark_basic_operations_dag.py
[2025-12-16T08:03:41.615+0000] {processor.py:914} INFO - Processing file /opt/airflow/dags/test_pyspark_basic_operations_dag.py for tasks to queue
[2025-12-16T08:03:41.620+0000] {logging_mixin.py:190} INFO - [2025-12-16T08:03:41.619+0000] {dagbag.py:588} INFO - Filling up the DagBag from /opt/airflow/dags/test_pyspark_basic_operations_dag.py
[2025-12-16T08:03:41.705+0000] {logging_mixin.py:190} INFO - [2025-12-16T08:03:41.690+0000] {dagbag.py:387} ERROR - Failed to import: /opt/airflow/dags/test_pyspark_basic_operations_dag.py
Traceback (most recent call last):
  File "/home/airflow/.local/lib/python3.12/site-packages/airflow/models/dagbag.py", line 383, in parse
    loader.exec_module(new_module)
  File "<frozen importlib._bootstrap_external>", line 999, in exec_module
  File "<frozen importlib._bootstrap>", line 488, in _call_with_frames_removed
  File "/opt/airflow/dags/test_pyspark_basic_operations_dag.py", line 1, in <module>
    from pyspark.sql.functions import when, col, lit, split, filter, explode, array, array_contains, count, min, max, mean, expr, udf, from_json, to_json
ModuleNotFoundError: No module named 'pyspark'
[2025-12-16T08:03:41.713+0000] {processor.py:927} WARNING - No viable dags retrieved from /opt/airflow/dags/test_pyspark_basic_operations_dag.py
[2025-12-16T08:03:41.799+0000] {processor.py:208} INFO - Processing /opt/airflow/dags/test_pyspark_basic_operations_dag.py took 0.218 seconds
[2025-12-16T08:04:23.759+0000] {processor.py:186} INFO - Started process (PID=3433) to work on /opt/airflow/dags/test_pyspark_basic_operations_dag.py
[2025-12-16T08:04:23.763+0000] {processor.py:914} INFO - Processing file /opt/airflow/dags/test_pyspark_basic_operations_dag.py for tasks to queue
[2025-12-16T08:04:23.766+0000] {logging_mixin.py:190} INFO - [2025-12-16T08:04:23.766+0000] {dagbag.py:588} INFO - Filling up the DagBag from /opt/airflow/dags/test_pyspark_basic_operations_dag.py
[2025-12-16T08:04:23.817+0000] {logging_mixin.py:190} INFO - [2025-12-16T08:04:23.803+0000] {dagbag.py:387} ERROR - Failed to import: /opt/airflow/dags/test_pyspark_basic_operations_dag.py
Traceback (most recent call last):
  File "/home/airflow/.local/lib/python3.12/site-packages/airflow/models/dagbag.py", line 383, in parse
    loader.exec_module(new_module)
  File "<frozen importlib._bootstrap_external>", line 999, in exec_module
  File "<frozen importlib._bootstrap>", line 488, in _call_with_frames_removed
  File "/opt/airflow/dags/test_pyspark_basic_operations_dag.py", line 1, in <module>
    from pyspark.sql.functions import when, col, lit, split, filter, explode, array, array_contains, count, min, max, mean, expr, udf, from_json, to_json
ModuleNotFoundError: No module named 'pyspark'
[2025-12-16T08:04:23.821+0000] {processor.py:927} WARNING - No viable dags retrieved from /opt/airflow/dags/test_pyspark_basic_operations_dag.py
[2025-12-16T08:04:23.874+0000] {processor.py:208} INFO - Processing /opt/airflow/dags/test_pyspark_basic_operations_dag.py took 0.131 seconds
[2025-12-16T08:05:05.316+0000] {processor.py:186} INFO - Started process (PID=3509) to work on /opt/airflow/dags/test_pyspark_basic_operations_dag.py
[2025-12-16T08:05:05.320+0000] {processor.py:914} INFO - Processing file /opt/airflow/dags/test_pyspark_basic_operations_dag.py for tasks to queue
[2025-12-16T08:05:05.325+0000] {logging_mixin.py:190} INFO - [2025-12-16T08:05:05.324+0000] {dagbag.py:588} INFO - Filling up the DagBag from /opt/airflow/dags/test_pyspark_basic_operations_dag.py
[2025-12-16T08:05:05.417+0000] {logging_mixin.py:190} INFO - [2025-12-16T08:05:05.394+0000] {dagbag.py:387} ERROR - Failed to import: /opt/airflow/dags/test_pyspark_basic_operations_dag.py
Traceback (most recent call last):
  File "/home/airflow/.local/lib/python3.12/site-packages/airflow/models/dagbag.py", line 383, in parse
    loader.exec_module(new_module)
  File "<frozen importlib._bootstrap_external>", line 999, in exec_module
  File "<frozen importlib._bootstrap>", line 488, in _call_with_frames_removed
  File "/opt/airflow/dags/test_pyspark_basic_operations_dag.py", line 1, in <module>
    from pyspark.sql.functions import when, col, lit, split, filter, explode, array, array_contains, count, min, max, mean, expr, udf, from_json, to_json
ModuleNotFoundError: No module named 'pyspark'
[2025-12-16T08:05:05.423+0000] {processor.py:927} WARNING - No viable dags retrieved from /opt/airflow/dags/test_pyspark_basic_operations_dag.py
[2025-12-16T08:05:05.542+0000] {processor.py:208} INFO - Processing /opt/airflow/dags/test_pyspark_basic_operations_dag.py took 0.250 seconds
[2025-12-16T08:05:44.058+0000] {processor.py:186} INFO - Started process (PID=3592) to work on /opt/airflow/dags/test_pyspark_basic_operations_dag.py
[2025-12-16T08:05:44.061+0000] {processor.py:914} INFO - Processing file /opt/airflow/dags/test_pyspark_basic_operations_dag.py for tasks to queue
[2025-12-16T08:05:44.065+0000] {logging_mixin.py:190} INFO - [2025-12-16T08:05:44.064+0000] {dagbag.py:588} INFO - Filling up the DagBag from /opt/airflow/dags/test_pyspark_basic_operations_dag.py
[2025-12-16T08:05:44.120+0000] {logging_mixin.py:190} INFO - [2025-12-16T08:05:44.107+0000] {dagbag.py:387} ERROR - Failed to import: /opt/airflow/dags/test_pyspark_basic_operations_dag.py
Traceback (most recent call last):
  File "/home/airflow/.local/lib/python3.12/site-packages/airflow/models/dagbag.py", line 383, in parse
    loader.exec_module(new_module)
  File "<frozen importlib._bootstrap_external>", line 999, in exec_module
  File "<frozen importlib._bootstrap>", line 488, in _call_with_frames_removed
  File "/opt/airflow/dags/test_pyspark_basic_operations_dag.py", line 1, in <module>
    from pyspark.sql.functions import when, col, lit, split, filter, explode, array, array_contains, count, min, max, mean, expr, udf, from_json, to_json
ModuleNotFoundError: No module named 'pyspark'
[2025-12-16T08:05:44.125+0000] {processor.py:927} WARNING - No viable dags retrieved from /opt/airflow/dags/test_pyspark_basic_operations_dag.py
[2025-12-16T08:05:44.180+0000] {processor.py:208} INFO - Processing /opt/airflow/dags/test_pyspark_basic_operations_dag.py took 0.141 seconds
[2025-12-16T08:06:38.227+0000] {processor.py:186} INFO - Started process (PID=3676) to work on /opt/airflow/dags/test_pyspark_basic_operations_dag.py
[2025-12-16T08:06:38.270+0000] {processor.py:914} INFO - Processing file /opt/airflow/dags/test_pyspark_basic_operations_dag.py for tasks to queue
[2025-12-16T08:06:38.290+0000] {logging_mixin.py:190} INFO - [2025-12-16T08:06:38.273+0000] {dagbag.py:588} INFO - Filling up the DagBag from /opt/airflow/dags/test_pyspark_basic_operations_dag.py
[2025-12-16T08:06:38.681+0000] {logging_mixin.py:190} INFO - [2025-12-16T08:06:38.644+0000] {dagbag.py:387} ERROR - Failed to import: /opt/airflow/dags/test_pyspark_basic_operations_dag.py
Traceback (most recent call last):
  File "/home/airflow/.local/lib/python3.12/site-packages/airflow/models/dagbag.py", line 383, in parse
    loader.exec_module(new_module)
  File "<frozen importlib._bootstrap_external>", line 999, in exec_module
  File "<frozen importlib._bootstrap>", line 488, in _call_with_frames_removed
  File "/opt/airflow/dags/test_pyspark_basic_operations_dag.py", line 1, in <module>
    from pyspark.sql.functions import when, col, lit, split, filter, explode, array, array_contains, count, min, max, mean, expr, udf, from_json, to_json
ModuleNotFoundError: No module named 'pyspark'
[2025-12-16T08:06:38.690+0000] {processor.py:927} WARNING - No viable dags retrieved from /opt/airflow/dags/test_pyspark_basic_operations_dag.py
[2025-12-16T08:06:38.827+0000] {processor.py:208} INFO - Processing /opt/airflow/dags/test_pyspark_basic_operations_dag.py took 0.664 seconds
[2025-12-16T08:09:36.536+0000] {processor.py:186} INFO - Started process (PID=3790) to work on /opt/airflow/dags/test_pyspark_basic_operations_dag.py
[2025-12-16T08:09:36.547+0000] {processor.py:914} INFO - Processing file /opt/airflow/dags/test_pyspark_basic_operations_dag.py for tasks to queue
[2025-12-16T08:09:36.556+0000] {logging_mixin.py:190} INFO - [2025-12-16T08:09:36.555+0000] {dagbag.py:588} INFO - Filling up the DagBag from /opt/airflow/dags/test_pyspark_basic_operations_dag.py
[2025-12-16T08:09:36.795+0000] {logging_mixin.py:190} INFO - [2025-12-16T08:09:36.705+0000] {dagbag.py:387} ERROR - Failed to import: /opt/airflow/dags/test_pyspark_basic_operations_dag.py
Traceback (most recent call last):
  File "/home/airflow/.local/lib/python3.12/site-packages/airflow/models/dagbag.py", line 383, in parse
    loader.exec_module(new_module)
  File "<frozen importlib._bootstrap_external>", line 999, in exec_module
  File "<frozen importlib._bootstrap>", line 488, in _call_with_frames_removed
  File "/opt/airflow/dags/test_pyspark_basic_operations_dag.py", line 1, in <module>
    from pyspark.sql.functions import when, col, lit, split, filter, explode, array, array_contains, count, min, max, mean, expr, udf, from_json, to_json
ModuleNotFoundError: No module named 'pyspark'
[2025-12-16T08:09:36.808+0000] {processor.py:927} WARNING - No viable dags retrieved from /opt/airflow/dags/test_pyspark_basic_operations_dag.py
[2025-12-16T08:09:37.025+0000] {processor.py:208} INFO - Processing /opt/airflow/dags/test_pyspark_basic_operations_dag.py took 0.596 seconds
[2025-12-16T08:16:15.536+0000] {processor.py:186} INFO - Started process (PID=3911) to work on /opt/airflow/dags/test_pyspark_basic_operations_dag.py
[2025-12-16T08:16:15.549+0000] {processor.py:914} INFO - Processing file /opt/airflow/dags/test_pyspark_basic_operations_dag.py for tasks to queue
[2025-12-16T08:16:15.559+0000] {logging_mixin.py:190} INFO - [2025-12-16T08:16:15.558+0000] {dagbag.py:588} INFO - Filling up the DagBag from /opt/airflow/dags/test_pyspark_basic_operations_dag.py
[2025-12-16T08:16:15.649+0000] {logging_mixin.py:190} INFO - [2025-12-16T08:16:15.636+0000] {dagbag.py:387} ERROR - Failed to import: /opt/airflow/dags/test_pyspark_basic_operations_dag.py
Traceback (most recent call last):
  File "/home/airflow/.local/lib/python3.12/site-packages/airflow/models/dagbag.py", line 383, in parse
    loader.exec_module(new_module)
  File "<frozen importlib._bootstrap_external>", line 999, in exec_module
  File "<frozen importlib._bootstrap>", line 488, in _call_with_frames_removed
  File "/opt/airflow/dags/test_pyspark_basic_operations_dag.py", line 1, in <module>
    from pyspark.sql.functions import when, col, lit, split, filter, explode, array, array_contains, count, min, max, mean, expr, udf, from_json, to_json
ModuleNotFoundError: No module named 'pyspark'
[2025-12-16T08:16:15.653+0000] {processor.py:927} WARNING - No viable dags retrieved from /opt/airflow/dags/test_pyspark_basic_operations_dag.py
[2025-12-16T08:16:15.754+0000] {processor.py:208} INFO - Processing /opt/airflow/dags/test_pyspark_basic_operations_dag.py took 0.259 seconds
[2025-12-16T08:17:13.626+0000] {processor.py:186} INFO - Started process (PID=3991) to work on /opt/airflow/dags/test_pyspark_basic_operations_dag.py
[2025-12-16T08:17:13.655+0000] {processor.py:914} INFO - Processing file /opt/airflow/dags/test_pyspark_basic_operations_dag.py for tasks to queue
[2025-12-16T08:17:13.695+0000] {logging_mixin.py:190} INFO - [2025-12-16T08:17:13.672+0000] {dagbag.py:588} INFO - Filling up the DagBag from /opt/airflow/dags/test_pyspark_basic_operations_dag.py
[2025-12-16T08:17:14.032+0000] {logging_mixin.py:190} INFO - [2025-12-16T08:17:14.002+0000] {dagbag.py:387} ERROR - Failed to import: /opt/airflow/dags/test_pyspark_basic_operations_dag.py
Traceback (most recent call last):
  File "/home/airflow/.local/lib/python3.12/site-packages/airflow/models/dagbag.py", line 383, in parse
    loader.exec_module(new_module)
  File "<frozen importlib._bootstrap_external>", line 999, in exec_module
  File "<frozen importlib._bootstrap>", line 488, in _call_with_frames_removed
  File "/opt/airflow/dags/test_pyspark_basic_operations_dag.py", line 1, in <module>
    from pyspark.sql.functions import when, col, lit, split, filter, explode, array, array_contains, count, min, max, mean, expr, udf, from_json, to_json
ModuleNotFoundError: No module named 'pyspark'
[2025-12-16T08:17:14.046+0000] {processor.py:927} WARNING - No viable dags retrieved from /opt/airflow/dags/test_pyspark_basic_operations_dag.py
[2025-12-16T08:17:14.254+0000] {processor.py:208} INFO - Processing /opt/airflow/dags/test_pyspark_basic_operations_dag.py took 0.723 seconds
[2025-12-16T08:17:51.553+0000] {processor.py:186} INFO - Started process (PID=4068) to work on /opt/airflow/dags/test_pyspark_basic_operations_dag.py
[2025-12-16T08:17:51.565+0000] {processor.py:914} INFO - Processing file /opt/airflow/dags/test_pyspark_basic_operations_dag.py for tasks to queue
[2025-12-16T08:17:51.571+0000] {logging_mixin.py:190} INFO - [2025-12-16T08:17:51.570+0000] {dagbag.py:588} INFO - Filling up the DagBag from /opt/airflow/dags/test_pyspark_basic_operations_dag.py
[2025-12-16T08:17:51.695+0000] {logging_mixin.py:190} INFO - [2025-12-16T08:17:51.660+0000] {dagbag.py:387} ERROR - Failed to import: /opt/airflow/dags/test_pyspark_basic_operations_dag.py
Traceback (most recent call last):
  File "/home/airflow/.local/lib/python3.12/site-packages/airflow/models/dagbag.py", line 383, in parse
    loader.exec_module(new_module)
  File "<frozen importlib._bootstrap_external>", line 999, in exec_module
  File "<frozen importlib._bootstrap>", line 488, in _call_with_frames_removed
  File "/opt/airflow/dags/test_pyspark_basic_operations_dag.py", line 1, in <module>
    from pyspark.sql.functions import when, col, lit, split, filter, explode, array, array_contains, count, min, max, mean, expr, udf, from_json, to_json
ModuleNotFoundError: No module named 'pyspark'
[2025-12-16T08:17:51.700+0000] {processor.py:927} WARNING - No viable dags retrieved from /opt/airflow/dags/test_pyspark_basic_operations_dag.py
[2025-12-16T08:17:51.896+0000] {processor.py:208} INFO - Processing /opt/airflow/dags/test_pyspark_basic_operations_dag.py took 0.367 seconds
[2025-12-16T08:18:24.848+0000] {processor.py:186} INFO - Started process (PID=4141) to work on /opt/airflow/dags/test_pyspark_basic_operations_dag.py
[2025-12-16T08:18:24.860+0000] {processor.py:914} INFO - Processing file /opt/airflow/dags/test_pyspark_basic_operations_dag.py for tasks to queue
[2025-12-16T08:18:24.886+0000] {logging_mixin.py:190} INFO - [2025-12-16T08:18:24.885+0000] {dagbag.py:588} INFO - Filling up the DagBag from /opt/airflow/dags/test_pyspark_basic_operations_dag.py
[2025-12-16T08:18:25.026+0000] {logging_mixin.py:190} INFO - [2025-12-16T08:18:24.999+0000] {dagbag.py:387} ERROR - Failed to import: /opt/airflow/dags/test_pyspark_basic_operations_dag.py
Traceback (most recent call last):
  File "/home/airflow/.local/lib/python3.12/site-packages/airflow/models/dagbag.py", line 383, in parse
    loader.exec_module(new_module)
  File "<frozen importlib._bootstrap_external>", line 999, in exec_module
  File "<frozen importlib._bootstrap>", line 488, in _call_with_frames_removed
  File "/opt/airflow/dags/test_pyspark_basic_operations_dag.py", line 1, in <module>
    from pyspark.sql.functions import when, col, lit, split, filter, explode, array, array_contains, count, min, max, mean, expr, udf, from_json, to_json
ModuleNotFoundError: No module named 'pyspark'
[2025-12-16T08:18:25.038+0000] {processor.py:927} WARNING - No viable dags retrieved from /opt/airflow/dags/test_pyspark_basic_operations_dag.py
[2025-12-16T08:18:25.200+0000] {processor.py:208} INFO - Processing /opt/airflow/dags/test_pyspark_basic_operations_dag.py took 0.509 seconds
[2025-12-16T08:19:05.242+0000] {processor.py:186} INFO - Started process (PID=4222) to work on /opt/airflow/dags/test_pyspark_basic_operations_dag.py
[2025-12-16T08:19:05.248+0000] {processor.py:914} INFO - Processing file /opt/airflow/dags/test_pyspark_basic_operations_dag.py for tasks to queue
[2025-12-16T08:19:05.256+0000] {logging_mixin.py:190} INFO - [2025-12-16T08:19:05.254+0000] {dagbag.py:588} INFO - Filling up the DagBag from /opt/airflow/dags/test_pyspark_basic_operations_dag.py
[2025-12-16T08:19:05.371+0000] {logging_mixin.py:190} INFO - [2025-12-16T08:19:05.346+0000] {dagbag.py:387} ERROR - Failed to import: /opt/airflow/dags/test_pyspark_basic_operations_dag.py
Traceback (most recent call last):
  File "/home/airflow/.local/lib/python3.12/site-packages/airflow/models/dagbag.py", line 383, in parse
    loader.exec_module(new_module)
  File "<frozen importlib._bootstrap_external>", line 999, in exec_module
  File "<frozen importlib._bootstrap>", line 488, in _call_with_frames_removed
  File "/opt/airflow/dags/test_pyspark_basic_operations_dag.py", line 1, in <module>
    from pyspark.sql.functions import when, col, lit, split, filter, explode, array, array_contains, count, min, max, mean, expr, udf, from_json, to_json
ModuleNotFoundError: No module named 'pyspark'
[2025-12-16T08:19:05.375+0000] {processor.py:927} WARNING - No viable dags retrieved from /opt/airflow/dags/test_pyspark_basic_operations_dag.py
[2025-12-16T08:19:05.469+0000] {processor.py:208} INFO - Processing /opt/airflow/dags/test_pyspark_basic_operations_dag.py took 0.255 seconds
[2025-12-16T08:19:35.906+0000] {processor.py:186} INFO - Started process (PID=4293) to work on /opt/airflow/dags/test_pyspark_basic_operations_dag.py
[2025-12-16T08:19:35.921+0000] {processor.py:914} INFO - Processing file /opt/airflow/dags/test_pyspark_basic_operations_dag.py for tasks to queue
[2025-12-16T08:19:35.930+0000] {logging_mixin.py:190} INFO - [2025-12-16T08:19:35.927+0000] {dagbag.py:588} INFO - Filling up the DagBag from /opt/airflow/dags/test_pyspark_basic_operations_dag.py
[2025-12-16T08:19:35.997+0000] {logging_mixin.py:190} INFO - [2025-12-16T08:19:35.983+0000] {dagbag.py:387} ERROR - Failed to import: /opt/airflow/dags/test_pyspark_basic_operations_dag.py
Traceback (most recent call last):
  File "/home/airflow/.local/lib/python3.12/site-packages/airflow/models/dagbag.py", line 383, in parse
    loader.exec_module(new_module)
  File "<frozen importlib._bootstrap_external>", line 999, in exec_module
  File "<frozen importlib._bootstrap>", line 488, in _call_with_frames_removed
  File "/opt/airflow/dags/test_pyspark_basic_operations_dag.py", line 1, in <module>
    from pyspark.sql.functions import when, col, lit, split, filter, explode, array, array_contains, count, min, max, mean, expr, udf, from_json, to_json
ModuleNotFoundError: No module named 'pyspark'
[2025-12-16T08:19:36.002+0000] {processor.py:927} WARNING - No viable dags retrieved from /opt/airflow/dags/test_pyspark_basic_operations_dag.py
[2025-12-16T08:19:36.118+0000] {processor.py:208} INFO - Processing /opt/airflow/dags/test_pyspark_basic_operations_dag.py took 0.256 seconds
[2025-12-16T08:20:06.734+0000] {processor.py:186} INFO - Started process (PID=4365) to work on /opt/airflow/dags/test_pyspark_basic_operations_dag.py
[2025-12-16T08:20:06.737+0000] {processor.py:914} INFO - Processing file /opt/airflow/dags/test_pyspark_basic_operations_dag.py for tasks to queue
[2025-12-16T08:20:06.742+0000] {logging_mixin.py:190} INFO - [2025-12-16T08:20:06.740+0000] {dagbag.py:588} INFO - Filling up the DagBag from /opt/airflow/dags/test_pyspark_basic_operations_dag.py
[2025-12-16T08:20:06.819+0000] {logging_mixin.py:190} INFO - [2025-12-16T08:20:06.781+0000] {dagbag.py:387} ERROR - Failed to import: /opt/airflow/dags/test_pyspark_basic_operations_dag.py
Traceback (most recent call last):
  File "/home/airflow/.local/lib/python3.12/site-packages/airflow/models/dagbag.py", line 383, in parse
    loader.exec_module(new_module)
  File "<frozen importlib._bootstrap_external>", line 999, in exec_module
  File "<frozen importlib._bootstrap>", line 488, in _call_with_frames_removed
  File "/opt/airflow/dags/test_pyspark_basic_operations_dag.py", line 1, in <module>
    from pyspark.sql.functions import when, col, lit, split, filter, explode, array, array_contains, count, min, max, mean, expr, udf, from_json, to_json
ModuleNotFoundError: No module named 'pyspark'
[2025-12-16T08:20:06.825+0000] {processor.py:927} WARNING - No viable dags retrieved from /opt/airflow/dags/test_pyspark_basic_operations_dag.py
[2025-12-16T08:20:06.941+0000] {processor.py:208} INFO - Processing /opt/airflow/dags/test_pyspark_basic_operations_dag.py took 0.229 seconds
[2025-12-16T08:20:43.309+0000] {processor.py:186} INFO - Started process (PID=4440) to work on /opt/airflow/dags/test_pyspark_basic_operations_dag.py
[2025-12-16T08:20:43.313+0000] {processor.py:914} INFO - Processing file /opt/airflow/dags/test_pyspark_basic_operations_dag.py for tasks to queue
[2025-12-16T08:20:43.318+0000] {logging_mixin.py:190} INFO - [2025-12-16T08:20:43.317+0000] {dagbag.py:588} INFO - Filling up the DagBag from /opt/airflow/dags/test_pyspark_basic_operations_dag.py
[2025-12-16T08:20:43.398+0000] {logging_mixin.py:190} INFO - [2025-12-16T08:20:43.387+0000] {dagbag.py:387} ERROR - Failed to import: /opt/airflow/dags/test_pyspark_basic_operations_dag.py
Traceback (most recent call last):
  File "/home/airflow/.local/lib/python3.12/site-packages/airflow/models/dagbag.py", line 383, in parse
    loader.exec_module(new_module)
  File "<frozen importlib._bootstrap_external>", line 999, in exec_module
  File "<frozen importlib._bootstrap>", line 488, in _call_with_frames_removed
  File "/opt/airflow/dags/test_pyspark_basic_operations_dag.py", line 1, in <module>
    from pyspark.sql.functions import when, col, lit, split, filter, explode, array, array_contains, count, min, max, mean, expr, udf, from_json, to_json
ModuleNotFoundError: No module named 'pyspark'
[2025-12-16T08:20:43.401+0000] {processor.py:927} WARNING - No viable dags retrieved from /opt/airflow/dags/test_pyspark_basic_operations_dag.py
[2025-12-16T08:20:43.459+0000] {processor.py:208} INFO - Processing /opt/airflow/dags/test_pyspark_basic_operations_dag.py took 0.175 seconds
[2025-12-16T08:21:16.873+0000] {processor.py:186} INFO - Started process (PID=4512) to work on /opt/airflow/dags/test_pyspark_basic_operations_dag.py
[2025-12-16T08:21:16.877+0000] {processor.py:914} INFO - Processing file /opt/airflow/dags/test_pyspark_basic_operations_dag.py for tasks to queue
[2025-12-16T08:21:16.881+0000] {logging_mixin.py:190} INFO - [2025-12-16T08:21:16.880+0000] {dagbag.py:588} INFO - Filling up the DagBag from /opt/airflow/dags/test_pyspark_basic_operations_dag.py
[2025-12-16T08:21:16.942+0000] {logging_mixin.py:190} INFO - [2025-12-16T08:21:16.921+0000] {dagbag.py:387} ERROR - Failed to import: /opt/airflow/dags/test_pyspark_basic_operations_dag.py
Traceback (most recent call last):
  File "/home/airflow/.local/lib/python3.12/site-packages/airflow/models/dagbag.py", line 383, in parse
    loader.exec_module(new_module)
  File "<frozen importlib._bootstrap_external>", line 999, in exec_module
  File "<frozen importlib._bootstrap>", line 488, in _call_with_frames_removed
  File "/opt/airflow/dags/test_pyspark_basic_operations_dag.py", line 1, in <module>
    from pyspark.sql.functions import when, col, lit, split, filter, explode, array, array_contains, count, min, max, mean, expr, udf, from_json, to_json
ModuleNotFoundError: No module named 'pyspark'
[2025-12-16T08:21:16.947+0000] {processor.py:927} WARNING - No viable dags retrieved from /opt/airflow/dags/test_pyspark_basic_operations_dag.py
[2025-12-16T08:21:17.011+0000] {processor.py:208} INFO - Processing /opt/airflow/dags/test_pyspark_basic_operations_dag.py took 0.162 seconds
[2025-12-16T08:21:58.904+0000] {processor.py:186} INFO - Started process (PID=4591) to work on /opt/airflow/dags/test_pyspark_basic_operations_dag.py
[2025-12-16T08:21:58.910+0000] {processor.py:914} INFO - Processing file /opt/airflow/dags/test_pyspark_basic_operations_dag.py for tasks to queue
[2025-12-16T08:21:58.925+0000] {logging_mixin.py:190} INFO - [2025-12-16T08:21:58.920+0000] {dagbag.py:588} INFO - Filling up the DagBag from /opt/airflow/dags/test_pyspark_basic_operations_dag.py
[2025-12-16T08:21:59.179+0000] {logging_mixin.py:190} INFO - [2025-12-16T08:21:59.090+0000] {dagbag.py:387} ERROR - Failed to import: /opt/airflow/dags/test_pyspark_basic_operations_dag.py
Traceback (most recent call last):
  File "/home/airflow/.local/lib/python3.12/site-packages/airflow/models/dagbag.py", line 383, in parse
    loader.exec_module(new_module)
  File "<frozen importlib._bootstrap_external>", line 999, in exec_module
  File "<frozen importlib._bootstrap>", line 488, in _call_with_frames_removed
  File "/opt/airflow/dags/test_pyspark_basic_operations_dag.py", line 1, in <module>
    from pyspark.sql.functions import when, col, lit, split, filter, explode, array, array_contains, count, min, max, mean, expr, udf, from_json, to_json
ModuleNotFoundError: No module named 'pyspark'
[2025-12-16T08:21:59.224+0000] {processor.py:927} WARNING - No viable dags retrieved from /opt/airflow/dags/test_pyspark_basic_operations_dag.py
[2025-12-16T08:21:59.531+0000] {processor.py:208} INFO - Processing /opt/airflow/dags/test_pyspark_basic_operations_dag.py took 0.669 seconds
[2025-12-16T08:22:30.915+0000] {processor.py:186} INFO - Started process (PID=4662) to work on /opt/airflow/dags/test_pyspark_basic_operations_dag.py
[2025-12-16T08:22:30.918+0000] {processor.py:914} INFO - Processing file /opt/airflow/dags/test_pyspark_basic_operations_dag.py for tasks to queue
[2025-12-16T08:22:30.922+0000] {logging_mixin.py:190} INFO - [2025-12-16T08:22:30.922+0000] {dagbag.py:588} INFO - Filling up the DagBag from /opt/airflow/dags/test_pyspark_basic_operations_dag.py
[2025-12-16T08:22:31.010+0000] {logging_mixin.py:190} INFO - [2025-12-16T08:22:30.976+0000] {dagbag.py:387} ERROR - Failed to import: /opt/airflow/dags/test_pyspark_basic_operations_dag.py
Traceback (most recent call last):
  File "/home/airflow/.local/lib/python3.12/site-packages/airflow/models/dagbag.py", line 383, in parse
    loader.exec_module(new_module)
  File "<frozen importlib._bootstrap_external>", line 999, in exec_module
  File "<frozen importlib._bootstrap>", line 488, in _call_with_frames_removed
  File "/opt/airflow/dags/test_pyspark_basic_operations_dag.py", line 1, in <module>
    from pyspark.sql.functions import when, col, lit, split, filter, explode, array, array_contains, count, min, max, mean, expr, udf, from_json, to_json
ModuleNotFoundError: No module named 'pyspark'
[2025-12-16T08:22:31.017+0000] {processor.py:927} WARNING - No viable dags retrieved from /opt/airflow/dags/test_pyspark_basic_operations_dag.py
[2025-12-16T08:22:31.113+0000] {processor.py:208} INFO - Processing /opt/airflow/dags/test_pyspark_basic_operations_dag.py took 0.217 seconds
[2025-12-16T08:23:01.626+0000] {processor.py:186} INFO - Started process (PID=4734) to work on /opt/airflow/dags/test_pyspark_basic_operations_dag.py
[2025-12-16T08:23:01.629+0000] {processor.py:914} INFO - Processing file /opt/airflow/dags/test_pyspark_basic_operations_dag.py for tasks to queue
[2025-12-16T08:23:01.635+0000] {logging_mixin.py:190} INFO - [2025-12-16T08:23:01.634+0000] {dagbag.py:588} INFO - Filling up the DagBag from /opt/airflow/dags/test_pyspark_basic_operations_dag.py
[2025-12-16T08:23:01.782+0000] {logging_mixin.py:190} INFO - [2025-12-16T08:23:01.739+0000] {dagbag.py:387} ERROR - Failed to import: /opt/airflow/dags/test_pyspark_basic_operations_dag.py
Traceback (most recent call last):
  File "/home/airflow/.local/lib/python3.12/site-packages/airflow/models/dagbag.py", line 383, in parse
    loader.exec_module(new_module)
  File "<frozen importlib._bootstrap_external>", line 999, in exec_module
  File "<frozen importlib._bootstrap>", line 488, in _call_with_frames_removed
  File "/opt/airflow/dags/test_pyspark_basic_operations_dag.py", line 1, in <module>
    from pyspark.sql.functions import when, col, lit, split, filter, explode, array, array_contains, count, min, max, mean, expr, udf, from_json, to_json
ModuleNotFoundError: No module named 'pyspark'
[2025-12-16T08:23:01.793+0000] {processor.py:927} WARNING - No viable dags retrieved from /opt/airflow/dags/test_pyspark_basic_operations_dag.py
[2025-12-16T08:23:01.914+0000] {processor.py:208} INFO - Processing /opt/airflow/dags/test_pyspark_basic_operations_dag.py took 0.316 seconds
[2025-12-16T08:23:34.065+0000] {processor.py:186} INFO - Started process (PID=4805) to work on /opt/airflow/dags/test_pyspark_basic_operations_dag.py
[2025-12-16T08:23:34.078+0000] {processor.py:914} INFO - Processing file /opt/airflow/dags/test_pyspark_basic_operations_dag.py for tasks to queue
[2025-12-16T08:23:34.098+0000] {logging_mixin.py:190} INFO - [2025-12-16T08:23:34.096+0000] {dagbag.py:588} INFO - Filling up the DagBag from /opt/airflow/dags/test_pyspark_basic_operations_dag.py
[2025-12-16T08:23:34.328+0000] {logging_mixin.py:190} INFO - [2025-12-16T08:23:34.306+0000] {dagbag.py:387} ERROR - Failed to import: /opt/airflow/dags/test_pyspark_basic_operations_dag.py
Traceback (most recent call last):
  File "/home/airflow/.local/lib/python3.12/site-packages/airflow/models/dagbag.py", line 383, in parse
    loader.exec_module(new_module)
  File "<frozen importlib._bootstrap_external>", line 999, in exec_module
  File "<frozen importlib._bootstrap>", line 488, in _call_with_frames_removed
  File "/opt/airflow/dags/test_pyspark_basic_operations_dag.py", line 1, in <module>
    from pyspark.sql.functions import when, col, lit, split, filter, explode, array, array_contains, count, min, max, mean, expr, udf, from_json, to_json
ModuleNotFoundError: No module named 'pyspark'
[2025-12-16T08:23:34.365+0000] {processor.py:927} WARNING - No viable dags retrieved from /opt/airflow/dags/test_pyspark_basic_operations_dag.py
[2025-12-16T08:23:34.888+0000] {processor.py:208} INFO - Processing /opt/airflow/dags/test_pyspark_basic_operations_dag.py took 0.894 seconds
[2025-12-16T08:24:07.505+0000] {processor.py:186} INFO - Started process (PID=4878) to work on /opt/airflow/dags/test_pyspark_basic_operations_dag.py
[2025-12-16T08:24:07.508+0000] {processor.py:914} INFO - Processing file /opt/airflow/dags/test_pyspark_basic_operations_dag.py for tasks to queue
[2025-12-16T08:24:07.513+0000] {logging_mixin.py:190} INFO - [2025-12-16T08:24:07.511+0000] {dagbag.py:588} INFO - Filling up the DagBag from /opt/airflow/dags/test_pyspark_basic_operations_dag.py
[2025-12-16T08:24:07.580+0000] {logging_mixin.py:190} INFO - [2025-12-16T08:24:07.569+0000] {dagbag.py:387} ERROR - Failed to import: /opt/airflow/dags/test_pyspark_basic_operations_dag.py
Traceback (most recent call last):
  File "/home/airflow/.local/lib/python3.12/site-packages/airflow/models/dagbag.py", line 383, in parse
    loader.exec_module(new_module)
  File "<frozen importlib._bootstrap_external>", line 999, in exec_module
  File "<frozen importlib._bootstrap>", line 488, in _call_with_frames_removed
  File "/opt/airflow/dags/test_pyspark_basic_operations_dag.py", line 1, in <module>
    from pyspark.sql.functions import when, col, lit, split, filter, explode, array, array_contains, count, min, max, mean, expr, udf, from_json, to_json
ModuleNotFoundError: No module named 'pyspark'
[2025-12-16T08:24:07.584+0000] {processor.py:927} WARNING - No viable dags retrieved from /opt/airflow/dags/test_pyspark_basic_operations_dag.py
[2025-12-16T08:24:07.647+0000] {processor.py:208} INFO - Processing /opt/airflow/dags/test_pyspark_basic_operations_dag.py took 0.165 seconds
[2025-12-16T08:24:42.370+0000] {processor.py:186} INFO - Started process (PID=4960) to work on /opt/airflow/dags/test_pyspark_basic_operations_dag.py
[2025-12-16T08:24:42.373+0000] {processor.py:914} INFO - Processing file /opt/airflow/dags/test_pyspark_basic_operations_dag.py for tasks to queue
[2025-12-16T08:24:42.376+0000] {logging_mixin.py:190} INFO - [2025-12-16T08:24:42.375+0000] {dagbag.py:588} INFO - Filling up the DagBag from /opt/airflow/dags/test_pyspark_basic_operations_dag.py
[2025-12-16T08:24:42.416+0000] {logging_mixin.py:190} INFO - [2025-12-16T08:24:42.406+0000] {dagbag.py:387} ERROR - Failed to import: /opt/airflow/dags/test_pyspark_basic_operations_dag.py
Traceback (most recent call last):
  File "/home/airflow/.local/lib/python3.12/site-packages/airflow/models/dagbag.py", line 383, in parse
    loader.exec_module(new_module)
  File "<frozen importlib._bootstrap_external>", line 999, in exec_module
  File "<frozen importlib._bootstrap>", line 488, in _call_with_frames_removed
  File "/opt/airflow/dags/test_pyspark_basic_operations_dag.py", line 1, in <module>
    from pyspark.sql.functions import when, col, lit, split, filter, explode, array, array_contains, count, min, max, mean, expr, udf, from_json, to_json
ModuleNotFoundError: No module named 'pyspark'
[2025-12-16T08:24:42.426+0000] {processor.py:927} WARNING - No viable dags retrieved from /opt/airflow/dags/test_pyspark_basic_operations_dag.py
[2025-12-16T08:24:42.487+0000] {processor.py:208} INFO - Processing /opt/airflow/dags/test_pyspark_basic_operations_dag.py took 0.131 seconds
[2025-12-16T08:25:26.036+0000] {processor.py:186} INFO - Started process (PID=5044) to work on /opt/airflow/dags/test_pyspark_basic_operations_dag.py
[2025-12-16T08:25:26.039+0000] {processor.py:914} INFO - Processing file /opt/airflow/dags/test_pyspark_basic_operations_dag.py for tasks to queue
[2025-12-16T08:25:26.044+0000] {logging_mixin.py:190} INFO - [2025-12-16T08:25:26.043+0000] {dagbag.py:588} INFO - Filling up the DagBag from /opt/airflow/dags/test_pyspark_basic_operations_dag.py
[2025-12-16T08:25:26.086+0000] {logging_mixin.py:190} INFO - [2025-12-16T08:25:26.078+0000] {dagbag.py:387} ERROR - Failed to import: /opt/airflow/dags/test_pyspark_basic_operations_dag.py
Traceback (most recent call last):
  File "/home/airflow/.local/lib/python3.12/site-packages/airflow/models/dagbag.py", line 383, in parse
    loader.exec_module(new_module)
  File "<frozen importlib._bootstrap_external>", line 999, in exec_module
  File "<frozen importlib._bootstrap>", line 488, in _call_with_frames_removed
  File "/opt/airflow/dags/test_pyspark_basic_operations_dag.py", line 1, in <module>
    from pyspark.sql.functions import when, col, lit, split, filter, explode, array, array_contains, count, min, max, mean, expr, udf, from_json, to_json
ModuleNotFoundError: No module named 'pyspark'
[2025-12-16T08:25:26.089+0000] {processor.py:927} WARNING - No viable dags retrieved from /opt/airflow/dags/test_pyspark_basic_operations_dag.py
[2025-12-16T08:25:26.142+0000] {processor.py:208} INFO - Processing /opt/airflow/dags/test_pyspark_basic_operations_dag.py took 0.125 seconds
[2025-12-16T08:26:04.039+0000] {processor.py:186} INFO - Started process (PID=5124) to work on /opt/airflow/dags/test_pyspark_basic_operations_dag.py
[2025-12-16T08:26:04.042+0000] {processor.py:914} INFO - Processing file /opt/airflow/dags/test_pyspark_basic_operations_dag.py for tasks to queue
[2025-12-16T08:26:04.050+0000] {logging_mixin.py:190} INFO - [2025-12-16T08:26:04.049+0000] {dagbag.py:588} INFO - Filling up the DagBag from /opt/airflow/dags/test_pyspark_basic_operations_dag.py
[2025-12-16T08:26:04.132+0000] {logging_mixin.py:190} INFO - [2025-12-16T08:26:04.119+0000] {dagbag.py:387} ERROR - Failed to import: /opt/airflow/dags/test_pyspark_basic_operations_dag.py
Traceback (most recent call last):
  File "/home/airflow/.local/lib/python3.12/site-packages/airflow/models/dagbag.py", line 383, in parse
    loader.exec_module(new_module)
  File "<frozen importlib._bootstrap_external>", line 999, in exec_module
  File "<frozen importlib._bootstrap>", line 488, in _call_with_frames_removed
  File "/opt/airflow/dags/test_pyspark_basic_operations_dag.py", line 1, in <module>
    from pyspark.sql.functions import when, col, lit, split, filter, explode, array, array_contains, count, min, max, mean, expr, udf, from_json, to_json
ModuleNotFoundError: No module named 'pyspark'
[2025-12-16T08:26:04.146+0000] {processor.py:927} WARNING - No viable dags retrieved from /opt/airflow/dags/test_pyspark_basic_operations_dag.py
[2025-12-16T08:26:04.224+0000] {processor.py:208} INFO - Processing /opt/airflow/dags/test_pyspark_basic_operations_dag.py took 0.226 seconds
[2025-12-16T08:26:45.126+0000] {processor.py:186} INFO - Started process (PID=5204) to work on /opt/airflow/dags/test_pyspark_basic_operations_dag.py
[2025-12-16T08:26:45.131+0000] {processor.py:914} INFO - Processing file /opt/airflow/dags/test_pyspark_basic_operations_dag.py for tasks to queue
[2025-12-16T08:26:45.200+0000] {logging_mixin.py:190} INFO - [2025-12-16T08:26:45.141+0000] {dagbag.py:588} INFO - Filling up the DagBag from /opt/airflow/dags/test_pyspark_basic_operations_dag.py
[2025-12-16T08:26:45.443+0000] {logging_mixin.py:190} INFO - [2025-12-16T08:26:45.396+0000] {dagbag.py:387} ERROR - Failed to import: /opt/airflow/dags/test_pyspark_basic_operations_dag.py
Traceback (most recent call last):
  File "/home/airflow/.local/lib/python3.12/site-packages/airflow/models/dagbag.py", line 383, in parse
    loader.exec_module(new_module)
  File "<frozen importlib._bootstrap_external>", line 999, in exec_module
  File "<frozen importlib._bootstrap>", line 488, in _call_with_frames_removed
  File "/opt/airflow/dags/test_pyspark_basic_operations_dag.py", line 1, in <module>
    from pyspark.sql.functions import when, col, lit, split, filter, explode, array, array_contains, count, min, max, mean, expr, udf, from_json, to_json
ModuleNotFoundError: No module named 'pyspark'
[2025-12-16T08:26:45.479+0000] {processor.py:927} WARNING - No viable dags retrieved from /opt/airflow/dags/test_pyspark_basic_operations_dag.py
[2025-12-16T08:26:45.728+0000] {processor.py:208} INFO - Processing /opt/airflow/dags/test_pyspark_basic_operations_dag.py took 0.669 seconds
[2025-12-16T08:27:58.998+0000] {processor.py:186} INFO - Started process (PID=5320) to work on /opt/airflow/dags/test_pyspark_basic_operations_dag.py
[2025-12-16T08:27:59.028+0000] {processor.py:914} INFO - Processing file /opt/airflow/dags/test_pyspark_basic_operations_dag.py for tasks to queue
[2025-12-16T08:27:59.060+0000] {logging_mixin.py:190} INFO - [2025-12-16T08:27:59.049+0000] {dagbag.py:588} INFO - Filling up the DagBag from /opt/airflow/dags/test_pyspark_basic_operations_dag.py
[2025-12-16T08:27:59.333+0000] {logging_mixin.py:190} INFO - [2025-12-16T08:27:59.288+0000] {dagbag.py:387} ERROR - Failed to import: /opt/airflow/dags/test_pyspark_basic_operations_dag.py
Traceback (most recent call last):
  File "/home/airflow/.local/lib/python3.12/site-packages/airflow/models/dagbag.py", line 383, in parse
    loader.exec_module(new_module)
  File "<frozen importlib._bootstrap_external>", line 999, in exec_module
  File "<frozen importlib._bootstrap>", line 488, in _call_with_frames_removed
  File "/opt/airflow/dags/test_pyspark_basic_operations_dag.py", line 1, in <module>
    from pyspark.sql.functions import when, col, lit, split, filter, explode, array, array_contains, count, min, max, mean, expr, udf, from_json, to_json
ModuleNotFoundError: No module named 'pyspark'
[2025-12-16T08:27:59.388+0000] {processor.py:927} WARNING - No viable dags retrieved from /opt/airflow/dags/test_pyspark_basic_operations_dag.py
[2025-12-16T08:27:59.675+0000] {processor.py:208} INFO - Processing /opt/airflow/dags/test_pyspark_basic_operations_dag.py took 0.743 seconds
