[2025-12-16T07:17:54.055+0000] {processor.py:186} INFO - Started process (PID=158) to work on /opt/airflow/dags/test_clickhouse_operator_dag.py
[2025-12-16T07:17:54.066+0000] {processor.py:914} INFO - Processing file /opt/airflow/dags/test_clickhouse_operator_dag.py for tasks to queue
[2025-12-16T07:17:54.093+0000] {logging_mixin.py:190} INFO - [2025-12-16T07:17:54.084+0000] {dagbag.py:588} INFO - Filling up the DagBag from /opt/airflow/dags/test_clickhouse_operator_dag.py
[2025-12-16T07:17:54.810+0000] {logging_mixin.py:190} INFO - [2025-12-16T07:17:54.626+0000] {dagbag.py:387} ERROR - Failed to import: /opt/airflow/dags/test_clickhouse_operator_dag.py
Traceback (most recent call last):
  File "/home/airflow/.local/lib/python3.12/site-packages/airflow/models/dagbag.py", line 383, in parse
    loader.exec_module(new_module)
  File "<frozen importlib._bootstrap_external>", line 999, in exec_module
  File "<frozen importlib._bootstrap>", line 488, in _call_with_frames_removed
  File "/opt/airflow/dags/test_clickhouse_operator_dag.py", line 3, in <module>
    from airflow_clickhouse_plugin.operators.clickhouse import ClickHouseOperator
  File "/opt/airflow/dags/airflow_clickhouse_plugin/operators/clickhouse.py", line 5, in <module>
    from airflow_clickhouse_plugin.hooks.clickhouse import ClickHouseHook, \
  File "/opt/airflow/dags/airflow_clickhouse_plugin/hooks/clickhouse.py", line 5, in <module>
    import clickhouse_driver
ModuleNotFoundError: No module named 'clickhouse_driver'
[2025-12-16T07:17:54.828+0000] {processor.py:927} WARNING - No viable dags retrieved from /opt/airflow/dags/test_clickhouse_operator_dag.py
[2025-12-16T07:17:55.008+0000] {processor.py:208} INFO - Processing /opt/airflow/dags/test_clickhouse_operator_dag.py took 0.985 seconds
[2025-12-16T07:18:29.243+0000] {processor.py:186} INFO - Started process (PID=229) to work on /opt/airflow/dags/test_clickhouse_operator_dag.py
[2025-12-16T07:18:29.247+0000] {processor.py:914} INFO - Processing file /opt/airflow/dags/test_clickhouse_operator_dag.py for tasks to queue
[2025-12-16T07:18:29.254+0000] {logging_mixin.py:190} INFO - [2025-12-16T07:18:29.253+0000] {dagbag.py:588} INFO - Filling up the DagBag from /opt/airflow/dags/test_clickhouse_operator_dag.py
[2025-12-16T07:18:29.495+0000] {logging_mixin.py:190} INFO - [2025-12-16T07:18:29.448+0000] {dagbag.py:387} ERROR - Failed to import: /opt/airflow/dags/test_clickhouse_operator_dag.py
Traceback (most recent call last):
  File "/home/airflow/.local/lib/python3.12/site-packages/airflow/models/dagbag.py", line 383, in parse
    loader.exec_module(new_module)
  File "<frozen importlib._bootstrap_external>", line 999, in exec_module
  File "<frozen importlib._bootstrap>", line 488, in _call_with_frames_removed
  File "/opt/airflow/dags/test_clickhouse_operator_dag.py", line 3, in <module>
    from airflow_clickhouse_plugin.operators.clickhouse import ClickHouseOperator
  File "/opt/airflow/dags/airflow_clickhouse_plugin/operators/clickhouse.py", line 5, in <module>
    from airflow_clickhouse_plugin.hooks.clickhouse import ClickHouseHook, \
  File "/opt/airflow/dags/airflow_clickhouse_plugin/hooks/clickhouse.py", line 5, in <module>
    import clickhouse_driver
ModuleNotFoundError: No module named 'clickhouse_driver'
[2025-12-16T07:18:29.508+0000] {processor.py:927} WARNING - No viable dags retrieved from /opt/airflow/dags/test_clickhouse_operator_dag.py
[2025-12-16T07:18:29.571+0000] {processor.py:208} INFO - Processing /opt/airflow/dags/test_clickhouse_operator_dag.py took 0.344 seconds
[2025-12-16T07:19:12.836+0000] {processor.py:186} INFO - Started process (PID=311) to work on /opt/airflow/dags/test_clickhouse_operator_dag.py
[2025-12-16T07:19:12.841+0000] {processor.py:914} INFO - Processing file /opt/airflow/dags/test_clickhouse_operator_dag.py for tasks to queue
[2025-12-16T07:19:12.852+0000] {logging_mixin.py:190} INFO - [2025-12-16T07:19:12.851+0000] {dagbag.py:588} INFO - Filling up the DagBag from /opt/airflow/dags/test_clickhouse_operator_dag.py
[2025-12-16T07:19:13.152+0000] {logging_mixin.py:190} INFO - [2025-12-16T07:19:13.110+0000] {dagbag.py:387} ERROR - Failed to import: /opt/airflow/dags/test_clickhouse_operator_dag.py
Traceback (most recent call last):
  File "/home/airflow/.local/lib/python3.12/site-packages/airflow/models/dagbag.py", line 383, in parse
    loader.exec_module(new_module)
  File "<frozen importlib._bootstrap_external>", line 999, in exec_module
  File "<frozen importlib._bootstrap>", line 488, in _call_with_frames_removed
  File "/opt/airflow/dags/test_clickhouse_operator_dag.py", line 3, in <module>
    from airflow_clickhouse_plugin.operators.clickhouse import ClickHouseOperator
  File "/opt/airflow/dags/airflow_clickhouse_plugin/operators/clickhouse.py", line 5, in <module>
    from airflow_clickhouse_plugin.hooks.clickhouse import ClickHouseHook, \
  File "/opt/airflow/dags/airflow_clickhouse_plugin/hooks/clickhouse.py", line 5, in <module>
    import clickhouse_driver
ModuleNotFoundError: No module named 'clickhouse_driver'
[2025-12-16T07:19:13.165+0000] {processor.py:927} WARNING - No viable dags retrieved from /opt/airflow/dags/test_clickhouse_operator_dag.py
[2025-12-16T07:19:13.227+0000] {processor.py:208} INFO - Processing /opt/airflow/dags/test_clickhouse_operator_dag.py took 0.413 seconds
[2025-12-16T07:19:59.695+0000] {processor.py:186} INFO - Started process (PID=393) to work on /opt/airflow/dags/test_clickhouse_operator_dag.py
[2025-12-16T07:19:59.698+0000] {processor.py:914} INFO - Processing file /opt/airflow/dags/test_clickhouse_operator_dag.py for tasks to queue
[2025-12-16T07:19:59.704+0000] {logging_mixin.py:190} INFO - [2025-12-16T07:19:59.704+0000] {dagbag.py:588} INFO - Filling up the DagBag from /opt/airflow/dags/test_clickhouse_operator_dag.py
[2025-12-16T07:20:00.237+0000] {logging_mixin.py:190} INFO - [2025-12-16T07:20:00.178+0000] {dagbag.py:387} ERROR - Failed to import: /opt/airflow/dags/test_clickhouse_operator_dag.py
Traceback (most recent call last):
  File "/home/airflow/.local/lib/python3.12/site-packages/airflow/models/dagbag.py", line 383, in parse
    loader.exec_module(new_module)
  File "<frozen importlib._bootstrap_external>", line 999, in exec_module
  File "<frozen importlib._bootstrap>", line 488, in _call_with_frames_removed
  File "/opt/airflow/dags/test_clickhouse_operator_dag.py", line 3, in <module>
    from airflow_clickhouse_plugin.operators.clickhouse import ClickHouseOperator
  File "/opt/airflow/dags/airflow_clickhouse_plugin/operators/clickhouse.py", line 5, in <module>
    from airflow_clickhouse_plugin.hooks.clickhouse import ClickHouseHook, \
  File "/opt/airflow/dags/airflow_clickhouse_plugin/hooks/clickhouse.py", line 5, in <module>
    import clickhouse_driver
ModuleNotFoundError: No module named 'clickhouse_driver'
[2025-12-16T07:20:00.275+0000] {processor.py:927} WARNING - No viable dags retrieved from /opt/airflow/dags/test_clickhouse_operator_dag.py
[2025-12-16T07:20:00.387+0000] {processor.py:208} INFO - Processing /opt/airflow/dags/test_clickhouse_operator_dag.py took 0.714 seconds
[2025-12-16T07:20:30.939+0000] {processor.py:186} INFO - Started process (PID=464) to work on /opt/airflow/dags/test_clickhouse_operator_dag.py
[2025-12-16T07:20:30.946+0000] {processor.py:914} INFO - Processing file /opt/airflow/dags/test_clickhouse_operator_dag.py for tasks to queue
[2025-12-16T07:20:30.956+0000] {logging_mixin.py:190} INFO - [2025-12-16T07:20:30.954+0000] {dagbag.py:588} INFO - Filling up the DagBag from /opt/airflow/dags/test_clickhouse_operator_dag.py
[2025-12-16T07:20:31.344+0000] {logging_mixin.py:190} INFO - [2025-12-16T07:20:31.277+0000] {dagbag.py:387} ERROR - Failed to import: /opt/airflow/dags/test_clickhouse_operator_dag.py
Traceback (most recent call last):
  File "/home/airflow/.local/lib/python3.12/site-packages/airflow/models/dagbag.py", line 383, in parse
    loader.exec_module(new_module)
  File "<frozen importlib._bootstrap_external>", line 999, in exec_module
  File "<frozen importlib._bootstrap>", line 488, in _call_with_frames_removed
  File "/opt/airflow/dags/test_clickhouse_operator_dag.py", line 3, in <module>
    from airflow_clickhouse_plugin.operators.clickhouse import ClickHouseOperator
  File "/opt/airflow/dags/airflow_clickhouse_plugin/operators/clickhouse.py", line 5, in <module>
    from airflow_clickhouse_plugin.hooks.clickhouse import ClickHouseHook, \
  File "/opt/airflow/dags/airflow_clickhouse_plugin/hooks/clickhouse.py", line 5, in <module>
    import clickhouse_driver
ModuleNotFoundError: No module named 'clickhouse_driver'
[2025-12-16T07:20:31.354+0000] {processor.py:927} WARNING - No viable dags retrieved from /opt/airflow/dags/test_clickhouse_operator_dag.py
[2025-12-16T07:20:31.413+0000] {processor.py:208} INFO - Processing /opt/airflow/dags/test_clickhouse_operator_dag.py took 0.494 seconds
[2025-12-16T07:21:02.236+0000] {processor.py:186} INFO - Started process (PID=535) to work on /opt/airflow/dags/test_clickhouse_operator_dag.py
[2025-12-16T07:21:02.239+0000] {processor.py:914} INFO - Processing file /opt/airflow/dags/test_clickhouse_operator_dag.py for tasks to queue
[2025-12-16T07:21:02.255+0000] {logging_mixin.py:190} INFO - [2025-12-16T07:21:02.254+0000] {dagbag.py:588} INFO - Filling up the DagBag from /opt/airflow/dags/test_clickhouse_operator_dag.py
[2025-12-16T07:21:02.461+0000] {logging_mixin.py:190} INFO - [2025-12-16T07:21:02.437+0000] {dagbag.py:387} ERROR - Failed to import: /opt/airflow/dags/test_clickhouse_operator_dag.py
Traceback (most recent call last):
  File "/home/airflow/.local/lib/python3.12/site-packages/airflow/models/dagbag.py", line 383, in parse
    loader.exec_module(new_module)
  File "<frozen importlib._bootstrap_external>", line 999, in exec_module
  File "<frozen importlib._bootstrap>", line 488, in _call_with_frames_removed
  File "/opt/airflow/dags/test_clickhouse_operator_dag.py", line 3, in <module>
    from airflow_clickhouse_plugin.operators.clickhouse import ClickHouseOperator
  File "/opt/airflow/dags/airflow_clickhouse_plugin/operators/clickhouse.py", line 5, in <module>
    from airflow_clickhouse_plugin.hooks.clickhouse import ClickHouseHook, \
  File "/opt/airflow/dags/airflow_clickhouse_plugin/hooks/clickhouse.py", line 5, in <module>
    import clickhouse_driver
ModuleNotFoundError: No module named 'clickhouse_driver'
[2025-12-16T07:21:02.470+0000] {processor.py:927} WARNING - No viable dags retrieved from /opt/airflow/dags/test_clickhouse_operator_dag.py
[2025-12-16T07:21:02.523+0000] {processor.py:208} INFO - Processing /opt/airflow/dags/test_clickhouse_operator_dag.py took 0.306 seconds
[2025-12-16T07:21:37.675+0000] {processor.py:186} INFO - Started process (PID=611) to work on /opt/airflow/dags/test_clickhouse_operator_dag.py
[2025-12-16T07:21:37.680+0000] {processor.py:914} INFO - Processing file /opt/airflow/dags/test_clickhouse_operator_dag.py for tasks to queue
[2025-12-16T07:21:37.708+0000] {logging_mixin.py:190} INFO - [2025-12-16T07:21:37.707+0000] {dagbag.py:588} INFO - Filling up the DagBag from /opt/airflow/dags/test_clickhouse_operator_dag.py
[2025-12-16T07:21:38.478+0000] {logging_mixin.py:190} INFO - [2025-12-16T07:21:38.398+0000] {dagbag.py:387} ERROR - Failed to import: /opt/airflow/dags/test_clickhouse_operator_dag.py
Traceback (most recent call last):
  File "/home/airflow/.local/lib/python3.12/site-packages/airflow/models/dagbag.py", line 383, in parse
    loader.exec_module(new_module)
  File "<frozen importlib._bootstrap_external>", line 999, in exec_module
  File "<frozen importlib._bootstrap>", line 488, in _call_with_frames_removed
  File "/opt/airflow/dags/test_clickhouse_operator_dag.py", line 3, in <module>
    from airflow_clickhouse_plugin.operators.clickhouse import ClickHouseOperator
  File "/opt/airflow/dags/airflow_clickhouse_plugin/operators/clickhouse.py", line 5, in <module>
    from airflow_clickhouse_plugin.hooks.clickhouse import ClickHouseHook, \
  File "/opt/airflow/dags/airflow_clickhouse_plugin/hooks/clickhouse.py", line 5, in <module>
    import clickhouse_driver
ModuleNotFoundError: No module named 'clickhouse_driver'
[2025-12-16T07:21:38.499+0000] {processor.py:927} WARNING - No viable dags retrieved from /opt/airflow/dags/test_clickhouse_operator_dag.py
[2025-12-16T07:21:38.564+0000] {processor.py:208} INFO - Processing /opt/airflow/dags/test_clickhouse_operator_dag.py took 0.930 seconds
[2025-12-16T07:22:14.512+0000] {processor.py:186} INFO - Started process (PID=693) to work on /opt/airflow/dags/test_clickhouse_operator_dag.py
[2025-12-16T07:22:14.515+0000] {processor.py:914} INFO - Processing file /opt/airflow/dags/test_clickhouse_operator_dag.py for tasks to queue
[2025-12-16T07:22:14.521+0000] {logging_mixin.py:190} INFO - [2025-12-16T07:22:14.520+0000] {dagbag.py:588} INFO - Filling up the DagBag from /opt/airflow/dags/test_clickhouse_operator_dag.py
[2025-12-16T07:22:14.758+0000] {logging_mixin.py:190} INFO - [2025-12-16T07:22:14.723+0000] {dagbag.py:387} ERROR - Failed to import: /opt/airflow/dags/test_clickhouse_operator_dag.py
Traceback (most recent call last):
  File "/home/airflow/.local/lib/python3.12/site-packages/airflow/models/dagbag.py", line 383, in parse
    loader.exec_module(new_module)
  File "<frozen importlib._bootstrap_external>", line 999, in exec_module
  File "<frozen importlib._bootstrap>", line 488, in _call_with_frames_removed
  File "/opt/airflow/dags/test_clickhouse_operator_dag.py", line 3, in <module>
    from airflow_clickhouse_plugin.operators.clickhouse import ClickHouseOperator
  File "/opt/airflow/dags/airflow_clickhouse_plugin/operators/clickhouse.py", line 5, in <module>
    from airflow_clickhouse_plugin.hooks.clickhouse import ClickHouseHook, \
  File "/opt/airflow/dags/airflow_clickhouse_plugin/hooks/clickhouse.py", line 5, in <module>
    import clickhouse_driver
ModuleNotFoundError: No module named 'clickhouse_driver'
[2025-12-16T07:22:14.770+0000] {processor.py:927} WARNING - No viable dags retrieved from /opt/airflow/dags/test_clickhouse_operator_dag.py
[2025-12-16T07:22:14.826+0000] {processor.py:208} INFO - Processing /opt/airflow/dags/test_clickhouse_operator_dag.py took 0.331 seconds
[2025-12-16T07:22:47.355+0000] {processor.py:186} INFO - Started process (PID=764) to work on /opt/airflow/dags/test_clickhouse_operator_dag.py
[2025-12-16T07:22:47.363+0000] {processor.py:914} INFO - Processing file /opt/airflow/dags/test_clickhouse_operator_dag.py for tasks to queue
[2025-12-16T07:22:47.375+0000] {logging_mixin.py:190} INFO - [2025-12-16T07:22:47.372+0000] {dagbag.py:588} INFO - Filling up the DagBag from /opt/airflow/dags/test_clickhouse_operator_dag.py
[2025-12-16T07:22:47.671+0000] {logging_mixin.py:190} INFO - [2025-12-16T07:22:47.613+0000] {dagbag.py:387} ERROR - Failed to import: /opt/airflow/dags/test_clickhouse_operator_dag.py
Traceback (most recent call last):
  File "/home/airflow/.local/lib/python3.12/site-packages/airflow/models/dagbag.py", line 383, in parse
    loader.exec_module(new_module)
  File "<frozen importlib._bootstrap_external>", line 999, in exec_module
  File "<frozen importlib._bootstrap>", line 488, in _call_with_frames_removed
  File "/opt/airflow/dags/test_clickhouse_operator_dag.py", line 3, in <module>
    from airflow_clickhouse_plugin.operators.clickhouse import ClickHouseOperator
  File "/opt/airflow/dags/airflow_clickhouse_plugin/operators/clickhouse.py", line 5, in <module>
    from airflow_clickhouse_plugin.hooks.clickhouse import ClickHouseHook, \
  File "/opt/airflow/dags/airflow_clickhouse_plugin/hooks/clickhouse.py", line 5, in <module>
    import clickhouse_driver
ModuleNotFoundError: No module named 'clickhouse_driver'
[2025-12-16T07:22:47.681+0000] {processor.py:927} WARNING - No viable dags retrieved from /opt/airflow/dags/test_clickhouse_operator_dag.py
[2025-12-16T07:22:47.795+0000] {processor.py:208} INFO - Processing /opt/airflow/dags/test_clickhouse_operator_dag.py took 0.466 seconds
[2025-12-16T07:23:26.154+0000] {processor.py:186} INFO - Started process (PID=842) to work on /opt/airflow/dags/test_clickhouse_operator_dag.py
[2025-12-16T07:23:26.163+0000] {processor.py:914} INFO - Processing file /opt/airflow/dags/test_clickhouse_operator_dag.py for tasks to queue
[2025-12-16T07:23:26.183+0000] {logging_mixin.py:190} INFO - [2025-12-16T07:23:26.182+0000] {dagbag.py:588} INFO - Filling up the DagBag from /opt/airflow/dags/test_clickhouse_operator_dag.py
[2025-12-16T07:23:26.533+0000] {logging_mixin.py:190} INFO - [2025-12-16T07:23:26.483+0000] {dagbag.py:387} ERROR - Failed to import: /opt/airflow/dags/test_clickhouse_operator_dag.py
Traceback (most recent call last):
  File "/home/airflow/.local/lib/python3.12/site-packages/airflow/models/dagbag.py", line 383, in parse
    loader.exec_module(new_module)
  File "<frozen importlib._bootstrap_external>", line 999, in exec_module
  File "<frozen importlib._bootstrap>", line 488, in _call_with_frames_removed
  File "/opt/airflow/dags/test_clickhouse_operator_dag.py", line 3, in <module>
    from airflow_clickhouse_plugin.operators.clickhouse import ClickHouseOperator
  File "/opt/airflow/dags/airflow_clickhouse_plugin/operators/clickhouse.py", line 5, in <module>
    from airflow_clickhouse_plugin.hooks.clickhouse import ClickHouseHook, \
  File "/opt/airflow/dags/airflow_clickhouse_plugin/hooks/clickhouse.py", line 5, in <module>
    import clickhouse_driver
ModuleNotFoundError: No module named 'clickhouse_driver'
[2025-12-16T07:23:26.546+0000] {processor.py:927} WARNING - No viable dags retrieved from /opt/airflow/dags/test_clickhouse_operator_dag.py
[2025-12-16T07:23:26.619+0000] {processor.py:208} INFO - Processing /opt/airflow/dags/test_clickhouse_operator_dag.py took 0.532 seconds
[2025-12-16T07:25:03.006+0000] {processor.py:186} INFO - Started process (PID=926) to work on /opt/airflow/dags/test_clickhouse_operator_dag.py
[2025-12-16T07:25:03.012+0000] {processor.py:914} INFO - Processing file /opt/airflow/dags/test_clickhouse_operator_dag.py for tasks to queue
[2025-12-16T07:25:03.017+0000] {logging_mixin.py:190} INFO - [2025-12-16T07:25:03.016+0000] {dagbag.py:588} INFO - Filling up the DagBag from /opt/airflow/dags/test_clickhouse_operator_dag.py
[2025-12-16T07:25:04.116+0000] {logging_mixin.py:190} INFO - [2025-12-16T07:25:03.646+0000] {dagbag.py:387} ERROR - Failed to import: /opt/airflow/dags/test_clickhouse_operator_dag.py
Traceback (most recent call last):
  File "/home/airflow/.local/lib/python3.12/site-packages/airflow/models/dagbag.py", line 383, in parse
    loader.exec_module(new_module)
  File "<frozen importlib._bootstrap_external>", line 999, in exec_module
  File "<frozen importlib._bootstrap>", line 488, in _call_with_frames_removed
  File "/opt/airflow/dags/test_clickhouse_operator_dag.py", line 3, in <module>
    from airflow_clickhouse_plugin.operators.clickhouse import ClickHouseOperator
  File "/opt/airflow/dags/airflow_clickhouse_plugin/operators/clickhouse.py", line 5, in <module>
    from airflow_clickhouse_plugin.hooks.clickhouse import ClickHouseHook, \
  File "/opt/airflow/dags/airflow_clickhouse_plugin/hooks/clickhouse.py", line 5, in <module>
    import clickhouse_driver
ModuleNotFoundError: No module named 'clickhouse_driver'
[2025-12-16T07:25:04.158+0000] {processor.py:927} WARNING - No viable dags retrieved from /opt/airflow/dags/test_clickhouse_operator_dag.py
[2025-12-16T07:25:04.832+0000] {processor.py:208} INFO - Processing /opt/airflow/dags/test_clickhouse_operator_dag.py took 1.897 seconds
[2025-12-16T07:28:07.451+0000] {processor.py:186} INFO - Started process (PID=1049) to work on /opt/airflow/dags/test_clickhouse_operator_dag.py
[2025-12-16T07:28:07.454+0000] {processor.py:914} INFO - Processing file /opt/airflow/dags/test_clickhouse_operator_dag.py for tasks to queue
[2025-12-16T07:28:07.460+0000] {logging_mixin.py:190} INFO - [2025-12-16T07:28:07.459+0000] {dagbag.py:588} INFO - Filling up the DagBag from /opt/airflow/dags/test_clickhouse_operator_dag.py
[2025-12-16T07:28:07.697+0000] {logging_mixin.py:190} INFO - [2025-12-16T07:28:07.660+0000] {dagbag.py:387} ERROR - Failed to import: /opt/airflow/dags/test_clickhouse_operator_dag.py
Traceback (most recent call last):
  File "/home/airflow/.local/lib/python3.12/site-packages/airflow/models/dagbag.py", line 383, in parse
    loader.exec_module(new_module)
  File "<frozen importlib._bootstrap_external>", line 999, in exec_module
  File "<frozen importlib._bootstrap>", line 488, in _call_with_frames_removed
  File "/opt/airflow/dags/test_clickhouse_operator_dag.py", line 3, in <module>
    from airflow_clickhouse_plugin.operators.clickhouse import ClickHouseOperator
  File "/opt/airflow/dags/airflow_clickhouse_plugin/operators/clickhouse.py", line 5, in <module>
    from airflow_clickhouse_plugin.hooks.clickhouse import ClickHouseHook, \
  File "/opt/airflow/dags/airflow_clickhouse_plugin/hooks/clickhouse.py", line 5, in <module>
    import clickhouse_driver
ModuleNotFoundError: No module named 'clickhouse_driver'
[2025-12-16T07:28:07.707+0000] {processor.py:927} WARNING - No viable dags retrieved from /opt/airflow/dags/test_clickhouse_operator_dag.py
[2025-12-16T07:28:07.760+0000] {processor.py:208} INFO - Processing /opt/airflow/dags/test_clickhouse_operator_dag.py took 0.326 seconds
[2025-12-16T07:29:43.535+0000] {processor.py:186} INFO - Started process (PID=1140) to work on /opt/airflow/dags/test_clickhouse_operator_dag.py
[2025-12-16T07:29:43.550+0000] {processor.py:914} INFO - Processing file /opt/airflow/dags/test_clickhouse_operator_dag.py for tasks to queue
[2025-12-16T07:29:43.581+0000] {logging_mixin.py:190} INFO - [2025-12-16T07:29:43.569+0000] {dagbag.py:588} INFO - Filling up the DagBag from /opt/airflow/dags/test_clickhouse_operator_dag.py
[2025-12-16T07:29:46.379+0000] {logging_mixin.py:190} INFO - [2025-12-16T07:29:46.182+0000] {dagbag.py:387} ERROR - Failed to import: /opt/airflow/dags/test_clickhouse_operator_dag.py
Traceback (most recent call last):
  File "/home/airflow/.local/lib/python3.12/site-packages/airflow/models/dagbag.py", line 383, in parse
    loader.exec_module(new_module)
  File "<frozen importlib._bootstrap_external>", line 999, in exec_module
  File "<frozen importlib._bootstrap>", line 488, in _call_with_frames_removed
  File "/opt/airflow/dags/test_clickhouse_operator_dag.py", line 3, in <module>
    from airflow_clickhouse_plugin.operators.clickhouse import ClickHouseOperator
  File "/opt/airflow/dags/airflow_clickhouse_plugin/operators/clickhouse.py", line 5, in <module>
    from airflow_clickhouse_plugin.hooks.clickhouse import ClickHouseHook, \
  File "/opt/airflow/dags/airflow_clickhouse_plugin/hooks/clickhouse.py", line 5, in <module>
    import clickhouse_driver
ModuleNotFoundError: No module named 'clickhouse_driver'
[2025-12-16T07:29:46.478+0000] {processor.py:927} WARNING - No viable dags retrieved from /opt/airflow/dags/test_clickhouse_operator_dag.py
[2025-12-16T07:29:46.630+0000] {processor.py:208} INFO - Processing /opt/airflow/dags/test_clickhouse_operator_dag.py took 3.192 seconds
[2025-12-16T07:32:34.403+0000] {processor.py:186} INFO - Started process (PID=1256) to work on /opt/airflow/dags/test_clickhouse_operator_dag.py
[2025-12-16T07:32:34.409+0000] {processor.py:914} INFO - Processing file /opt/airflow/dags/test_clickhouse_operator_dag.py for tasks to queue
[2025-12-16T07:32:34.413+0000] {logging_mixin.py:190} INFO - [2025-12-16T07:32:34.412+0000] {dagbag.py:588} INFO - Filling up the DagBag from /opt/airflow/dags/test_clickhouse_operator_dag.py
[2025-12-16T07:32:34.755+0000] {logging_mixin.py:190} INFO - [2025-12-16T07:32:34.710+0000] {dagbag.py:387} ERROR - Failed to import: /opt/airflow/dags/test_clickhouse_operator_dag.py
Traceback (most recent call last):
  File "/home/airflow/.local/lib/python3.12/site-packages/airflow/models/dagbag.py", line 383, in parse
    loader.exec_module(new_module)
  File "<frozen importlib._bootstrap_external>", line 999, in exec_module
  File "<frozen importlib._bootstrap>", line 488, in _call_with_frames_removed
  File "/opt/airflow/dags/test_clickhouse_operator_dag.py", line 3, in <module>
    from airflow_clickhouse_plugin.operators.clickhouse import ClickHouseOperator
  File "/opt/airflow/dags/airflow_clickhouse_plugin/operators/clickhouse.py", line 5, in <module>
    from airflow_clickhouse_plugin.hooks.clickhouse import ClickHouseHook, \
  File "/opt/airflow/dags/airflow_clickhouse_plugin/hooks/clickhouse.py", line 5, in <module>
    import clickhouse_driver
ModuleNotFoundError: No module named 'clickhouse_driver'
[2025-12-16T07:32:34.769+0000] {processor.py:927} WARNING - No viable dags retrieved from /opt/airflow/dags/test_clickhouse_operator_dag.py
[2025-12-16T07:32:34.849+0000] {processor.py:208} INFO - Processing /opt/airflow/dags/test_clickhouse_operator_dag.py took 0.483 seconds
[2025-12-16T07:33:10.314+0000] {processor.py:186} INFO - Started process (PID=1328) to work on /opt/airflow/dags/test_clickhouse_operator_dag.py
[2025-12-16T07:33:10.317+0000] {processor.py:914} INFO - Processing file /opt/airflow/dags/test_clickhouse_operator_dag.py for tasks to queue
[2025-12-16T07:33:10.321+0000] {logging_mixin.py:190} INFO - [2025-12-16T07:33:10.320+0000] {dagbag.py:588} INFO - Filling up the DagBag from /opt/airflow/dags/test_clickhouse_operator_dag.py
[2025-12-16T07:33:10.781+0000] {logging_mixin.py:190} INFO - [2025-12-16T07:33:10.651+0000] {dagbag.py:387} ERROR - Failed to import: /opt/airflow/dags/test_clickhouse_operator_dag.py
Traceback (most recent call last):
  File "/home/airflow/.local/lib/python3.12/site-packages/airflow/models/dagbag.py", line 383, in parse
    loader.exec_module(new_module)
  File "<frozen importlib._bootstrap_external>", line 999, in exec_module
  File "<frozen importlib._bootstrap>", line 488, in _call_with_frames_removed
  File "/opt/airflow/dags/test_clickhouse_operator_dag.py", line 3, in <module>
    from airflow_clickhouse_plugin.operators.clickhouse import ClickHouseOperator
  File "/opt/airflow/dags/airflow_clickhouse_plugin/operators/clickhouse.py", line 5, in <module>
    from airflow_clickhouse_plugin.hooks.clickhouse import ClickHouseHook, \
  File "/opt/airflow/dags/airflow_clickhouse_plugin/hooks/clickhouse.py", line 5, in <module>
    import clickhouse_driver
ModuleNotFoundError: No module named 'clickhouse_driver'
[2025-12-16T07:33:10.850+0000] {processor.py:927} WARNING - No viable dags retrieved from /opt/airflow/dags/test_clickhouse_operator_dag.py
[2025-12-16T07:33:11.247+0000] {processor.py:208} INFO - Processing /opt/airflow/dags/test_clickhouse_operator_dag.py took 0.951 seconds
[2025-12-16T07:33:43.633+0000] {processor.py:186} INFO - Started process (PID=1399) to work on /opt/airflow/dags/test_clickhouse_operator_dag.py
[2025-12-16T07:33:43.637+0000] {processor.py:914} INFO - Processing file /opt/airflow/dags/test_clickhouse_operator_dag.py for tasks to queue
[2025-12-16T07:33:43.642+0000] {logging_mixin.py:190} INFO - [2025-12-16T07:33:43.641+0000] {dagbag.py:588} INFO - Filling up the DagBag from /opt/airflow/dags/test_clickhouse_operator_dag.py
[2025-12-16T07:33:43.906+0000] {logging_mixin.py:190} INFO - [2025-12-16T07:33:43.866+0000] {dagbag.py:387} ERROR - Failed to import: /opt/airflow/dags/test_clickhouse_operator_dag.py
Traceback (most recent call last):
  File "/home/airflow/.local/lib/python3.12/site-packages/airflow/models/dagbag.py", line 383, in parse
    loader.exec_module(new_module)
  File "<frozen importlib._bootstrap_external>", line 999, in exec_module
  File "<frozen importlib._bootstrap>", line 488, in _call_with_frames_removed
  File "/opt/airflow/dags/test_clickhouse_operator_dag.py", line 3, in <module>
    from airflow_clickhouse_plugin.operators.clickhouse import ClickHouseOperator
  File "/opt/airflow/dags/airflow_clickhouse_plugin/operators/clickhouse.py", line 5, in <module>
    from airflow_clickhouse_plugin.hooks.clickhouse import ClickHouseHook, \
  File "/opt/airflow/dags/airflow_clickhouse_plugin/hooks/clickhouse.py", line 5, in <module>
    import clickhouse_driver
ModuleNotFoundError: No module named 'clickhouse_driver'
[2025-12-16T07:33:43.922+0000] {processor.py:927} WARNING - No viable dags retrieved from /opt/airflow/dags/test_clickhouse_operator_dag.py
[2025-12-16T07:33:43.998+0000] {processor.py:208} INFO - Processing /opt/airflow/dags/test_clickhouse_operator_dag.py took 0.389 seconds
[2025-12-16T07:34:14.797+0000] {processor.py:186} INFO - Started process (PID=1472) to work on /opt/airflow/dags/test_clickhouse_operator_dag.py
[2025-12-16T07:34:14.800+0000] {processor.py:914} INFO - Processing file /opt/airflow/dags/test_clickhouse_operator_dag.py for tasks to queue
[2025-12-16T07:34:14.803+0000] {logging_mixin.py:190} INFO - [2025-12-16T07:34:14.802+0000] {dagbag.py:588} INFO - Filling up the DagBag from /opt/airflow/dags/test_clickhouse_operator_dag.py
[2025-12-16T07:34:14.980+0000] {logging_mixin.py:190} INFO - [2025-12-16T07:34:14.950+0000] {dagbag.py:387} ERROR - Failed to import: /opt/airflow/dags/test_clickhouse_operator_dag.py
Traceback (most recent call last):
  File "/home/airflow/.local/lib/python3.12/site-packages/airflow/models/dagbag.py", line 383, in parse
    loader.exec_module(new_module)
  File "<frozen importlib._bootstrap_external>", line 999, in exec_module
  File "<frozen importlib._bootstrap>", line 488, in _call_with_frames_removed
  File "/opt/airflow/dags/test_clickhouse_operator_dag.py", line 3, in <module>
    from airflow_clickhouse_plugin.operators.clickhouse import ClickHouseOperator
  File "/opt/airflow/dags/airflow_clickhouse_plugin/operators/clickhouse.py", line 5, in <module>
    from airflow_clickhouse_plugin.hooks.clickhouse import ClickHouseHook, \
  File "/opt/airflow/dags/airflow_clickhouse_plugin/hooks/clickhouse.py", line 5, in <module>
    import clickhouse_driver
ModuleNotFoundError: No module named 'clickhouse_driver'
[2025-12-16T07:34:14.993+0000] {processor.py:927} WARNING - No viable dags retrieved from /opt/airflow/dags/test_clickhouse_operator_dag.py
[2025-12-16T07:34:15.089+0000] {processor.py:208} INFO - Processing /opt/airflow/dags/test_clickhouse_operator_dag.py took 0.311 seconds
[2025-12-16T07:34:47.608+0000] {processor.py:186} INFO - Started process (PID=1545) to work on /opt/airflow/dags/test_clickhouse_operator_dag.py
[2025-12-16T07:34:47.614+0000] {processor.py:914} INFO - Processing file /opt/airflow/dags/test_clickhouse_operator_dag.py for tasks to queue
[2025-12-16T07:34:47.633+0000] {logging_mixin.py:190} INFO - [2025-12-16T07:34:47.632+0000] {dagbag.py:588} INFO - Filling up the DagBag from /opt/airflow/dags/test_clickhouse_operator_dag.py
[2025-12-16T07:34:47.918+0000] {logging_mixin.py:190} INFO - [2025-12-16T07:34:47.879+0000] {dagbag.py:387} ERROR - Failed to import: /opt/airflow/dags/test_clickhouse_operator_dag.py
Traceback (most recent call last):
  File "/home/airflow/.local/lib/python3.12/site-packages/airflow/models/dagbag.py", line 383, in parse
    loader.exec_module(new_module)
  File "<frozen importlib._bootstrap_external>", line 999, in exec_module
  File "<frozen importlib._bootstrap>", line 488, in _call_with_frames_removed
  File "/opt/airflow/dags/test_clickhouse_operator_dag.py", line 3, in <module>
    from airflow_clickhouse_plugin.operators.clickhouse import ClickHouseOperator
  File "/opt/airflow/dags/airflow_clickhouse_plugin/operators/clickhouse.py", line 5, in <module>
    from airflow_clickhouse_plugin.hooks.clickhouse import ClickHouseHook, \
  File "/opt/airflow/dags/airflow_clickhouse_plugin/hooks/clickhouse.py", line 5, in <module>
    import clickhouse_driver
ModuleNotFoundError: No module named 'clickhouse_driver'
[2025-12-16T07:34:47.928+0000] {processor.py:927} WARNING - No viable dags retrieved from /opt/airflow/dags/test_clickhouse_operator_dag.py
[2025-12-16T07:34:48.027+0000] {processor.py:208} INFO - Processing /opt/airflow/dags/test_clickhouse_operator_dag.py took 0.435 seconds
[2025-12-16T07:35:27.630+0000] {processor.py:186} INFO - Started process (PID=1624) to work on /opt/airflow/dags/test_clickhouse_operator_dag.py
[2025-12-16T07:35:27.633+0000] {processor.py:914} INFO - Processing file /opt/airflow/dags/test_clickhouse_operator_dag.py for tasks to queue
[2025-12-16T07:35:27.637+0000] {logging_mixin.py:190} INFO - [2025-12-16T07:35:27.636+0000] {dagbag.py:588} INFO - Filling up the DagBag from /opt/airflow/dags/test_clickhouse_operator_dag.py
[2025-12-16T07:35:28.125+0000] {logging_mixin.py:190} INFO - [2025-12-16T07:35:28.018+0000] {dagbag.py:387} ERROR - Failed to import: /opt/airflow/dags/test_clickhouse_operator_dag.py
Traceback (most recent call last):
  File "/home/airflow/.local/lib/python3.12/site-packages/airflow/models/dagbag.py", line 383, in parse
    loader.exec_module(new_module)
  File "<frozen importlib._bootstrap_external>", line 999, in exec_module
  File "<frozen importlib._bootstrap>", line 488, in _call_with_frames_removed
  File "/opt/airflow/dags/test_clickhouse_operator_dag.py", line 3, in <module>
    from airflow_clickhouse_plugin.operators.clickhouse import ClickHouseOperator
  File "/opt/airflow/dags/airflow_clickhouse_plugin/operators/clickhouse.py", line 5, in <module>
    from airflow_clickhouse_plugin.hooks.clickhouse import ClickHouseHook, \
  File "/opt/airflow/dags/airflow_clickhouse_plugin/hooks/clickhouse.py", line 5, in <module>
    import clickhouse_driver
ModuleNotFoundError: No module named 'clickhouse_driver'
[2025-12-16T07:35:28.144+0000] {processor.py:927} WARNING - No viable dags retrieved from /opt/airflow/dags/test_clickhouse_operator_dag.py
[2025-12-16T07:35:28.235+0000] {processor.py:208} INFO - Processing /opt/airflow/dags/test_clickhouse_operator_dag.py took 0.623 seconds
[2025-12-16T07:36:24.351+0000] {processor.py:186} INFO - Started process (PID=1724) to work on /opt/airflow/dags/test_clickhouse_operator_dag.py
[2025-12-16T07:36:24.355+0000] {processor.py:914} INFO - Processing file /opt/airflow/dags/test_clickhouse_operator_dag.py for tasks to queue
[2025-12-16T07:36:24.363+0000] {logging_mixin.py:190} INFO - [2025-12-16T07:36:24.358+0000] {dagbag.py:588} INFO - Filling up the DagBag from /opt/airflow/dags/test_clickhouse_operator_dag.py
[2025-12-16T07:36:24.902+0000] {logging_mixin.py:190} INFO - [2025-12-16T07:36:24.851+0000] {dagbag.py:387} ERROR - Failed to import: /opt/airflow/dags/test_clickhouse_operator_dag.py
Traceback (most recent call last):
  File "/home/airflow/.local/lib/python3.12/site-packages/airflow/models/dagbag.py", line 383, in parse
    loader.exec_module(new_module)
  File "<frozen importlib._bootstrap_external>", line 999, in exec_module
  File "<frozen importlib._bootstrap>", line 488, in _call_with_frames_removed
  File "/opt/airflow/dags/test_clickhouse_operator_dag.py", line 3, in <module>
    from airflow_clickhouse_plugin.operators.clickhouse import ClickHouseOperator
  File "/opt/airflow/dags/airflow_clickhouse_plugin/operators/clickhouse.py", line 5, in <module>
    from airflow_clickhouse_plugin.hooks.clickhouse import ClickHouseHook, \
  File "/opt/airflow/dags/airflow_clickhouse_plugin/hooks/clickhouse.py", line 5, in <module>
    import clickhouse_driver
ModuleNotFoundError: No module named 'clickhouse_driver'
[2025-12-16T07:36:24.919+0000] {processor.py:927} WARNING - No viable dags retrieved from /opt/airflow/dags/test_clickhouse_operator_dag.py
[2025-12-16T07:36:25.022+0000] {processor.py:208} INFO - Processing /opt/airflow/dags/test_clickhouse_operator_dag.py took 0.693 seconds
[2025-12-16T07:36:55.352+0000] {processor.py:186} INFO - Started process (PID=1796) to work on /opt/airflow/dags/test_clickhouse_operator_dag.py
[2025-12-16T07:36:55.355+0000] {processor.py:914} INFO - Processing file /opt/airflow/dags/test_clickhouse_operator_dag.py for tasks to queue
[2025-12-16T07:36:55.358+0000] {logging_mixin.py:190} INFO - [2025-12-16T07:36:55.357+0000] {dagbag.py:588} INFO - Filling up the DagBag from /opt/airflow/dags/test_clickhouse_operator_dag.py
[2025-12-16T07:36:55.551+0000] {logging_mixin.py:190} INFO - [2025-12-16T07:36:55.518+0000] {dagbag.py:387} ERROR - Failed to import: /opt/airflow/dags/test_clickhouse_operator_dag.py
Traceback (most recent call last):
  File "/home/airflow/.local/lib/python3.12/site-packages/airflow/models/dagbag.py", line 383, in parse
    loader.exec_module(new_module)
  File "<frozen importlib._bootstrap_external>", line 999, in exec_module
  File "<frozen importlib._bootstrap>", line 488, in _call_with_frames_removed
  File "/opt/airflow/dags/test_clickhouse_operator_dag.py", line 3, in <module>
    from airflow_clickhouse_plugin.operators.clickhouse import ClickHouseOperator
  File "/opt/airflow/dags/airflow_clickhouse_plugin/operators/clickhouse.py", line 5, in <module>
    from airflow_clickhouse_plugin.hooks.clickhouse import ClickHouseHook, \
  File "/opt/airflow/dags/airflow_clickhouse_plugin/hooks/clickhouse.py", line 5, in <module>
    import clickhouse_driver
ModuleNotFoundError: No module named 'clickhouse_driver'
[2025-12-16T07:36:55.560+0000] {processor.py:927} WARNING - No viable dags retrieved from /opt/airflow/dags/test_clickhouse_operator_dag.py
[2025-12-16T07:36:55.608+0000] {processor.py:208} INFO - Processing /opt/airflow/dags/test_clickhouse_operator_dag.py took 0.272 seconds
[2025-12-16T07:37:31.764+0000] {processor.py:186} INFO - Started process (PID=1869) to work on /opt/airflow/dags/test_clickhouse_operator_dag.py
[2025-12-16T07:37:31.768+0000] {processor.py:914} INFO - Processing file /opt/airflow/dags/test_clickhouse_operator_dag.py for tasks to queue
[2025-12-16T07:37:31.771+0000] {logging_mixin.py:190} INFO - [2025-12-16T07:37:31.770+0000] {dagbag.py:588} INFO - Filling up the DagBag from /opt/airflow/dags/test_clickhouse_operator_dag.py
[2025-12-16T07:37:31.997+0000] {logging_mixin.py:190} INFO - [2025-12-16T07:37:31.955+0000] {dagbag.py:387} ERROR - Failed to import: /opt/airflow/dags/test_clickhouse_operator_dag.py
Traceback (most recent call last):
  File "/home/airflow/.local/lib/python3.12/site-packages/airflow/models/dagbag.py", line 383, in parse
    loader.exec_module(new_module)
  File "<frozen importlib._bootstrap_external>", line 999, in exec_module
  File "<frozen importlib._bootstrap>", line 488, in _call_with_frames_removed
  File "/opt/airflow/dags/test_clickhouse_operator_dag.py", line 3, in <module>
    from airflow_clickhouse_plugin.operators.clickhouse import ClickHouseOperator
  File "/opt/airflow/dags/airflow_clickhouse_plugin/operators/clickhouse.py", line 5, in <module>
    from airflow_clickhouse_plugin.hooks.clickhouse import ClickHouseHook, \
  File "/opt/airflow/dags/airflow_clickhouse_plugin/hooks/clickhouse.py", line 5, in <module>
    import clickhouse_driver
ModuleNotFoundError: No module named 'clickhouse_driver'
[2025-12-16T07:37:32.009+0000] {processor.py:927} WARNING - No viable dags retrieved from /opt/airflow/dags/test_clickhouse_operator_dag.py
[2025-12-16T07:37:32.080+0000] {processor.py:208} INFO - Processing /opt/airflow/dags/test_clickhouse_operator_dag.py took 0.333 seconds
[2025-12-16T07:38:05.917+0000] {processor.py:186} INFO - Started process (PID=1941) to work on /opt/airflow/dags/test_clickhouse_operator_dag.py
[2025-12-16T07:38:05.964+0000] {processor.py:914} INFO - Processing file /opt/airflow/dags/test_clickhouse_operator_dag.py for tasks to queue
[2025-12-16T07:38:06.014+0000] {logging_mixin.py:190} INFO - [2025-12-16T07:38:06.013+0000] {dagbag.py:588} INFO - Filling up the DagBag from /opt/airflow/dags/test_clickhouse_operator_dag.py
[2025-12-16T07:38:07.048+0000] {logging_mixin.py:190} INFO - [2025-12-16T07:38:06.947+0000] {dagbag.py:387} ERROR - Failed to import: /opt/airflow/dags/test_clickhouse_operator_dag.py
Traceback (most recent call last):
  File "/home/airflow/.local/lib/python3.12/site-packages/airflow/models/dagbag.py", line 383, in parse
    loader.exec_module(new_module)
  File "<frozen importlib._bootstrap_external>", line 999, in exec_module
  File "<frozen importlib._bootstrap>", line 488, in _call_with_frames_removed
  File "/opt/airflow/dags/test_clickhouse_operator_dag.py", line 3, in <module>
    from airflow_clickhouse_plugin.operators.clickhouse import ClickHouseOperator
  File "/opt/airflow/dags/airflow_clickhouse_plugin/operators/clickhouse.py", line 5, in <module>
    from airflow_clickhouse_plugin.hooks.clickhouse import ClickHouseHook, \
  File "/opt/airflow/dags/airflow_clickhouse_plugin/hooks/clickhouse.py", line 5, in <module>
    import clickhouse_driver
ModuleNotFoundError: No module named 'clickhouse_driver'
[2025-12-16T07:38:07.074+0000] {processor.py:927} WARNING - No viable dags retrieved from /opt/airflow/dags/test_clickhouse_operator_dag.py
[2025-12-16T07:38:07.301+0000] {processor.py:208} INFO - Processing /opt/airflow/dags/test_clickhouse_operator_dag.py took 1.471 seconds
[2025-12-16T07:38:50.256+0000] {processor.py:186} INFO - Started process (PID=2037) to work on /opt/airflow/dags/test_clickhouse_operator_dag.py
[2025-12-16T07:38:50.259+0000] {processor.py:914} INFO - Processing file /opt/airflow/dags/test_clickhouse_operator_dag.py for tasks to queue
[2025-12-16T07:38:50.264+0000] {logging_mixin.py:190} INFO - [2025-12-16T07:38:50.261+0000] {dagbag.py:588} INFO - Filling up the DagBag from /opt/airflow/dags/test_clickhouse_operator_dag.py
[2025-12-16T07:38:50.558+0000] {logging_mixin.py:190} INFO - [2025-12-16T07:38:50.500+0000] {dagbag.py:387} ERROR - Failed to import: /opt/airflow/dags/test_clickhouse_operator_dag.py
Traceback (most recent call last):
  File "/home/airflow/.local/lib/python3.12/site-packages/airflow/models/dagbag.py", line 383, in parse
    loader.exec_module(new_module)
  File "<frozen importlib._bootstrap_external>", line 999, in exec_module
  File "<frozen importlib._bootstrap>", line 488, in _call_with_frames_removed
  File "/opt/airflow/dags/test_clickhouse_operator_dag.py", line 3, in <module>
    from airflow_clickhouse_plugin.operators.clickhouse import ClickHouseOperator
  File "/opt/airflow/dags/airflow_clickhouse_plugin/operators/clickhouse.py", line 5, in <module>
    from airflow_clickhouse_plugin.hooks.clickhouse import ClickHouseHook, \
  File "/opt/airflow/dags/airflow_clickhouse_plugin/hooks/clickhouse.py", line 5, in <module>
    import clickhouse_driver
ModuleNotFoundError: No module named 'clickhouse_driver'
[2025-12-16T07:38:50.571+0000] {processor.py:927} WARNING - No viable dags retrieved from /opt/airflow/dags/test_clickhouse_operator_dag.py
[2025-12-16T07:38:50.638+0000] {processor.py:208} INFO - Processing /opt/airflow/dags/test_clickhouse_operator_dag.py took 0.398 seconds
[2025-12-16T07:52:17.971+0000] {processor.py:186} INFO - Started process (PID=2162) to work on /opt/airflow/dags/test_clickhouse_operator_dag.py
[2025-12-16T07:52:17.975+0000] {processor.py:914} INFO - Processing file /opt/airflow/dags/test_clickhouse_operator_dag.py for tasks to queue
[2025-12-16T07:52:17.989+0000] {logging_mixin.py:190} INFO - [2025-12-16T07:52:17.982+0000] {dagbag.py:588} INFO - Filling up the DagBag from /opt/airflow/dags/test_clickhouse_operator_dag.py
[2025-12-16T07:52:18.454+0000] {logging_mixin.py:190} INFO - [2025-12-16T07:52:18.400+0000] {dagbag.py:387} ERROR - Failed to import: /opt/airflow/dags/test_clickhouse_operator_dag.py
Traceback (most recent call last):
  File "/home/airflow/.local/lib/python3.12/site-packages/airflow/models/dagbag.py", line 383, in parse
    loader.exec_module(new_module)
  File "<frozen importlib._bootstrap_external>", line 999, in exec_module
  File "<frozen importlib._bootstrap>", line 488, in _call_with_frames_removed
  File "/opt/airflow/dags/test_clickhouse_operator_dag.py", line 3, in <module>
    from airflow_clickhouse_plugin.operators.clickhouse import ClickHouseOperator
  File "/opt/airflow/dags/airflow_clickhouse_plugin/operators/clickhouse.py", line 5, in <module>
    from airflow_clickhouse_plugin.hooks.clickhouse import ClickHouseHook, \
  File "/opt/airflow/dags/airflow_clickhouse_plugin/hooks/clickhouse.py", line 5, in <module>
    import clickhouse_driver
ModuleNotFoundError: No module named 'clickhouse_driver'
[2025-12-16T07:52:18.482+0000] {processor.py:927} WARNING - No viable dags retrieved from /opt/airflow/dags/test_clickhouse_operator_dag.py
[2025-12-16T07:52:18.560+0000] {processor.py:208} INFO - Processing /opt/airflow/dags/test_clickhouse_operator_dag.py took 0.617 seconds
[2025-12-16T07:53:31.510+0000] {processor.py:186} INFO - Started process (PID=2254) to work on /opt/airflow/dags/test_clickhouse_operator_dag.py
[2025-12-16T07:53:31.522+0000] {processor.py:914} INFO - Processing file /opt/airflow/dags/test_clickhouse_operator_dag.py for tasks to queue
[2025-12-16T07:53:31.534+0000] {logging_mixin.py:190} INFO - [2025-12-16T07:53:31.533+0000] {dagbag.py:588} INFO - Filling up the DagBag from /opt/airflow/dags/test_clickhouse_operator_dag.py
[2025-12-16T07:53:32.798+0000] {logging_mixin.py:190} INFO - [2025-12-16T07:53:32.636+0000] {dagbag.py:387} ERROR - Failed to import: /opt/airflow/dags/test_clickhouse_operator_dag.py
Traceback (most recent call last):
  File "/home/airflow/.local/lib/python3.12/site-packages/airflow/models/dagbag.py", line 383, in parse
    loader.exec_module(new_module)
  File "<frozen importlib._bootstrap_external>", line 999, in exec_module
  File "<frozen importlib._bootstrap>", line 488, in _call_with_frames_removed
  File "/opt/airflow/dags/test_clickhouse_operator_dag.py", line 3, in <module>
    from airflow_clickhouse_plugin.operators.clickhouse import ClickHouseOperator
  File "/opt/airflow/dags/airflow_clickhouse_plugin/operators/clickhouse.py", line 5, in <module>
    from airflow_clickhouse_plugin.hooks.clickhouse import ClickHouseHook, \
  File "/opt/airflow/dags/airflow_clickhouse_plugin/hooks/clickhouse.py", line 5, in <module>
    import clickhouse_driver
ModuleNotFoundError: No module named 'clickhouse_driver'
[2025-12-16T07:53:32.908+0000] {processor.py:927} WARNING - No viable dags retrieved from /opt/airflow/dags/test_clickhouse_operator_dag.py
[2025-12-16T07:53:33.127+0000] {processor.py:208} INFO - Processing /opt/airflow/dags/test_clickhouse_operator_dag.py took 1.706 seconds
[2025-12-16T07:54:34.689+0000] {processor.py:186} INFO - Started process (PID=2333) to work on /opt/airflow/dags/test_clickhouse_operator_dag.py
[2025-12-16T07:54:34.711+0000] {processor.py:914} INFO - Processing file /opt/airflow/dags/test_clickhouse_operator_dag.py for tasks to queue
[2025-12-16T07:54:34.730+0000] {logging_mixin.py:190} INFO - [2025-12-16T07:54:34.727+0000] {dagbag.py:588} INFO - Filling up the DagBag from /opt/airflow/dags/test_clickhouse_operator_dag.py
[2025-12-16T07:54:36.253+0000] {logging_mixin.py:190} INFO - [2025-12-16T07:54:35.995+0000] {dagbag.py:387} ERROR - Failed to import: /opt/airflow/dags/test_clickhouse_operator_dag.py
Traceback (most recent call last):
  File "/home/airflow/.local/lib/python3.12/site-packages/airflow/models/dagbag.py", line 383, in parse
    loader.exec_module(new_module)
  File "<frozen importlib._bootstrap_external>", line 999, in exec_module
  File "<frozen importlib._bootstrap>", line 488, in _call_with_frames_removed
  File "/opt/airflow/dags/test_clickhouse_operator_dag.py", line 3, in <module>
    from airflow_clickhouse_plugin.operators.clickhouse import ClickHouseOperator
  File "/opt/airflow/dags/airflow_clickhouse_plugin/operators/clickhouse.py", line 5, in <module>
    from airflow_clickhouse_plugin.hooks.clickhouse import ClickHouseHook, \
  File "/opt/airflow/dags/airflow_clickhouse_plugin/hooks/clickhouse.py", line 5, in <module>
    import clickhouse_driver
ModuleNotFoundError: No module named 'clickhouse_driver'
[2025-12-16T07:54:36.267+0000] {processor.py:927} WARNING - No viable dags retrieved from /opt/airflow/dags/test_clickhouse_operator_dag.py
[2025-12-16T07:54:36.434+0000] {processor.py:208} INFO - Processing /opt/airflow/dags/test_clickhouse_operator_dag.py took 1.848 seconds
[2025-12-16T07:55:33.572+0000] {processor.py:186} INFO - Started process (PID=2429) to work on /opt/airflow/dags/test_clickhouse_operator_dag.py
[2025-12-16T07:55:33.583+0000] {processor.py:914} INFO - Processing file /opt/airflow/dags/test_clickhouse_operator_dag.py for tasks to queue
[2025-12-16T07:55:33.601+0000] {logging_mixin.py:190} INFO - [2025-12-16T07:55:33.600+0000] {dagbag.py:588} INFO - Filling up the DagBag from /opt/airflow/dags/test_clickhouse_operator_dag.py
[2025-12-16T07:55:34.342+0000] {logging_mixin.py:190} INFO - [2025-12-16T07:55:34.248+0000] {dagbag.py:387} ERROR - Failed to import: /opt/airflow/dags/test_clickhouse_operator_dag.py
Traceback (most recent call last):
  File "/home/airflow/.local/lib/python3.12/site-packages/airflow/models/dagbag.py", line 383, in parse
    loader.exec_module(new_module)
  File "<frozen importlib._bootstrap_external>", line 999, in exec_module
  File "<frozen importlib._bootstrap>", line 488, in _call_with_frames_removed
  File "/opt/airflow/dags/test_clickhouse_operator_dag.py", line 3, in <module>
    from airflow_clickhouse_plugin.operators.clickhouse import ClickHouseOperator
  File "/opt/airflow/dags/airflow_clickhouse_plugin/operators/clickhouse.py", line 5, in <module>
    from airflow_clickhouse_plugin.hooks.clickhouse import ClickHouseHook, \
  File "/opt/airflow/dags/airflow_clickhouse_plugin/hooks/clickhouse.py", line 5, in <module>
    import clickhouse_driver
ModuleNotFoundError: No module named 'clickhouse_driver'
[2025-12-16T07:55:34.363+0000] {processor.py:927} WARNING - No viable dags retrieved from /opt/airflow/dags/test_clickhouse_operator_dag.py
[2025-12-16T07:55:34.708+0000] {processor.py:208} INFO - Processing /opt/airflow/dags/test_clickhouse_operator_dag.py took 1.190 seconds
[2025-12-16T07:56:17.030+0000] {processor.py:186} INFO - Started process (PID=2504) to work on /opt/airflow/dags/test_clickhouse_operator_dag.py
[2025-12-16T07:56:17.036+0000] {processor.py:914} INFO - Processing file /opt/airflow/dags/test_clickhouse_operator_dag.py for tasks to queue
[2025-12-16T07:56:17.048+0000] {logging_mixin.py:190} INFO - [2025-12-16T07:56:17.046+0000] {dagbag.py:588} INFO - Filling up the DagBag from /opt/airflow/dags/test_clickhouse_operator_dag.py
[2025-12-16T07:56:17.558+0000] {logging_mixin.py:190} INFO - [2025-12-16T07:56:17.495+0000] {dagbag.py:387} ERROR - Failed to import: /opt/airflow/dags/test_clickhouse_operator_dag.py
Traceback (most recent call last):
  File "/home/airflow/.local/lib/python3.12/site-packages/airflow/models/dagbag.py", line 383, in parse
    loader.exec_module(new_module)
  File "<frozen importlib._bootstrap_external>", line 999, in exec_module
  File "<frozen importlib._bootstrap>", line 488, in _call_with_frames_removed
  File "/opt/airflow/dags/test_clickhouse_operator_dag.py", line 3, in <module>
    from airflow_clickhouse_plugin.operators.clickhouse import ClickHouseOperator
  File "/opt/airflow/dags/airflow_clickhouse_plugin/operators/clickhouse.py", line 5, in <module>
    from airflow_clickhouse_plugin.hooks.clickhouse import ClickHouseHook, \
  File "/opt/airflow/dags/airflow_clickhouse_plugin/hooks/clickhouse.py", line 5, in <module>
    import clickhouse_driver
ModuleNotFoundError: No module named 'clickhouse_driver'
[2025-12-16T07:56:17.575+0000] {processor.py:927} WARNING - No viable dags retrieved from /opt/airflow/dags/test_clickhouse_operator_dag.py
[2025-12-16T07:56:17.657+0000] {processor.py:208} INFO - Processing /opt/airflow/dags/test_clickhouse_operator_dag.py took 0.697 seconds
[2025-12-16T07:56:49.386+0000] {processor.py:186} INFO - Started process (PID=2577) to work on /opt/airflow/dags/test_clickhouse_operator_dag.py
[2025-12-16T07:56:49.439+0000] {processor.py:914} INFO - Processing file /opt/airflow/dags/test_clickhouse_operator_dag.py for tasks to queue
[2025-12-16T07:56:49.480+0000] {logging_mixin.py:190} INFO - [2025-12-16T07:56:49.466+0000] {dagbag.py:588} INFO - Filling up the DagBag from /opt/airflow/dags/test_clickhouse_operator_dag.py
[2025-12-16T07:56:50.064+0000] {logging_mixin.py:190} INFO - [2025-12-16T07:56:49.956+0000] {dagbag.py:387} ERROR - Failed to import: /opt/airflow/dags/test_clickhouse_operator_dag.py
Traceback (most recent call last):
  File "/home/airflow/.local/lib/python3.12/site-packages/airflow/models/dagbag.py", line 383, in parse
    loader.exec_module(new_module)
  File "<frozen importlib._bootstrap_external>", line 999, in exec_module
  File "<frozen importlib._bootstrap>", line 488, in _call_with_frames_removed
  File "/opt/airflow/dags/test_clickhouse_operator_dag.py", line 3, in <module>
    from airflow_clickhouse_plugin.operators.clickhouse import ClickHouseOperator
  File "/opt/airflow/dags/airflow_clickhouse_plugin/operators/clickhouse.py", line 5, in <module>
    from airflow_clickhouse_plugin.hooks.clickhouse import ClickHouseHook, \
  File "/opt/airflow/dags/airflow_clickhouse_plugin/hooks/clickhouse.py", line 5, in <module>
    import clickhouse_driver
ModuleNotFoundError: No module named 'clickhouse_driver'
[2025-12-16T07:56:50.084+0000] {processor.py:927} WARNING - No viable dags retrieved from /opt/airflow/dags/test_clickhouse_operator_dag.py
[2025-12-16T07:56:50.281+0000] {processor.py:208} INFO - Processing /opt/airflow/dags/test_clickhouse_operator_dag.py took 1.033 seconds
[2025-12-16T07:57:22.168+0000] {processor.py:186} INFO - Started process (PID=2648) to work on /opt/airflow/dags/test_clickhouse_operator_dag.py
[2025-12-16T07:57:22.183+0000] {processor.py:914} INFO - Processing file /opt/airflow/dags/test_clickhouse_operator_dag.py for tasks to queue
[2025-12-16T07:57:22.207+0000] {logging_mixin.py:190} INFO - [2025-12-16T07:57:22.204+0000] {dagbag.py:588} INFO - Filling up the DagBag from /opt/airflow/dags/test_clickhouse_operator_dag.py
[2025-12-16T07:57:22.646+0000] {logging_mixin.py:190} INFO - [2025-12-16T07:57:22.585+0000] {dagbag.py:387} ERROR - Failed to import: /opt/airflow/dags/test_clickhouse_operator_dag.py
Traceback (most recent call last):
  File "/home/airflow/.local/lib/python3.12/site-packages/airflow/models/dagbag.py", line 383, in parse
    loader.exec_module(new_module)
  File "<frozen importlib._bootstrap_external>", line 999, in exec_module
  File "<frozen importlib._bootstrap>", line 488, in _call_with_frames_removed
  File "/opt/airflow/dags/test_clickhouse_operator_dag.py", line 3, in <module>
    from airflow_clickhouse_plugin.operators.clickhouse import ClickHouseOperator
  File "/opt/airflow/dags/airflow_clickhouse_plugin/operators/clickhouse.py", line 5, in <module>
    from airflow_clickhouse_plugin.hooks.clickhouse import ClickHouseHook, \
  File "/opt/airflow/dags/airflow_clickhouse_plugin/hooks/clickhouse.py", line 5, in <module>
    import clickhouse_driver
ModuleNotFoundError: No module named 'clickhouse_driver'
[2025-12-16T07:57:22.669+0000] {processor.py:927} WARNING - No viable dags retrieved from /opt/airflow/dags/test_clickhouse_operator_dag.py
[2025-12-16T07:57:22.797+0000] {processor.py:208} INFO - Processing /opt/airflow/dags/test_clickhouse_operator_dag.py took 0.679 seconds
[2025-12-16T07:58:10.539+0000] {processor.py:186} INFO - Started process (PID=2730) to work on /opt/airflow/dags/test_clickhouse_operator_dag.py
[2025-12-16T07:58:10.558+0000] {processor.py:914} INFO - Processing file /opt/airflow/dags/test_clickhouse_operator_dag.py for tasks to queue
[2025-12-16T07:58:10.591+0000] {logging_mixin.py:190} INFO - [2025-12-16T07:58:10.590+0000] {dagbag.py:588} INFO - Filling up the DagBag from /opt/airflow/dags/test_clickhouse_operator_dag.py
[2025-12-16T07:58:13.714+0000] {logging_mixin.py:190} INFO - [2025-12-16T07:58:13.566+0000] {dagbag.py:387} ERROR - Failed to import: /opt/airflow/dags/test_clickhouse_operator_dag.py
Traceback (most recent call last):
  File "/home/airflow/.local/lib/python3.12/site-packages/airflow/models/dagbag.py", line 383, in parse
    loader.exec_module(new_module)
  File "<frozen importlib._bootstrap_external>", line 999, in exec_module
  File "<frozen importlib._bootstrap>", line 488, in _call_with_frames_removed
  File "/opt/airflow/dags/test_clickhouse_operator_dag.py", line 3, in <module>
    from airflow_clickhouse_plugin.operators.clickhouse import ClickHouseOperator
  File "/opt/airflow/dags/airflow_clickhouse_plugin/operators/clickhouse.py", line 5, in <module>
    from airflow_clickhouse_plugin.hooks.clickhouse import ClickHouseHook, \
  File "/opt/airflow/dags/airflow_clickhouse_plugin/hooks/clickhouse.py", line 5, in <module>
    import clickhouse_driver
ModuleNotFoundError: No module named 'clickhouse_driver'
[2025-12-16T07:58:13.741+0000] {processor.py:927} WARNING - No viable dags retrieved from /opt/airflow/dags/test_clickhouse_operator_dag.py
[2025-12-16T07:58:13.901+0000] {processor.py:208} INFO - Processing /opt/airflow/dags/test_clickhouse_operator_dag.py took 3.426 seconds
[2025-12-16T07:58:44.730+0000] {processor.py:186} INFO - Started process (PID=2802) to work on /opt/airflow/dags/test_clickhouse_operator_dag.py
[2025-12-16T07:58:44.743+0000] {processor.py:914} INFO - Processing file /opt/airflow/dags/test_clickhouse_operator_dag.py for tasks to queue
[2025-12-16T07:58:44.768+0000] {logging_mixin.py:190} INFO - [2025-12-16T07:58:44.763+0000] {dagbag.py:588} INFO - Filling up the DagBag from /opt/airflow/dags/test_clickhouse_operator_dag.py
[2025-12-16T07:58:45.372+0000] {logging_mixin.py:190} INFO - [2025-12-16T07:58:45.279+0000] {dagbag.py:387} ERROR - Failed to import: /opt/airflow/dags/test_clickhouse_operator_dag.py
Traceback (most recent call last):
  File "/home/airflow/.local/lib/python3.12/site-packages/airflow/models/dagbag.py", line 383, in parse
    loader.exec_module(new_module)
  File "<frozen importlib._bootstrap_external>", line 999, in exec_module
  File "<frozen importlib._bootstrap>", line 488, in _call_with_frames_removed
  File "/opt/airflow/dags/test_clickhouse_operator_dag.py", line 3, in <module>
    from airflow_clickhouse_plugin.operators.clickhouse import ClickHouseOperator
  File "/opt/airflow/dags/airflow_clickhouse_plugin/operators/clickhouse.py", line 5, in <module>
    from airflow_clickhouse_plugin.hooks.clickhouse import ClickHouseHook, \
  File "/opt/airflow/dags/airflow_clickhouse_plugin/hooks/clickhouse.py", line 5, in <module>
    import clickhouse_driver
ModuleNotFoundError: No module named 'clickhouse_driver'
[2025-12-16T07:58:45.397+0000] {processor.py:927} WARNING - No viable dags retrieved from /opt/airflow/dags/test_clickhouse_operator_dag.py
[2025-12-16T07:58:45.487+0000] {processor.py:208} INFO - Processing /opt/airflow/dags/test_clickhouse_operator_dag.py took 0.868 seconds
[2025-12-16T07:59:26.950+0000] {processor.py:186} INFO - Started process (PID=2877) to work on /opt/airflow/dags/test_clickhouse_operator_dag.py
[2025-12-16T07:59:26.965+0000] {processor.py:914} INFO - Processing file /opt/airflow/dags/test_clickhouse_operator_dag.py for tasks to queue
[2025-12-16T07:59:26.991+0000] {logging_mixin.py:190} INFO - [2025-12-16T07:59:26.989+0000] {dagbag.py:588} INFO - Filling up the DagBag from /opt/airflow/dags/test_clickhouse_operator_dag.py
[2025-12-16T07:59:27.616+0000] {logging_mixin.py:190} INFO - [2025-12-16T07:59:27.534+0000] {dagbag.py:387} ERROR - Failed to import: /opt/airflow/dags/test_clickhouse_operator_dag.py
Traceback (most recent call last):
  File "/home/airflow/.local/lib/python3.12/site-packages/airflow/models/dagbag.py", line 383, in parse
    loader.exec_module(new_module)
  File "<frozen importlib._bootstrap_external>", line 999, in exec_module
  File "<frozen importlib._bootstrap>", line 488, in _call_with_frames_removed
  File "/opt/airflow/dags/test_clickhouse_operator_dag.py", line 3, in <module>
    from airflow_clickhouse_plugin.operators.clickhouse import ClickHouseOperator
  File "/opt/airflow/dags/airflow_clickhouse_plugin/operators/clickhouse.py", line 5, in <module>
    from airflow_clickhouse_plugin.hooks.clickhouse import ClickHouseHook, \
  File "/opt/airflow/dags/airflow_clickhouse_plugin/hooks/clickhouse.py", line 5, in <module>
    import clickhouse_driver
ModuleNotFoundError: No module named 'clickhouse_driver'
[2025-12-16T07:59:27.638+0000] {processor.py:927} WARNING - No viable dags retrieved from /opt/airflow/dags/test_clickhouse_operator_dag.py
[2025-12-16T07:59:27.739+0000] {processor.py:208} INFO - Processing /opt/airflow/dags/test_clickhouse_operator_dag.py took 0.858 seconds
[2025-12-16T08:00:16.766+0000] {processor.py:186} INFO - Started process (PID=2956) to work on /opt/airflow/dags/test_clickhouse_operator_dag.py
[2025-12-16T08:00:16.769+0000] {processor.py:914} INFO - Processing file /opt/airflow/dags/test_clickhouse_operator_dag.py for tasks to queue
[2025-12-16T08:00:16.776+0000] {logging_mixin.py:190} INFO - [2025-12-16T08:00:16.774+0000] {dagbag.py:588} INFO - Filling up the DagBag from /opt/airflow/dags/test_clickhouse_operator_dag.py
[2025-12-16T08:00:17.297+0000] {logging_mixin.py:190} INFO - [2025-12-16T08:00:17.165+0000] {dagbag.py:387} ERROR - Failed to import: /opt/airflow/dags/test_clickhouse_operator_dag.py
Traceback (most recent call last):
  File "/home/airflow/.local/lib/python3.12/site-packages/airflow/models/dagbag.py", line 383, in parse
    loader.exec_module(new_module)
  File "<frozen importlib._bootstrap_external>", line 999, in exec_module
  File "<frozen importlib._bootstrap>", line 488, in _call_with_frames_removed
  File "/opt/airflow/dags/test_clickhouse_operator_dag.py", line 3, in <module>
    from airflow_clickhouse_plugin.operators.clickhouse import ClickHouseOperator
  File "/opt/airflow/dags/airflow_clickhouse_plugin/operators/clickhouse.py", line 5, in <module>
    from airflow_clickhouse_plugin.hooks.clickhouse import ClickHouseHook, \
  File "/opt/airflow/dags/airflow_clickhouse_plugin/hooks/clickhouse.py", line 5, in <module>
    import clickhouse_driver
ModuleNotFoundError: No module named 'clickhouse_driver'
[2025-12-16T08:00:17.334+0000] {processor.py:927} WARNING - No viable dags retrieved from /opt/airflow/dags/test_clickhouse_operator_dag.py
[2025-12-16T08:00:17.419+0000] {processor.py:208} INFO - Processing /opt/airflow/dags/test_clickhouse_operator_dag.py took 0.676 seconds
[2025-12-16T08:00:56.880+0000] {processor.py:186} INFO - Started process (PID=3028) to work on /opt/airflow/dags/test_clickhouse_operator_dag.py
[2025-12-16T08:00:56.887+0000] {processor.py:914} INFO - Processing file /opt/airflow/dags/test_clickhouse_operator_dag.py for tasks to queue
[2025-12-16T08:00:56.891+0000] {logging_mixin.py:190} INFO - [2025-12-16T08:00:56.890+0000] {dagbag.py:588} INFO - Filling up the DagBag from /opt/airflow/dags/test_clickhouse_operator_dag.py
[2025-12-16T08:00:57.413+0000] {logging_mixin.py:190} INFO - [2025-12-16T08:00:57.369+0000] {dagbag.py:387} ERROR - Failed to import: /opt/airflow/dags/test_clickhouse_operator_dag.py
Traceback (most recent call last):
  File "/home/airflow/.local/lib/python3.12/site-packages/airflow/models/dagbag.py", line 383, in parse
    loader.exec_module(new_module)
  File "<frozen importlib._bootstrap_external>", line 999, in exec_module
  File "<frozen importlib._bootstrap>", line 488, in _call_with_frames_removed
  File "/opt/airflow/dags/test_clickhouse_operator_dag.py", line 3, in <module>
    from airflow_clickhouse_plugin.operators.clickhouse import ClickHouseOperator
  File "/opt/airflow/dags/airflow_clickhouse_plugin/operators/clickhouse.py", line 5, in <module>
    from airflow_clickhouse_plugin.hooks.clickhouse import ClickHouseHook, \
  File "/opt/airflow/dags/airflow_clickhouse_plugin/hooks/clickhouse.py", line 5, in <module>
    import clickhouse_driver
ModuleNotFoundError: No module named 'clickhouse_driver'
[2025-12-16T08:00:57.429+0000] {processor.py:927} WARNING - No viable dags retrieved from /opt/airflow/dags/test_clickhouse_operator_dag.py
[2025-12-16T08:00:57.569+0000] {processor.py:208} INFO - Processing /opt/airflow/dags/test_clickhouse_operator_dag.py took 0.728 seconds
[2025-12-16T08:01:34.061+0000] {processor.py:186} INFO - Started process (PID=3102) to work on /opt/airflow/dags/test_clickhouse_operator_dag.py
[2025-12-16T08:01:34.064+0000] {processor.py:914} INFO - Processing file /opt/airflow/dags/test_clickhouse_operator_dag.py for tasks to queue
[2025-12-16T08:01:34.077+0000] {logging_mixin.py:190} INFO - [2025-12-16T08:01:34.074+0000] {dagbag.py:588} INFO - Filling up the DagBag from /opt/airflow/dags/test_clickhouse_operator_dag.py
[2025-12-16T08:01:35.906+0000] {logging_mixin.py:190} INFO - [2025-12-16T08:01:35.646+0000] {dagbag.py:387} ERROR - Failed to import: /opt/airflow/dags/test_clickhouse_operator_dag.py
Traceback (most recent call last):
  File "/home/airflow/.local/lib/python3.12/site-packages/airflow/models/dagbag.py", line 383, in parse
    loader.exec_module(new_module)
  File "<frozen importlib._bootstrap_external>", line 999, in exec_module
  File "<frozen importlib._bootstrap>", line 488, in _call_with_frames_removed
  File "/opt/airflow/dags/test_clickhouse_operator_dag.py", line 3, in <module>
    from airflow_clickhouse_plugin.operators.clickhouse import ClickHouseOperator
  File "/opt/airflow/dags/airflow_clickhouse_plugin/operators/clickhouse.py", line 5, in <module>
    from airflow_clickhouse_plugin.hooks.clickhouse import ClickHouseHook, \
  File "/opt/airflow/dags/airflow_clickhouse_plugin/hooks/clickhouse.py", line 5, in <module>
    import clickhouse_driver
ModuleNotFoundError: No module named 'clickhouse_driver'
[2025-12-16T08:01:35.964+0000] {processor.py:927} WARNING - No viable dags retrieved from /opt/airflow/dags/test_clickhouse_operator_dag.py
[2025-12-16T08:01:36.117+0000] {processor.py:208} INFO - Processing /opt/airflow/dags/test_clickhouse_operator_dag.py took 2.120 seconds
[2025-12-16T08:02:06.750+0000] {processor.py:186} INFO - Started process (PID=3172) to work on /opt/airflow/dags/test_clickhouse_operator_dag.py
[2025-12-16T08:02:06.753+0000] {processor.py:914} INFO - Processing file /opt/airflow/dags/test_clickhouse_operator_dag.py for tasks to queue
[2025-12-16T08:02:06.759+0000] {logging_mixin.py:190} INFO - [2025-12-16T08:02:06.758+0000] {dagbag.py:588} INFO - Filling up the DagBag from /opt/airflow/dags/test_clickhouse_operator_dag.py
[2025-12-16T08:02:07.198+0000] {logging_mixin.py:190} INFO - [2025-12-16T08:02:07.102+0000] {dagbag.py:387} ERROR - Failed to import: /opt/airflow/dags/test_clickhouse_operator_dag.py
Traceback (most recent call last):
  File "/home/airflow/.local/lib/python3.12/site-packages/airflow/models/dagbag.py", line 383, in parse
    loader.exec_module(new_module)
  File "<frozen importlib._bootstrap_external>", line 999, in exec_module
  File "<frozen importlib._bootstrap>", line 488, in _call_with_frames_removed
  File "/opt/airflow/dags/test_clickhouse_operator_dag.py", line 3, in <module>
    from airflow_clickhouse_plugin.operators.clickhouse import ClickHouseOperator
  File "/opt/airflow/dags/airflow_clickhouse_plugin/operators/clickhouse.py", line 5, in <module>
    from airflow_clickhouse_plugin.hooks.clickhouse import ClickHouseHook, \
  File "/opt/airflow/dags/airflow_clickhouse_plugin/hooks/clickhouse.py", line 5, in <module>
    import clickhouse_driver
ModuleNotFoundError: No module named 'clickhouse_driver'
[2025-12-16T08:02:07.227+0000] {processor.py:927} WARNING - No viable dags retrieved from /opt/airflow/dags/test_clickhouse_operator_dag.py
[2025-12-16T08:02:07.319+0000] {processor.py:208} INFO - Processing /opt/airflow/dags/test_clickhouse_operator_dag.py took 0.589 seconds
[2025-12-16T08:02:51.294+0000] {processor.py:186} INFO - Started process (PID=3253) to work on /opt/airflow/dags/test_clickhouse_operator_dag.py
[2025-12-16T08:02:51.311+0000] {processor.py:914} INFO - Processing file /opt/airflow/dags/test_clickhouse_operator_dag.py for tasks to queue
[2025-12-16T08:02:51.316+0000] {logging_mixin.py:190} INFO - [2025-12-16T08:02:51.315+0000] {dagbag.py:588} INFO - Filling up the DagBag from /opt/airflow/dags/test_clickhouse_operator_dag.py
[2025-12-16T08:02:51.758+0000] {logging_mixin.py:190} INFO - [2025-12-16T08:02:51.699+0000] {dagbag.py:387} ERROR - Failed to import: /opt/airflow/dags/test_clickhouse_operator_dag.py
Traceback (most recent call last):
  File "/home/airflow/.local/lib/python3.12/site-packages/airflow/models/dagbag.py", line 383, in parse
    loader.exec_module(new_module)
  File "<frozen importlib._bootstrap_external>", line 999, in exec_module
  File "<frozen importlib._bootstrap>", line 488, in _call_with_frames_removed
  File "/opt/airflow/dags/test_clickhouse_operator_dag.py", line 3, in <module>
    from airflow_clickhouse_plugin.operators.clickhouse import ClickHouseOperator
  File "/opt/airflow/dags/airflow_clickhouse_plugin/operators/clickhouse.py", line 5, in <module>
    from airflow_clickhouse_plugin.hooks.clickhouse import ClickHouseHook, \
  File "/opt/airflow/dags/airflow_clickhouse_plugin/hooks/clickhouse.py", line 5, in <module>
    import clickhouse_driver
ModuleNotFoundError: No module named 'clickhouse_driver'
[2025-12-16T08:02:51.782+0000] {processor.py:927} WARNING - No viable dags retrieved from /opt/airflow/dags/test_clickhouse_operator_dag.py
[2025-12-16T08:02:51.882+0000] {processor.py:208} INFO - Processing /opt/airflow/dags/test_clickhouse_operator_dag.py took 0.651 seconds
[2025-12-16T08:03:22.455+0000] {processor.py:186} INFO - Started process (PID=3326) to work on /opt/airflow/dags/test_clickhouse_operator_dag.py
[2025-12-16T08:03:22.469+0000] {processor.py:914} INFO - Processing file /opt/airflow/dags/test_clickhouse_operator_dag.py for tasks to queue
[2025-12-16T08:03:22.478+0000] {logging_mixin.py:190} INFO - [2025-12-16T08:03:22.476+0000] {dagbag.py:588} INFO - Filling up the DagBag from /opt/airflow/dags/test_clickhouse_operator_dag.py
[2025-12-16T08:03:23.437+0000] {logging_mixin.py:190} INFO - [2025-12-16T08:03:23.311+0000] {dagbag.py:387} ERROR - Failed to import: /opt/airflow/dags/test_clickhouse_operator_dag.py
Traceback (most recent call last):
  File "/home/airflow/.local/lib/python3.12/site-packages/airflow/models/dagbag.py", line 383, in parse
    loader.exec_module(new_module)
  File "<frozen importlib._bootstrap_external>", line 999, in exec_module
  File "<frozen importlib._bootstrap>", line 488, in _call_with_frames_removed
  File "/opt/airflow/dags/test_clickhouse_operator_dag.py", line 3, in <module>
    from airflow_clickhouse_plugin.operators.clickhouse import ClickHouseOperator
  File "/opt/airflow/dags/airflow_clickhouse_plugin/operators/clickhouse.py", line 5, in <module>
    from airflow_clickhouse_plugin.hooks.clickhouse import ClickHouseHook, \
  File "/opt/airflow/dags/airflow_clickhouse_plugin/hooks/clickhouse.py", line 5, in <module>
    import clickhouse_driver
ModuleNotFoundError: No module named 'clickhouse_driver'
[2025-12-16T08:03:23.452+0000] {processor.py:927} WARNING - No viable dags retrieved from /opt/airflow/dags/test_clickhouse_operator_dag.py
[2025-12-16T08:03:23.528+0000] {processor.py:208} INFO - Processing /opt/airflow/dags/test_clickhouse_operator_dag.py took 1.137 seconds
[2025-12-16T08:03:56.764+0000] {processor.py:186} INFO - Started process (PID=3398) to work on /opt/airflow/dags/test_clickhouse_operator_dag.py
[2025-12-16T08:03:56.767+0000] {processor.py:914} INFO - Processing file /opt/airflow/dags/test_clickhouse_operator_dag.py for tasks to queue
[2025-12-16T08:03:56.773+0000] {logging_mixin.py:190} INFO - [2025-12-16T08:03:56.772+0000] {dagbag.py:588} INFO - Filling up the DagBag from /opt/airflow/dags/test_clickhouse_operator_dag.py
[2025-12-16T08:03:57.029+0000] {logging_mixin.py:190} INFO - [2025-12-16T08:03:56.994+0000] {dagbag.py:387} ERROR - Failed to import: /opt/airflow/dags/test_clickhouse_operator_dag.py
Traceback (most recent call last):
  File "/home/airflow/.local/lib/python3.12/site-packages/airflow/models/dagbag.py", line 383, in parse
    loader.exec_module(new_module)
  File "<frozen importlib._bootstrap_external>", line 999, in exec_module
  File "<frozen importlib._bootstrap>", line 488, in _call_with_frames_removed
  File "/opt/airflow/dags/test_clickhouse_operator_dag.py", line 3, in <module>
    from airflow_clickhouse_plugin.operators.clickhouse import ClickHouseOperator
  File "/opt/airflow/dags/airflow_clickhouse_plugin/operators/clickhouse.py", line 5, in <module>
    from airflow_clickhouse_plugin.hooks.clickhouse import ClickHouseHook, \
  File "/opt/airflow/dags/airflow_clickhouse_plugin/hooks/clickhouse.py", line 5, in <module>
    import clickhouse_driver
ModuleNotFoundError: No module named 'clickhouse_driver'
[2025-12-16T08:03:57.040+0000] {processor.py:927} WARNING - No viable dags retrieved from /opt/airflow/dags/test_clickhouse_operator_dag.py
[2025-12-16T08:03:57.140+0000] {processor.py:208} INFO - Processing /opt/airflow/dags/test_clickhouse_operator_dag.py took 0.394 seconds
[2025-12-16T08:04:40.027+0000] {processor.py:186} INFO - Started process (PID=3478) to work on /opt/airflow/dags/test_clickhouse_operator_dag.py
[2025-12-16T08:04:40.032+0000] {processor.py:914} INFO - Processing file /opt/airflow/dags/test_clickhouse_operator_dag.py for tasks to queue
[2025-12-16T08:04:40.039+0000] {logging_mixin.py:190} INFO - [2025-12-16T08:04:40.038+0000] {dagbag.py:588} INFO - Filling up the DagBag from /opt/airflow/dags/test_clickhouse_operator_dag.py
[2025-12-16T08:04:40.546+0000] {logging_mixin.py:190} INFO - [2025-12-16T08:04:40.467+0000] {dagbag.py:387} ERROR - Failed to import: /opt/airflow/dags/test_clickhouse_operator_dag.py
Traceback (most recent call last):
  File "/home/airflow/.local/lib/python3.12/site-packages/airflow/models/dagbag.py", line 383, in parse
    loader.exec_module(new_module)
  File "<frozen importlib._bootstrap_external>", line 999, in exec_module
  File "<frozen importlib._bootstrap>", line 488, in _call_with_frames_removed
  File "/opt/airflow/dags/test_clickhouse_operator_dag.py", line 3, in <module>
    from airflow_clickhouse_plugin.operators.clickhouse import ClickHouseOperator
  File "/opt/airflow/dags/airflow_clickhouse_plugin/operators/clickhouse.py", line 5, in <module>
    from airflow_clickhouse_plugin.hooks.clickhouse import ClickHouseHook, \
  File "/opt/airflow/dags/airflow_clickhouse_plugin/hooks/clickhouse.py", line 5, in <module>
    import clickhouse_driver
ModuleNotFoundError: No module named 'clickhouse_driver'
[2025-12-16T08:04:40.560+0000] {processor.py:927} WARNING - No viable dags retrieved from /opt/airflow/dags/test_clickhouse_operator_dag.py
[2025-12-16T08:04:40.653+0000] {processor.py:208} INFO - Processing /opt/airflow/dags/test_clickhouse_operator_dag.py took 0.652 seconds
[2025-12-16T08:05:19.416+0000] {processor.py:186} INFO - Started process (PID=3558) to work on /opt/airflow/dags/test_clickhouse_operator_dag.py
[2025-12-16T08:05:19.445+0000] {processor.py:914} INFO - Processing file /opt/airflow/dags/test_clickhouse_operator_dag.py for tasks to queue
[2025-12-16T08:05:19.460+0000] {logging_mixin.py:190} INFO - [2025-12-16T08:05:19.459+0000] {dagbag.py:588} INFO - Filling up the DagBag from /opt/airflow/dags/test_clickhouse_operator_dag.py
[2025-12-16T08:05:19.875+0000] {logging_mixin.py:190} INFO - [2025-12-16T08:05:19.817+0000] {dagbag.py:387} ERROR - Failed to import: /opt/airflow/dags/test_clickhouse_operator_dag.py
Traceback (most recent call last):
  File "/home/airflow/.local/lib/python3.12/site-packages/airflow/models/dagbag.py", line 383, in parse
    loader.exec_module(new_module)
  File "<frozen importlib._bootstrap_external>", line 999, in exec_module
  File "<frozen importlib._bootstrap>", line 488, in _call_with_frames_removed
  File "/opt/airflow/dags/test_clickhouse_operator_dag.py", line 3, in <module>
    from airflow_clickhouse_plugin.operators.clickhouse import ClickHouseOperator
  File "/opt/airflow/dags/airflow_clickhouse_plugin/operators/clickhouse.py", line 5, in <module>
    from airflow_clickhouse_plugin.hooks.clickhouse import ClickHouseHook, \
  File "/opt/airflow/dags/airflow_clickhouse_plugin/hooks/clickhouse.py", line 5, in <module>
    import clickhouse_driver
ModuleNotFoundError: No module named 'clickhouse_driver'
[2025-12-16T08:05:19.890+0000] {processor.py:927} WARNING - No viable dags retrieved from /opt/airflow/dags/test_clickhouse_operator_dag.py
[2025-12-16T08:05:19.979+0000] {processor.py:208} INFO - Processing /opt/airflow/dags/test_clickhouse_operator_dag.py took 0.598 seconds
[2025-12-16T08:05:57.702+0000] {processor.py:186} INFO - Started process (PID=3630) to work on /opt/airflow/dags/test_clickhouse_operator_dag.py
[2025-12-16T08:05:57.705+0000] {processor.py:914} INFO - Processing file /opt/airflow/dags/test_clickhouse_operator_dag.py for tasks to queue
[2025-12-16T08:05:57.708+0000] {logging_mixin.py:190} INFO - [2025-12-16T08:05:57.707+0000] {dagbag.py:588} INFO - Filling up the DagBag from /opt/airflow/dags/test_clickhouse_operator_dag.py
[2025-12-16T08:05:57.925+0000] {logging_mixin.py:190} INFO - [2025-12-16T08:05:57.885+0000] {dagbag.py:387} ERROR - Failed to import: /opt/airflow/dags/test_clickhouse_operator_dag.py
Traceback (most recent call last):
  File "/home/airflow/.local/lib/python3.12/site-packages/airflow/models/dagbag.py", line 383, in parse
    loader.exec_module(new_module)
  File "<frozen importlib._bootstrap_external>", line 999, in exec_module
  File "<frozen importlib._bootstrap>", line 488, in _call_with_frames_removed
  File "/opt/airflow/dags/test_clickhouse_operator_dag.py", line 3, in <module>
    from airflow_clickhouse_plugin.operators.clickhouse import ClickHouseOperator
  File "/opt/airflow/dags/airflow_clickhouse_plugin/operators/clickhouse.py", line 5, in <module>
    from airflow_clickhouse_plugin.hooks.clickhouse import ClickHouseHook, \
  File "/opt/airflow/dags/airflow_clickhouse_plugin/hooks/clickhouse.py", line 5, in <module>
    import clickhouse_driver
ModuleNotFoundError: No module named 'clickhouse_driver'
[2025-12-16T08:05:57.940+0000] {processor.py:927} WARNING - No viable dags retrieved from /opt/airflow/dags/test_clickhouse_operator_dag.py
[2025-12-16T08:05:57.993+0000] {processor.py:208} INFO - Processing /opt/airflow/dags/test_clickhouse_operator_dag.py took 0.309 seconds
[2025-12-16T08:08:37.765+0000] {processor.py:186} INFO - Started process (PID=3724) to work on /opt/airflow/dags/test_clickhouse_operator_dag.py
[2025-12-16T08:08:37.791+0000] {processor.py:914} INFO - Processing file /opt/airflow/dags/test_clickhouse_operator_dag.py for tasks to queue
[2025-12-16T08:08:37.805+0000] {logging_mixin.py:190} INFO - [2025-12-16T08:08:37.803+0000] {dagbag.py:588} INFO - Filling up the DagBag from /opt/airflow/dags/test_clickhouse_operator_dag.py
[2025-12-16T08:08:39.347+0000] {logging_mixin.py:190} INFO - [2025-12-16T08:08:39.190+0000] {dagbag.py:387} ERROR - Failed to import: /opt/airflow/dags/test_clickhouse_operator_dag.py
Traceback (most recent call last):
  File "/home/airflow/.local/lib/python3.12/site-packages/airflow/models/dagbag.py", line 383, in parse
    loader.exec_module(new_module)
  File "<frozen importlib._bootstrap_external>", line 999, in exec_module
  File "<frozen importlib._bootstrap>", line 488, in _call_with_frames_removed
  File "/opt/airflow/dags/test_clickhouse_operator_dag.py", line 3, in <module>
    from airflow_clickhouse_plugin.operators.clickhouse import ClickHouseOperator
  File "/opt/airflow/dags/airflow_clickhouse_plugin/operators/clickhouse.py", line 5, in <module>
    from airflow_clickhouse_plugin.hooks.clickhouse import ClickHouseHook, \
  File "/opt/airflow/dags/airflow_clickhouse_plugin/hooks/clickhouse.py", line 5, in <module>
    import clickhouse_driver
ModuleNotFoundError: No module named 'clickhouse_driver'
[2025-12-16T08:08:39.382+0000] {processor.py:927} WARNING - No viable dags retrieved from /opt/airflow/dags/test_clickhouse_operator_dag.py
[2025-12-16T08:08:39.612+0000] {processor.py:208} INFO - Processing /opt/airflow/dags/test_clickhouse_operator_dag.py took 1.907 seconds
[2025-12-16T08:12:21.667+0000] {processor.py:186} INFO - Started process (PID=3830) to work on /opt/airflow/dags/test_clickhouse_operator_dag.py
[2025-12-16T08:12:21.698+0000] {processor.py:914} INFO - Processing file /opt/airflow/dags/test_clickhouse_operator_dag.py for tasks to queue
[2025-12-16T08:12:21.764+0000] {logging_mixin.py:190} INFO - [2025-12-16T08:12:21.718+0000] {dagbag.py:588} INFO - Filling up the DagBag from /opt/airflow/dags/test_clickhouse_operator_dag.py
[2025-12-16T08:12:50.187+0000] {logging_mixin.py:190} INFO - [2025-12-16T08:12:44.550+0000] {dagbag.py:387} ERROR - Failed to import: /opt/airflow/dags/test_clickhouse_operator_dag.py
Traceback (most recent call last):
  File "/home/airflow/.local/lib/python3.12/site-packages/airflow/models/dagbag.py", line 383, in parse
    loader.exec_module(new_module)
  File "<frozen importlib._bootstrap_external>", line 999, in exec_module
  File "<frozen importlib._bootstrap>", line 488, in _call_with_frames_removed
  File "/opt/airflow/dags/test_clickhouse_operator_dag.py", line 3, in <module>
    from airflow_clickhouse_plugin.operators.clickhouse import ClickHouseOperator
  File "/opt/airflow/dags/airflow_clickhouse_plugin/operators/clickhouse.py", line 5, in <module>
    from airflow_clickhouse_plugin.hooks.clickhouse import ClickHouseHook, \
  File "/opt/airflow/dags/airflow_clickhouse_plugin/hooks/clickhouse.py", line 5, in <module>
    import clickhouse_driver
ModuleNotFoundError: No module named 'clickhouse_driver'
[2025-12-16T08:12:50.707+0000] {processor.py:927} WARNING - No viable dags retrieved from /opt/airflow/dags/test_clickhouse_operator_dag.py
[2025-12-16T08:12:52.996+0000] {processor.py:208} INFO - Processing /opt/airflow/dags/test_clickhouse_operator_dag.py took 31.484 seconds
[2025-12-16T08:16:14.644+0000] {processor.py:186} INFO - Started process (PID=3910) to work on /opt/airflow/dags/test_clickhouse_operator_dag.py
[2025-12-16T08:16:14.648+0000] {processor.py:914} INFO - Processing file /opt/airflow/dags/test_clickhouse_operator_dag.py for tasks to queue
[2025-12-16T08:16:14.652+0000] {logging_mixin.py:190} INFO - [2025-12-16T08:16:14.651+0000] {dagbag.py:588} INFO - Filling up the DagBag from /opt/airflow/dags/test_clickhouse_operator_dag.py
[2025-12-16T08:16:14.985+0000] {logging_mixin.py:190} INFO - [2025-12-16T08:16:14.933+0000] {dagbag.py:387} ERROR - Failed to import: /opt/airflow/dags/test_clickhouse_operator_dag.py
Traceback (most recent call last):
  File "/home/airflow/.local/lib/python3.12/site-packages/airflow/models/dagbag.py", line 383, in parse
    loader.exec_module(new_module)
  File "<frozen importlib._bootstrap_external>", line 999, in exec_module
  File "<frozen importlib._bootstrap>", line 488, in _call_with_frames_removed
  File "/opt/airflow/dags/test_clickhouse_operator_dag.py", line 3, in <module>
    from airflow_clickhouse_plugin.operators.clickhouse import ClickHouseOperator
  File "/opt/airflow/dags/airflow_clickhouse_plugin/operators/clickhouse.py", line 5, in <module>
    from airflow_clickhouse_plugin.hooks.clickhouse import ClickHouseHook, \
  File "/opt/airflow/dags/airflow_clickhouse_plugin/hooks/clickhouse.py", line 5, in <module>
    import clickhouse_driver
ModuleNotFoundError: No module named 'clickhouse_driver'
[2025-12-16T08:16:15.008+0000] {processor.py:927} WARNING - No viable dags retrieved from /opt/airflow/dags/test_clickhouse_operator_dag.py
[2025-12-16T08:16:15.116+0000] {processor.py:208} INFO - Processing /opt/airflow/dags/test_clickhouse_operator_dag.py took 0.637 seconds
[2025-12-16T08:17:13.045+0000] {processor.py:186} INFO - Started process (PID=3990) to work on /opt/airflow/dags/test_clickhouse_operator_dag.py
[2025-12-16T08:17:13.048+0000] {processor.py:914} INFO - Processing file /opt/airflow/dags/test_clickhouse_operator_dag.py for tasks to queue
[2025-12-16T08:17:13.052+0000] {logging_mixin.py:190} INFO - [2025-12-16T08:17:13.051+0000] {dagbag.py:588} INFO - Filling up the DagBag from /opt/airflow/dags/test_clickhouse_operator_dag.py
[2025-12-16T08:17:13.308+0000] {logging_mixin.py:190} INFO - [2025-12-16T08:17:13.264+0000] {dagbag.py:387} ERROR - Failed to import: /opt/airflow/dags/test_clickhouse_operator_dag.py
Traceback (most recent call last):
  File "/home/airflow/.local/lib/python3.12/site-packages/airflow/models/dagbag.py", line 383, in parse
    loader.exec_module(new_module)
  File "<frozen importlib._bootstrap_external>", line 999, in exec_module
  File "<frozen importlib._bootstrap>", line 488, in _call_with_frames_removed
  File "/opt/airflow/dags/test_clickhouse_operator_dag.py", line 3, in <module>
    from airflow_clickhouse_plugin.operators.clickhouse import ClickHouseOperator
  File "/opt/airflow/dags/airflow_clickhouse_plugin/operators/clickhouse.py", line 5, in <module>
    from airflow_clickhouse_plugin.hooks.clickhouse import ClickHouseHook, \
  File "/opt/airflow/dags/airflow_clickhouse_plugin/hooks/clickhouse.py", line 5, in <module>
    import clickhouse_driver
ModuleNotFoundError: No module named 'clickhouse_driver'
[2025-12-16T08:17:13.319+0000] {processor.py:927} WARNING - No viable dags retrieved from /opt/airflow/dags/test_clickhouse_operator_dag.py
[2025-12-16T08:17:13.397+0000] {processor.py:208} INFO - Processing /opt/airflow/dags/test_clickhouse_operator_dag.py took 0.375 seconds
[2025-12-16T08:17:51.235+0000] {processor.py:186} INFO - Started process (PID=4067) to work on /opt/airflow/dags/test_clickhouse_operator_dag.py
[2025-12-16T08:17:51.238+0000] {processor.py:914} INFO - Processing file /opt/airflow/dags/test_clickhouse_operator_dag.py for tasks to queue
[2025-12-16T08:17:51.242+0000] {logging_mixin.py:190} INFO - [2025-12-16T08:17:51.241+0000] {dagbag.py:588} INFO - Filling up the DagBag from /opt/airflow/dags/test_clickhouse_operator_dag.py
[2025-12-16T08:17:51.602+0000] {logging_mixin.py:190} INFO - [2025-12-16T08:17:51.546+0000] {dagbag.py:387} ERROR - Failed to import: /opt/airflow/dags/test_clickhouse_operator_dag.py
Traceback (most recent call last):
  File "/home/airflow/.local/lib/python3.12/site-packages/airflow/models/dagbag.py", line 383, in parse
    loader.exec_module(new_module)
  File "<frozen importlib._bootstrap_external>", line 999, in exec_module
  File "<frozen importlib._bootstrap>", line 488, in _call_with_frames_removed
  File "/opt/airflow/dags/test_clickhouse_operator_dag.py", line 3, in <module>
    from airflow_clickhouse_plugin.operators.clickhouse import ClickHouseOperator
  File "/opt/airflow/dags/airflow_clickhouse_plugin/operators/clickhouse.py", line 5, in <module>
    from airflow_clickhouse_plugin.hooks.clickhouse import ClickHouseHook, \
  File "/opt/airflow/dags/airflow_clickhouse_plugin/hooks/clickhouse.py", line 5, in <module>
    import clickhouse_driver
ModuleNotFoundError: No module named 'clickhouse_driver'
[2025-12-16T08:17:51.616+0000] {processor.py:927} WARNING - No viable dags retrieved from /opt/airflow/dags/test_clickhouse_operator_dag.py
[2025-12-16T08:17:51.701+0000] {processor.py:208} INFO - Processing /opt/airflow/dags/test_clickhouse_operator_dag.py took 0.522 seconds
[2025-12-16T08:18:23.977+0000] {processor.py:186} INFO - Started process (PID=4140) to work on /opt/airflow/dags/test_clickhouse_operator_dag.py
[2025-12-16T08:18:23.993+0000] {processor.py:914} INFO - Processing file /opt/airflow/dags/test_clickhouse_operator_dag.py for tasks to queue
[2025-12-16T08:18:24.018+0000] {logging_mixin.py:190} INFO - [2025-12-16T08:18:24.017+0000] {dagbag.py:588} INFO - Filling up the DagBag from /opt/airflow/dags/test_clickhouse_operator_dag.py
[2025-12-16T08:18:24.570+0000] {logging_mixin.py:190} INFO - [2025-12-16T08:18:24.470+0000] {dagbag.py:387} ERROR - Failed to import: /opt/airflow/dags/test_clickhouse_operator_dag.py
Traceback (most recent call last):
  File "/home/airflow/.local/lib/python3.12/site-packages/airflow/models/dagbag.py", line 383, in parse
    loader.exec_module(new_module)
  File "<frozen importlib._bootstrap_external>", line 999, in exec_module
  File "<frozen importlib._bootstrap>", line 488, in _call_with_frames_removed
  File "/opt/airflow/dags/test_clickhouse_operator_dag.py", line 3, in <module>
    from airflow_clickhouse_plugin.operators.clickhouse import ClickHouseOperator
  File "/opt/airflow/dags/airflow_clickhouse_plugin/operators/clickhouse.py", line 5, in <module>
    from airflow_clickhouse_plugin.hooks.clickhouse import ClickHouseHook, \
  File "/opt/airflow/dags/airflow_clickhouse_plugin/hooks/clickhouse.py", line 5, in <module>
    import clickhouse_driver
ModuleNotFoundError: No module named 'clickhouse_driver'
[2025-12-16T08:18:24.592+0000] {processor.py:927} WARNING - No viable dags retrieved from /opt/airflow/dags/test_clickhouse_operator_dag.py
[2025-12-16T08:18:24.891+0000] {processor.py:208} INFO - Processing /opt/airflow/dags/test_clickhouse_operator_dag.py took 1.028 seconds
[2025-12-16T08:19:03.529+0000] {processor.py:186} INFO - Started process (PID=4215) to work on /opt/airflow/dags/test_clickhouse_operator_dag.py
[2025-12-16T08:19:03.538+0000] {processor.py:914} INFO - Processing file /opt/airflow/dags/test_clickhouse_operator_dag.py for tasks to queue
[2025-12-16T08:19:03.542+0000] {logging_mixin.py:190} INFO - [2025-12-16T08:19:03.541+0000] {dagbag.py:588} INFO - Filling up the DagBag from /opt/airflow/dags/test_clickhouse_operator_dag.py
[2025-12-16T08:19:04.415+0000] {logging_mixin.py:190} INFO - [2025-12-16T08:19:04.124+0000] {dagbag.py:387} ERROR - Failed to import: /opt/airflow/dags/test_clickhouse_operator_dag.py
Traceback (most recent call last):
  File "/home/airflow/.local/lib/python3.12/site-packages/airflow/models/dagbag.py", line 383, in parse
    loader.exec_module(new_module)
  File "<frozen importlib._bootstrap_external>", line 999, in exec_module
  File "<frozen importlib._bootstrap>", line 488, in _call_with_frames_removed
  File "/opt/airflow/dags/test_clickhouse_operator_dag.py", line 3, in <module>
    from airflow_clickhouse_plugin.operators.clickhouse import ClickHouseOperator
  File "/opt/airflow/dags/airflow_clickhouse_plugin/operators/clickhouse.py", line 5, in <module>
    from airflow_clickhouse_plugin.hooks.clickhouse import ClickHouseHook, \
  File "/opt/airflow/dags/airflow_clickhouse_plugin/hooks/clickhouse.py", line 5, in <module>
    import clickhouse_driver
ModuleNotFoundError: No module named 'clickhouse_driver'
[2025-12-16T08:19:04.466+0000] {processor.py:927} WARNING - No viable dags retrieved from /opt/airflow/dags/test_clickhouse_operator_dag.py
[2025-12-16T08:19:04.821+0000] {processor.py:208} INFO - Processing /opt/airflow/dags/test_clickhouse_operator_dag.py took 1.335 seconds
[2025-12-16T08:19:35.828+0000] {processor.py:186} INFO - Started process (PID=4292) to work on /opt/airflow/dags/test_clickhouse_operator_dag.py
[2025-12-16T08:19:35.832+0000] {processor.py:914} INFO - Processing file /opt/airflow/dags/test_clickhouse_operator_dag.py for tasks to queue
[2025-12-16T08:19:35.843+0000] {logging_mixin.py:190} INFO - [2025-12-16T08:19:35.842+0000] {dagbag.py:588} INFO - Filling up the DagBag from /opt/airflow/dags/test_clickhouse_operator_dag.py
[2025-12-16T08:19:36.329+0000] {logging_mixin.py:190} INFO - [2025-12-16T08:19:36.236+0000] {dagbag.py:387} ERROR - Failed to import: /opt/airflow/dags/test_clickhouse_operator_dag.py
Traceback (most recent call last):
  File "/home/airflow/.local/lib/python3.12/site-packages/airflow/models/dagbag.py", line 383, in parse
    loader.exec_module(new_module)
  File "<frozen importlib._bootstrap_external>", line 999, in exec_module
  File "<frozen importlib._bootstrap>", line 488, in _call_with_frames_removed
  File "/opt/airflow/dags/test_clickhouse_operator_dag.py", line 3, in <module>
    from airflow_clickhouse_plugin.operators.clickhouse import ClickHouseOperator
  File "/opt/airflow/dags/airflow_clickhouse_plugin/operators/clickhouse.py", line 5, in <module>
    from airflow_clickhouse_plugin.hooks.clickhouse import ClickHouseHook, \
  File "/opt/airflow/dags/airflow_clickhouse_plugin/hooks/clickhouse.py", line 5, in <module>
    import clickhouse_driver
ModuleNotFoundError: No module named 'clickhouse_driver'
[2025-12-16T08:19:36.343+0000] {processor.py:927} WARNING - No viable dags retrieved from /opt/airflow/dags/test_clickhouse_operator_dag.py
[2025-12-16T08:19:36.385+0000] {processor.py:208} INFO - Processing /opt/airflow/dags/test_clickhouse_operator_dag.py took 0.573 seconds
[2025-12-16T08:20:06.712+0000] {processor.py:186} INFO - Started process (PID=4364) to work on /opt/airflow/dags/test_clickhouse_operator_dag.py
[2025-12-16T08:20:06.716+0000] {processor.py:914} INFO - Processing file /opt/airflow/dags/test_clickhouse_operator_dag.py for tasks to queue
[2025-12-16T08:20:06.719+0000] {logging_mixin.py:190} INFO - [2025-12-16T08:20:06.718+0000] {dagbag.py:588} INFO - Filling up the DagBag from /opt/airflow/dags/test_clickhouse_operator_dag.py
[2025-12-16T08:20:07.145+0000] {logging_mixin.py:190} INFO - [2025-12-16T08:20:07.083+0000] {dagbag.py:387} ERROR - Failed to import: /opt/airflow/dags/test_clickhouse_operator_dag.py
Traceback (most recent call last):
  File "/home/airflow/.local/lib/python3.12/site-packages/airflow/models/dagbag.py", line 383, in parse
    loader.exec_module(new_module)
  File "<frozen importlib._bootstrap_external>", line 999, in exec_module
  File "<frozen importlib._bootstrap>", line 488, in _call_with_frames_removed
  File "/opt/airflow/dags/test_clickhouse_operator_dag.py", line 3, in <module>
    from airflow_clickhouse_plugin.operators.clickhouse import ClickHouseOperator
  File "/opt/airflow/dags/airflow_clickhouse_plugin/operators/clickhouse.py", line 5, in <module>
    from airflow_clickhouse_plugin.hooks.clickhouse import ClickHouseHook, \
  File "/opt/airflow/dags/airflow_clickhouse_plugin/hooks/clickhouse.py", line 5, in <module>
    import clickhouse_driver
ModuleNotFoundError: No module named 'clickhouse_driver'
[2025-12-16T08:20:07.155+0000] {processor.py:927} WARNING - No viable dags retrieved from /opt/airflow/dags/test_clickhouse_operator_dag.py
[2025-12-16T08:20:07.204+0000] {processor.py:208} INFO - Processing /opt/airflow/dags/test_clickhouse_operator_dag.py took 0.511 seconds
[2025-12-16T08:20:42.823+0000] {processor.py:186} INFO - Started process (PID=4439) to work on /opt/airflow/dags/test_clickhouse_operator_dag.py
[2025-12-16T08:20:42.825+0000] {processor.py:914} INFO - Processing file /opt/airflow/dags/test_clickhouse_operator_dag.py for tasks to queue
[2025-12-16T08:20:42.830+0000] {logging_mixin.py:190} INFO - [2025-12-16T08:20:42.829+0000] {dagbag.py:588} INFO - Filling up the DagBag from /opt/airflow/dags/test_clickhouse_operator_dag.py
[2025-12-16T08:20:43.237+0000] {logging_mixin.py:190} INFO - [2025-12-16T08:20:43.169+0000] {dagbag.py:387} ERROR - Failed to import: /opt/airflow/dags/test_clickhouse_operator_dag.py
Traceback (most recent call last):
  File "/home/airflow/.local/lib/python3.12/site-packages/airflow/models/dagbag.py", line 383, in parse
    loader.exec_module(new_module)
  File "<frozen importlib._bootstrap_external>", line 999, in exec_module
  File "<frozen importlib._bootstrap>", line 488, in _call_with_frames_removed
  File "/opt/airflow/dags/test_clickhouse_operator_dag.py", line 3, in <module>
    from airflow_clickhouse_plugin.operators.clickhouse import ClickHouseOperator
  File "/opt/airflow/dags/airflow_clickhouse_plugin/operators/clickhouse.py", line 5, in <module>
    from airflow_clickhouse_plugin.hooks.clickhouse import ClickHouseHook, \
  File "/opt/airflow/dags/airflow_clickhouse_plugin/hooks/clickhouse.py", line 5, in <module>
    import clickhouse_driver
ModuleNotFoundError: No module named 'clickhouse_driver'
[2025-12-16T08:20:43.250+0000] {processor.py:927} WARNING - No viable dags retrieved from /opt/airflow/dags/test_clickhouse_operator_dag.py
[2025-12-16T08:20:43.326+0000] {processor.py:208} INFO - Processing /opt/airflow/dags/test_clickhouse_operator_dag.py took 0.521 seconds
[2025-12-16T08:21:16.837+0000] {processor.py:186} INFO - Started process (PID=4511) to work on /opt/airflow/dags/test_clickhouse_operator_dag.py
[2025-12-16T08:21:16.841+0000] {processor.py:914} INFO - Processing file /opt/airflow/dags/test_clickhouse_operator_dag.py for tasks to queue
[2025-12-16T08:21:16.847+0000] {logging_mixin.py:190} INFO - [2025-12-16T08:21:16.845+0000] {dagbag.py:588} INFO - Filling up the DagBag from /opt/airflow/dags/test_clickhouse_operator_dag.py
[2025-12-16T08:21:17.125+0000] {logging_mixin.py:190} INFO - [2025-12-16T08:21:17.088+0000] {dagbag.py:387} ERROR - Failed to import: /opt/airflow/dags/test_clickhouse_operator_dag.py
Traceback (most recent call last):
  File "/home/airflow/.local/lib/python3.12/site-packages/airflow/models/dagbag.py", line 383, in parse
    loader.exec_module(new_module)
  File "<frozen importlib._bootstrap_external>", line 999, in exec_module
  File "<frozen importlib._bootstrap>", line 488, in _call_with_frames_removed
  File "/opt/airflow/dags/test_clickhouse_operator_dag.py", line 3, in <module>
    from airflow_clickhouse_plugin.operators.clickhouse import ClickHouseOperator
  File "/opt/airflow/dags/airflow_clickhouse_plugin/operators/clickhouse.py", line 5, in <module>
    from airflow_clickhouse_plugin.hooks.clickhouse import ClickHouseHook, \
  File "/opt/airflow/dags/airflow_clickhouse_plugin/hooks/clickhouse.py", line 5, in <module>
    import clickhouse_driver
ModuleNotFoundError: No module named 'clickhouse_driver'
[2025-12-16T08:21:17.142+0000] {processor.py:927} WARNING - No viable dags retrieved from /opt/airflow/dags/test_clickhouse_operator_dag.py
[2025-12-16T08:21:17.231+0000] {processor.py:208} INFO - Processing /opt/airflow/dags/test_clickhouse_operator_dag.py took 0.416 seconds
[2025-12-16T08:21:58.845+0000] {processor.py:186} INFO - Started process (PID=4590) to work on /opt/airflow/dags/test_clickhouse_operator_dag.py
[2025-12-16T08:21:58.848+0000] {processor.py:914} INFO - Processing file /opt/airflow/dags/test_clickhouse_operator_dag.py for tasks to queue
[2025-12-16T08:21:58.855+0000] {logging_mixin.py:190} INFO - [2025-12-16T08:21:58.852+0000] {dagbag.py:588} INFO - Filling up the DagBag from /opt/airflow/dags/test_clickhouse_operator_dag.py
[2025-12-16T08:21:59.489+0000] {logging_mixin.py:190} INFO - [2025-12-16T08:21:59.391+0000] {dagbag.py:387} ERROR - Failed to import: /opt/airflow/dags/test_clickhouse_operator_dag.py
Traceback (most recent call last):
  File "/home/airflow/.local/lib/python3.12/site-packages/airflow/models/dagbag.py", line 383, in parse
    loader.exec_module(new_module)
  File "<frozen importlib._bootstrap_external>", line 999, in exec_module
  File "<frozen importlib._bootstrap>", line 488, in _call_with_frames_removed
  File "/opt/airflow/dags/test_clickhouse_operator_dag.py", line 3, in <module>
    from airflow_clickhouse_plugin.operators.clickhouse import ClickHouseOperator
  File "/opt/airflow/dags/airflow_clickhouse_plugin/operators/clickhouse.py", line 5, in <module>
    from airflow_clickhouse_plugin.hooks.clickhouse import ClickHouseHook, \
  File "/opt/airflow/dags/airflow_clickhouse_plugin/hooks/clickhouse.py", line 5, in <module>
    import clickhouse_driver
ModuleNotFoundError: No module named 'clickhouse_driver'
[2025-12-16T08:21:59.522+0000] {processor.py:927} WARNING - No viable dags retrieved from /opt/airflow/dags/test_clickhouse_operator_dag.py
[2025-12-16T08:21:59.698+0000] {processor.py:208} INFO - Processing /opt/airflow/dags/test_clickhouse_operator_dag.py took 0.881 seconds
[2025-12-16T08:22:30.477+0000] {processor.py:186} INFO - Started process (PID=4661) to work on /opt/airflow/dags/test_clickhouse_operator_dag.py
[2025-12-16T08:22:30.482+0000] {processor.py:914} INFO - Processing file /opt/airflow/dags/test_clickhouse_operator_dag.py for tasks to queue
[2025-12-16T08:22:30.498+0000] {logging_mixin.py:190} INFO - [2025-12-16T08:22:30.497+0000] {dagbag.py:588} INFO - Filling up the DagBag from /opt/airflow/dags/test_clickhouse_operator_dag.py
[2025-12-16T08:22:30.855+0000] {logging_mixin.py:190} INFO - [2025-12-16T08:22:30.811+0000] {dagbag.py:387} ERROR - Failed to import: /opt/airflow/dags/test_clickhouse_operator_dag.py
Traceback (most recent call last):
  File "/home/airflow/.local/lib/python3.12/site-packages/airflow/models/dagbag.py", line 383, in parse
    loader.exec_module(new_module)
  File "<frozen importlib._bootstrap_external>", line 999, in exec_module
  File "<frozen importlib._bootstrap>", line 488, in _call_with_frames_removed
  File "/opt/airflow/dags/test_clickhouse_operator_dag.py", line 3, in <module>
    from airflow_clickhouse_plugin.operators.clickhouse import ClickHouseOperator
  File "/opt/airflow/dags/airflow_clickhouse_plugin/operators/clickhouse.py", line 5, in <module>
    from airflow_clickhouse_plugin.hooks.clickhouse import ClickHouseHook, \
  File "/opt/airflow/dags/airflow_clickhouse_plugin/hooks/clickhouse.py", line 5, in <module>
    import clickhouse_driver
ModuleNotFoundError: No module named 'clickhouse_driver'
[2025-12-16T08:22:30.877+0000] {processor.py:927} WARNING - No viable dags retrieved from /opt/airflow/dags/test_clickhouse_operator_dag.py
[2025-12-16T08:22:30.946+0000] {processor.py:208} INFO - Processing /opt/airflow/dags/test_clickhouse_operator_dag.py took 0.494 seconds
[2025-12-16T08:23:01.571+0000] {processor.py:186} INFO - Started process (PID=4733) to work on /opt/airflow/dags/test_clickhouse_operator_dag.py
[2025-12-16T08:23:01.578+0000] {processor.py:914} INFO - Processing file /opt/airflow/dags/test_clickhouse_operator_dag.py for tasks to queue
[2025-12-16T08:23:01.582+0000] {logging_mixin.py:190} INFO - [2025-12-16T08:23:01.581+0000] {dagbag.py:588} INFO - Filling up the DagBag from /opt/airflow/dags/test_clickhouse_operator_dag.py
[2025-12-16T08:23:02.343+0000] {logging_mixin.py:190} INFO - [2025-12-16T08:23:02.087+0000] {dagbag.py:387} ERROR - Failed to import: /opt/airflow/dags/test_clickhouse_operator_dag.py
Traceback (most recent call last):
  File "/home/airflow/.local/lib/python3.12/site-packages/airflow/models/dagbag.py", line 383, in parse
    loader.exec_module(new_module)
  File "<frozen importlib._bootstrap_external>", line 999, in exec_module
  File "<frozen importlib._bootstrap>", line 488, in _call_with_frames_removed
  File "/opt/airflow/dags/test_clickhouse_operator_dag.py", line 3, in <module>
    from airflow_clickhouse_plugin.operators.clickhouse import ClickHouseOperator
  File "/opt/airflow/dags/airflow_clickhouse_plugin/operators/clickhouse.py", line 5, in <module>
    from airflow_clickhouse_plugin.hooks.clickhouse import ClickHouseHook, \
  File "/opt/airflow/dags/airflow_clickhouse_plugin/hooks/clickhouse.py", line 5, in <module>
    import clickhouse_driver
ModuleNotFoundError: No module named 'clickhouse_driver'
[2025-12-16T08:23:02.461+0000] {processor.py:927} WARNING - No viable dags retrieved from /opt/airflow/dags/test_clickhouse_operator_dag.py
[2025-12-16T08:23:02.606+0000] {processor.py:208} INFO - Processing /opt/airflow/dags/test_clickhouse_operator_dag.py took 1.057 seconds
[2025-12-16T08:23:33.656+0000] {processor.py:186} INFO - Started process (PID=4804) to work on /opt/airflow/dags/test_clickhouse_operator_dag.py
[2025-12-16T08:23:33.659+0000] {processor.py:914} INFO - Processing file /opt/airflow/dags/test_clickhouse_operator_dag.py for tasks to queue
[2025-12-16T08:23:33.663+0000] {logging_mixin.py:190} INFO - [2025-12-16T08:23:33.662+0000] {dagbag.py:588} INFO - Filling up the DagBag from /opt/airflow/dags/test_clickhouse_operator_dag.py
[2025-12-16T08:23:33.901+0000] {logging_mixin.py:190} INFO - [2025-12-16T08:23:33.843+0000] {dagbag.py:387} ERROR - Failed to import: /opt/airflow/dags/test_clickhouse_operator_dag.py
Traceback (most recent call last):
  File "/home/airflow/.local/lib/python3.12/site-packages/airflow/models/dagbag.py", line 383, in parse
    loader.exec_module(new_module)
  File "<frozen importlib._bootstrap_external>", line 999, in exec_module
  File "<frozen importlib._bootstrap>", line 488, in _call_with_frames_removed
  File "/opt/airflow/dags/test_clickhouse_operator_dag.py", line 3, in <module>
    from airflow_clickhouse_plugin.operators.clickhouse import ClickHouseOperator
  File "/opt/airflow/dags/airflow_clickhouse_plugin/operators/clickhouse.py", line 5, in <module>
    from airflow_clickhouse_plugin.hooks.clickhouse import ClickHouseHook, \
  File "/opt/airflow/dags/airflow_clickhouse_plugin/hooks/clickhouse.py", line 5, in <module>
    import clickhouse_driver
ModuleNotFoundError: No module named 'clickhouse_driver'
[2025-12-16T08:23:33.932+0000] {processor.py:927} WARNING - No viable dags retrieved from /opt/airflow/dags/test_clickhouse_operator_dag.py
[2025-12-16T08:23:34.048+0000] {processor.py:208} INFO - Processing /opt/airflow/dags/test_clickhouse_operator_dag.py took 0.410 seconds
[2025-12-16T08:24:07.354+0000] {processor.py:186} INFO - Started process (PID=4877) to work on /opt/airflow/dags/test_clickhouse_operator_dag.py
[2025-12-16T08:24:07.359+0000] {processor.py:914} INFO - Processing file /opt/airflow/dags/test_clickhouse_operator_dag.py for tasks to queue
[2025-12-16T08:24:07.366+0000] {logging_mixin.py:190} INFO - [2025-12-16T08:24:07.364+0000] {dagbag.py:588} INFO - Filling up the DagBag from /opt/airflow/dags/test_clickhouse_operator_dag.py
[2025-12-16T08:24:07.635+0000] {logging_mixin.py:190} INFO - [2025-12-16T08:24:07.608+0000] {dagbag.py:387} ERROR - Failed to import: /opt/airflow/dags/test_clickhouse_operator_dag.py
Traceback (most recent call last):
  File "/home/airflow/.local/lib/python3.12/site-packages/airflow/models/dagbag.py", line 383, in parse
    loader.exec_module(new_module)
  File "<frozen importlib._bootstrap_external>", line 999, in exec_module
  File "<frozen importlib._bootstrap>", line 488, in _call_with_frames_removed
  File "/opt/airflow/dags/test_clickhouse_operator_dag.py", line 3, in <module>
    from airflow_clickhouse_plugin.operators.clickhouse import ClickHouseOperator
  File "/opt/airflow/dags/airflow_clickhouse_plugin/operators/clickhouse.py", line 5, in <module>
    from airflow_clickhouse_plugin.hooks.clickhouse import ClickHouseHook, \
  File "/opt/airflow/dags/airflow_clickhouse_plugin/hooks/clickhouse.py", line 5, in <module>
    import clickhouse_driver
ModuleNotFoundError: No module named 'clickhouse_driver'
[2025-12-16T08:24:07.647+0000] {processor.py:927} WARNING - No viable dags retrieved from /opt/airflow/dags/test_clickhouse_operator_dag.py
[2025-12-16T08:24:07.743+0000] {processor.py:208} INFO - Processing /opt/airflow/dags/test_clickhouse_operator_dag.py took 0.411 seconds
[2025-12-16T08:24:41.978+0000] {processor.py:186} INFO - Started process (PID=4959) to work on /opt/airflow/dags/test_clickhouse_operator_dag.py
[2025-12-16T08:24:41.980+0000] {processor.py:914} INFO - Processing file /opt/airflow/dags/test_clickhouse_operator_dag.py for tasks to queue
[2025-12-16T08:24:41.984+0000] {logging_mixin.py:190} INFO - [2025-12-16T08:24:41.983+0000] {dagbag.py:588} INFO - Filling up the DagBag from /opt/airflow/dags/test_clickhouse_operator_dag.py
[2025-12-16T08:24:42.221+0000] {logging_mixin.py:190} INFO - [2025-12-16T08:24:42.190+0000] {dagbag.py:387} ERROR - Failed to import: /opt/airflow/dags/test_clickhouse_operator_dag.py
Traceback (most recent call last):
  File "/home/airflow/.local/lib/python3.12/site-packages/airflow/models/dagbag.py", line 383, in parse
    loader.exec_module(new_module)
  File "<frozen importlib._bootstrap_external>", line 999, in exec_module
  File "<frozen importlib._bootstrap>", line 488, in _call_with_frames_removed
  File "/opt/airflow/dags/test_clickhouse_operator_dag.py", line 3, in <module>
    from airflow_clickhouse_plugin.operators.clickhouse import ClickHouseOperator
  File "/opt/airflow/dags/airflow_clickhouse_plugin/operators/clickhouse.py", line 5, in <module>
    from airflow_clickhouse_plugin.hooks.clickhouse import ClickHouseHook, \
  File "/opt/airflow/dags/airflow_clickhouse_plugin/hooks/clickhouse.py", line 5, in <module>
    import clickhouse_driver
ModuleNotFoundError: No module named 'clickhouse_driver'
[2025-12-16T08:24:42.230+0000] {processor.py:927} WARNING - No viable dags retrieved from /opt/airflow/dags/test_clickhouse_operator_dag.py
[2025-12-16T08:24:42.285+0000] {processor.py:208} INFO - Processing /opt/airflow/dags/test_clickhouse_operator_dag.py took 0.326 seconds
[2025-12-16T08:25:25.843+0000] {processor.py:186} INFO - Started process (PID=5043) to work on /opt/airflow/dags/test_clickhouse_operator_dag.py
[2025-12-16T08:25:25.849+0000] {processor.py:914} INFO - Processing file /opt/airflow/dags/test_clickhouse_operator_dag.py for tasks to queue
[2025-12-16T08:25:25.857+0000] {logging_mixin.py:190} INFO - [2025-12-16T08:25:25.856+0000] {dagbag.py:588} INFO - Filling up the DagBag from /opt/airflow/dags/test_clickhouse_operator_dag.py
[2025-12-16T08:25:26.090+0000] {logging_mixin.py:190} INFO - [2025-12-16T08:25:26.060+0000] {dagbag.py:387} ERROR - Failed to import: /opt/airflow/dags/test_clickhouse_operator_dag.py
Traceback (most recent call last):
  File "/home/airflow/.local/lib/python3.12/site-packages/airflow/models/dagbag.py", line 383, in parse
    loader.exec_module(new_module)
  File "<frozen importlib._bootstrap_external>", line 999, in exec_module
  File "<frozen importlib._bootstrap>", line 488, in _call_with_frames_removed
  File "/opt/airflow/dags/test_clickhouse_operator_dag.py", line 3, in <module>
    from airflow_clickhouse_plugin.operators.clickhouse import ClickHouseOperator
  File "/opt/airflow/dags/airflow_clickhouse_plugin/operators/clickhouse.py", line 5, in <module>
    from airflow_clickhouse_plugin.hooks.clickhouse import ClickHouseHook, \
  File "/opt/airflow/dags/airflow_clickhouse_plugin/hooks/clickhouse.py", line 5, in <module>
    import clickhouse_driver
ModuleNotFoundError: No module named 'clickhouse_driver'
[2025-12-16T08:25:26.101+0000] {processor.py:927} WARNING - No viable dags retrieved from /opt/airflow/dags/test_clickhouse_operator_dag.py
[2025-12-16T08:25:26.148+0000] {processor.py:208} INFO - Processing /opt/airflow/dags/test_clickhouse_operator_dag.py took 0.361 seconds
[2025-12-16T08:26:03.643+0000] {processor.py:186} INFO - Started process (PID=5123) to work on /opt/airflow/dags/test_clickhouse_operator_dag.py
[2025-12-16T08:26:03.646+0000] {processor.py:914} INFO - Processing file /opt/airflow/dags/test_clickhouse_operator_dag.py for tasks to queue
[2025-12-16T08:26:03.654+0000] {logging_mixin.py:190} INFO - [2025-12-16T08:26:03.653+0000] {dagbag.py:588} INFO - Filling up the DagBag from /opt/airflow/dags/test_clickhouse_operator_dag.py
[2025-12-16T08:26:03.970+0000] {logging_mixin.py:190} INFO - [2025-12-16T08:26:03.911+0000] {dagbag.py:387} ERROR - Failed to import: /opt/airflow/dags/test_clickhouse_operator_dag.py
Traceback (most recent call last):
  File "/home/airflow/.local/lib/python3.12/site-packages/airflow/models/dagbag.py", line 383, in parse
    loader.exec_module(new_module)
  File "<frozen importlib._bootstrap_external>", line 999, in exec_module
  File "<frozen importlib._bootstrap>", line 488, in _call_with_frames_removed
  File "/opt/airflow/dags/test_clickhouse_operator_dag.py", line 3, in <module>
    from airflow_clickhouse_plugin.operators.clickhouse import ClickHouseOperator
  File "/opt/airflow/dags/airflow_clickhouse_plugin/operators/clickhouse.py", line 5, in <module>
    from airflow_clickhouse_plugin.hooks.clickhouse import ClickHouseHook, \
  File "/opt/airflow/dags/airflow_clickhouse_plugin/hooks/clickhouse.py", line 5, in <module>
    import clickhouse_driver
ModuleNotFoundError: No module named 'clickhouse_driver'
[2025-12-16T08:26:03.987+0000] {processor.py:927} WARNING - No viable dags retrieved from /opt/airflow/dags/test_clickhouse_operator_dag.py
[2025-12-16T08:26:04.085+0000] {processor.py:208} INFO - Processing /opt/airflow/dags/test_clickhouse_operator_dag.py took 0.460 seconds
[2025-12-16T08:26:44.149+0000] {processor.py:186} INFO - Started process (PID=5203) to work on /opt/airflow/dags/test_clickhouse_operator_dag.py
[2025-12-16T08:26:44.160+0000] {processor.py:914} INFO - Processing file /opt/airflow/dags/test_clickhouse_operator_dag.py for tasks to queue
[2025-12-16T08:26:44.176+0000] {logging_mixin.py:190} INFO - [2025-12-16T08:26:44.170+0000] {dagbag.py:588} INFO - Filling up the DagBag from /opt/airflow/dags/test_clickhouse_operator_dag.py
[2025-12-16T08:26:45.035+0000] {logging_mixin.py:190} INFO - [2025-12-16T08:26:44.945+0000] {dagbag.py:387} ERROR - Failed to import: /opt/airflow/dags/test_clickhouse_operator_dag.py
Traceback (most recent call last):
  File "/home/airflow/.local/lib/python3.12/site-packages/airflow/models/dagbag.py", line 383, in parse
    loader.exec_module(new_module)
  File "<frozen importlib._bootstrap_external>", line 999, in exec_module
  File "<frozen importlib._bootstrap>", line 488, in _call_with_frames_removed
  File "/opt/airflow/dags/test_clickhouse_operator_dag.py", line 3, in <module>
    from airflow_clickhouse_plugin.operators.clickhouse import ClickHouseOperator
  File "/opt/airflow/dags/airflow_clickhouse_plugin/operators/clickhouse.py", line 5, in <module>
    from airflow_clickhouse_plugin.hooks.clickhouse import ClickHouseHook, \
  File "/opt/airflow/dags/airflow_clickhouse_plugin/hooks/clickhouse.py", line 5, in <module>
    import clickhouse_driver
ModuleNotFoundError: No module named 'clickhouse_driver'
[2025-12-16T08:26:45.068+0000] {processor.py:927} WARNING - No viable dags retrieved from /opt/airflow/dags/test_clickhouse_operator_dag.py
[2025-12-16T08:26:45.283+0000] {processor.py:208} INFO - Processing /opt/airflow/dags/test_clickhouse_operator_dag.py took 1.225 seconds
[2025-12-16T08:27:57.461+0000] {processor.py:186} INFO - Started process (PID=5317) to work on /opt/airflow/dags/test_clickhouse_operator_dag.py
[2025-12-16T08:27:57.466+0000] {processor.py:914} INFO - Processing file /opt/airflow/dags/test_clickhouse_operator_dag.py for tasks to queue
[2025-12-16T08:27:57.474+0000] {logging_mixin.py:190} INFO - [2025-12-16T08:27:57.472+0000] {dagbag.py:588} INFO - Filling up the DagBag from /opt/airflow/dags/test_clickhouse_operator_dag.py
[2025-12-16T08:27:58.096+0000] {logging_mixin.py:190} INFO - [2025-12-16T08:27:57.985+0000] {dagbag.py:387} ERROR - Failed to import: /opt/airflow/dags/test_clickhouse_operator_dag.py
Traceback (most recent call last):
  File "/home/airflow/.local/lib/python3.12/site-packages/airflow/models/dagbag.py", line 383, in parse
    loader.exec_module(new_module)
  File "<frozen importlib._bootstrap_external>", line 999, in exec_module
  File "<frozen importlib._bootstrap>", line 488, in _call_with_frames_removed
  File "/opt/airflow/dags/test_clickhouse_operator_dag.py", line 3, in <module>
    from airflow_clickhouse_plugin.operators.clickhouse import ClickHouseOperator
  File "/opt/airflow/dags/airflow_clickhouse_plugin/operators/clickhouse.py", line 5, in <module>
    from airflow_clickhouse_plugin.hooks.clickhouse import ClickHouseHook, \
  File "/opt/airflow/dags/airflow_clickhouse_plugin/hooks/clickhouse.py", line 5, in <module>
    import clickhouse_driver
ModuleNotFoundError: No module named 'clickhouse_driver'
[2025-12-16T08:27:58.107+0000] {processor.py:927} WARNING - No viable dags retrieved from /opt/airflow/dags/test_clickhouse_operator_dag.py
[2025-12-16T08:27:58.301+0000] {processor.py:208} INFO - Processing /opt/airflow/dags/test_clickhouse_operator_dag.py took 0.892 seconds
[2025-12-16T13:34:10.051+0000] {processor.py:186} INFO - Started process (PID=202) to work on /opt/airflow/dags/test_clickhouse_operator_dag.py
[2025-12-16T13:34:10.056+0000] {processor.py:914} INFO - Processing file /opt/airflow/dags/test_clickhouse_operator_dag.py for tasks to queue
[2025-12-16T13:34:10.067+0000] {logging_mixin.py:190} INFO - [2025-12-16T13:34:10.065+0000] {dagbag.py:588} INFO - Filling up the DagBag from /opt/airflow/dags/test_clickhouse_operator_dag.py
[2025-12-16T13:34:11.593+0000] {logging_mixin.py:190} INFO - [2025-12-16T13:34:11.394+0000] {dagbag.py:387} ERROR - Failed to import: /opt/airflow/dags/test_clickhouse_operator_dag.py
Traceback (most recent call last):
  File "/home/airflow/.local/lib/python3.12/site-packages/airflow/models/dagbag.py", line 383, in parse
    loader.exec_module(new_module)
  File "<frozen importlib._bootstrap_external>", line 999, in exec_module
  File "<frozen importlib._bootstrap>", line 488, in _call_with_frames_removed
  File "/opt/airflow/dags/test_clickhouse_operator_dag.py", line 3, in <module>
    from airflow_clickhouse_plugin.operators.clickhouse import ClickHouseOperator
  File "/opt/airflow/dags/airflow_clickhouse_plugin/operators/clickhouse.py", line 5, in <module>
    from airflow_clickhouse_plugin.hooks.clickhouse import ClickHouseHook, \
  File "/opt/airflow/dags/airflow_clickhouse_plugin/hooks/clickhouse.py", line 5, in <module>
    import clickhouse_driver
ModuleNotFoundError: No module named 'clickhouse_driver'
[2025-12-16T13:34:11.632+0000] {processor.py:927} WARNING - No viable dags retrieved from /opt/airflow/dags/test_clickhouse_operator_dag.py
[2025-12-16T13:34:11.836+0000] {processor.py:208} INFO - Processing /opt/airflow/dags/test_clickhouse_operator_dag.py took 1.820 seconds
[2025-12-16T13:35:06.054+0000] {processor.py:186} INFO - Started process (PID=298) to work on /opt/airflow/dags/test_clickhouse_operator_dag.py
[2025-12-16T13:35:06.064+0000] {processor.py:914} INFO - Processing file /opt/airflow/dags/test_clickhouse_operator_dag.py for tasks to queue
[2025-12-16T13:35:06.086+0000] {logging_mixin.py:190} INFO - [2025-12-16T13:35:06.085+0000] {dagbag.py:588} INFO - Filling up the DagBag from /opt/airflow/dags/test_clickhouse_operator_dag.py
[2025-12-16T13:35:06.744+0000] {logging_mixin.py:190} INFO - [2025-12-16T13:35:06.652+0000] {dagbag.py:387} ERROR - Failed to import: /opt/airflow/dags/test_clickhouse_operator_dag.py
Traceback (most recent call last):
  File "/home/airflow/.local/lib/python3.12/site-packages/airflow/models/dagbag.py", line 383, in parse
    loader.exec_module(new_module)
  File "<frozen importlib._bootstrap_external>", line 999, in exec_module
  File "<frozen importlib._bootstrap>", line 488, in _call_with_frames_removed
  File "/opt/airflow/dags/test_clickhouse_operator_dag.py", line 3, in <module>
    from airflow_clickhouse_plugin.operators.clickhouse import ClickHouseOperator
  File "/opt/airflow/dags/airflow_clickhouse_plugin/operators/clickhouse.py", line 5, in <module>
    from airflow_clickhouse_plugin.hooks.clickhouse import ClickHouseHook, \
  File "/opt/airflow/dags/airflow_clickhouse_plugin/hooks/clickhouse.py", line 5, in <module>
    import clickhouse_driver
ModuleNotFoundError: No module named 'clickhouse_driver'
[2025-12-16T13:35:06.782+0000] {processor.py:927} WARNING - No viable dags retrieved from /opt/airflow/dags/test_clickhouse_operator_dag.py
[2025-12-16T13:35:07.193+0000] {processor.py:208} INFO - Processing /opt/airflow/dags/test_clickhouse_operator_dag.py took 1.236 seconds
[2025-12-16T13:35:38.262+0000] {processor.py:186} INFO - Started process (PID=383) to work on /opt/airflow/dags/test_clickhouse_operator_dag.py
[2025-12-16T13:35:38.307+0000] {processor.py:914} INFO - Processing file /opt/airflow/dags/test_clickhouse_operator_dag.py for tasks to queue
[2025-12-16T13:35:38.347+0000] {logging_mixin.py:190} INFO - [2025-12-16T13:35:38.346+0000] {dagbag.py:588} INFO - Filling up the DagBag from /opt/airflow/dags/test_clickhouse_operator_dag.py
[2025-12-16T13:35:40.327+0000] {logging_mixin.py:190} INFO - [2025-12-16T13:35:39.945+0000] {dagbag.py:387} ERROR - Failed to import: /opt/airflow/dags/test_clickhouse_operator_dag.py
Traceback (most recent call last):
  File "/home/airflow/.local/lib/python3.12/site-packages/airflow/models/dagbag.py", line 383, in parse
    loader.exec_module(new_module)
  File "<frozen importlib._bootstrap_external>", line 999, in exec_module
  File "<frozen importlib._bootstrap>", line 488, in _call_with_frames_removed
  File "/opt/airflow/dags/test_clickhouse_operator_dag.py", line 3, in <module>
    from airflow_clickhouse_plugin.operators.clickhouse import ClickHouseOperator
  File "/opt/airflow/dags/airflow_clickhouse_plugin/operators/clickhouse.py", line 5, in <module>
    from airflow_clickhouse_plugin.hooks.clickhouse import ClickHouseHook, \
  File "/opt/airflow/dags/airflow_clickhouse_plugin/hooks/clickhouse.py", line 5, in <module>
    import clickhouse_driver
ModuleNotFoundError: No module named 'clickhouse_driver'
[2025-12-16T13:35:40.418+0000] {processor.py:927} WARNING - No viable dags retrieved from /opt/airflow/dags/test_clickhouse_operator_dag.py
[2025-12-16T13:35:40.700+0000] {processor.py:208} INFO - Processing /opt/airflow/dags/test_clickhouse_operator_dag.py took 2.490 seconds
[2025-12-16T13:36:30.630+0000] {processor.py:186} INFO - Started process (PID=473) to work on /opt/airflow/dags/test_clickhouse_operator_dag.py
[2025-12-16T13:36:30.634+0000] {processor.py:914} INFO - Processing file /opt/airflow/dags/test_clickhouse_operator_dag.py for tasks to queue
[2025-12-16T13:36:30.644+0000] {logging_mixin.py:190} INFO - [2025-12-16T13:36:30.643+0000] {dagbag.py:588} INFO - Filling up the DagBag from /opt/airflow/dags/test_clickhouse_operator_dag.py
[2025-12-16T13:36:31.077+0000] {logging_mixin.py:190} INFO - [2025-12-16T13:36:30.999+0000] {dagbag.py:387} ERROR - Failed to import: /opt/airflow/dags/test_clickhouse_operator_dag.py
Traceback (most recent call last):
  File "/home/airflow/.local/lib/python3.12/site-packages/airflow/models/dagbag.py", line 383, in parse
    loader.exec_module(new_module)
  File "<frozen importlib._bootstrap_external>", line 999, in exec_module
  File "<frozen importlib._bootstrap>", line 488, in _call_with_frames_removed
  File "/opt/airflow/dags/test_clickhouse_operator_dag.py", line 3, in <module>
    from airflow_clickhouse_plugin.operators.clickhouse import ClickHouseOperator
  File "/opt/airflow/dags/airflow_clickhouse_plugin/operators/clickhouse.py", line 5, in <module>
    from airflow_clickhouse_plugin.hooks.clickhouse import ClickHouseHook, \
  File "/opt/airflow/dags/airflow_clickhouse_plugin/hooks/clickhouse.py", line 5, in <module>
    import clickhouse_driver
ModuleNotFoundError: No module named 'clickhouse_driver'
[2025-12-16T13:36:31.089+0000] {processor.py:927} WARNING - No viable dags retrieved from /opt/airflow/dags/test_clickhouse_operator_dag.py
[2025-12-16T13:36:31.209+0000] {processor.py:208} INFO - Processing /opt/airflow/dags/test_clickhouse_operator_dag.py took 0.611 seconds
[2025-12-16T13:37:05.490+0000] {processor.py:186} INFO - Started process (PID=559) to work on /opt/airflow/dags/test_clickhouse_operator_dag.py
[2025-12-16T13:37:05.493+0000] {processor.py:914} INFO - Processing file /opt/airflow/dags/test_clickhouse_operator_dag.py for tasks to queue
[2025-12-16T13:37:05.503+0000] {logging_mixin.py:190} INFO - [2025-12-16T13:37:05.502+0000] {dagbag.py:588} INFO - Filling up the DagBag from /opt/airflow/dags/test_clickhouse_operator_dag.py
[2025-12-16T13:37:05.946+0000] {logging_mixin.py:190} INFO - [2025-12-16T13:37:05.884+0000] {dagbag.py:387} ERROR - Failed to import: /opt/airflow/dags/test_clickhouse_operator_dag.py
Traceback (most recent call last):
  File "/home/airflow/.local/lib/python3.12/site-packages/airflow/models/dagbag.py", line 383, in parse
    loader.exec_module(new_module)
  File "<frozen importlib._bootstrap_external>", line 999, in exec_module
  File "<frozen importlib._bootstrap>", line 488, in _call_with_frames_removed
  File "/opt/airflow/dags/test_clickhouse_operator_dag.py", line 3, in <module>
    from airflow_clickhouse_plugin.operators.clickhouse import ClickHouseOperator
  File "/opt/airflow/dags/airflow_clickhouse_plugin/operators/clickhouse.py", line 5, in <module>
    from airflow_clickhouse_plugin.hooks.clickhouse import ClickHouseHook, \
  File "/opt/airflow/dags/airflow_clickhouse_plugin/hooks/clickhouse.py", line 5, in <module>
    import clickhouse_driver
ModuleNotFoundError: No module named 'clickhouse_driver'
[2025-12-16T13:37:05.965+0000] {processor.py:927} WARNING - No viable dags retrieved from /opt/airflow/dags/test_clickhouse_operator_dag.py
[2025-12-16T13:37:06.112+0000] {processor.py:208} INFO - Processing /opt/airflow/dags/test_clickhouse_operator_dag.py took 0.638 seconds
[2025-12-16T13:37:37.234+0000] {processor.py:186} INFO - Started process (PID=645) to work on /opt/airflow/dags/test_clickhouse_operator_dag.py
[2025-12-16T13:37:37.238+0000] {processor.py:914} INFO - Processing file /opt/airflow/dags/test_clickhouse_operator_dag.py for tasks to queue
[2025-12-16T13:37:37.254+0000] {logging_mixin.py:190} INFO - [2025-12-16T13:37:37.253+0000] {dagbag.py:588} INFO - Filling up the DagBag from /opt/airflow/dags/test_clickhouse_operator_dag.py
[2025-12-16T13:37:37.605+0000] {logging_mixin.py:190} INFO - [2025-12-16T13:37:37.577+0000] {dagbag.py:387} ERROR - Failed to import: /opt/airflow/dags/test_clickhouse_operator_dag.py
Traceback (most recent call last):
  File "/home/airflow/.local/lib/python3.12/site-packages/airflow/models/dagbag.py", line 383, in parse
    loader.exec_module(new_module)
  File "<frozen importlib._bootstrap_external>", line 999, in exec_module
  File "<frozen importlib._bootstrap>", line 488, in _call_with_frames_removed
  File "/opt/airflow/dags/test_clickhouse_operator_dag.py", line 3, in <module>
    from airflow_clickhouse_plugin.operators.clickhouse import ClickHouseOperator
  File "/opt/airflow/dags/airflow_clickhouse_plugin/operators/clickhouse.py", line 5, in <module>
    from airflow_clickhouse_plugin.hooks.clickhouse import ClickHouseHook, \
  File "/opt/airflow/dags/airflow_clickhouse_plugin/hooks/clickhouse.py", line 5, in <module>
    import clickhouse_driver
ModuleNotFoundError: No module named 'clickhouse_driver'
[2025-12-16T13:37:37.616+0000] {processor.py:927} WARNING - No viable dags retrieved from /opt/airflow/dags/test_clickhouse_operator_dag.py
[2025-12-16T13:37:37.670+0000] {processor.py:208} INFO - Processing /opt/airflow/dags/test_clickhouse_operator_dag.py took 0.458 seconds
[2025-12-16T13:39:29.528+0000] {processor.py:186} INFO - Started process (PID=762) to work on /opt/airflow/dags/test_clickhouse_operator_dag.py
[2025-12-16T13:39:29.534+0000] {processor.py:914} INFO - Processing file /opt/airflow/dags/test_clickhouse_operator_dag.py for tasks to queue
[2025-12-16T13:39:29.543+0000] {logging_mixin.py:190} INFO - [2025-12-16T13:39:29.542+0000] {dagbag.py:588} INFO - Filling up the DagBag from /opt/airflow/dags/test_clickhouse_operator_dag.py
[2025-12-16T13:39:29.752+0000] {logging_mixin.py:190} INFO - [2025-12-16T13:39:29.718+0000] {dagbag.py:387} ERROR - Failed to import: /opt/airflow/dags/test_clickhouse_operator_dag.py
Traceback (most recent call last):
  File "/home/airflow/.local/lib/python3.12/site-packages/airflow/models/dagbag.py", line 383, in parse
    loader.exec_module(new_module)
  File "<frozen importlib._bootstrap_external>", line 999, in exec_module
  File "<frozen importlib._bootstrap>", line 488, in _call_with_frames_removed
  File "/opt/airflow/dags/test_clickhouse_operator_dag.py", line 3, in <module>
    from airflow_clickhouse_plugin.operators.clickhouse import ClickHouseOperator
  File "/opt/airflow/dags/airflow_clickhouse_plugin/operators/clickhouse.py", line 5, in <module>
    from airflow_clickhouse_plugin.hooks.clickhouse import ClickHouseHook, \
  File "/opt/airflow/dags/airflow_clickhouse_plugin/hooks/clickhouse.py", line 5, in <module>
    import clickhouse_driver
ModuleNotFoundError: No module named 'clickhouse_driver'
[2025-12-16T13:39:29.762+0000] {processor.py:927} WARNING - No viable dags retrieved from /opt/airflow/dags/test_clickhouse_operator_dag.py
[2025-12-16T13:39:29.829+0000] {processor.py:208} INFO - Processing /opt/airflow/dags/test_clickhouse_operator_dag.py took 0.331 seconds
[2025-12-16T13:40:02.262+0000] {processor.py:186} INFO - Started process (PID=847) to work on /opt/airflow/dags/test_clickhouse_operator_dag.py
[2025-12-16T13:40:02.264+0000] {processor.py:914} INFO - Processing file /opt/airflow/dags/test_clickhouse_operator_dag.py for tasks to queue
[2025-12-16T13:40:02.273+0000] {logging_mixin.py:190} INFO - [2025-12-16T13:40:02.271+0000] {dagbag.py:588} INFO - Filling up the DagBag from /opt/airflow/dags/test_clickhouse_operator_dag.py
[2025-12-16T13:40:02.481+0000] {logging_mixin.py:190} INFO - [2025-12-16T13:40:02.448+0000] {dagbag.py:387} ERROR - Failed to import: /opt/airflow/dags/test_clickhouse_operator_dag.py
Traceback (most recent call last):
  File "/home/airflow/.local/lib/python3.12/site-packages/airflow/models/dagbag.py", line 383, in parse
    loader.exec_module(new_module)
  File "<frozen importlib._bootstrap_external>", line 999, in exec_module
  File "<frozen importlib._bootstrap>", line 488, in _call_with_frames_removed
  File "/opt/airflow/dags/test_clickhouse_operator_dag.py", line 3, in <module>
    from airflow_clickhouse_plugin.operators.clickhouse import ClickHouseOperator
  File "/opt/airflow/dags/airflow_clickhouse_plugin/operators/clickhouse.py", line 5, in <module>
    from airflow_clickhouse_plugin.hooks.clickhouse import ClickHouseHook, \
  File "/opt/airflow/dags/airflow_clickhouse_plugin/hooks/clickhouse.py", line 5, in <module>
    import clickhouse_driver
ModuleNotFoundError: No module named 'clickhouse_driver'
[2025-12-16T13:40:02.491+0000] {processor.py:927} WARNING - No viable dags retrieved from /opt/airflow/dags/test_clickhouse_operator_dag.py
[2025-12-16T13:40:02.544+0000] {processor.py:208} INFO - Processing /opt/airflow/dags/test_clickhouse_operator_dag.py took 0.297 seconds
