[2025-12-16T07:17:57.437+0000] {processor.py:186} INFO - Started process (PID=162) to work on /opt/airflow/dags/test_pyspark_clickhouse_dag.py
[2025-12-16T07:17:57.446+0000] {processor.py:914} INFO - Processing file /opt/airflow/dags/test_pyspark_clickhouse_dag.py for tasks to queue
[2025-12-16T07:17:57.478+0000] {logging_mixin.py:190} INFO - [2025-12-16T07:17:57.472+0000] {dagbag.py:588} INFO - Filling up the DagBag from /opt/airflow/dags/test_pyspark_clickhouse_dag.py
[2025-12-16T07:17:57.864+0000] {logging_mixin.py:190} INFO - [2025-12-16T07:17:57.792+0000] {dagbag.py:387} ERROR - Failed to import: /opt/airflow/dags/test_pyspark_clickhouse_dag.py
Traceback (most recent call last):
  File "/home/airflow/.local/lib/python3.12/site-packages/airflow/models/dagbag.py", line 383, in parse
    loader.exec_module(new_module)
  File "<frozen importlib._bootstrap_external>", line 999, in exec_module
  File "<frozen importlib._bootstrap>", line 488, in _call_with_frames_removed
  File "/opt/airflow/dags/test_pyspark_clickhouse_dag.py", line 1, in <module>
    from pyspark.sql import SparkSession
ModuleNotFoundError: No module named 'pyspark'
[2025-12-16T07:17:57.883+0000] {processor.py:927} WARNING - No viable dags retrieved from /opt/airflow/dags/test_pyspark_clickhouse_dag.py
[2025-12-16T07:17:58.187+0000] {processor.py:208} INFO - Processing /opt/airflow/dags/test_pyspark_clickhouse_dag.py took 0.800 seconds
[2025-12-16T07:18:31.080+0000] {processor.py:186} INFO - Started process (PID=233) to work on /opt/airflow/dags/test_pyspark_clickhouse_dag.py
[2025-12-16T07:18:31.083+0000] {processor.py:914} INFO - Processing file /opt/airflow/dags/test_pyspark_clickhouse_dag.py for tasks to queue
[2025-12-16T07:18:31.092+0000] {logging_mixin.py:190} INFO - [2025-12-16T07:18:31.091+0000] {dagbag.py:588} INFO - Filling up the DagBag from /opt/airflow/dags/test_pyspark_clickhouse_dag.py
[2025-12-16T07:18:31.147+0000] {logging_mixin.py:190} INFO - [2025-12-16T07:18:31.136+0000] {dagbag.py:387} ERROR - Failed to import: /opt/airflow/dags/test_pyspark_clickhouse_dag.py
Traceback (most recent call last):
  File "/home/airflow/.local/lib/python3.12/site-packages/airflow/models/dagbag.py", line 383, in parse
    loader.exec_module(new_module)
  File "<frozen importlib._bootstrap_external>", line 999, in exec_module
  File "<frozen importlib._bootstrap>", line 488, in _call_with_frames_removed
  File "/opt/airflow/dags/test_pyspark_clickhouse_dag.py", line 1, in <module>
    from pyspark.sql import SparkSession
ModuleNotFoundError: No module named 'pyspark'
[2025-12-16T07:18:31.151+0000] {processor.py:927} WARNING - No viable dags retrieved from /opt/airflow/dags/test_pyspark_clickhouse_dag.py
[2025-12-16T07:18:31.211+0000] {processor.py:208} INFO - Processing /opt/airflow/dags/test_pyspark_clickhouse_dag.py took 0.156 seconds
[2025-12-16T07:19:13.918+0000] {processor.py:186} INFO - Started process (PID=315) to work on /opt/airflow/dags/test_pyspark_clickhouse_dag.py
[2025-12-16T07:19:13.921+0000] {processor.py:914} INFO - Processing file /opt/airflow/dags/test_pyspark_clickhouse_dag.py for tasks to queue
[2025-12-16T07:19:13.928+0000] {logging_mixin.py:190} INFO - [2025-12-16T07:19:13.927+0000] {dagbag.py:588} INFO - Filling up the DagBag from /opt/airflow/dags/test_pyspark_clickhouse_dag.py
[2025-12-16T07:19:14.015+0000] {logging_mixin.py:190} INFO - [2025-12-16T07:19:13.989+0000] {dagbag.py:387} ERROR - Failed to import: /opt/airflow/dags/test_pyspark_clickhouse_dag.py
Traceback (most recent call last):
  File "/home/airflow/.local/lib/python3.12/site-packages/airflow/models/dagbag.py", line 383, in parse
    loader.exec_module(new_module)
  File "<frozen importlib._bootstrap_external>", line 999, in exec_module
  File "<frozen importlib._bootstrap>", line 488, in _call_with_frames_removed
  File "/opt/airflow/dags/test_pyspark_clickhouse_dag.py", line 1, in <module>
    from pyspark.sql import SparkSession
ModuleNotFoundError: No module named 'pyspark'
[2025-12-16T07:19:14.020+0000] {processor.py:927} WARNING - No viable dags retrieved from /opt/airflow/dags/test_pyspark_clickhouse_dag.py
[2025-12-16T07:19:14.079+0000] {processor.py:208} INFO - Processing /opt/airflow/dags/test_pyspark_clickhouse_dag.py took 0.179 seconds
[2025-12-16T07:20:01.442+0000] {processor.py:186} INFO - Started process (PID=397) to work on /opt/airflow/dags/test_pyspark_clickhouse_dag.py
[2025-12-16T07:20:01.445+0000] {processor.py:914} INFO - Processing file /opt/airflow/dags/test_pyspark_clickhouse_dag.py for tasks to queue
[2025-12-16T07:20:01.458+0000] {logging_mixin.py:190} INFO - [2025-12-16T07:20:01.457+0000] {dagbag.py:588} INFO - Filling up the DagBag from /opt/airflow/dags/test_pyspark_clickhouse_dag.py
[2025-12-16T07:20:01.531+0000] {logging_mixin.py:190} INFO - [2025-12-16T07:20:01.522+0000] {dagbag.py:387} ERROR - Failed to import: /opt/airflow/dags/test_pyspark_clickhouse_dag.py
Traceback (most recent call last):
  File "/home/airflow/.local/lib/python3.12/site-packages/airflow/models/dagbag.py", line 383, in parse
    loader.exec_module(new_module)
  File "<frozen importlib._bootstrap_external>", line 999, in exec_module
  File "<frozen importlib._bootstrap>", line 488, in _call_with_frames_removed
  File "/opt/airflow/dags/test_pyspark_clickhouse_dag.py", line 1, in <module>
    from pyspark.sql import SparkSession
ModuleNotFoundError: No module named 'pyspark'
[2025-12-16T07:20:01.534+0000] {processor.py:927} WARNING - No viable dags retrieved from /opt/airflow/dags/test_pyspark_clickhouse_dag.py
[2025-12-16T07:20:01.633+0000] {processor.py:208} INFO - Processing /opt/airflow/dags/test_pyspark_clickhouse_dag.py took 0.221 seconds
[2025-12-16T07:20:32.481+0000] {processor.py:186} INFO - Started process (PID=468) to work on /opt/airflow/dags/test_pyspark_clickhouse_dag.py
[2025-12-16T07:20:32.489+0000] {processor.py:914} INFO - Processing file /opt/airflow/dags/test_pyspark_clickhouse_dag.py for tasks to queue
[2025-12-16T07:20:32.499+0000] {logging_mixin.py:190} INFO - [2025-12-16T07:20:32.498+0000] {dagbag.py:588} INFO - Filling up the DagBag from /opt/airflow/dags/test_pyspark_clickhouse_dag.py
[2025-12-16T07:20:32.573+0000] {logging_mixin.py:190} INFO - [2025-12-16T07:20:32.561+0000] {dagbag.py:387} ERROR - Failed to import: /opt/airflow/dags/test_pyspark_clickhouse_dag.py
Traceback (most recent call last):
  File "/home/airflow/.local/lib/python3.12/site-packages/airflow/models/dagbag.py", line 383, in parse
    loader.exec_module(new_module)
  File "<frozen importlib._bootstrap_external>", line 999, in exec_module
  File "<frozen importlib._bootstrap>", line 488, in _call_with_frames_removed
  File "/opt/airflow/dags/test_pyspark_clickhouse_dag.py", line 1, in <module>
    from pyspark.sql import SparkSession
ModuleNotFoundError: No module named 'pyspark'
[2025-12-16T07:20:32.576+0000] {processor.py:927} WARNING - No viable dags retrieved from /opt/airflow/dags/test_pyspark_clickhouse_dag.py
[2025-12-16T07:20:32.645+0000] {processor.py:208} INFO - Processing /opt/airflow/dags/test_pyspark_clickhouse_dag.py took 0.194 seconds
[2025-12-16T07:21:02.908+0000] {processor.py:186} INFO - Started process (PID=539) to work on /opt/airflow/dags/test_pyspark_clickhouse_dag.py
[2025-12-16T07:21:02.914+0000] {processor.py:914} INFO - Processing file /opt/airflow/dags/test_pyspark_clickhouse_dag.py for tasks to queue
[2025-12-16T07:21:02.929+0000] {logging_mixin.py:190} INFO - [2025-12-16T07:21:02.928+0000] {dagbag.py:588} INFO - Filling up the DagBag from /opt/airflow/dags/test_pyspark_clickhouse_dag.py
[2025-12-16T07:21:03.011+0000] {logging_mixin.py:190} INFO - [2025-12-16T07:21:02.986+0000] {dagbag.py:387} ERROR - Failed to import: /opt/airflow/dags/test_pyspark_clickhouse_dag.py
Traceback (most recent call last):
  File "/home/airflow/.local/lib/python3.12/site-packages/airflow/models/dagbag.py", line 383, in parse
    loader.exec_module(new_module)
  File "<frozen importlib._bootstrap_external>", line 999, in exec_module
  File "<frozen importlib._bootstrap>", line 488, in _call_with_frames_removed
  File "/opt/airflow/dags/test_pyspark_clickhouse_dag.py", line 1, in <module>
    from pyspark.sql import SparkSession
ModuleNotFoundError: No module named 'pyspark'
[2025-12-16T07:21:03.029+0000] {processor.py:927} WARNING - No viable dags retrieved from /opt/airflow/dags/test_pyspark_clickhouse_dag.py
[2025-12-16T07:21:03.222+0000] {processor.py:208} INFO - Processing /opt/airflow/dags/test_pyspark_clickhouse_dag.py took 0.344 seconds
[2025-12-16T07:21:40.208+0000] {processor.py:186} INFO - Started process (PID=621) to work on /opt/airflow/dags/test_pyspark_clickhouse_dag.py
[2025-12-16T07:21:40.211+0000] {processor.py:914} INFO - Processing file /opt/airflow/dags/test_pyspark_clickhouse_dag.py for tasks to queue
[2025-12-16T07:21:40.218+0000] {logging_mixin.py:190} INFO - [2025-12-16T07:21:40.217+0000] {dagbag.py:588} INFO - Filling up the DagBag from /opt/airflow/dags/test_pyspark_clickhouse_dag.py
[2025-12-16T07:21:40.263+0000] {logging_mixin.py:190} INFO - [2025-12-16T07:21:40.255+0000] {dagbag.py:387} ERROR - Failed to import: /opt/airflow/dags/test_pyspark_clickhouse_dag.py
Traceback (most recent call last):
  File "/home/airflow/.local/lib/python3.12/site-packages/airflow/models/dagbag.py", line 383, in parse
    loader.exec_module(new_module)
  File "<frozen importlib._bootstrap_external>", line 999, in exec_module
  File "<frozen importlib._bootstrap>", line 488, in _call_with_frames_removed
  File "/opt/airflow/dags/test_pyspark_clickhouse_dag.py", line 1, in <module>
    from pyspark.sql import SparkSession
ModuleNotFoundError: No module named 'pyspark'
[2025-12-16T07:21:40.267+0000] {processor.py:927} WARNING - No viable dags retrieved from /opt/airflow/dags/test_pyspark_clickhouse_dag.py
[2025-12-16T07:21:40.325+0000] {processor.py:208} INFO - Processing /opt/airflow/dags/test_pyspark_clickhouse_dag.py took 0.133 seconds
[2025-12-16T07:22:15.793+0000] {processor.py:186} INFO - Started process (PID=697) to work on /opt/airflow/dags/test_pyspark_clickhouse_dag.py
[2025-12-16T07:22:15.795+0000] {processor.py:914} INFO - Processing file /opt/airflow/dags/test_pyspark_clickhouse_dag.py for tasks to queue
[2025-12-16T07:22:15.803+0000] {logging_mixin.py:190} INFO - [2025-12-16T07:22:15.802+0000] {dagbag.py:588} INFO - Filling up the DagBag from /opt/airflow/dags/test_pyspark_clickhouse_dag.py
[2025-12-16T07:22:15.844+0000] {logging_mixin.py:190} INFO - [2025-12-16T07:22:15.836+0000] {dagbag.py:387} ERROR - Failed to import: /opt/airflow/dags/test_pyspark_clickhouse_dag.py
Traceback (most recent call last):
  File "/home/airflow/.local/lib/python3.12/site-packages/airflow/models/dagbag.py", line 383, in parse
    loader.exec_module(new_module)
  File "<frozen importlib._bootstrap_external>", line 999, in exec_module
  File "<frozen importlib._bootstrap>", line 488, in _call_with_frames_removed
  File "/opt/airflow/dags/test_pyspark_clickhouse_dag.py", line 1, in <module>
    from pyspark.sql import SparkSession
ModuleNotFoundError: No module named 'pyspark'
[2025-12-16T07:22:15.848+0000] {processor.py:927} WARNING - No viable dags retrieved from /opt/airflow/dags/test_pyspark_clickhouse_dag.py
[2025-12-16T07:22:15.916+0000] {processor.py:208} INFO - Processing /opt/airflow/dags/test_pyspark_clickhouse_dag.py took 0.135 seconds
[2025-12-16T07:22:49.291+0000] {processor.py:186} INFO - Started process (PID=768) to work on /opt/airflow/dags/test_pyspark_clickhouse_dag.py
[2025-12-16T07:22:49.295+0000] {processor.py:914} INFO - Processing file /opt/airflow/dags/test_pyspark_clickhouse_dag.py for tasks to queue
[2025-12-16T07:22:49.310+0000] {logging_mixin.py:190} INFO - [2025-12-16T07:22:49.309+0000] {dagbag.py:588} INFO - Filling up the DagBag from /opt/airflow/dags/test_pyspark_clickhouse_dag.py
[2025-12-16T07:22:49.389+0000] {logging_mixin.py:190} INFO - [2025-12-16T07:22:49.370+0000] {dagbag.py:387} ERROR - Failed to import: /opt/airflow/dags/test_pyspark_clickhouse_dag.py
Traceback (most recent call last):
  File "/home/airflow/.local/lib/python3.12/site-packages/airflow/models/dagbag.py", line 383, in parse
    loader.exec_module(new_module)
  File "<frozen importlib._bootstrap_external>", line 999, in exec_module
  File "<frozen importlib._bootstrap>", line 488, in _call_with_frames_removed
  File "/opt/airflow/dags/test_pyspark_clickhouse_dag.py", line 1, in <module>
    from pyspark.sql import SparkSession
ModuleNotFoundError: No module named 'pyspark'
[2025-12-16T07:22:49.397+0000] {processor.py:927} WARNING - No viable dags retrieved from /opt/airflow/dags/test_pyspark_clickhouse_dag.py
[2025-12-16T07:22:49.466+0000] {processor.py:208} INFO - Processing /opt/airflow/dags/test_pyspark_clickhouse_dag.py took 0.215 seconds
[2025-12-16T07:23:27.363+0000] {processor.py:186} INFO - Started process (PID=846) to work on /opt/airflow/dags/test_pyspark_clickhouse_dag.py
[2025-12-16T07:23:27.369+0000] {processor.py:914} INFO - Processing file /opt/airflow/dags/test_pyspark_clickhouse_dag.py for tasks to queue
[2025-12-16T07:23:27.385+0000] {logging_mixin.py:190} INFO - [2025-12-16T07:23:27.384+0000] {dagbag.py:588} INFO - Filling up the DagBag from /opt/airflow/dags/test_pyspark_clickhouse_dag.py
[2025-12-16T07:23:27.461+0000] {logging_mixin.py:190} INFO - [2025-12-16T07:23:27.446+0000] {dagbag.py:387} ERROR - Failed to import: /opt/airflow/dags/test_pyspark_clickhouse_dag.py
Traceback (most recent call last):
  File "/home/airflow/.local/lib/python3.12/site-packages/airflow/models/dagbag.py", line 383, in parse
    loader.exec_module(new_module)
  File "<frozen importlib._bootstrap_external>", line 999, in exec_module
  File "<frozen importlib._bootstrap>", line 488, in _call_with_frames_removed
  File "/opt/airflow/dags/test_pyspark_clickhouse_dag.py", line 1, in <module>
    from pyspark.sql import SparkSession
ModuleNotFoundError: No module named 'pyspark'
[2025-12-16T07:23:27.464+0000] {processor.py:927} WARNING - No viable dags retrieved from /opt/airflow/dags/test_pyspark_clickhouse_dag.py
[2025-12-16T07:23:27.537+0000] {processor.py:208} INFO - Processing /opt/airflow/dags/test_pyspark_clickhouse_dag.py took 0.208 seconds
[2025-12-16T07:25:06.068+0000] {processor.py:186} INFO - Started process (PID=930) to work on /opt/airflow/dags/test_pyspark_clickhouse_dag.py
[2025-12-16T07:25:06.095+0000] {processor.py:914} INFO - Processing file /opt/airflow/dags/test_pyspark_clickhouse_dag.py for tasks to queue
[2025-12-16T07:25:06.115+0000] {logging_mixin.py:190} INFO - [2025-12-16T07:25:06.114+0000] {dagbag.py:588} INFO - Filling up the DagBag from /opt/airflow/dags/test_pyspark_clickhouse_dag.py
[2025-12-16T07:25:06.230+0000] {logging_mixin.py:190} INFO - [2025-12-16T07:25:06.218+0000] {dagbag.py:387} ERROR - Failed to import: /opt/airflow/dags/test_pyspark_clickhouse_dag.py
Traceback (most recent call last):
  File "/home/airflow/.local/lib/python3.12/site-packages/airflow/models/dagbag.py", line 383, in parse
    loader.exec_module(new_module)
  File "<frozen importlib._bootstrap_external>", line 999, in exec_module
  File "<frozen importlib._bootstrap>", line 488, in _call_with_frames_removed
  File "/opt/airflow/dags/test_pyspark_clickhouse_dag.py", line 1, in <module>
    from pyspark.sql import SparkSession
ModuleNotFoundError: No module named 'pyspark'
[2025-12-16T07:25:06.235+0000] {processor.py:927} WARNING - No viable dags retrieved from /opt/airflow/dags/test_pyspark_clickhouse_dag.py
[2025-12-16T07:25:07.951+0000] {processor.py:208} INFO - Processing /opt/airflow/dags/test_pyspark_clickhouse_dag.py took 1.908 seconds
[2025-12-16T07:28:08.333+0000] {processor.py:186} INFO - Started process (PID=1053) to work on /opt/airflow/dags/test_pyspark_clickhouse_dag.py
[2025-12-16T07:28:08.337+0000] {processor.py:914} INFO - Processing file /opt/airflow/dags/test_pyspark_clickhouse_dag.py for tasks to queue
[2025-12-16T07:28:08.341+0000] {logging_mixin.py:190} INFO - [2025-12-16T07:28:08.340+0000] {dagbag.py:588} INFO - Filling up the DagBag from /opt/airflow/dags/test_pyspark_clickhouse_dag.py
[2025-12-16T07:28:08.387+0000] {logging_mixin.py:190} INFO - [2025-12-16T07:28:08.376+0000] {dagbag.py:387} ERROR - Failed to import: /opt/airflow/dags/test_pyspark_clickhouse_dag.py
Traceback (most recent call last):
  File "/home/airflow/.local/lib/python3.12/site-packages/airflow/models/dagbag.py", line 383, in parse
    loader.exec_module(new_module)
  File "<frozen importlib._bootstrap_external>", line 999, in exec_module
  File "<frozen importlib._bootstrap>", line 488, in _call_with_frames_removed
  File "/opt/airflow/dags/test_pyspark_clickhouse_dag.py", line 1, in <module>
    from pyspark.sql import SparkSession
ModuleNotFoundError: No module named 'pyspark'
[2025-12-16T07:28:08.392+0000] {processor.py:927} WARNING - No viable dags retrieved from /opt/airflow/dags/test_pyspark_clickhouse_dag.py
[2025-12-16T07:28:08.470+0000] {processor.py:208} INFO - Processing /opt/airflow/dags/test_pyspark_clickhouse_dag.py took 0.157 seconds
[2025-12-16T07:29:49.059+0000] {processor.py:186} INFO - Started process (PID=1144) to work on /opt/airflow/dags/test_pyspark_clickhouse_dag.py
[2025-12-16T07:29:49.089+0000] {processor.py:914} INFO - Processing file /opt/airflow/dags/test_pyspark_clickhouse_dag.py for tasks to queue
[2025-12-16T07:29:49.096+0000] {logging_mixin.py:190} INFO - [2025-12-16T07:29:49.095+0000] {dagbag.py:588} INFO - Filling up the DagBag from /opt/airflow/dags/test_pyspark_clickhouse_dag.py
[2025-12-16T07:29:49.708+0000] {logging_mixin.py:190} INFO - [2025-12-16T07:29:49.565+0000] {dagbag.py:387} ERROR - Failed to import: /opt/airflow/dags/test_pyspark_clickhouse_dag.py
Traceback (most recent call last):
  File "/home/airflow/.local/lib/python3.12/site-packages/airflow/models/dagbag.py", line 383, in parse
    loader.exec_module(new_module)
  File "<frozen importlib._bootstrap_external>", line 999, in exec_module
  File "<frozen importlib._bootstrap>", line 488, in _call_with_frames_removed
  File "/opt/airflow/dags/test_pyspark_clickhouse_dag.py", line 1, in <module>
    from pyspark.sql import SparkSession
ModuleNotFoundError: No module named 'pyspark'
[2025-12-16T07:29:49.771+0000] {processor.py:927} WARNING - No viable dags retrieved from /opt/airflow/dags/test_pyspark_clickhouse_dag.py
[2025-12-16T07:29:50.639+0000] {processor.py:208} INFO - Processing /opt/airflow/dags/test_pyspark_clickhouse_dag.py took 1.719 seconds
[2025-12-16T07:32:35.770+0000] {processor.py:186} INFO - Started process (PID=1260) to work on /opt/airflow/dags/test_pyspark_clickhouse_dag.py
[2025-12-16T07:32:35.776+0000] {processor.py:914} INFO - Processing file /opt/airflow/dags/test_pyspark_clickhouse_dag.py for tasks to queue
[2025-12-16T07:32:35.781+0000] {logging_mixin.py:190} INFO - [2025-12-16T07:32:35.780+0000] {dagbag.py:588} INFO - Filling up the DagBag from /opt/airflow/dags/test_pyspark_clickhouse_dag.py
[2025-12-16T07:32:35.994+0000] {logging_mixin.py:190} INFO - [2025-12-16T07:32:35.952+0000] {dagbag.py:387} ERROR - Failed to import: /opt/airflow/dags/test_pyspark_clickhouse_dag.py
Traceback (most recent call last):
  File "/home/airflow/.local/lib/python3.12/site-packages/airflow/models/dagbag.py", line 383, in parse
    loader.exec_module(new_module)
  File "<frozen importlib._bootstrap_external>", line 999, in exec_module
  File "<frozen importlib._bootstrap>", line 488, in _call_with_frames_removed
  File "/opt/airflow/dags/test_pyspark_clickhouse_dag.py", line 1, in <module>
    from pyspark.sql import SparkSession
ModuleNotFoundError: No module named 'pyspark'
[2025-12-16T07:32:36.011+0000] {processor.py:927} WARNING - No viable dags retrieved from /opt/airflow/dags/test_pyspark_clickhouse_dag.py
[2025-12-16T07:32:36.219+0000] {processor.py:208} INFO - Processing /opt/airflow/dags/test_pyspark_clickhouse_dag.py took 0.469 seconds
[2025-12-16T07:33:12.330+0000] {processor.py:186} INFO - Started process (PID=1332) to work on /opt/airflow/dags/test_pyspark_clickhouse_dag.py
[2025-12-16T07:33:12.334+0000] {processor.py:914} INFO - Processing file /opt/airflow/dags/test_pyspark_clickhouse_dag.py for tasks to queue
[2025-12-16T07:33:12.330+0000] {logging_mixin.py:190} INFO - [2025-12-16T07:33:12.329+0000] {dagbag.py:588} INFO - Filling up the DagBag from /opt/airflow/dags/test_pyspark_clickhouse_dag.py
[2025-12-16T07:33:12.559+0000] {logging_mixin.py:190} INFO - [2025-12-16T07:33:12.498+0000] {dagbag.py:387} ERROR - Failed to import: /opt/airflow/dags/test_pyspark_clickhouse_dag.py
Traceback (most recent call last):
  File "/home/airflow/.local/lib/python3.12/site-packages/airflow/models/dagbag.py", line 383, in parse
    loader.exec_module(new_module)
  File "<frozen importlib._bootstrap_external>", line 999, in exec_module
  File "<frozen importlib._bootstrap>", line 488, in _call_with_frames_removed
  File "/opt/airflow/dags/test_pyspark_clickhouse_dag.py", line 1, in <module>
    from pyspark.sql import SparkSession
ModuleNotFoundError: No module named 'pyspark'
[2025-12-16T07:33:12.578+0000] {processor.py:927} WARNING - No viable dags retrieved from /opt/airflow/dags/test_pyspark_clickhouse_dag.py
[2025-12-16T07:33:12.765+0000] {processor.py:208} INFO - Processing /opt/airflow/dags/test_pyspark_clickhouse_dag.py took 0.555 seconds
[2025-12-16T07:33:44.498+0000] {processor.py:186} INFO - Started process (PID=1403) to work on /opt/airflow/dags/test_pyspark_clickhouse_dag.py
[2025-12-16T07:33:44.501+0000] {processor.py:914} INFO - Processing file /opt/airflow/dags/test_pyspark_clickhouse_dag.py for tasks to queue
[2025-12-16T07:33:44.505+0000] {logging_mixin.py:190} INFO - [2025-12-16T07:33:44.504+0000] {dagbag.py:588} INFO - Filling up the DagBag from /opt/airflow/dags/test_pyspark_clickhouse_dag.py
[2025-12-16T07:33:44.583+0000] {logging_mixin.py:190} INFO - [2025-12-16T07:33:44.564+0000] {dagbag.py:387} ERROR - Failed to import: /opt/airflow/dags/test_pyspark_clickhouse_dag.py
Traceback (most recent call last):
  File "/home/airflow/.local/lib/python3.12/site-packages/airflow/models/dagbag.py", line 383, in parse
    loader.exec_module(new_module)
  File "<frozen importlib._bootstrap_external>", line 999, in exec_module
  File "<frozen importlib._bootstrap>", line 488, in _call_with_frames_removed
  File "/opt/airflow/dags/test_pyspark_clickhouse_dag.py", line 1, in <module>
    from pyspark.sql import SparkSession
ModuleNotFoundError: No module named 'pyspark'
[2025-12-16T07:33:44.591+0000] {processor.py:927} WARNING - No viable dags retrieved from /opt/airflow/dags/test_pyspark_clickhouse_dag.py
[2025-12-16T07:33:44.663+0000] {processor.py:208} INFO - Processing /opt/airflow/dags/test_pyspark_clickhouse_dag.py took 0.186 seconds
[2025-12-16T07:34:16.546+0000] {processor.py:186} INFO - Started process (PID=1476) to work on /opt/airflow/dags/test_pyspark_clickhouse_dag.py
[2025-12-16T07:34:16.549+0000] {processor.py:914} INFO - Processing file /opt/airflow/dags/test_pyspark_clickhouse_dag.py for tasks to queue
[2025-12-16T07:34:16.556+0000] {logging_mixin.py:190} INFO - [2025-12-16T07:34:16.554+0000] {dagbag.py:588} INFO - Filling up the DagBag from /opt/airflow/dags/test_pyspark_clickhouse_dag.py
[2025-12-16T07:34:16.673+0000] {logging_mixin.py:190} INFO - [2025-12-16T07:34:16.626+0000] {dagbag.py:387} ERROR - Failed to import: /opt/airflow/dags/test_pyspark_clickhouse_dag.py
Traceback (most recent call last):
  File "/home/airflow/.local/lib/python3.12/site-packages/airflow/models/dagbag.py", line 383, in parse
    loader.exec_module(new_module)
  File "<frozen importlib._bootstrap_external>", line 999, in exec_module
  File "<frozen importlib._bootstrap>", line 488, in _call_with_frames_removed
  File "/opt/airflow/dags/test_pyspark_clickhouse_dag.py", line 1, in <module>
    from pyspark.sql import SparkSession
ModuleNotFoundError: No module named 'pyspark'
[2025-12-16T07:34:16.682+0000] {processor.py:927} WARNING - No viable dags retrieved from /opt/airflow/dags/test_pyspark_clickhouse_dag.py
[2025-12-16T07:34:16.740+0000] {processor.py:208} INFO - Processing /opt/airflow/dags/test_pyspark_clickhouse_dag.py took 0.213 seconds
[2025-12-16T07:34:49.272+0000] {processor.py:186} INFO - Started process (PID=1550) to work on /opt/airflow/dags/test_pyspark_clickhouse_dag.py
[2025-12-16T07:34:49.280+0000] {processor.py:914} INFO - Processing file /opt/airflow/dags/test_pyspark_clickhouse_dag.py for tasks to queue
[2025-12-16T07:34:49.288+0000] {logging_mixin.py:190} INFO - [2025-12-16T07:34:49.287+0000] {dagbag.py:588} INFO - Filling up the DagBag from /opt/airflow/dags/test_pyspark_clickhouse_dag.py
[2025-12-16T07:34:49.524+0000] {logging_mixin.py:190} INFO - [2025-12-16T07:34:49.480+0000] {dagbag.py:387} ERROR - Failed to import: /opt/airflow/dags/test_pyspark_clickhouse_dag.py
Traceback (most recent call last):
  File "/home/airflow/.local/lib/python3.12/site-packages/airflow/models/dagbag.py", line 383, in parse
    loader.exec_module(new_module)
  File "<frozen importlib._bootstrap_external>", line 999, in exec_module
  File "<frozen importlib._bootstrap>", line 488, in _call_with_frames_removed
  File "/opt/airflow/dags/test_pyspark_clickhouse_dag.py", line 1, in <module>
    from pyspark.sql import SparkSession
ModuleNotFoundError: No module named 'pyspark'
[2025-12-16T07:34:49.529+0000] {processor.py:927} WARNING - No viable dags retrieved from /opt/airflow/dags/test_pyspark_clickhouse_dag.py
[2025-12-16T07:34:49.632+0000] {processor.py:208} INFO - Processing /opt/airflow/dags/test_pyspark_clickhouse_dag.py took 0.409 seconds
[2025-12-16T07:35:28.761+0000] {processor.py:186} INFO - Started process (PID=1628) to work on /opt/airflow/dags/test_pyspark_clickhouse_dag.py
[2025-12-16T07:35:28.774+0000] {processor.py:914} INFO - Processing file /opt/airflow/dags/test_pyspark_clickhouse_dag.py for tasks to queue
[2025-12-16T07:35:28.789+0000] {logging_mixin.py:190} INFO - [2025-12-16T07:35:28.779+0000] {dagbag.py:588} INFO - Filling up the DagBag from /opt/airflow/dags/test_pyspark_clickhouse_dag.py
[2025-12-16T07:35:28.886+0000] {logging_mixin.py:190} INFO - [2025-12-16T07:35:28.875+0000] {dagbag.py:387} ERROR - Failed to import: /opt/airflow/dags/test_pyspark_clickhouse_dag.py
Traceback (most recent call last):
  File "/home/airflow/.local/lib/python3.12/site-packages/airflow/models/dagbag.py", line 383, in parse
    loader.exec_module(new_module)
  File "<frozen importlib._bootstrap_external>", line 999, in exec_module
  File "<frozen importlib._bootstrap>", line 488, in _call_with_frames_removed
  File "/opt/airflow/dags/test_pyspark_clickhouse_dag.py", line 1, in <module>
    from pyspark.sql import SparkSession
ModuleNotFoundError: No module named 'pyspark'
[2025-12-16T07:35:28.891+0000] {processor.py:927} WARNING - No viable dags retrieved from /opt/airflow/dags/test_pyspark_clickhouse_dag.py
[2025-12-16T07:35:28.958+0000] {processor.py:208} INFO - Processing /opt/airflow/dags/test_pyspark_clickhouse_dag.py took 0.222 seconds
[2025-12-16T07:36:26.411+0000] {processor.py:186} INFO - Started process (PID=1728) to work on /opt/airflow/dags/test_pyspark_clickhouse_dag.py
[2025-12-16T07:36:26.424+0000] {processor.py:914} INFO - Processing file /opt/airflow/dags/test_pyspark_clickhouse_dag.py for tasks to queue
[2025-12-16T07:36:26.478+0000] {logging_mixin.py:190} INFO - [2025-12-16T07:36:26.467+0000] {dagbag.py:588} INFO - Filling up the DagBag from /opt/airflow/dags/test_pyspark_clickhouse_dag.py
[2025-12-16T07:36:26.642+0000] {logging_mixin.py:190} INFO - [2025-12-16T07:36:26.623+0000] {dagbag.py:387} ERROR - Failed to import: /opt/airflow/dags/test_pyspark_clickhouse_dag.py
Traceback (most recent call last):
  File "/home/airflow/.local/lib/python3.12/site-packages/airflow/models/dagbag.py", line 383, in parse
    loader.exec_module(new_module)
  File "<frozen importlib._bootstrap_external>", line 999, in exec_module
  File "<frozen importlib._bootstrap>", line 488, in _call_with_frames_removed
  File "/opt/airflow/dags/test_pyspark_clickhouse_dag.py", line 1, in <module>
    from pyspark.sql import SparkSession
ModuleNotFoundError: No module named 'pyspark'
[2025-12-16T07:36:26.646+0000] {processor.py:927} WARNING - No viable dags retrieved from /opt/airflow/dags/test_pyspark_clickhouse_dag.py
[2025-12-16T07:36:26.777+0000] {processor.py:208} INFO - Processing /opt/airflow/dags/test_pyspark_clickhouse_dag.py took 0.392 seconds
[2025-12-16T07:36:57.183+0000] {processor.py:186} INFO - Started process (PID=1800) to work on /opt/airflow/dags/test_pyspark_clickhouse_dag.py
[2025-12-16T07:36:57.185+0000] {processor.py:914} INFO - Processing file /opt/airflow/dags/test_pyspark_clickhouse_dag.py for tasks to queue
[2025-12-16T07:36:57.190+0000] {logging_mixin.py:190} INFO - [2025-12-16T07:36:57.189+0000] {dagbag.py:588} INFO - Filling up the DagBag from /opt/airflow/dags/test_pyspark_clickhouse_dag.py
[2025-12-16T07:36:57.233+0000] {logging_mixin.py:190} INFO - [2025-12-16T07:36:57.224+0000] {dagbag.py:387} ERROR - Failed to import: /opt/airflow/dags/test_pyspark_clickhouse_dag.py
Traceback (most recent call last):
  File "/home/airflow/.local/lib/python3.12/site-packages/airflow/models/dagbag.py", line 383, in parse
    loader.exec_module(new_module)
  File "<frozen importlib._bootstrap_external>", line 999, in exec_module
  File "<frozen importlib._bootstrap>", line 488, in _call_with_frames_removed
  File "/opt/airflow/dags/test_pyspark_clickhouse_dag.py", line 1, in <module>
    from pyspark.sql import SparkSession
ModuleNotFoundError: No module named 'pyspark'
[2025-12-16T07:36:57.236+0000] {processor.py:927} WARNING - No viable dags retrieved from /opt/airflow/dags/test_pyspark_clickhouse_dag.py
[2025-12-16T07:36:57.284+0000] {processor.py:208} INFO - Processing /opt/airflow/dags/test_pyspark_clickhouse_dag.py took 0.119 seconds
[2025-12-16T07:37:32.480+0000] {processor.py:186} INFO - Started process (PID=1873) to work on /opt/airflow/dags/test_pyspark_clickhouse_dag.py
[2025-12-16T07:37:32.483+0000] {processor.py:914} INFO - Processing file /opt/airflow/dags/test_pyspark_clickhouse_dag.py for tasks to queue
[2025-12-16T07:37:32.486+0000] {logging_mixin.py:190} INFO - [2025-12-16T07:37:32.485+0000] {dagbag.py:588} INFO - Filling up the DagBag from /opt/airflow/dags/test_pyspark_clickhouse_dag.py
[2025-12-16T07:37:32.533+0000] {logging_mixin.py:190} INFO - [2025-12-16T07:37:32.523+0000] {dagbag.py:387} ERROR - Failed to import: /opt/airflow/dags/test_pyspark_clickhouse_dag.py
Traceback (most recent call last):
  File "/home/airflow/.local/lib/python3.12/site-packages/airflow/models/dagbag.py", line 383, in parse
    loader.exec_module(new_module)
  File "<frozen importlib._bootstrap_external>", line 999, in exec_module
  File "<frozen importlib._bootstrap>", line 488, in _call_with_frames_removed
  File "/opt/airflow/dags/test_pyspark_clickhouse_dag.py", line 1, in <module>
    from pyspark.sql import SparkSession
ModuleNotFoundError: No module named 'pyspark'
[2025-12-16T07:37:32.536+0000] {processor.py:927} WARNING - No viable dags retrieved from /opt/airflow/dags/test_pyspark_clickhouse_dag.py
[2025-12-16T07:37:32.588+0000] {processor.py:208} INFO - Processing /opt/airflow/dags/test_pyspark_clickhouse_dag.py took 0.125 seconds
[2025-12-16T07:38:08.017+0000] {processor.py:186} INFO - Started process (PID=1945) to work on /opt/airflow/dags/test_pyspark_clickhouse_dag.py
[2025-12-16T07:38:08.025+0000] {processor.py:914} INFO - Processing file /opt/airflow/dags/test_pyspark_clickhouse_dag.py for tasks to queue
[2025-12-16T07:38:08.038+0000] {logging_mixin.py:190} INFO - [2025-12-16T07:38:08.036+0000] {dagbag.py:588} INFO - Filling up the DagBag from /opt/airflow/dags/test_pyspark_clickhouse_dag.py
[2025-12-16T07:38:08.171+0000] {logging_mixin.py:190} INFO - [2025-12-16T07:38:08.140+0000] {dagbag.py:387} ERROR - Failed to import: /opt/airflow/dags/test_pyspark_clickhouse_dag.py
Traceback (most recent call last):
  File "/home/airflow/.local/lib/python3.12/site-packages/airflow/models/dagbag.py", line 383, in parse
    loader.exec_module(new_module)
  File "<frozen importlib._bootstrap_external>", line 999, in exec_module
  File "<frozen importlib._bootstrap>", line 488, in _call_with_frames_removed
  File "/opt/airflow/dags/test_pyspark_clickhouse_dag.py", line 1, in <module>
    from pyspark.sql import SparkSession
ModuleNotFoundError: No module named 'pyspark'
[2025-12-16T07:38:08.180+0000] {processor.py:927} WARNING - No viable dags retrieved from /opt/airflow/dags/test_pyspark_clickhouse_dag.py
[2025-12-16T07:38:08.294+0000] {processor.py:208} INFO - Processing /opt/airflow/dags/test_pyspark_clickhouse_dag.py took 0.313 seconds
[2025-12-16T07:38:51.800+0000] {processor.py:186} INFO - Started process (PID=2041) to work on /opt/airflow/dags/test_pyspark_clickhouse_dag.py
[2025-12-16T07:38:51.803+0000] {processor.py:914} INFO - Processing file /opt/airflow/dags/test_pyspark_clickhouse_dag.py for tasks to queue
[2025-12-16T07:38:51.807+0000] {logging_mixin.py:190} INFO - [2025-12-16T07:38:51.806+0000] {dagbag.py:588} INFO - Filling up the DagBag from /opt/airflow/dags/test_pyspark_clickhouse_dag.py
[2025-12-16T07:38:51.850+0000] {logging_mixin.py:190} INFO - [2025-12-16T07:38:51.841+0000] {dagbag.py:387} ERROR - Failed to import: /opt/airflow/dags/test_pyspark_clickhouse_dag.py
Traceback (most recent call last):
  File "/home/airflow/.local/lib/python3.12/site-packages/airflow/models/dagbag.py", line 383, in parse
    loader.exec_module(new_module)
  File "<frozen importlib._bootstrap_external>", line 999, in exec_module
  File "<frozen importlib._bootstrap>", line 488, in _call_with_frames_removed
  File "/opt/airflow/dags/test_pyspark_clickhouse_dag.py", line 1, in <module>
    from pyspark.sql import SparkSession
ModuleNotFoundError: No module named 'pyspark'
[2025-12-16T07:38:51.861+0000] {processor.py:927} WARNING - No viable dags retrieved from /opt/airflow/dags/test_pyspark_clickhouse_dag.py
[2025-12-16T07:38:51.909+0000] {processor.py:208} INFO - Processing /opt/airflow/dags/test_pyspark_clickhouse_dag.py took 0.125 seconds
[2025-12-16T07:52:21.255+0000] {processor.py:186} INFO - Started process (PID=2166) to work on /opt/airflow/dags/test_pyspark_clickhouse_dag.py
[2025-12-16T07:52:21.266+0000] {processor.py:914} INFO - Processing file /opt/airflow/dags/test_pyspark_clickhouse_dag.py for tasks to queue
[2025-12-16T07:52:21.272+0000] {logging_mixin.py:190} INFO - [2025-12-16T07:52:21.271+0000] {dagbag.py:588} INFO - Filling up the DagBag from /opt/airflow/dags/test_pyspark_clickhouse_dag.py
[2025-12-16T07:52:21.417+0000] {logging_mixin.py:190} INFO - [2025-12-16T07:52:21.381+0000] {dagbag.py:387} ERROR - Failed to import: /opt/airflow/dags/test_pyspark_clickhouse_dag.py
Traceback (most recent call last):
  File "/home/airflow/.local/lib/python3.12/site-packages/airflow/models/dagbag.py", line 383, in parse
    loader.exec_module(new_module)
  File "<frozen importlib._bootstrap_external>", line 999, in exec_module
  File "<frozen importlib._bootstrap>", line 488, in _call_with_frames_removed
  File "/opt/airflow/dags/test_pyspark_clickhouse_dag.py", line 1, in <module>
    from pyspark.sql import SparkSession
ModuleNotFoundError: No module named 'pyspark'
[2025-12-16T07:52:21.423+0000] {processor.py:927} WARNING - No viable dags retrieved from /opt/airflow/dags/test_pyspark_clickhouse_dag.py
[2025-12-16T07:52:21.509+0000] {processor.py:208} INFO - Processing /opt/airflow/dags/test_pyspark_clickhouse_dag.py took 0.278 seconds
[2025-12-16T07:53:34.923+0000] {processor.py:186} INFO - Started process (PID=2258) to work on /opt/airflow/dags/test_pyspark_clickhouse_dag.py
[2025-12-16T07:53:34.928+0000] {processor.py:914} INFO - Processing file /opt/airflow/dags/test_pyspark_clickhouse_dag.py for tasks to queue
[2025-12-16T07:53:34.939+0000] {logging_mixin.py:190} INFO - [2025-12-16T07:53:34.937+0000] {dagbag.py:588} INFO - Filling up the DagBag from /opt/airflow/dags/test_pyspark_clickhouse_dag.py
[2025-12-16T07:53:35.290+0000] {logging_mixin.py:190} INFO - [2025-12-16T07:53:35.243+0000] {dagbag.py:387} ERROR - Failed to import: /opt/airflow/dags/test_pyspark_clickhouse_dag.py
Traceback (most recent call last):
  File "/home/airflow/.local/lib/python3.12/site-packages/airflow/models/dagbag.py", line 383, in parse
    loader.exec_module(new_module)
  File "<frozen importlib._bootstrap_external>", line 999, in exec_module
  File "<frozen importlib._bootstrap>", line 488, in _call_with_frames_removed
  File "/opt/airflow/dags/test_pyspark_clickhouse_dag.py", line 1, in <module>
    from pyspark.sql import SparkSession
ModuleNotFoundError: No module named 'pyspark'
[2025-12-16T07:53:35.307+0000] {processor.py:927} WARNING - No viable dags retrieved from /opt/airflow/dags/test_pyspark_clickhouse_dag.py
[2025-12-16T07:53:35.555+0000] {processor.py:208} INFO - Processing /opt/airflow/dags/test_pyspark_clickhouse_dag.py took 0.682 seconds
[2025-12-16T07:54:37.865+0000] {processor.py:186} INFO - Started process (PID=2337) to work on /opt/airflow/dags/test_pyspark_clickhouse_dag.py
[2025-12-16T07:54:37.882+0000] {processor.py:914} INFO - Processing file /opt/airflow/dags/test_pyspark_clickhouse_dag.py for tasks to queue
[2025-12-16T07:54:37.891+0000] {logging_mixin.py:190} INFO - [2025-12-16T07:54:37.890+0000] {dagbag.py:588} INFO - Filling up the DagBag from /opt/airflow/dags/test_pyspark_clickhouse_dag.py
[2025-12-16T07:54:38.066+0000] {logging_mixin.py:190} INFO - [2025-12-16T07:54:38.036+0000] {dagbag.py:387} ERROR - Failed to import: /opt/airflow/dags/test_pyspark_clickhouse_dag.py
Traceback (most recent call last):
  File "/home/airflow/.local/lib/python3.12/site-packages/airflow/models/dagbag.py", line 383, in parse
    loader.exec_module(new_module)
  File "<frozen importlib._bootstrap_external>", line 999, in exec_module
  File "<frozen importlib._bootstrap>", line 488, in _call_with_frames_removed
  File "/opt/airflow/dags/test_pyspark_clickhouse_dag.py", line 1, in <module>
    from pyspark.sql import SparkSession
ModuleNotFoundError: No module named 'pyspark'
[2025-12-16T07:54:38.078+0000] {processor.py:927} WARNING - No viable dags retrieved from /opt/airflow/dags/test_pyspark_clickhouse_dag.py
[2025-12-16T07:54:38.260+0000] {processor.py:208} INFO - Processing /opt/airflow/dags/test_pyspark_clickhouse_dag.py took 0.449 seconds
[2025-12-16T07:55:35.687+0000] {processor.py:186} INFO - Started process (PID=2433) to work on /opt/airflow/dags/test_pyspark_clickhouse_dag.py
[2025-12-16T07:55:35.703+0000] {processor.py:914} INFO - Processing file /opt/airflow/dags/test_pyspark_clickhouse_dag.py for tasks to queue
[2025-12-16T07:55:35.715+0000] {logging_mixin.py:190} INFO - [2025-12-16T07:55:35.714+0000] {dagbag.py:588} INFO - Filling up the DagBag from /opt/airflow/dags/test_pyspark_clickhouse_dag.py
[2025-12-16T07:55:35.805+0000] {logging_mixin.py:190} INFO - [2025-12-16T07:55:35.783+0000] {dagbag.py:387} ERROR - Failed to import: /opt/airflow/dags/test_pyspark_clickhouse_dag.py
Traceback (most recent call last):
  File "/home/airflow/.local/lib/python3.12/site-packages/airflow/models/dagbag.py", line 383, in parse
    loader.exec_module(new_module)
  File "<frozen importlib._bootstrap_external>", line 999, in exec_module
  File "<frozen importlib._bootstrap>", line 488, in _call_with_frames_removed
  File "/opt/airflow/dags/test_pyspark_clickhouse_dag.py", line 1, in <module>
    from pyspark.sql import SparkSession
ModuleNotFoundError: No module named 'pyspark'
[2025-12-16T07:55:35.827+0000] {processor.py:927} WARNING - No viable dags retrieved from /opt/airflow/dags/test_pyspark_clickhouse_dag.py
[2025-12-16T07:55:35.901+0000] {processor.py:208} INFO - Processing /opt/airflow/dags/test_pyspark_clickhouse_dag.py took 0.250 seconds
[2025-12-16T07:56:18.302+0000] {processor.py:186} INFO - Started process (PID=2508) to work on /opt/airflow/dags/test_pyspark_clickhouse_dag.py
[2025-12-16T07:56:18.306+0000] {processor.py:914} INFO - Processing file /opt/airflow/dags/test_pyspark_clickhouse_dag.py for tasks to queue
[2025-12-16T07:56:18.321+0000] {logging_mixin.py:190} INFO - [2025-12-16T07:56:18.318+0000] {dagbag.py:588} INFO - Filling up the DagBag from /opt/airflow/dags/test_pyspark_clickhouse_dag.py
[2025-12-16T07:56:18.431+0000] {logging_mixin.py:190} INFO - [2025-12-16T07:56:18.421+0000] {dagbag.py:387} ERROR - Failed to import: /opt/airflow/dags/test_pyspark_clickhouse_dag.py
Traceback (most recent call last):
  File "/home/airflow/.local/lib/python3.12/site-packages/airflow/models/dagbag.py", line 383, in parse
    loader.exec_module(new_module)
  File "<frozen importlib._bootstrap_external>", line 999, in exec_module
  File "<frozen importlib._bootstrap>", line 488, in _call_with_frames_removed
  File "/opt/airflow/dags/test_pyspark_clickhouse_dag.py", line 1, in <module>
    from pyspark.sql import SparkSession
ModuleNotFoundError: No module named 'pyspark'
[2025-12-16T07:56:18.441+0000] {processor.py:927} WARNING - No viable dags retrieved from /opt/airflow/dags/test_pyspark_clickhouse_dag.py
[2025-12-16T07:56:18.526+0000] {processor.py:208} INFO - Processing /opt/airflow/dags/test_pyspark_clickhouse_dag.py took 0.252 seconds
[2025-12-16T07:56:51.427+0000] {processor.py:186} INFO - Started process (PID=2581) to work on /opt/airflow/dags/test_pyspark_clickhouse_dag.py
[2025-12-16T07:56:51.430+0000] {processor.py:914} INFO - Processing file /opt/airflow/dags/test_pyspark_clickhouse_dag.py for tasks to queue
[2025-12-16T07:56:51.435+0000] {logging_mixin.py:190} INFO - [2025-12-16T07:56:51.433+0000] {dagbag.py:588} INFO - Filling up the DagBag from /opt/airflow/dags/test_pyspark_clickhouse_dag.py
[2025-12-16T07:56:51.520+0000] {logging_mixin.py:190} INFO - [2025-12-16T07:56:51.486+0000] {dagbag.py:387} ERROR - Failed to import: /opt/airflow/dags/test_pyspark_clickhouse_dag.py
Traceback (most recent call last):
  File "/home/airflow/.local/lib/python3.12/site-packages/airflow/models/dagbag.py", line 383, in parse
    loader.exec_module(new_module)
  File "<frozen importlib._bootstrap_external>", line 999, in exec_module
  File "<frozen importlib._bootstrap>", line 488, in _call_with_frames_removed
  File "/opt/airflow/dags/test_pyspark_clickhouse_dag.py", line 1, in <module>
    from pyspark.sql import SparkSession
ModuleNotFoundError: No module named 'pyspark'
[2025-12-16T07:56:51.527+0000] {processor.py:927} WARNING - No viable dags retrieved from /opt/airflow/dags/test_pyspark_clickhouse_dag.py
[2025-12-16T07:56:51.662+0000] {processor.py:208} INFO - Processing /opt/airflow/dags/test_pyspark_clickhouse_dag.py took 0.265 seconds
[2025-12-16T07:57:26.037+0000] {processor.py:186} INFO - Started process (PID=2655) to work on /opt/airflow/dags/test_pyspark_clickhouse_dag.py
[2025-12-16T07:57:26.041+0000] {processor.py:914} INFO - Processing file /opt/airflow/dags/test_pyspark_clickhouse_dag.py for tasks to queue
[2025-12-16T07:57:26.056+0000] {logging_mixin.py:190} INFO - [2025-12-16T07:57:26.055+0000] {dagbag.py:588} INFO - Filling up the DagBag from /opt/airflow/dags/test_pyspark_clickhouse_dag.py
[2025-12-16T07:57:26.349+0000] {logging_mixin.py:190} INFO - [2025-12-16T07:57:26.150+0000] {dagbag.py:387} ERROR - Failed to import: /opt/airflow/dags/test_pyspark_clickhouse_dag.py
Traceback (most recent call last):
  File "/home/airflow/.local/lib/python3.12/site-packages/airflow/models/dagbag.py", line 383, in parse
    loader.exec_module(new_module)
  File "<frozen importlib._bootstrap_external>", line 999, in exec_module
  File "<frozen importlib._bootstrap>", line 488, in _call_with_frames_removed
  File "/opt/airflow/dags/test_pyspark_clickhouse_dag.py", line 1, in <module>
    from pyspark.sql import SparkSession
ModuleNotFoundError: No module named 'pyspark'
[2025-12-16T07:57:26.361+0000] {processor.py:927} WARNING - No viable dags retrieved from /opt/airflow/dags/test_pyspark_clickhouse_dag.py
[2025-12-16T07:57:26.483+0000] {processor.py:208} INFO - Processing /opt/airflow/dags/test_pyspark_clickhouse_dag.py took 0.489 seconds
[2025-12-16T07:58:15.168+0000] {processor.py:186} INFO - Started process (PID=2734) to work on /opt/airflow/dags/test_pyspark_clickhouse_dag.py
[2025-12-16T07:58:15.171+0000] {processor.py:914} INFO - Processing file /opt/airflow/dags/test_pyspark_clickhouse_dag.py for tasks to queue
[2025-12-16T07:58:15.176+0000] {logging_mixin.py:190} INFO - [2025-12-16T07:58:15.175+0000] {dagbag.py:588} INFO - Filling up the DagBag from /opt/airflow/dags/test_pyspark_clickhouse_dag.py
[2025-12-16T07:58:15.283+0000] {logging_mixin.py:190} INFO - [2025-12-16T07:58:15.263+0000] {dagbag.py:387} ERROR - Failed to import: /opt/airflow/dags/test_pyspark_clickhouse_dag.py
Traceback (most recent call last):
  File "/home/airflow/.local/lib/python3.12/site-packages/airflow/models/dagbag.py", line 383, in parse
    loader.exec_module(new_module)
  File "<frozen importlib._bootstrap_external>", line 999, in exec_module
  File "<frozen importlib._bootstrap>", line 488, in _call_with_frames_removed
  File "/opt/airflow/dags/test_pyspark_clickhouse_dag.py", line 1, in <module>
    from pyspark.sql import SparkSession
ModuleNotFoundError: No module named 'pyspark'
[2025-12-16T07:58:15.288+0000] {processor.py:927} WARNING - No viable dags retrieved from /opt/airflow/dags/test_pyspark_clickhouse_dag.py
[2025-12-16T07:58:15.367+0000] {processor.py:208} INFO - Processing /opt/airflow/dags/test_pyspark_clickhouse_dag.py took 0.244 seconds
[2025-12-16T07:58:46.888+0000] {processor.py:186} INFO - Started process (PID=2806) to work on /opt/airflow/dags/test_pyspark_clickhouse_dag.py
[2025-12-16T07:58:46.898+0000] {processor.py:914} INFO - Processing file /opt/airflow/dags/test_pyspark_clickhouse_dag.py for tasks to queue
[2025-12-16T07:58:46.902+0000] {logging_mixin.py:190} INFO - [2025-12-16T07:58:46.901+0000] {dagbag.py:588} INFO - Filling up the DagBag from /opt/airflow/dags/test_pyspark_clickhouse_dag.py
[2025-12-16T07:58:47.066+0000] {logging_mixin.py:190} INFO - [2025-12-16T07:58:47.046+0000] {dagbag.py:387} ERROR - Failed to import: /opt/airflow/dags/test_pyspark_clickhouse_dag.py
Traceback (most recent call last):
  File "/home/airflow/.local/lib/python3.12/site-packages/airflow/models/dagbag.py", line 383, in parse
    loader.exec_module(new_module)
  File "<frozen importlib._bootstrap_external>", line 999, in exec_module
  File "<frozen importlib._bootstrap>", line 488, in _call_with_frames_removed
  File "/opt/airflow/dags/test_pyspark_clickhouse_dag.py", line 1, in <module>
    from pyspark.sql import SparkSession
ModuleNotFoundError: No module named 'pyspark'
[2025-12-16T07:58:47.074+0000] {processor.py:927} WARNING - No viable dags retrieved from /opt/airflow/dags/test_pyspark_clickhouse_dag.py
[2025-12-16T07:58:47.436+0000] {processor.py:208} INFO - Processing /opt/airflow/dags/test_pyspark_clickhouse_dag.py took 0.605 seconds
[2025-12-16T07:59:30.476+0000] {processor.py:186} INFO - Started process (PID=2881) to work on /opt/airflow/dags/test_pyspark_clickhouse_dag.py
[2025-12-16T07:59:30.479+0000] {processor.py:914} INFO - Processing file /opt/airflow/dags/test_pyspark_clickhouse_dag.py for tasks to queue
[2025-12-16T07:59:30.491+0000] {logging_mixin.py:190} INFO - [2025-12-16T07:59:30.490+0000] {dagbag.py:588} INFO - Filling up the DagBag from /opt/airflow/dags/test_pyspark_clickhouse_dag.py
[2025-12-16T07:59:30.613+0000] {logging_mixin.py:190} INFO - [2025-12-16T07:59:30.591+0000] {dagbag.py:387} ERROR - Failed to import: /opt/airflow/dags/test_pyspark_clickhouse_dag.py
Traceback (most recent call last):
  File "/home/airflow/.local/lib/python3.12/site-packages/airflow/models/dagbag.py", line 383, in parse
    loader.exec_module(new_module)
  File "<frozen importlib._bootstrap_external>", line 999, in exec_module
  File "<frozen importlib._bootstrap>", line 488, in _call_with_frames_removed
  File "/opt/airflow/dags/test_pyspark_clickhouse_dag.py", line 1, in <module>
    from pyspark.sql import SparkSession
ModuleNotFoundError: No module named 'pyspark'
[2025-12-16T07:59:30.634+0000] {processor.py:927} WARNING - No viable dags retrieved from /opt/airflow/dags/test_pyspark_clickhouse_dag.py
[2025-12-16T07:59:30.770+0000] {processor.py:208} INFO - Processing /opt/airflow/dags/test_pyspark_clickhouse_dag.py took 0.318 seconds
[2025-12-16T08:00:19.010+0000] {processor.py:186} INFO - Started process (PID=2960) to work on /opt/airflow/dags/test_pyspark_clickhouse_dag.py
[2025-12-16T08:00:19.026+0000] {processor.py:914} INFO - Processing file /opt/airflow/dags/test_pyspark_clickhouse_dag.py for tasks to queue
[2025-12-16T08:00:19.039+0000] {logging_mixin.py:190} INFO - [2025-12-16T08:00:19.038+0000] {dagbag.py:588} INFO - Filling up the DagBag from /opt/airflow/dags/test_pyspark_clickhouse_dag.py
[2025-12-16T08:00:19.149+0000] {logging_mixin.py:190} INFO - [2025-12-16T08:00:19.129+0000] {dagbag.py:387} ERROR - Failed to import: /opt/airflow/dags/test_pyspark_clickhouse_dag.py
Traceback (most recent call last):
  File "/home/airflow/.local/lib/python3.12/site-packages/airflow/models/dagbag.py", line 383, in parse
    loader.exec_module(new_module)
  File "<frozen importlib._bootstrap_external>", line 999, in exec_module
  File "<frozen importlib._bootstrap>", line 488, in _call_with_frames_removed
  File "/opt/airflow/dags/test_pyspark_clickhouse_dag.py", line 1, in <module>
    from pyspark.sql import SparkSession
ModuleNotFoundError: No module named 'pyspark'
[2025-12-16T08:00:19.156+0000] {processor.py:927} WARNING - No viable dags retrieved from /opt/airflow/dags/test_pyspark_clickhouse_dag.py
[2025-12-16T08:00:19.329+0000] {processor.py:208} INFO - Processing /opt/airflow/dags/test_pyspark_clickhouse_dag.py took 0.386 seconds
[2025-12-16T08:01:03.733+0000] {processor.py:186} INFO - Started process (PID=3037) to work on /opt/airflow/dags/test_pyspark_clickhouse_dag.py
[2025-12-16T08:01:03.735+0000] {processor.py:914} INFO - Processing file /opt/airflow/dags/test_pyspark_clickhouse_dag.py for tasks to queue
[2025-12-16T08:01:03.741+0000] {logging_mixin.py:190} INFO - [2025-12-16T08:01:03.740+0000] {dagbag.py:588} INFO - Filling up the DagBag from /opt/airflow/dags/test_pyspark_clickhouse_dag.py
[2025-12-16T08:01:03.801+0000] {logging_mixin.py:190} INFO - [2025-12-16T08:01:03.787+0000] {dagbag.py:387} ERROR - Failed to import: /opt/airflow/dags/test_pyspark_clickhouse_dag.py
Traceback (most recent call last):
  File "/home/airflow/.local/lib/python3.12/site-packages/airflow/models/dagbag.py", line 383, in parse
    loader.exec_module(new_module)
  File "<frozen importlib._bootstrap_external>", line 999, in exec_module
  File "<frozen importlib._bootstrap>", line 488, in _call_with_frames_removed
  File "/opt/airflow/dags/test_pyspark_clickhouse_dag.py", line 1, in <module>
    from pyspark.sql import SparkSession
ModuleNotFoundError: No module named 'pyspark'
[2025-12-16T08:01:03.804+0000] {processor.py:927} WARNING - No viable dags retrieved from /opt/airflow/dags/test_pyspark_clickhouse_dag.py
[2025-12-16T08:01:03.869+0000] {processor.py:208} INFO - Processing /opt/airflow/dags/test_pyspark_clickhouse_dag.py took 0.159 seconds
[2025-12-16T08:01:48.066+0000] {processor.py:186} INFO - Started process (PID=3124) to work on /opt/airflow/dags/test_pyspark_clickhouse_dag.py
[2025-12-16T08:01:48.069+0000] {processor.py:914} INFO - Processing file /opt/airflow/dags/test_pyspark_clickhouse_dag.py for tasks to queue
[2025-12-16T08:01:48.072+0000] {logging_mixin.py:190} INFO - [2025-12-16T08:01:48.072+0000] {dagbag.py:588} INFO - Filling up the DagBag from /opt/airflow/dags/test_pyspark_clickhouse_dag.py
[2025-12-16T08:01:48.122+0000] {logging_mixin.py:190} INFO - [2025-12-16T08:01:48.111+0000] {dagbag.py:387} ERROR - Failed to import: /opt/airflow/dags/test_pyspark_clickhouse_dag.py
Traceback (most recent call last):
  File "/home/airflow/.local/lib/python3.12/site-packages/airflow/models/dagbag.py", line 383, in parse
    loader.exec_module(new_module)
  File "<frozen importlib._bootstrap_external>", line 999, in exec_module
  File "<frozen importlib._bootstrap>", line 488, in _call_with_frames_removed
  File "/opt/airflow/dags/test_pyspark_clickhouse_dag.py", line 1, in <module>
    from pyspark.sql import SparkSession
ModuleNotFoundError: No module named 'pyspark'
[2025-12-16T08:01:48.127+0000] {processor.py:927} WARNING - No viable dags retrieved from /opt/airflow/dags/test_pyspark_clickhouse_dag.py
[2025-12-16T08:01:48.187+0000] {processor.py:208} INFO - Processing /opt/airflow/dags/test_pyspark_clickhouse_dag.py took 0.140 seconds
[2025-12-16T08:02:24.154+0000] {processor.py:186} INFO - Started process (PID=3199) to work on /opt/airflow/dags/test_pyspark_clickhouse_dag.py
[2025-12-16T08:02:24.159+0000] {processor.py:914} INFO - Processing file /opt/airflow/dags/test_pyspark_clickhouse_dag.py for tasks to queue
[2025-12-16T08:02:24.170+0000] {logging_mixin.py:190} INFO - [2025-12-16T08:02:24.168+0000] {dagbag.py:588} INFO - Filling up the DagBag from /opt/airflow/dags/test_pyspark_clickhouse_dag.py
[2025-12-16T08:02:24.235+0000] {logging_mixin.py:190} INFO - [2025-12-16T08:02:24.221+0000] {dagbag.py:387} ERROR - Failed to import: /opt/airflow/dags/test_pyspark_clickhouse_dag.py
Traceback (most recent call last):
  File "/home/airflow/.local/lib/python3.12/site-packages/airflow/models/dagbag.py", line 383, in parse
    loader.exec_module(new_module)
  File "<frozen importlib._bootstrap_external>", line 999, in exec_module
  File "<frozen importlib._bootstrap>", line 488, in _call_with_frames_removed
  File "/opt/airflow/dags/test_pyspark_clickhouse_dag.py", line 1, in <module>
    from pyspark.sql import SparkSession
ModuleNotFoundError: No module named 'pyspark'
[2025-12-16T08:02:24.239+0000] {processor.py:927} WARNING - No viable dags retrieved from /opt/airflow/dags/test_pyspark_clickhouse_dag.py
[2025-12-16T08:02:24.336+0000] {processor.py:208} INFO - Processing /opt/airflow/dags/test_pyspark_clickhouse_dag.py took 0.211 seconds
[2025-12-16T08:03:04.427+0000] {processor.py:186} INFO - Started process (PID=3274) to work on /opt/airflow/dags/test_pyspark_clickhouse_dag.py
[2025-12-16T08:03:04.430+0000] {processor.py:914} INFO - Processing file /opt/airflow/dags/test_pyspark_clickhouse_dag.py for tasks to queue
[2025-12-16T08:03:04.434+0000] {logging_mixin.py:190} INFO - [2025-12-16T08:03:04.433+0000] {dagbag.py:588} INFO - Filling up the DagBag from /opt/airflow/dags/test_pyspark_clickhouse_dag.py
[2025-12-16T08:03:04.567+0000] {logging_mixin.py:190} INFO - [2025-12-16T08:03:04.514+0000] {dagbag.py:387} ERROR - Failed to import: /opt/airflow/dags/test_pyspark_clickhouse_dag.py
Traceback (most recent call last):
  File "/home/airflow/.local/lib/python3.12/site-packages/airflow/models/dagbag.py", line 383, in parse
    loader.exec_module(new_module)
  File "<frozen importlib._bootstrap_external>", line 999, in exec_module
  File "<frozen importlib._bootstrap>", line 488, in _call_with_frames_removed
  File "/opt/airflow/dags/test_pyspark_clickhouse_dag.py", line 1, in <module>
    from pyspark.sql import SparkSession
ModuleNotFoundError: No module named 'pyspark'
[2025-12-16T08:03:04.596+0000] {processor.py:927} WARNING - No viable dags retrieved from /opt/airflow/dags/test_pyspark_clickhouse_dag.py
[2025-12-16T08:03:04.734+0000] {processor.py:208} INFO - Processing /opt/airflow/dags/test_pyspark_clickhouse_dag.py took 0.327 seconds
[2025-12-16T08:03:41.923+0000] {processor.py:186} INFO - Started process (PID=3347) to work on /opt/airflow/dags/test_pyspark_clickhouse_dag.py
[2025-12-16T08:03:41.930+0000] {processor.py:914} INFO - Processing file /opt/airflow/dags/test_pyspark_clickhouse_dag.py for tasks to queue
[2025-12-16T08:03:41.934+0000] {logging_mixin.py:190} INFO - [2025-12-16T08:03:41.933+0000] {dagbag.py:588} INFO - Filling up the DagBag from /opt/airflow/dags/test_pyspark_clickhouse_dag.py
[2025-12-16T08:03:41.977+0000] {logging_mixin.py:190} INFO - [2025-12-16T08:03:41.968+0000] {dagbag.py:387} ERROR - Failed to import: /opt/airflow/dags/test_pyspark_clickhouse_dag.py
Traceback (most recent call last):
  File "/home/airflow/.local/lib/python3.12/site-packages/airflow/models/dagbag.py", line 383, in parse
    loader.exec_module(new_module)
  File "<frozen importlib._bootstrap_external>", line 999, in exec_module
  File "<frozen importlib._bootstrap>", line 488, in _call_with_frames_removed
  File "/opt/airflow/dags/test_pyspark_clickhouse_dag.py", line 1, in <module>
    from pyspark.sql import SparkSession
ModuleNotFoundError: No module named 'pyspark'
[2025-12-16T08:03:41.979+0000] {processor.py:927} WARNING - No viable dags retrieved from /opt/airflow/dags/test_pyspark_clickhouse_dag.py
[2025-12-16T08:03:42.029+0000] {processor.py:208} INFO - Processing /opt/airflow/dags/test_pyspark_clickhouse_dag.py took 0.129 seconds
[2025-12-16T08:04:23.999+0000] {processor.py:186} INFO - Started process (PID=3434) to work on /opt/airflow/dags/test_pyspark_clickhouse_dag.py
[2025-12-16T08:04:24.010+0000] {processor.py:914} INFO - Processing file /opt/airflow/dags/test_pyspark_clickhouse_dag.py for tasks to queue
[2025-12-16T08:04:24.019+0000] {logging_mixin.py:190} INFO - [2025-12-16T08:04:24.018+0000] {dagbag.py:588} INFO - Filling up the DagBag from /opt/airflow/dags/test_pyspark_clickhouse_dag.py
[2025-12-16T08:04:24.113+0000] {logging_mixin.py:190} INFO - [2025-12-16T08:04:24.102+0000] {dagbag.py:387} ERROR - Failed to import: /opt/airflow/dags/test_pyspark_clickhouse_dag.py
Traceback (most recent call last):
  File "/home/airflow/.local/lib/python3.12/site-packages/airflow/models/dagbag.py", line 383, in parse
    loader.exec_module(new_module)
  File "<frozen importlib._bootstrap_external>", line 999, in exec_module
  File "<frozen importlib._bootstrap>", line 488, in _call_with_frames_removed
  File "/opt/airflow/dags/test_pyspark_clickhouse_dag.py", line 1, in <module>
    from pyspark.sql import SparkSession
ModuleNotFoundError: No module named 'pyspark'
[2025-12-16T08:04:24.119+0000] {processor.py:927} WARNING - No viable dags retrieved from /opt/airflow/dags/test_pyspark_clickhouse_dag.py
[2025-12-16T08:04:24.221+0000] {processor.py:208} INFO - Processing /opt/airflow/dags/test_pyspark_clickhouse_dag.py took 0.254 seconds
[2025-12-16T08:05:05.801+0000] {processor.py:186} INFO - Started process (PID=3510) to work on /opt/airflow/dags/test_pyspark_clickhouse_dag.py
[2025-12-16T08:05:05.804+0000] {processor.py:914} INFO - Processing file /opt/airflow/dags/test_pyspark_clickhouse_dag.py for tasks to queue
[2025-12-16T08:05:05.811+0000] {logging_mixin.py:190} INFO - [2025-12-16T08:05:05.810+0000] {dagbag.py:588} INFO - Filling up the DagBag from /opt/airflow/dags/test_pyspark_clickhouse_dag.py
[2025-12-16T08:05:05.908+0000] {logging_mixin.py:190} INFO - [2025-12-16T08:05:05.889+0000] {dagbag.py:387} ERROR - Failed to import: /opt/airflow/dags/test_pyspark_clickhouse_dag.py
Traceback (most recent call last):
  File "/home/airflow/.local/lib/python3.12/site-packages/airflow/models/dagbag.py", line 383, in parse
    loader.exec_module(new_module)
  File "<frozen importlib._bootstrap_external>", line 999, in exec_module
  File "<frozen importlib._bootstrap>", line 488, in _call_with_frames_removed
  File "/opt/airflow/dags/test_pyspark_clickhouse_dag.py", line 1, in <module>
    from pyspark.sql import SparkSession
ModuleNotFoundError: No module named 'pyspark'
[2025-12-16T08:05:05.913+0000] {processor.py:927} WARNING - No viable dags retrieved from /opt/airflow/dags/test_pyspark_clickhouse_dag.py
[2025-12-16T08:05:05.993+0000] {processor.py:208} INFO - Processing /opt/airflow/dags/test_pyspark_clickhouse_dag.py took 0.252 seconds
[2025-12-16T08:05:44.315+0000] {processor.py:186} INFO - Started process (PID=3593) to work on /opt/airflow/dags/test_pyspark_clickhouse_dag.py
[2025-12-16T08:05:44.318+0000] {processor.py:914} INFO - Processing file /opt/airflow/dags/test_pyspark_clickhouse_dag.py for tasks to queue
[2025-12-16T08:05:44.323+0000] {logging_mixin.py:190} INFO - [2025-12-16T08:05:44.322+0000] {dagbag.py:588} INFO - Filling up the DagBag from /opt/airflow/dags/test_pyspark_clickhouse_dag.py
[2025-12-16T08:05:44.376+0000] {logging_mixin.py:190} INFO - [2025-12-16T08:05:44.365+0000] {dagbag.py:387} ERROR - Failed to import: /opt/airflow/dags/test_pyspark_clickhouse_dag.py
Traceback (most recent call last):
  File "/home/airflow/.local/lib/python3.12/site-packages/airflow/models/dagbag.py", line 383, in parse
    loader.exec_module(new_module)
  File "<frozen importlib._bootstrap_external>", line 999, in exec_module
  File "<frozen importlib._bootstrap>", line 488, in _call_with_frames_removed
  File "/opt/airflow/dags/test_pyspark_clickhouse_dag.py", line 1, in <module>
    from pyspark.sql import SparkSession
ModuleNotFoundError: No module named 'pyspark'
[2025-12-16T08:05:44.382+0000] {processor.py:927} WARNING - No viable dags retrieved from /opt/airflow/dags/test_pyspark_clickhouse_dag.py
[2025-12-16T08:05:44.449+0000] {processor.py:208} INFO - Processing /opt/airflow/dags/test_pyspark_clickhouse_dag.py took 0.151 seconds
[2025-12-16T08:06:38.806+0000] {processor.py:186} INFO - Started process (PID=3677) to work on /opt/airflow/dags/test_pyspark_clickhouse_dag.py
[2025-12-16T08:06:38.821+0000] {processor.py:914} INFO - Processing file /opt/airflow/dags/test_pyspark_clickhouse_dag.py for tasks to queue
[2025-12-16T08:06:38.834+0000] {logging_mixin.py:190} INFO - [2025-12-16T08:06:38.826+0000] {dagbag.py:588} INFO - Filling up the DagBag from /opt/airflow/dags/test_pyspark_clickhouse_dag.py
[2025-12-16T08:06:39.068+0000] {logging_mixin.py:190} INFO - [2025-12-16T08:06:39.039+0000] {dagbag.py:387} ERROR - Failed to import: /opt/airflow/dags/test_pyspark_clickhouse_dag.py
Traceback (most recent call last):
  File "/home/airflow/.local/lib/python3.12/site-packages/airflow/models/dagbag.py", line 383, in parse
    loader.exec_module(new_module)
  File "<frozen importlib._bootstrap_external>", line 999, in exec_module
  File "<frozen importlib._bootstrap>", line 488, in _call_with_frames_removed
  File "/opt/airflow/dags/test_pyspark_clickhouse_dag.py", line 1, in <module>
    from pyspark.sql import SparkSession
ModuleNotFoundError: No module named 'pyspark'
[2025-12-16T08:06:39.081+0000] {processor.py:927} WARNING - No viable dags retrieved from /opt/airflow/dags/test_pyspark_clickhouse_dag.py
[2025-12-16T08:06:39.184+0000] {processor.py:208} INFO - Processing /opt/airflow/dags/test_pyspark_clickhouse_dag.py took 0.445 seconds
[2025-12-16T08:09:38.079+0000] {processor.py:186} INFO - Started process (PID=3791) to work on /opt/airflow/dags/test_pyspark_clickhouse_dag.py
[2025-12-16T08:09:38.090+0000] {processor.py:914} INFO - Processing file /opt/airflow/dags/test_pyspark_clickhouse_dag.py for tasks to queue
[2025-12-16T08:09:38.104+0000] {logging_mixin.py:190} INFO - [2025-12-16T08:09:38.102+0000] {dagbag.py:588} INFO - Filling up the DagBag from /opt/airflow/dags/test_pyspark_clickhouse_dag.py
[2025-12-16T08:09:38.278+0000] {logging_mixin.py:190} INFO - [2025-12-16T08:09:38.243+0000] {dagbag.py:387} ERROR - Failed to import: /opt/airflow/dags/test_pyspark_clickhouse_dag.py
Traceback (most recent call last):
  File "/home/airflow/.local/lib/python3.12/site-packages/airflow/models/dagbag.py", line 383, in parse
    loader.exec_module(new_module)
  File "<frozen importlib._bootstrap_external>", line 999, in exec_module
  File "<frozen importlib._bootstrap>", line 488, in _call_with_frames_removed
  File "/opt/airflow/dags/test_pyspark_clickhouse_dag.py", line 1, in <module>
    from pyspark.sql import SparkSession
ModuleNotFoundError: No module named 'pyspark'
[2025-12-16T08:09:38.291+0000] {processor.py:927} WARNING - No viable dags retrieved from /opt/airflow/dags/test_pyspark_clickhouse_dag.py
[2025-12-16T08:09:38.627+0000] {processor.py:208} INFO - Processing /opt/airflow/dags/test_pyspark_clickhouse_dag.py took 0.635 seconds
[2025-12-16T08:16:16.252+0000] {processor.py:186} INFO - Started process (PID=3912) to work on /opt/airflow/dags/test_pyspark_clickhouse_dag.py
[2025-12-16T08:16:16.374+0000] {processor.py:914} INFO - Processing file /opt/airflow/dags/test_pyspark_clickhouse_dag.py for tasks to queue
[2025-12-16T08:16:16.390+0000] {logging_mixin.py:190} INFO - [2025-12-16T08:16:16.381+0000] {dagbag.py:588} INFO - Filling up the DagBag from /opt/airflow/dags/test_pyspark_clickhouse_dag.py
[2025-12-16T08:16:16.553+0000] {logging_mixin.py:190} INFO - [2025-12-16T08:16:16.537+0000] {dagbag.py:387} ERROR - Failed to import: /opt/airflow/dags/test_pyspark_clickhouse_dag.py
Traceback (most recent call last):
  File "/home/airflow/.local/lib/python3.12/site-packages/airflow/models/dagbag.py", line 383, in parse
    loader.exec_module(new_module)
  File "<frozen importlib._bootstrap_external>", line 999, in exec_module
  File "<frozen importlib._bootstrap>", line 488, in _call_with_frames_removed
  File "/opt/airflow/dags/test_pyspark_clickhouse_dag.py", line 1, in <module>
    from pyspark.sql import SparkSession
ModuleNotFoundError: No module named 'pyspark'
[2025-12-16T08:16:16.566+0000] {processor.py:927} WARNING - No viable dags retrieved from /opt/airflow/dags/test_pyspark_clickhouse_dag.py
[2025-12-16T08:16:16.748+0000] {processor.py:208} INFO - Processing /opt/airflow/dags/test_pyspark_clickhouse_dag.py took 0.543 seconds
[2025-12-16T08:17:13.816+0000] {processor.py:186} INFO - Started process (PID=3992) to work on /opt/airflow/dags/test_pyspark_clickhouse_dag.py
[2025-12-16T08:17:13.830+0000] {processor.py:914} INFO - Processing file /opt/airflow/dags/test_pyspark_clickhouse_dag.py for tasks to queue
[2025-12-16T08:17:13.840+0000] {logging_mixin.py:190} INFO - [2025-12-16T08:17:13.839+0000] {dagbag.py:588} INFO - Filling up the DagBag from /opt/airflow/dags/test_pyspark_clickhouse_dag.py
[2025-12-16T08:17:14.077+0000] {logging_mixin.py:190} INFO - [2025-12-16T08:17:14.060+0000] {dagbag.py:387} ERROR - Failed to import: /opt/airflow/dags/test_pyspark_clickhouse_dag.py
Traceback (most recent call last):
  File "/home/airflow/.local/lib/python3.12/site-packages/airflow/models/dagbag.py", line 383, in parse
    loader.exec_module(new_module)
  File "<frozen importlib._bootstrap_external>", line 999, in exec_module
  File "<frozen importlib._bootstrap>", line 488, in _call_with_frames_removed
  File "/opt/airflow/dags/test_pyspark_clickhouse_dag.py", line 1, in <module>
    from pyspark.sql import SparkSession
ModuleNotFoundError: No module named 'pyspark'
[2025-12-16T08:17:14.082+0000] {processor.py:927} WARNING - No viable dags retrieved from /opt/airflow/dags/test_pyspark_clickhouse_dag.py
[2025-12-16T08:17:14.298+0000] {processor.py:208} INFO - Processing /opt/airflow/dags/test_pyspark_clickhouse_dag.py took 0.552 seconds
[2025-12-16T08:17:52.005+0000] {processor.py:186} INFO - Started process (PID=4069) to work on /opt/airflow/dags/test_pyspark_clickhouse_dag.py
[2025-12-16T08:17:52.008+0000] {processor.py:914} INFO - Processing file /opt/airflow/dags/test_pyspark_clickhouse_dag.py for tasks to queue
[2025-12-16T08:17:52.015+0000] {logging_mixin.py:190} INFO - [2025-12-16T08:17:52.014+0000] {dagbag.py:588} INFO - Filling up the DagBag from /opt/airflow/dags/test_pyspark_clickhouse_dag.py
[2025-12-16T08:17:52.097+0000] {logging_mixin.py:190} INFO - [2025-12-16T08:17:52.078+0000] {dagbag.py:387} ERROR - Failed to import: /opt/airflow/dags/test_pyspark_clickhouse_dag.py
Traceback (most recent call last):
  File "/home/airflow/.local/lib/python3.12/site-packages/airflow/models/dagbag.py", line 383, in parse
    loader.exec_module(new_module)
  File "<frozen importlib._bootstrap_external>", line 999, in exec_module
  File "<frozen importlib._bootstrap>", line 488, in _call_with_frames_removed
  File "/opt/airflow/dags/test_pyspark_clickhouse_dag.py", line 1, in <module>
    from pyspark.sql import SparkSession
ModuleNotFoundError: No module named 'pyspark'
[2025-12-16T08:17:52.104+0000] {processor.py:927} WARNING - No viable dags retrieved from /opt/airflow/dags/test_pyspark_clickhouse_dag.py
[2025-12-16T08:17:52.176+0000] {processor.py:208} INFO - Processing /opt/airflow/dags/test_pyspark_clickhouse_dag.py took 0.196 seconds
[2025-12-16T08:18:28.211+0000] {processor.py:186} INFO - Started process (PID=4148) to work on /opt/airflow/dags/test_pyspark_clickhouse_dag.py
[2025-12-16T08:18:28.225+0000] {processor.py:914} INFO - Processing file /opt/airflow/dags/test_pyspark_clickhouse_dag.py for tasks to queue
[2025-12-16T08:18:28.229+0000] {logging_mixin.py:190} INFO - [2025-12-16T08:18:28.228+0000] {dagbag.py:588} INFO - Filling up the DagBag from /opt/airflow/dags/test_pyspark_clickhouse_dag.py
[2025-12-16T08:18:28.379+0000] {logging_mixin.py:190} INFO - [2025-12-16T08:18:28.343+0000] {dagbag.py:387} ERROR - Failed to import: /opt/airflow/dags/test_pyspark_clickhouse_dag.py
Traceback (most recent call last):
  File "/home/airflow/.local/lib/python3.12/site-packages/airflow/models/dagbag.py", line 383, in parse
    loader.exec_module(new_module)
  File "<frozen importlib._bootstrap_external>", line 999, in exec_module
  File "<frozen importlib._bootstrap>", line 488, in _call_with_frames_removed
  File "/opt/airflow/dags/test_pyspark_clickhouse_dag.py", line 1, in <module>
    from pyspark.sql import SparkSession
ModuleNotFoundError: No module named 'pyspark'
[2025-12-16T08:18:28.389+0000] {processor.py:927} WARNING - No viable dags retrieved from /opt/airflow/dags/test_pyspark_clickhouse_dag.py
[2025-12-16T08:18:28.536+0000] {processor.py:208} INFO - Processing /opt/airflow/dags/test_pyspark_clickhouse_dag.py took 0.364 seconds
[2025-12-16T08:19:11.204+0000] {processor.py:186} INFO - Started process (PID=4233) to work on /opt/airflow/dags/test_pyspark_clickhouse_dag.py
[2025-12-16T08:19:11.207+0000] {processor.py:914} INFO - Processing file /opt/airflow/dags/test_pyspark_clickhouse_dag.py for tasks to queue
[2025-12-16T08:19:11.220+0000] {logging_mixin.py:190} INFO - [2025-12-16T08:19:11.219+0000] {dagbag.py:588} INFO - Filling up the DagBag from /opt/airflow/dags/test_pyspark_clickhouse_dag.py
[2025-12-16T08:19:11.344+0000] {logging_mixin.py:190} INFO - [2025-12-16T08:19:11.312+0000] {dagbag.py:387} ERROR - Failed to import: /opt/airflow/dags/test_pyspark_clickhouse_dag.py
Traceback (most recent call last):
  File "/home/airflow/.local/lib/python3.12/site-packages/airflow/models/dagbag.py", line 383, in parse
    loader.exec_module(new_module)
  File "<frozen importlib._bootstrap_external>", line 999, in exec_module
  File "<frozen importlib._bootstrap>", line 488, in _call_with_frames_removed
  File "/opt/airflow/dags/test_pyspark_clickhouse_dag.py", line 1, in <module>
    from pyspark.sql import SparkSession
ModuleNotFoundError: No module named 'pyspark'
[2025-12-16T08:19:11.361+0000] {processor.py:927} WARNING - No viable dags retrieved from /opt/airflow/dags/test_pyspark_clickhouse_dag.py
[2025-12-16T08:19:11.483+0000] {processor.py:208} INFO - Processing /opt/airflow/dags/test_pyspark_clickhouse_dag.py took 0.313 seconds
[2025-12-16T08:19:42.115+0000] {processor.py:186} INFO - Started process (PID=4305) to work on /opt/airflow/dags/test_pyspark_clickhouse_dag.py
[2025-12-16T08:19:42.118+0000] {processor.py:914} INFO - Processing file /opt/airflow/dags/test_pyspark_clickhouse_dag.py for tasks to queue
[2025-12-16T08:19:42.126+0000] {logging_mixin.py:190} INFO - [2025-12-16T08:19:42.124+0000] {dagbag.py:588} INFO - Filling up the DagBag from /opt/airflow/dags/test_pyspark_clickhouse_dag.py
[2025-12-16T08:19:42.188+0000] {logging_mixin.py:190} INFO - [2025-12-16T08:19:42.174+0000] {dagbag.py:387} ERROR - Failed to import: /opt/airflow/dags/test_pyspark_clickhouse_dag.py
Traceback (most recent call last):
  File "/home/airflow/.local/lib/python3.12/site-packages/airflow/models/dagbag.py", line 383, in parse
    loader.exec_module(new_module)
  File "<frozen importlib._bootstrap_external>", line 999, in exec_module
  File "<frozen importlib._bootstrap>", line 488, in _call_with_frames_removed
  File "/opt/airflow/dags/test_pyspark_clickhouse_dag.py", line 1, in <module>
    from pyspark.sql import SparkSession
ModuleNotFoundError: No module named 'pyspark'
[2025-12-16T08:19:42.196+0000] {processor.py:927} WARNING - No viable dags retrieved from /opt/airflow/dags/test_pyspark_clickhouse_dag.py
[2025-12-16T08:19:42.283+0000] {processor.py:208} INFO - Processing /opt/airflow/dags/test_pyspark_clickhouse_dag.py took 0.197 seconds
[2025-12-16T08:20:13.455+0000] {processor.py:186} INFO - Started process (PID=4377) to work on /opt/airflow/dags/test_pyspark_clickhouse_dag.py
[2025-12-16T08:20:13.457+0000] {processor.py:914} INFO - Processing file /opt/airflow/dags/test_pyspark_clickhouse_dag.py for tasks to queue
[2025-12-16T08:20:13.461+0000] {logging_mixin.py:190} INFO - [2025-12-16T08:20:13.460+0000] {dagbag.py:588} INFO - Filling up the DagBag from /opt/airflow/dags/test_pyspark_clickhouse_dag.py
[2025-12-16T08:20:13.555+0000] {logging_mixin.py:190} INFO - [2025-12-16T08:20:13.535+0000] {dagbag.py:387} ERROR - Failed to import: /opt/airflow/dags/test_pyspark_clickhouse_dag.py
Traceback (most recent call last):
  File "/home/airflow/.local/lib/python3.12/site-packages/airflow/models/dagbag.py", line 383, in parse
    loader.exec_module(new_module)
  File "<frozen importlib._bootstrap_external>", line 999, in exec_module
  File "<frozen importlib._bootstrap>", line 488, in _call_with_frames_removed
  File "/opt/airflow/dags/test_pyspark_clickhouse_dag.py", line 1, in <module>
    from pyspark.sql import SparkSession
ModuleNotFoundError: No module named 'pyspark'
[2025-12-16T08:20:13.563+0000] {processor.py:927} WARNING - No viable dags retrieved from /opt/airflow/dags/test_pyspark_clickhouse_dag.py
[2025-12-16T08:20:13.632+0000] {processor.py:208} INFO - Processing /opt/airflow/dags/test_pyspark_clickhouse_dag.py took 0.192 seconds
[2025-12-16T08:20:45.799+0000] {processor.py:186} INFO - Started process (PID=4450) to work on /opt/airflow/dags/test_pyspark_clickhouse_dag.py
[2025-12-16T08:20:45.802+0000] {processor.py:914} INFO - Processing file /opt/airflow/dags/test_pyspark_clickhouse_dag.py for tasks to queue
[2025-12-16T08:20:45.807+0000] {logging_mixin.py:190} INFO - [2025-12-16T08:20:45.805+0000] {dagbag.py:588} INFO - Filling up the DagBag from /opt/airflow/dags/test_pyspark_clickhouse_dag.py
[2025-12-16T08:20:45.850+0000] {logging_mixin.py:190} INFO - [2025-12-16T08:20:45.843+0000] {dagbag.py:387} ERROR - Failed to import: /opt/airflow/dags/test_pyspark_clickhouse_dag.py
Traceback (most recent call last):
  File "/home/airflow/.local/lib/python3.12/site-packages/airflow/models/dagbag.py", line 383, in parse
    loader.exec_module(new_module)
  File "<frozen importlib._bootstrap_external>", line 999, in exec_module
  File "<frozen importlib._bootstrap>", line 488, in _call_with_frames_removed
  File "/opt/airflow/dags/test_pyspark_clickhouse_dag.py", line 1, in <module>
    from pyspark.sql import SparkSession
ModuleNotFoundError: No module named 'pyspark'
[2025-12-16T08:20:45.854+0000] {processor.py:927} WARNING - No viable dags retrieved from /opt/airflow/dags/test_pyspark_clickhouse_dag.py
[2025-12-16T08:20:45.933+0000] {processor.py:208} INFO - Processing /opt/airflow/dags/test_pyspark_clickhouse_dag.py took 0.155 seconds
[2025-12-16T08:21:19.100+0000] {processor.py:186} INFO - Started process (PID=4523) to work on /opt/airflow/dags/test_pyspark_clickhouse_dag.py
[2025-12-16T08:21:19.103+0000] {processor.py:914} INFO - Processing file /opt/airflow/dags/test_pyspark_clickhouse_dag.py for tasks to queue
[2025-12-16T08:21:19.110+0000] {logging_mixin.py:190} INFO - [2025-12-16T08:21:19.107+0000] {dagbag.py:588} INFO - Filling up the DagBag from /opt/airflow/dags/test_pyspark_clickhouse_dag.py
[2025-12-16T08:21:19.322+0000] {logging_mixin.py:190} INFO - [2025-12-16T08:21:19.291+0000] {dagbag.py:387} ERROR - Failed to import: /opt/airflow/dags/test_pyspark_clickhouse_dag.py
Traceback (most recent call last):
  File "/home/airflow/.local/lib/python3.12/site-packages/airflow/models/dagbag.py", line 383, in parse
    loader.exec_module(new_module)
  File "<frozen importlib._bootstrap_external>", line 999, in exec_module
  File "<frozen importlib._bootstrap>", line 488, in _call_with_frames_removed
  File "/opt/airflow/dags/test_pyspark_clickhouse_dag.py", line 1, in <module>
    from pyspark.sql import SparkSession
ModuleNotFoundError: No module named 'pyspark'
[2025-12-16T08:21:19.337+0000] {processor.py:927} WARNING - No viable dags retrieved from /opt/airflow/dags/test_pyspark_clickhouse_dag.py
[2025-12-16T08:21:19.499+0000] {processor.py:208} INFO - Processing /opt/airflow/dags/test_pyspark_clickhouse_dag.py took 0.461 seconds
[2025-12-16T08:22:09.179+0000] {processor.py:186} INFO - Started process (PID=4617) to work on /opt/airflow/dags/test_pyspark_clickhouse_dag.py
[2025-12-16T08:22:09.209+0000] {processor.py:914} INFO - Processing file /opt/airflow/dags/test_pyspark_clickhouse_dag.py for tasks to queue
[2025-12-16T08:22:09.246+0000] {logging_mixin.py:190} INFO - [2025-12-16T08:22:09.245+0000] {dagbag.py:588} INFO - Filling up the DagBag from /opt/airflow/dags/test_pyspark_clickhouse_dag.py
[2025-12-16T08:22:09.506+0000] {logging_mixin.py:190} INFO - [2025-12-16T08:22:09.491+0000] {dagbag.py:387} ERROR - Failed to import: /opt/airflow/dags/test_pyspark_clickhouse_dag.py
Traceback (most recent call last):
  File "/home/airflow/.local/lib/python3.12/site-packages/airflow/models/dagbag.py", line 383, in parse
    loader.exec_module(new_module)
  File "<frozen importlib._bootstrap_external>", line 999, in exec_module
  File "<frozen importlib._bootstrap>", line 488, in _call_with_frames_removed
  File "/opt/airflow/dags/test_pyspark_clickhouse_dag.py", line 1, in <module>
    from pyspark.sql import SparkSession
ModuleNotFoundError: No module named 'pyspark'
[2025-12-16T08:22:09.513+0000] {processor.py:927} WARNING - No viable dags retrieved from /opt/airflow/dags/test_pyspark_clickhouse_dag.py
[2025-12-16T08:22:09.624+0000] {processor.py:208} INFO - Processing /opt/airflow/dags/test_pyspark_clickhouse_dag.py took 0.485 seconds
[2025-12-16T08:22:42.527+0000] {processor.py:186} INFO - Started process (PID=4690) to work on /opt/airflow/dags/test_pyspark_clickhouse_dag.py
[2025-12-16T08:22:42.529+0000] {processor.py:914} INFO - Processing file /opt/airflow/dags/test_pyspark_clickhouse_dag.py for tasks to queue
[2025-12-16T08:22:42.533+0000] {logging_mixin.py:190} INFO - [2025-12-16T08:22:42.532+0000] {dagbag.py:588} INFO - Filling up the DagBag from /opt/airflow/dags/test_pyspark_clickhouse_dag.py
[2025-12-16T08:22:42.588+0000] {logging_mixin.py:190} INFO - [2025-12-16T08:22:42.575+0000] {dagbag.py:387} ERROR - Failed to import: /opt/airflow/dags/test_pyspark_clickhouse_dag.py
Traceback (most recent call last):
  File "/home/airflow/.local/lib/python3.12/site-packages/airflow/models/dagbag.py", line 383, in parse
    loader.exec_module(new_module)
  File "<frozen importlib._bootstrap_external>", line 999, in exec_module
  File "<frozen importlib._bootstrap>", line 488, in _call_with_frames_removed
  File "/opt/airflow/dags/test_pyspark_clickhouse_dag.py", line 1, in <module>
    from pyspark.sql import SparkSession
ModuleNotFoundError: No module named 'pyspark'
[2025-12-16T08:22:42.591+0000] {processor.py:927} WARNING - No viable dags retrieved from /opt/airflow/dags/test_pyspark_clickhouse_dag.py
[2025-12-16T08:22:42.643+0000] {processor.py:208} INFO - Processing /opt/airflow/dags/test_pyspark_clickhouse_dag.py took 0.136 seconds
[2025-12-16T08:23:24.522+0000] {processor.py:186} INFO - Started process (PID=4769) to work on /opt/airflow/dags/test_pyspark_clickhouse_dag.py
[2025-12-16T08:23:24.525+0000] {processor.py:914} INFO - Processing file /opt/airflow/dags/test_pyspark_clickhouse_dag.py for tasks to queue
[2025-12-16T08:23:24.530+0000] {logging_mixin.py:190} INFO - [2025-12-16T08:23:24.528+0000] {dagbag.py:588} INFO - Filling up the DagBag from /opt/airflow/dags/test_pyspark_clickhouse_dag.py
[2025-12-16T08:23:24.624+0000] {logging_mixin.py:190} INFO - [2025-12-16T08:23:24.597+0000] {dagbag.py:387} ERROR - Failed to import: /opt/airflow/dags/test_pyspark_clickhouse_dag.py
Traceback (most recent call last):
  File "/home/airflow/.local/lib/python3.12/site-packages/airflow/models/dagbag.py", line 383, in parse
    loader.exec_module(new_module)
  File "<frozen importlib._bootstrap_external>", line 999, in exec_module
  File "<frozen importlib._bootstrap>", line 488, in _call_with_frames_removed
  File "/opt/airflow/dags/test_pyspark_clickhouse_dag.py", line 1, in <module>
    from pyspark.sql import SparkSession
ModuleNotFoundError: No module named 'pyspark'
[2025-12-16T08:23:24.629+0000] {processor.py:927} WARNING - No viable dags retrieved from /opt/airflow/dags/test_pyspark_clickhouse_dag.py
[2025-12-16T08:23:24.786+0000] {processor.py:208} INFO - Processing /opt/airflow/dags/test_pyspark_clickhouse_dag.py took 0.289 seconds
[2025-12-16T08:23:55.142+0000] {processor.py:186} INFO - Started process (PID=4840) to work on /opt/airflow/dags/test_pyspark_clickhouse_dag.py
[2025-12-16T08:23:55.150+0000] {processor.py:914} INFO - Processing file /opt/airflow/dags/test_pyspark_clickhouse_dag.py for tasks to queue
[2025-12-16T08:23:55.155+0000] {logging_mixin.py:190} INFO - [2025-12-16T08:23:55.153+0000] {dagbag.py:588} INFO - Filling up the DagBag from /opt/airflow/dags/test_pyspark_clickhouse_dag.py
[2025-12-16T08:23:55.206+0000] {logging_mixin.py:190} INFO - [2025-12-16T08:23:55.195+0000] {dagbag.py:387} ERROR - Failed to import: /opt/airflow/dags/test_pyspark_clickhouse_dag.py
Traceback (most recent call last):
  File "/home/airflow/.local/lib/python3.12/site-packages/airflow/models/dagbag.py", line 383, in parse
    loader.exec_module(new_module)
  File "<frozen importlib._bootstrap_external>", line 999, in exec_module
  File "<frozen importlib._bootstrap>", line 488, in _call_with_frames_removed
  File "/opt/airflow/dags/test_pyspark_clickhouse_dag.py", line 1, in <module>
    from pyspark.sql import SparkSession
ModuleNotFoundError: No module named 'pyspark'
[2025-12-16T08:23:55.210+0000] {processor.py:927} WARNING - No viable dags retrieved from /opt/airflow/dags/test_pyspark_clickhouse_dag.py
[2025-12-16T08:23:55.283+0000] {processor.py:208} INFO - Processing /opt/airflow/dags/test_pyspark_clickhouse_dag.py took 0.160 seconds
[2025-12-16T08:24:26.261+0000] {processor.py:186} INFO - Started process (PID=4912) to work on /opt/airflow/dags/test_pyspark_clickhouse_dag.py
[2025-12-16T08:24:26.265+0000] {processor.py:914} INFO - Processing file /opt/airflow/dags/test_pyspark_clickhouse_dag.py for tasks to queue
[2025-12-16T08:24:26.270+0000] {logging_mixin.py:190} INFO - [2025-12-16T08:24:26.269+0000] {dagbag.py:588} INFO - Filling up the DagBag from /opt/airflow/dags/test_pyspark_clickhouse_dag.py
[2025-12-16T08:24:26.340+0000] {logging_mixin.py:190} INFO - [2025-12-16T08:24:26.323+0000] {dagbag.py:387} ERROR - Failed to import: /opt/airflow/dags/test_pyspark_clickhouse_dag.py
Traceback (most recent call last):
  File "/home/airflow/.local/lib/python3.12/site-packages/airflow/models/dagbag.py", line 383, in parse
    loader.exec_module(new_module)
  File "<frozen importlib._bootstrap_external>", line 999, in exec_module
  File "<frozen importlib._bootstrap>", line 488, in _call_with_frames_removed
  File "/opt/airflow/dags/test_pyspark_clickhouse_dag.py", line 1, in <module>
    from pyspark.sql import SparkSession
ModuleNotFoundError: No module named 'pyspark'
[2025-12-16T08:24:26.344+0000] {processor.py:927} WARNING - No viable dags retrieved from /opt/airflow/dags/test_pyspark_clickhouse_dag.py
[2025-12-16T08:24:26.452+0000] {processor.py:208} INFO - Processing /opt/airflow/dags/test_pyspark_clickhouse_dag.py took 0.210 seconds
[2025-12-16T08:24:56.894+0000] {processor.py:186} INFO - Started process (PID=4984) to work on /opt/airflow/dags/test_pyspark_clickhouse_dag.py
[2025-12-16T08:24:56.901+0000] {processor.py:914} INFO - Processing file /opt/airflow/dags/test_pyspark_clickhouse_dag.py for tasks to queue
[2025-12-16T08:24:56.907+0000] {logging_mixin.py:190} INFO - [2025-12-16T08:24:56.906+0000] {dagbag.py:588} INFO - Filling up the DagBag from /opt/airflow/dags/test_pyspark_clickhouse_dag.py
[2025-12-16T08:24:56.971+0000] {logging_mixin.py:190} INFO - [2025-12-16T08:24:56.961+0000] {dagbag.py:387} ERROR - Failed to import: /opt/airflow/dags/test_pyspark_clickhouse_dag.py
Traceback (most recent call last):
  File "/home/airflow/.local/lib/python3.12/site-packages/airflow/models/dagbag.py", line 383, in parse
    loader.exec_module(new_module)
  File "<frozen importlib._bootstrap_external>", line 999, in exec_module
  File "<frozen importlib._bootstrap>", line 488, in _call_with_frames_removed
  File "/opt/airflow/dags/test_pyspark_clickhouse_dag.py", line 1, in <module>
    from pyspark.sql import SparkSession
ModuleNotFoundError: No module named 'pyspark'
[2025-12-16T08:24:56.974+0000] {processor.py:927} WARNING - No viable dags retrieved from /opt/airflow/dags/test_pyspark_clickhouse_dag.py
[2025-12-16T08:24:57.034+0000] {processor.py:208} INFO - Processing /opt/airflow/dags/test_pyspark_clickhouse_dag.py took 0.161 seconds
[2025-12-16T08:25:30.282+0000] {processor.py:186} INFO - Started process (PID=5061) to work on /opt/airflow/dags/test_pyspark_clickhouse_dag.py
[2025-12-16T08:25:30.284+0000] {processor.py:914} INFO - Processing file /opt/airflow/dags/test_pyspark_clickhouse_dag.py for tasks to queue
[2025-12-16T08:25:30.288+0000] {logging_mixin.py:190} INFO - [2025-12-16T08:25:30.287+0000] {dagbag.py:588} INFO - Filling up the DagBag from /opt/airflow/dags/test_pyspark_clickhouse_dag.py
[2025-12-16T08:25:30.332+0000] {logging_mixin.py:190} INFO - [2025-12-16T08:25:30.323+0000] {dagbag.py:387} ERROR - Failed to import: /opt/airflow/dags/test_pyspark_clickhouse_dag.py
Traceback (most recent call last):
  File "/home/airflow/.local/lib/python3.12/site-packages/airflow/models/dagbag.py", line 383, in parse
    loader.exec_module(new_module)
  File "<frozen importlib._bootstrap_external>", line 999, in exec_module
  File "<frozen importlib._bootstrap>", line 488, in _call_with_frames_removed
  File "/opt/airflow/dags/test_pyspark_clickhouse_dag.py", line 1, in <module>
    from pyspark.sql import SparkSession
ModuleNotFoundError: No module named 'pyspark'
[2025-12-16T08:25:30.335+0000] {processor.py:927} WARNING - No viable dags retrieved from /opt/airflow/dags/test_pyspark_clickhouse_dag.py
[2025-12-16T08:25:30.434+0000] {processor.py:208} INFO - Processing /opt/airflow/dags/test_pyspark_clickhouse_dag.py took 0.167 seconds
[2025-12-16T08:26:07.199+0000] {processor.py:186} INFO - Started process (PID=5138) to work on /opt/airflow/dags/test_pyspark_clickhouse_dag.py
[2025-12-16T08:26:07.203+0000] {processor.py:914} INFO - Processing file /opt/airflow/dags/test_pyspark_clickhouse_dag.py for tasks to queue
[2025-12-16T08:26:07.211+0000] {logging_mixin.py:190} INFO - [2025-12-16T08:26:07.206+0000] {dagbag.py:588} INFO - Filling up the DagBag from /opt/airflow/dags/test_pyspark_clickhouse_dag.py
[2025-12-16T08:26:07.276+0000] {logging_mixin.py:190} INFO - [2025-12-16T08:26:07.267+0000] {dagbag.py:387} ERROR - Failed to import: /opt/airflow/dags/test_pyspark_clickhouse_dag.py
Traceback (most recent call last):
  File "/home/airflow/.local/lib/python3.12/site-packages/airflow/models/dagbag.py", line 383, in parse
    loader.exec_module(new_module)
  File "<frozen importlib._bootstrap_external>", line 999, in exec_module
  File "<frozen importlib._bootstrap>", line 488, in _call_with_frames_removed
  File "/opt/airflow/dags/test_pyspark_clickhouse_dag.py", line 1, in <module>
    from pyspark.sql import SparkSession
ModuleNotFoundError: No module named 'pyspark'
[2025-12-16T08:26:07.279+0000] {processor.py:927} WARNING - No viable dags retrieved from /opt/airflow/dags/test_pyspark_clickhouse_dag.py
[2025-12-16T08:26:07.381+0000] {processor.py:208} INFO - Processing /opt/airflow/dags/test_pyspark_clickhouse_dag.py took 0.200 seconds
[2025-12-16T08:26:50.881+0000] {processor.py:186} INFO - Started process (PID=5222) to work on /opt/airflow/dags/test_pyspark_clickhouse_dag.py
[2025-12-16T08:26:50.884+0000] {processor.py:914} INFO - Processing file /opt/airflow/dags/test_pyspark_clickhouse_dag.py for tasks to queue
[2025-12-16T08:26:50.888+0000] {logging_mixin.py:190} INFO - [2025-12-16T08:26:50.887+0000] {dagbag.py:588} INFO - Filling up the DagBag from /opt/airflow/dags/test_pyspark_clickhouse_dag.py
[2025-12-16T08:26:50.950+0000] {logging_mixin.py:190} INFO - [2025-12-16T08:26:50.926+0000] {dagbag.py:387} ERROR - Failed to import: /opt/airflow/dags/test_pyspark_clickhouse_dag.py
Traceback (most recent call last):
  File "/home/airflow/.local/lib/python3.12/site-packages/airflow/models/dagbag.py", line 383, in parse
    loader.exec_module(new_module)
  File "<frozen importlib._bootstrap_external>", line 999, in exec_module
  File "<frozen importlib._bootstrap>", line 488, in _call_with_frames_removed
  File "/opt/airflow/dags/test_pyspark_clickhouse_dag.py", line 1, in <module>
    from pyspark.sql import SparkSession
ModuleNotFoundError: No module named 'pyspark'
[2025-12-16T08:26:50.956+0000] {processor.py:927} WARNING - No viable dags retrieved from /opt/airflow/dags/test_pyspark_clickhouse_dag.py
[2025-12-16T08:26:51.018+0000] {processor.py:208} INFO - Processing /opt/airflow/dags/test_pyspark_clickhouse_dag.py took 0.152 seconds
[2025-12-16T08:27:59.468+0000] {processor.py:186} INFO - Started process (PID=5321) to work on /opt/airflow/dags/test_pyspark_clickhouse_dag.py
[2025-12-16T08:27:59.484+0000] {processor.py:914} INFO - Processing file /opt/airflow/dags/test_pyspark_clickhouse_dag.py for tasks to queue
[2025-12-16T08:27:59.566+0000] {logging_mixin.py:190} INFO - [2025-12-16T08:27:59.565+0000] {dagbag.py:588} INFO - Filling up the DagBag from /opt/airflow/dags/test_pyspark_clickhouse_dag.py
[2025-12-16T08:27:59.880+0000] {logging_mixin.py:190} INFO - [2025-12-16T08:27:59.817+0000] {dagbag.py:387} ERROR - Failed to import: /opt/airflow/dags/test_pyspark_clickhouse_dag.py
Traceback (most recent call last):
  File "/home/airflow/.local/lib/python3.12/site-packages/airflow/models/dagbag.py", line 383, in parse
    loader.exec_module(new_module)
  File "<frozen importlib._bootstrap_external>", line 999, in exec_module
  File "<frozen importlib._bootstrap>", line 488, in _call_with_frames_removed
  File "/opt/airflow/dags/test_pyspark_clickhouse_dag.py", line 1, in <module>
    from pyspark.sql import SparkSession
ModuleNotFoundError: No module named 'pyspark'
[2025-12-16T08:27:59.911+0000] {processor.py:927} WARNING - No viable dags retrieved from /opt/airflow/dags/test_pyspark_clickhouse_dag.py
[2025-12-16T08:28:00.195+0000] {processor.py:208} INFO - Processing /opt/airflow/dags/test_pyspark_clickhouse_dag.py took 0.843 seconds
[2025-12-16T13:34:16.145+0000] {processor.py:186} INFO - Started process (PID=206) to work on /opt/airflow/dags/test_pyspark_clickhouse_dag.py
[2025-12-16T13:34:16.148+0000] {processor.py:914} INFO - Processing file /opt/airflow/dags/test_pyspark_clickhouse_dag.py for tasks to queue
[2025-12-16T13:34:16.156+0000] {logging_mixin.py:190} INFO - [2025-12-16T13:34:16.154+0000] {dagbag.py:588} INFO - Filling up the DagBag from /opt/airflow/dags/test_pyspark_clickhouse_dag.py
[2025-12-16T13:34:16.221+0000] {logging_mixin.py:190} INFO - [2025-12-16T13:34:16.209+0000] {dagbag.py:387} ERROR - Failed to import: /opt/airflow/dags/test_pyspark_clickhouse_dag.py
Traceback (most recent call last):
  File "/home/airflow/.local/lib/python3.12/site-packages/airflow/models/dagbag.py", line 383, in parse
    loader.exec_module(new_module)
  File "<frozen importlib._bootstrap_external>", line 999, in exec_module
  File "<frozen importlib._bootstrap>", line 488, in _call_with_frames_removed
  File "/opt/airflow/dags/test_pyspark_clickhouse_dag.py", line 1, in <module>
    from pyspark.sql import SparkSession
ModuleNotFoundError: No module named 'pyspark'
[2025-12-16T13:34:16.226+0000] {processor.py:927} WARNING - No viable dags retrieved from /opt/airflow/dags/test_pyspark_clickhouse_dag.py
[2025-12-16T13:34:16.321+0000] {processor.py:208} INFO - Processing /opt/airflow/dags/test_pyspark_clickhouse_dag.py took 0.205 seconds
[2025-12-16T13:35:08.557+0000] {processor.py:186} INFO - Started process (PID=302) to work on /opt/airflow/dags/test_pyspark_clickhouse_dag.py
[2025-12-16T13:35:08.561+0000] {processor.py:914} INFO - Processing file /opt/airflow/dags/test_pyspark_clickhouse_dag.py for tasks to queue
[2025-12-16T13:35:08.572+0000] {logging_mixin.py:190} INFO - [2025-12-16T13:35:08.567+0000] {dagbag.py:588} INFO - Filling up the DagBag from /opt/airflow/dags/test_pyspark_clickhouse_dag.py
[2025-12-16T13:35:08.683+0000] {logging_mixin.py:190} INFO - [2025-12-16T13:35:08.649+0000] {dagbag.py:387} ERROR - Failed to import: /opt/airflow/dags/test_pyspark_clickhouse_dag.py
Traceback (most recent call last):
  File "/home/airflow/.local/lib/python3.12/site-packages/airflow/models/dagbag.py", line 383, in parse
    loader.exec_module(new_module)
  File "<frozen importlib._bootstrap_external>", line 999, in exec_module
  File "<frozen importlib._bootstrap>", line 488, in _call_with_frames_removed
  File "/opt/airflow/dags/test_pyspark_clickhouse_dag.py", line 1, in <module>
    from pyspark.sql import SparkSession
ModuleNotFoundError: No module named 'pyspark'
[2025-12-16T13:35:08.689+0000] {processor.py:927} WARNING - No viable dags retrieved from /opt/airflow/dags/test_pyspark_clickhouse_dag.py
[2025-12-16T13:35:08.913+0000] {processor.py:208} INFO - Processing /opt/airflow/dags/test_pyspark_clickhouse_dag.py took 0.399 seconds
[2025-12-16T13:36:01.201+0000] {processor.py:186} INFO - Started process (PID=398) to work on /opt/airflow/dags/test_pyspark_clickhouse_dag.py
[2025-12-16T13:36:01.205+0000] {processor.py:914} INFO - Processing file /opt/airflow/dags/test_pyspark_clickhouse_dag.py for tasks to queue
[2025-12-16T13:36:01.215+0000] {logging_mixin.py:190} INFO - [2025-12-16T13:36:01.212+0000] {dagbag.py:588} INFO - Filling up the DagBag from /opt/airflow/dags/test_pyspark_clickhouse_dag.py
[2025-12-16T13:36:01.323+0000] {logging_mixin.py:190} INFO - [2025-12-16T13:36:01.293+0000] {dagbag.py:387} ERROR - Failed to import: /opt/airflow/dags/test_pyspark_clickhouse_dag.py
Traceback (most recent call last):
  File "/home/airflow/.local/lib/python3.12/site-packages/airflow/models/dagbag.py", line 383, in parse
    loader.exec_module(new_module)
  File "<frozen importlib._bootstrap_external>", line 999, in exec_module
  File "<frozen importlib._bootstrap>", line 488, in _call_with_frames_removed
  File "/opt/airflow/dags/test_pyspark_clickhouse_dag.py", line 1, in <module>
    from pyspark.sql import SparkSession
ModuleNotFoundError: No module named 'pyspark'
[2025-12-16T13:36:01.328+0000] {processor.py:927} WARNING - No viable dags retrieved from /opt/airflow/dags/test_pyspark_clickhouse_dag.py
[2025-12-16T13:36:01.443+0000] {processor.py:208} INFO - Processing /opt/airflow/dags/test_pyspark_clickhouse_dag.py took 0.289 seconds
[2025-12-16T13:36:34.079+0000] {processor.py:186} INFO - Started process (PID=483) to work on /opt/airflow/dags/test_pyspark_clickhouse_dag.py
[2025-12-16T13:36:34.082+0000] {processor.py:914} INFO - Processing file /opt/airflow/dags/test_pyspark_clickhouse_dag.py for tasks to queue
[2025-12-16T13:36:34.090+0000] {logging_mixin.py:190} INFO - [2025-12-16T13:36:34.089+0000] {dagbag.py:588} INFO - Filling up the DagBag from /opt/airflow/dags/test_pyspark_clickhouse_dag.py
[2025-12-16T13:36:34.238+0000] {logging_mixin.py:190} INFO - [2025-12-16T13:36:34.212+0000] {dagbag.py:387} ERROR - Failed to import: /opt/airflow/dags/test_pyspark_clickhouse_dag.py
Traceback (most recent call last):
  File "/home/airflow/.local/lib/python3.12/site-packages/airflow/models/dagbag.py", line 383, in parse
    loader.exec_module(new_module)
  File "<frozen importlib._bootstrap_external>", line 999, in exec_module
  File "<frozen importlib._bootstrap>", line 488, in _call_with_frames_removed
  File "/opt/airflow/dags/test_pyspark_clickhouse_dag.py", line 1, in <module>
    from pyspark.sql import SparkSession
ModuleNotFoundError: No module named 'pyspark'
[2025-12-16T13:36:34.252+0000] {processor.py:927} WARNING - No viable dags retrieved from /opt/airflow/dags/test_pyspark_clickhouse_dag.py
[2025-12-16T13:36:34.335+0000] {processor.py:208} INFO - Processing /opt/airflow/dags/test_pyspark_clickhouse_dag.py took 0.274 seconds
[2025-12-16T13:37:09.789+0000] {processor.py:186} INFO - Started process (PID=569) to work on /opt/airflow/dags/test_pyspark_clickhouse_dag.py
[2025-12-16T13:37:09.792+0000] {processor.py:914} INFO - Processing file /opt/airflow/dags/test_pyspark_clickhouse_dag.py for tasks to queue
[2025-12-16T13:37:09.825+0000] {logging_mixin.py:190} INFO - [2025-12-16T13:37:09.814+0000] {dagbag.py:588} INFO - Filling up the DagBag from /opt/airflow/dags/test_pyspark_clickhouse_dag.py
[2025-12-16T13:37:09.901+0000] {logging_mixin.py:190} INFO - [2025-12-16T13:37:09.886+0000] {dagbag.py:387} ERROR - Failed to import: /opt/airflow/dags/test_pyspark_clickhouse_dag.py
Traceback (most recent call last):
  File "/home/airflow/.local/lib/python3.12/site-packages/airflow/models/dagbag.py", line 383, in parse
    loader.exec_module(new_module)
  File "<frozen importlib._bootstrap_external>", line 999, in exec_module
  File "<frozen importlib._bootstrap>", line 488, in _call_with_frames_removed
  File "/opt/airflow/dags/test_pyspark_clickhouse_dag.py", line 1, in <module>
    from pyspark.sql import SparkSession
ModuleNotFoundError: No module named 'pyspark'
[2025-12-16T13:37:09.908+0000] {processor.py:927} WARNING - No viable dags retrieved from /opt/airflow/dags/test_pyspark_clickhouse_dag.py
[2025-12-16T13:37:09.998+0000] {processor.py:208} INFO - Processing /opt/airflow/dags/test_pyspark_clickhouse_dag.py took 0.234 seconds
[2025-12-16T13:37:41.659+0000] {processor.py:186} INFO - Started process (PID=655) to work on /opt/airflow/dags/test_pyspark_clickhouse_dag.py
[2025-12-16T13:37:41.674+0000] {processor.py:914} INFO - Processing file /opt/airflow/dags/test_pyspark_clickhouse_dag.py for tasks to queue
[2025-12-16T13:37:41.692+0000] {logging_mixin.py:190} INFO - [2025-12-16T13:37:41.690+0000] {dagbag.py:588} INFO - Filling up the DagBag from /opt/airflow/dags/test_pyspark_clickhouse_dag.py
[2025-12-16T13:37:42.144+0000] {logging_mixin.py:190} INFO - [2025-12-16T13:37:41.952+0000] {dagbag.py:387} ERROR - Failed to import: /opt/airflow/dags/test_pyspark_clickhouse_dag.py
Traceback (most recent call last):
  File "/home/airflow/.local/lib/python3.12/site-packages/airflow/models/dagbag.py", line 383, in parse
    loader.exec_module(new_module)
  File "<frozen importlib._bootstrap_external>", line 999, in exec_module
  File "<frozen importlib._bootstrap>", line 488, in _call_with_frames_removed
  File "/opt/airflow/dags/test_pyspark_clickhouse_dag.py", line 1, in <module>
    from pyspark.sql import SparkSession
ModuleNotFoundError: No module named 'pyspark'
[2025-12-16T13:37:42.187+0000] {processor.py:927} WARNING - No viable dags retrieved from /opt/airflow/dags/test_pyspark_clickhouse_dag.py
[2025-12-16T13:37:42.349+0000] {processor.py:208} INFO - Processing /opt/airflow/dags/test_pyspark_clickhouse_dag.py took 0.725 seconds
[2025-12-16T13:39:30.585+0000] {processor.py:186} INFO - Started process (PID=766) to work on /opt/airflow/dags/test_pyspark_clickhouse_dag.py
[2025-12-16T13:39:30.588+0000] {processor.py:914} INFO - Processing file /opt/airflow/dags/test_pyspark_clickhouse_dag.py for tasks to queue
[2025-12-16T13:39:30.604+0000] {logging_mixin.py:190} INFO - [2025-12-16T13:39:30.602+0000] {dagbag.py:588} INFO - Filling up the DagBag from /opt/airflow/dags/test_pyspark_clickhouse_dag.py
[2025-12-16T13:39:30.650+0000] {logging_mixin.py:190} INFO - [2025-12-16T13:39:30.640+0000] {dagbag.py:387} ERROR - Failed to import: /opt/airflow/dags/test_pyspark_clickhouse_dag.py
Traceback (most recent call last):
  File "/home/airflow/.local/lib/python3.12/site-packages/airflow/models/dagbag.py", line 383, in parse
    loader.exec_module(new_module)
  File "<frozen importlib._bootstrap_external>", line 999, in exec_module
  File "<frozen importlib._bootstrap>", line 488, in _call_with_frames_removed
  File "/opt/airflow/dags/test_pyspark_clickhouse_dag.py", line 1, in <module>
    from pyspark.sql import SparkSession
ModuleNotFoundError: No module named 'pyspark'
[2025-12-16T13:39:30.653+0000] {processor.py:927} WARNING - No viable dags retrieved from /opt/airflow/dags/test_pyspark_clickhouse_dag.py
[2025-12-16T13:39:30.705+0000] {processor.py:208} INFO - Processing /opt/airflow/dags/test_pyspark_clickhouse_dag.py took 0.155 seconds
[2025-12-16T13:40:03.408+0000] {processor.py:186} INFO - Started process (PID=851) to work on /opt/airflow/dags/test_pyspark_clickhouse_dag.py
[2025-12-16T13:40:03.411+0000] {processor.py:914} INFO - Processing file /opt/airflow/dags/test_pyspark_clickhouse_dag.py for tasks to queue
[2025-12-16T13:40:03.419+0000] {logging_mixin.py:190} INFO - [2025-12-16T13:40:03.418+0000] {dagbag.py:588} INFO - Filling up the DagBag from /opt/airflow/dags/test_pyspark_clickhouse_dag.py
[2025-12-16T13:40:03.492+0000] {logging_mixin.py:190} INFO - [2025-12-16T13:40:03.475+0000] {dagbag.py:387} ERROR - Failed to import: /opt/airflow/dags/test_pyspark_clickhouse_dag.py
Traceback (most recent call last):
  File "/home/airflow/.local/lib/python3.12/site-packages/airflow/models/dagbag.py", line 383, in parse
    loader.exec_module(new_module)
  File "<frozen importlib._bootstrap_external>", line 999, in exec_module
  File "<frozen importlib._bootstrap>", line 488, in _call_with_frames_removed
  File "/opt/airflow/dags/test_pyspark_clickhouse_dag.py", line 1, in <module>
    from pyspark.sql import SparkSession
ModuleNotFoundError: No module named 'pyspark'
[2025-12-16T13:40:03.499+0000] {processor.py:927} WARNING - No viable dags retrieved from /opt/airflow/dags/test_pyspark_clickhouse_dag.py
[2025-12-16T13:40:03.583+0000] {processor.py:208} INFO - Processing /opt/airflow/dags/test_pyspark_clickhouse_dag.py took 0.196 seconds
