[2025-12-16T07:17:58.785+0000] {processor.py:186} INFO - Started process (PID=165) to work on /opt/airflow/dags/test_pythonoperator_plus_clickhouse_connect_dag.py
[2025-12-16T07:17:58.788+0000] {processor.py:914} INFO - Processing file /opt/airflow/dags/test_pythonoperator_plus_clickhouse_connect_dag.py for tasks to queue
[2025-12-16T07:17:58.795+0000] {logging_mixin.py:190} INFO - [2025-12-16T07:17:58.794+0000] {dagbag.py:588} INFO - Filling up the DagBag from /opt/airflow/dags/test_pythonoperator_plus_clickhouse_connect_dag.py
[2025-12-16T07:17:58.917+0000] {logging_mixin.py:190} INFO - [2025-12-16T07:17:58.898+0000] {dagbag.py:387} ERROR - Failed to import: /opt/airflow/dags/test_pythonoperator_plus_clickhouse_connect_dag.py
Traceback (most recent call last):
  File "/home/airflow/.local/lib/python3.12/site-packages/airflow/models/dagbag.py", line 383, in parse
    loader.exec_module(new_module)
  File "<frozen importlib._bootstrap_external>", line 999, in exec_module
  File "<frozen importlib._bootstrap>", line 488, in _call_with_frames_removed
  File "/opt/airflow/dags/test_pythonoperator_plus_clickhouse_connect_dag.py", line 5, in <module>
    import clickhouse_connect
ModuleNotFoundError: No module named 'clickhouse_connect'
[2025-12-16T07:17:58.923+0000] {processor.py:927} WARNING - No viable dags retrieved from /opt/airflow/dags/test_pythonoperator_plus_clickhouse_connect_dag.py
[2025-12-16T07:17:59.099+0000] {processor.py:208} INFO - Processing /opt/airflow/dags/test_pythonoperator_plus_clickhouse_connect_dag.py took 0.332 seconds
[2025-12-16T07:18:32.048+0000] {processor.py:186} INFO - Started process (PID=237) to work on /opt/airflow/dags/test_pythonoperator_plus_clickhouse_connect_dag.py
[2025-12-16T07:18:32.052+0000] {processor.py:914} INFO - Processing file /opt/airflow/dags/test_pythonoperator_plus_clickhouse_connect_dag.py for tasks to queue
[2025-12-16T07:18:32.063+0000] {logging_mixin.py:190} INFO - [2025-12-16T07:18:32.061+0000] {dagbag.py:588} INFO - Filling up the DagBag from /opt/airflow/dags/test_pythonoperator_plus_clickhouse_connect_dag.py
[2025-12-16T07:18:32.143+0000] {logging_mixin.py:190} INFO - [2025-12-16T07:18:32.126+0000] {dagbag.py:387} ERROR - Failed to import: /opt/airflow/dags/test_pythonoperator_plus_clickhouse_connect_dag.py
Traceback (most recent call last):
  File "/home/airflow/.local/lib/python3.12/site-packages/airflow/models/dagbag.py", line 383, in parse
    loader.exec_module(new_module)
  File "<frozen importlib._bootstrap_external>", line 999, in exec_module
  File "<frozen importlib._bootstrap>", line 488, in _call_with_frames_removed
  File "/opt/airflow/dags/test_pythonoperator_plus_clickhouse_connect_dag.py", line 5, in <module>
    import clickhouse_connect
ModuleNotFoundError: No module named 'clickhouse_connect'
[2025-12-16T07:18:32.147+0000] {processor.py:927} WARNING - No viable dags retrieved from /opt/airflow/dags/test_pythonoperator_plus_clickhouse_connect_dag.py
[2025-12-16T07:18:32.229+0000] {processor.py:208} INFO - Processing /opt/airflow/dags/test_pythonoperator_plus_clickhouse_connect_dag.py took 0.209 seconds
[2025-12-16T07:19:14.257+0000] {processor.py:186} INFO - Started process (PID=318) to work on /opt/airflow/dags/test_pythonoperator_plus_clickhouse_connect_dag.py
[2025-12-16T07:19:14.262+0000] {processor.py:914} INFO - Processing file /opt/airflow/dags/test_pythonoperator_plus_clickhouse_connect_dag.py for tasks to queue
[2025-12-16T07:19:14.269+0000] {logging_mixin.py:190} INFO - [2025-12-16T07:19:14.268+0000] {dagbag.py:588} INFO - Filling up the DagBag from /opt/airflow/dags/test_pythonoperator_plus_clickhouse_connect_dag.py
[2025-12-16T07:19:14.310+0000] {logging_mixin.py:190} INFO - [2025-12-16T07:19:14.303+0000] {dagbag.py:387} ERROR - Failed to import: /opt/airflow/dags/test_pythonoperator_plus_clickhouse_connect_dag.py
Traceback (most recent call last):
  File "/home/airflow/.local/lib/python3.12/site-packages/airflow/models/dagbag.py", line 383, in parse
    loader.exec_module(new_module)
  File "<frozen importlib._bootstrap_external>", line 999, in exec_module
  File "<frozen importlib._bootstrap>", line 488, in _call_with_frames_removed
  File "/opt/airflow/dags/test_pythonoperator_plus_clickhouse_connect_dag.py", line 5, in <module>
    import clickhouse_connect
ModuleNotFoundError: No module named 'clickhouse_connect'
[2025-12-16T07:19:14.317+0000] {processor.py:927} WARNING - No viable dags retrieved from /opt/airflow/dags/test_pythonoperator_plus_clickhouse_connect_dag.py
[2025-12-16T07:19:14.403+0000] {processor.py:208} INFO - Processing /opt/airflow/dags/test_pythonoperator_plus_clickhouse_connect_dag.py took 0.163 seconds
[2025-12-16T07:20:02.111+0000] {processor.py:186} INFO - Started process (PID=400) to work on /opt/airflow/dags/test_pythonoperator_plus_clickhouse_connect_dag.py
[2025-12-16T07:20:02.114+0000] {processor.py:914} INFO - Processing file /opt/airflow/dags/test_pythonoperator_plus_clickhouse_connect_dag.py for tasks to queue
[2025-12-16T07:20:02.120+0000] {logging_mixin.py:190} INFO - [2025-12-16T07:20:02.119+0000] {dagbag.py:588} INFO - Filling up the DagBag from /opt/airflow/dags/test_pythonoperator_plus_clickhouse_connect_dag.py
[2025-12-16T07:20:02.292+0000] {logging_mixin.py:190} INFO - [2025-12-16T07:20:02.184+0000] {dagbag.py:387} ERROR - Failed to import: /opt/airflow/dags/test_pythonoperator_plus_clickhouse_connect_dag.py
Traceback (most recent call last):
  File "/home/airflow/.local/lib/python3.12/site-packages/airflow/models/dagbag.py", line 383, in parse
    loader.exec_module(new_module)
  File "<frozen importlib._bootstrap_external>", line 999, in exec_module
  File "<frozen importlib._bootstrap>", line 488, in _call_with_frames_removed
  File "/opt/airflow/dags/test_pythonoperator_plus_clickhouse_connect_dag.py", line 5, in <module>
    import clickhouse_connect
ModuleNotFoundError: No module named 'clickhouse_connect'
[2025-12-16T07:20:02.313+0000] {processor.py:927} WARNING - No viable dags retrieved from /opt/airflow/dags/test_pythonoperator_plus_clickhouse_connect_dag.py
[2025-12-16T07:20:02.469+0000] {processor.py:208} INFO - Processing /opt/airflow/dags/test_pythonoperator_plus_clickhouse_connect_dag.py took 0.373 seconds
[2025-12-16T07:20:33.492+0000] {processor.py:186} INFO - Started process (PID=471) to work on /opt/airflow/dags/test_pythonoperator_plus_clickhouse_connect_dag.py
[2025-12-16T07:20:33.496+0000] {processor.py:914} INFO - Processing file /opt/airflow/dags/test_pythonoperator_plus_clickhouse_connect_dag.py for tasks to queue
[2025-12-16T07:20:33.503+0000] {logging_mixin.py:190} INFO - [2025-12-16T07:20:33.502+0000] {dagbag.py:588} INFO - Filling up the DagBag from /opt/airflow/dags/test_pythonoperator_plus_clickhouse_connect_dag.py
[2025-12-16T07:20:33.548+0000] {logging_mixin.py:190} INFO - [2025-12-16T07:20:33.538+0000] {dagbag.py:387} ERROR - Failed to import: /opt/airflow/dags/test_pythonoperator_plus_clickhouse_connect_dag.py
Traceback (most recent call last):
  File "/home/airflow/.local/lib/python3.12/site-packages/airflow/models/dagbag.py", line 383, in parse
    loader.exec_module(new_module)
  File "<frozen importlib._bootstrap_external>", line 999, in exec_module
  File "<frozen importlib._bootstrap>", line 488, in _call_with_frames_removed
  File "/opt/airflow/dags/test_pythonoperator_plus_clickhouse_connect_dag.py", line 5, in <module>
    import clickhouse_connect
ModuleNotFoundError: No module named 'clickhouse_connect'
[2025-12-16T07:20:33.552+0000] {processor.py:927} WARNING - No viable dags retrieved from /opt/airflow/dags/test_pythonoperator_plus_clickhouse_connect_dag.py
[2025-12-16T07:20:33.610+0000] {processor.py:208} INFO - Processing /opt/airflow/dags/test_pythonoperator_plus_clickhouse_connect_dag.py took 0.140 seconds
[2025-12-16T07:21:05.058+0000] {processor.py:186} INFO - Started process (PID=544) to work on /opt/airflow/dags/test_pythonoperator_plus_clickhouse_connect_dag.py
[2025-12-16T07:21:05.062+0000] {processor.py:914} INFO - Processing file /opt/airflow/dags/test_pythonoperator_plus_clickhouse_connect_dag.py for tasks to queue
[2025-12-16T07:21:05.071+0000] {logging_mixin.py:190} INFO - [2025-12-16T07:21:05.070+0000] {dagbag.py:588} INFO - Filling up the DagBag from /opt/airflow/dags/test_pythonoperator_plus_clickhouse_connect_dag.py
[2025-12-16T07:21:05.165+0000] {logging_mixin.py:190} INFO - [2025-12-16T07:21:05.152+0000] {dagbag.py:387} ERROR - Failed to import: /opt/airflow/dags/test_pythonoperator_plus_clickhouse_connect_dag.py
Traceback (most recent call last):
  File "/home/airflow/.local/lib/python3.12/site-packages/airflow/models/dagbag.py", line 383, in parse
    loader.exec_module(new_module)
  File "<frozen importlib._bootstrap_external>", line 999, in exec_module
  File "<frozen importlib._bootstrap>", line 488, in _call_with_frames_removed
  File "/opt/airflow/dags/test_pythonoperator_plus_clickhouse_connect_dag.py", line 5, in <module>
    import clickhouse_connect
ModuleNotFoundError: No module named 'clickhouse_connect'
[2025-12-16T07:21:05.168+0000] {processor.py:927} WARNING - No viable dags retrieved from /opt/airflow/dags/test_pythonoperator_plus_clickhouse_connect_dag.py
[2025-12-16T07:21:05.353+0000] {processor.py:208} INFO - Processing /opt/airflow/dags/test_pythonoperator_plus_clickhouse_connect_dag.py took 0.315 seconds
[2025-12-16T07:21:41.007+0000] {processor.py:186} INFO - Started process (PID=624) to work on /opt/airflow/dags/test_pythonoperator_plus_clickhouse_connect_dag.py
[2025-12-16T07:21:41.010+0000] {processor.py:914} INFO - Processing file /opt/airflow/dags/test_pythonoperator_plus_clickhouse_connect_dag.py for tasks to queue
[2025-12-16T07:21:41.017+0000] {logging_mixin.py:190} INFO - [2025-12-16T07:21:41.016+0000] {dagbag.py:588} INFO - Filling up the DagBag from /opt/airflow/dags/test_pythonoperator_plus_clickhouse_connect_dag.py
[2025-12-16T07:21:41.074+0000] {logging_mixin.py:190} INFO - [2025-12-16T07:21:41.062+0000] {dagbag.py:387} ERROR - Failed to import: /opt/airflow/dags/test_pythonoperator_plus_clickhouse_connect_dag.py
Traceback (most recent call last):
  File "/home/airflow/.local/lib/python3.12/site-packages/airflow/models/dagbag.py", line 383, in parse
    loader.exec_module(new_module)
  File "<frozen importlib._bootstrap_external>", line 999, in exec_module
  File "<frozen importlib._bootstrap>", line 488, in _call_with_frames_removed
  File "/opt/airflow/dags/test_pythonoperator_plus_clickhouse_connect_dag.py", line 5, in <module>
    import clickhouse_connect
ModuleNotFoundError: No module named 'clickhouse_connect'
[2025-12-16T07:21:41.079+0000] {processor.py:927} WARNING - No viable dags retrieved from /opt/airflow/dags/test_pythonoperator_plus_clickhouse_connect_dag.py
[2025-12-16T07:21:41.138+0000] {processor.py:208} INFO - Processing /opt/airflow/dags/test_pythonoperator_plus_clickhouse_connect_dag.py took 0.154 seconds
[2025-12-16T07:22:16.277+0000] {processor.py:186} INFO - Started process (PID=700) to work on /opt/airflow/dags/test_pythonoperator_plus_clickhouse_connect_dag.py
[2025-12-16T07:22:16.281+0000] {processor.py:914} INFO - Processing file /opt/airflow/dags/test_pythonoperator_plus_clickhouse_connect_dag.py for tasks to queue
[2025-12-16T07:22:16.290+0000] {logging_mixin.py:190} INFO - [2025-12-16T07:22:16.289+0000] {dagbag.py:588} INFO - Filling up the DagBag from /opt/airflow/dags/test_pythonoperator_plus_clickhouse_connect_dag.py
[2025-12-16T07:22:16.329+0000] {logging_mixin.py:190} INFO - [2025-12-16T07:22:16.321+0000] {dagbag.py:387} ERROR - Failed to import: /opt/airflow/dags/test_pythonoperator_plus_clickhouse_connect_dag.py
Traceback (most recent call last):
  File "/home/airflow/.local/lib/python3.12/site-packages/airflow/models/dagbag.py", line 383, in parse
    loader.exec_module(new_module)
  File "<frozen importlib._bootstrap_external>", line 999, in exec_module
  File "<frozen importlib._bootstrap>", line 488, in _call_with_frames_removed
  File "/opt/airflow/dags/test_pythonoperator_plus_clickhouse_connect_dag.py", line 5, in <module>
    import clickhouse_connect
ModuleNotFoundError: No module named 'clickhouse_connect'
[2025-12-16T07:22:16.333+0000] {processor.py:927} WARNING - No viable dags retrieved from /opt/airflow/dags/test_pythonoperator_plus_clickhouse_connect_dag.py
[2025-12-16T07:22:16.382+0000] {processor.py:208} INFO - Processing /opt/airflow/dags/test_pythonoperator_plus_clickhouse_connect_dag.py took 0.124 seconds
[2025-12-16T07:22:52.707+0000] {processor.py:186} INFO - Started process (PID=778) to work on /opt/airflow/dags/test_pythonoperator_plus_clickhouse_connect_dag.py
[2025-12-16T07:22:52.709+0000] {processor.py:914} INFO - Processing file /opt/airflow/dags/test_pythonoperator_plus_clickhouse_connect_dag.py for tasks to queue
[2025-12-16T07:22:52.715+0000] {logging_mixin.py:190} INFO - [2025-12-16T07:22:52.714+0000] {dagbag.py:588} INFO - Filling up the DagBag from /opt/airflow/dags/test_pythonoperator_plus_clickhouse_connect_dag.py
[2025-12-16T07:22:52.761+0000] {logging_mixin.py:190} INFO - [2025-12-16T07:22:52.750+0000] {dagbag.py:387} ERROR - Failed to import: /opt/airflow/dags/test_pythonoperator_plus_clickhouse_connect_dag.py
Traceback (most recent call last):
  File "/home/airflow/.local/lib/python3.12/site-packages/airflow/models/dagbag.py", line 383, in parse
    loader.exec_module(new_module)
  File "<frozen importlib._bootstrap_external>", line 999, in exec_module
  File "<frozen importlib._bootstrap>", line 488, in _call_with_frames_removed
  File "/opt/airflow/dags/test_pythonoperator_plus_clickhouse_connect_dag.py", line 5, in <module>
    import clickhouse_connect
ModuleNotFoundError: No module named 'clickhouse_connect'
[2025-12-16T07:22:52.765+0000] {processor.py:927} WARNING - No viable dags retrieved from /opt/airflow/dags/test_pythonoperator_plus_clickhouse_connect_dag.py
[2025-12-16T07:22:52.872+0000] {processor.py:208} INFO - Processing /opt/airflow/dags/test_pythonoperator_plus_clickhouse_connect_dag.py took 0.180 seconds
[2025-12-16T07:23:39.161+0000] {processor.py:186} INFO - Started process (PID=871) to work on /opt/airflow/dags/test_pythonoperator_plus_clickhouse_connect_dag.py
[2025-12-16T07:23:39.164+0000] {processor.py:914} INFO - Processing file /opt/airflow/dags/test_pythonoperator_plus_clickhouse_connect_dag.py for tasks to queue
[2025-12-16T07:23:39.171+0000] {logging_mixin.py:190} INFO - [2025-12-16T07:23:39.170+0000] {dagbag.py:588} INFO - Filling up the DagBag from /opt/airflow/dags/test_pythonoperator_plus_clickhouse_connect_dag.py
[2025-12-16T07:23:39.235+0000] {logging_mixin.py:190} INFO - [2025-12-16T07:23:39.224+0000] {dagbag.py:387} ERROR - Failed to import: /opt/airflow/dags/test_pythonoperator_plus_clickhouse_connect_dag.py
Traceback (most recent call last):
  File "/home/airflow/.local/lib/python3.12/site-packages/airflow/models/dagbag.py", line 383, in parse
    loader.exec_module(new_module)
  File "<frozen importlib._bootstrap_external>", line 999, in exec_module
  File "<frozen importlib._bootstrap>", line 488, in _call_with_frames_removed
  File "/opt/airflow/dags/test_pythonoperator_plus_clickhouse_connect_dag.py", line 5, in <module>
    import clickhouse_connect
ModuleNotFoundError: No module named 'clickhouse_connect'
[2025-12-16T07:23:39.238+0000] {processor.py:927} WARNING - No viable dags retrieved from /opt/airflow/dags/test_pythonoperator_plus_clickhouse_connect_dag.py
[2025-12-16T07:23:39.306+0000] {processor.py:208} INFO - Processing /opt/airflow/dags/test_pythonoperator_plus_clickhouse_connect_dag.py took 0.164 seconds
[2025-12-16T07:27:35.576+0000] {processor.py:186} INFO - Started process (PID=991) to work on /opt/airflow/dags/test_pythonoperator_plus_clickhouse_connect_dag.py
[2025-12-16T07:27:35.586+0000] {processor.py:914} INFO - Processing file /opt/airflow/dags/test_pythonoperator_plus_clickhouse_connect_dag.py for tasks to queue
[2025-12-16T07:27:35.596+0000] {logging_mixin.py:190} INFO - [2025-12-16T07:27:35.595+0000] {dagbag.py:588} INFO - Filling up the DagBag from /opt/airflow/dags/test_pythonoperator_plus_clickhouse_connect_dag.py
[2025-12-16T07:27:35.709+0000] {logging_mixin.py:190} INFO - [2025-12-16T07:27:35.683+0000] {dagbag.py:387} ERROR - Failed to import: /opt/airflow/dags/test_pythonoperator_plus_clickhouse_connect_dag.py
Traceback (most recent call last):
  File "/home/airflow/.local/lib/python3.12/site-packages/airflow/models/dagbag.py", line 383, in parse
    loader.exec_module(new_module)
  File "<frozen importlib._bootstrap_external>", line 999, in exec_module
  File "<frozen importlib._bootstrap>", line 488, in _call_with_frames_removed
  File "/opt/airflow/dags/test_pythonoperator_plus_clickhouse_connect_dag.py", line 5, in <module>
    import clickhouse_connect
ModuleNotFoundError: No module named 'clickhouse_connect'
[2025-12-16T07:27:35.721+0000] {processor.py:927} WARNING - No viable dags retrieved from /opt/airflow/dags/test_pythonoperator_plus_clickhouse_connect_dag.py
[2025-12-16T07:27:36.219+0000] {processor.py:208} INFO - Processing /opt/airflow/dags/test_pythonoperator_plus_clickhouse_connect_dag.py took 0.686 seconds
[2025-12-16T07:28:13.759+0000] {processor.py:186} INFO - Started process (PID=1063) to work on /opt/airflow/dags/test_pythonoperator_plus_clickhouse_connect_dag.py
[2025-12-16T07:28:13.761+0000] {processor.py:914} INFO - Processing file /opt/airflow/dags/test_pythonoperator_plus_clickhouse_connect_dag.py for tasks to queue
[2025-12-16T07:28:13.765+0000] {logging_mixin.py:190} INFO - [2025-12-16T07:28:13.764+0000] {dagbag.py:588} INFO - Filling up the DagBag from /opt/airflow/dags/test_pythonoperator_plus_clickhouse_connect_dag.py
[2025-12-16T07:28:13.824+0000] {logging_mixin.py:190} INFO - [2025-12-16T07:28:13.811+0000] {dagbag.py:387} ERROR - Failed to import: /opt/airflow/dags/test_pythonoperator_plus_clickhouse_connect_dag.py
Traceback (most recent call last):
  File "/home/airflow/.local/lib/python3.12/site-packages/airflow/models/dagbag.py", line 383, in parse
    loader.exec_module(new_module)
  File "<frozen importlib._bootstrap_external>", line 999, in exec_module
  File "<frozen importlib._bootstrap>", line 488, in _call_with_frames_removed
  File "/opt/airflow/dags/test_pythonoperator_plus_clickhouse_connect_dag.py", line 5, in <module>
    import clickhouse_connect
ModuleNotFoundError: No module named 'clickhouse_connect'
[2025-12-16T07:28:13.827+0000] {processor.py:927} WARNING - No viable dags retrieved from /opt/airflow/dags/test_pythonoperator_plus_clickhouse_connect_dag.py
[2025-12-16T07:28:13.945+0000] {processor.py:208} INFO - Processing /opt/airflow/dags/test_pythonoperator_plus_clickhouse_connect_dag.py took 0.213 seconds
[2025-12-16T07:29:54.451+0000] {processor.py:186} INFO - Started process (PID=1147) to work on /opt/airflow/dags/test_pythonoperator_plus_clickhouse_connect_dag.py
[2025-12-16T07:29:54.483+0000] {processor.py:914} INFO - Processing file /opt/airflow/dags/test_pythonoperator_plus_clickhouse_connect_dag.py for tasks to queue
[2025-12-16T07:29:54.515+0000] {logging_mixin.py:190} INFO - [2025-12-16T07:29:54.503+0000] {dagbag.py:588} INFO - Filling up the DagBag from /opt/airflow/dags/test_pythonoperator_plus_clickhouse_connect_dag.py
[2025-12-16T07:29:56.086+0000] {logging_mixin.py:190} INFO - [2025-12-16T07:29:55.929+0000] {dagbag.py:387} ERROR - Failed to import: /opt/airflow/dags/test_pythonoperator_plus_clickhouse_connect_dag.py
Traceback (most recent call last):
  File "/home/airflow/.local/lib/python3.12/site-packages/airflow/models/dagbag.py", line 383, in parse
    loader.exec_module(new_module)
  File "<frozen importlib._bootstrap_external>", line 999, in exec_module
  File "<frozen importlib._bootstrap>", line 488, in _call_with_frames_removed
  File "/opt/airflow/dags/test_pythonoperator_plus_clickhouse_connect_dag.py", line 5, in <module>
    import clickhouse_connect
ModuleNotFoundError: No module named 'clickhouse_connect'
[2025-12-16T07:29:56.106+0000] {processor.py:927} WARNING - No viable dags retrieved from /opt/airflow/dags/test_pythonoperator_plus_clickhouse_connect_dag.py
[2025-12-16T07:29:56.631+0000] {processor.py:208} INFO - Processing /opt/airflow/dags/test_pythonoperator_plus_clickhouse_connect_dag.py took 2.249 seconds
[2025-12-16T07:32:37.185+0000] {processor.py:186} INFO - Started process (PID=1263) to work on /opt/airflow/dags/test_pythonoperator_plus_clickhouse_connect_dag.py
[2025-12-16T07:32:37.193+0000] {processor.py:914} INFO - Processing file /opt/airflow/dags/test_pythonoperator_plus_clickhouse_connect_dag.py for tasks to queue
[2025-12-16T07:32:37.198+0000] {logging_mixin.py:190} INFO - [2025-12-16T07:32:37.197+0000] {dagbag.py:588} INFO - Filling up the DagBag from /opt/airflow/dags/test_pythonoperator_plus_clickhouse_connect_dag.py
[2025-12-16T07:32:37.303+0000] {logging_mixin.py:190} INFO - [2025-12-16T07:32:37.282+0000] {dagbag.py:387} ERROR - Failed to import: /opt/airflow/dags/test_pythonoperator_plus_clickhouse_connect_dag.py
Traceback (most recent call last):
  File "/home/airflow/.local/lib/python3.12/site-packages/airflow/models/dagbag.py", line 383, in parse
    loader.exec_module(new_module)
  File "<frozen importlib._bootstrap_external>", line 999, in exec_module
  File "<frozen importlib._bootstrap>", line 488, in _call_with_frames_removed
  File "/opt/airflow/dags/test_pythonoperator_plus_clickhouse_connect_dag.py", line 5, in <module>
    import clickhouse_connect
ModuleNotFoundError: No module named 'clickhouse_connect'
[2025-12-16T07:32:37.312+0000] {processor.py:927} WARNING - No viable dags retrieved from /opt/airflow/dags/test_pythonoperator_plus_clickhouse_connect_dag.py
[2025-12-16T07:32:37.470+0000] {processor.py:208} INFO - Processing /opt/airflow/dags/test_pythonoperator_plus_clickhouse_connect_dag.py took 0.322 seconds
[2025-12-16T07:33:13.635+0000] {processor.py:186} INFO - Started process (PID=1335) to work on /opt/airflow/dags/test_pythonoperator_plus_clickhouse_connect_dag.py
[2025-12-16T07:33:13.645+0000] {processor.py:914} INFO - Processing file /opt/airflow/dags/test_pythonoperator_plus_clickhouse_connect_dag.py for tasks to queue
[2025-12-16T07:33:13.687+0000] {logging_mixin.py:190} INFO - [2025-12-16T07:33:13.686+0000] {dagbag.py:588} INFO - Filling up the DagBag from /opt/airflow/dags/test_pythonoperator_plus_clickhouse_connect_dag.py
[2025-12-16T07:33:13.912+0000] {logging_mixin.py:190} INFO - [2025-12-16T07:33:13.864+0000] {dagbag.py:387} ERROR - Failed to import: /opt/airflow/dags/test_pythonoperator_plus_clickhouse_connect_dag.py
Traceback (most recent call last):
  File "/home/airflow/.local/lib/python3.12/site-packages/airflow/models/dagbag.py", line 383, in parse
    loader.exec_module(new_module)
  File "<frozen importlib._bootstrap_external>", line 999, in exec_module
  File "<frozen importlib._bootstrap>", line 488, in _call_with_frames_removed
  File "/opt/airflow/dags/test_pythonoperator_plus_clickhouse_connect_dag.py", line 5, in <module>
    import clickhouse_connect
ModuleNotFoundError: No module named 'clickhouse_connect'
[2025-12-16T07:33:13.962+0000] {processor.py:927} WARNING - No viable dags retrieved from /opt/airflow/dags/test_pythonoperator_plus_clickhouse_connect_dag.py
[2025-12-16T07:33:14.224+0000] {processor.py:208} INFO - Processing /opt/airflow/dags/test_pythonoperator_plus_clickhouse_connect_dag.py took 0.665 seconds
[2025-12-16T07:33:45.418+0000] {processor.py:186} INFO - Started process (PID=1405) to work on /opt/airflow/dags/test_pythonoperator_plus_clickhouse_connect_dag.py
[2025-12-16T07:33:45.425+0000] {processor.py:914} INFO - Processing file /opt/airflow/dags/test_pythonoperator_plus_clickhouse_connect_dag.py for tasks to queue
[2025-12-16T07:33:45.437+0000] {logging_mixin.py:190} INFO - [2025-12-16T07:33:45.432+0000] {dagbag.py:588} INFO - Filling up the DagBag from /opt/airflow/dags/test_pythonoperator_plus_clickhouse_connect_dag.py
[2025-12-16T07:33:45.575+0000] {logging_mixin.py:190} INFO - [2025-12-16T07:33:45.537+0000] {dagbag.py:387} ERROR - Failed to import: /opt/airflow/dags/test_pythonoperator_plus_clickhouse_connect_dag.py
Traceback (most recent call last):
  File "/home/airflow/.local/lib/python3.12/site-packages/airflow/models/dagbag.py", line 383, in parse
    loader.exec_module(new_module)
  File "<frozen importlib._bootstrap_external>", line 999, in exec_module
  File "<frozen importlib._bootstrap>", line 488, in _call_with_frames_removed
  File "/opt/airflow/dags/test_pythonoperator_plus_clickhouse_connect_dag.py", line 5, in <module>
    import clickhouse_connect
ModuleNotFoundError: No module named 'clickhouse_connect'
[2025-12-16T07:33:45.581+0000] {processor.py:927} WARNING - No viable dags retrieved from /opt/airflow/dags/test_pythonoperator_plus_clickhouse_connect_dag.py
[2025-12-16T07:33:45.702+0000] {processor.py:208} INFO - Processing /opt/airflow/dags/test_pythonoperator_plus_clickhouse_connect_dag.py took 0.329 seconds
[2025-12-16T07:34:16.945+0000] {processor.py:186} INFO - Started process (PID=1478) to work on /opt/airflow/dags/test_pythonoperator_plus_clickhouse_connect_dag.py
[2025-12-16T07:34:16.948+0000] {processor.py:914} INFO - Processing file /opt/airflow/dags/test_pythonoperator_plus_clickhouse_connect_dag.py for tasks to queue
[2025-12-16T07:34:16.960+0000] {logging_mixin.py:190} INFO - [2025-12-16T07:34:16.959+0000] {dagbag.py:588} INFO - Filling up the DagBag from /opt/airflow/dags/test_pythonoperator_plus_clickhouse_connect_dag.py
[2025-12-16T07:34:17.058+0000] {logging_mixin.py:190} INFO - [2025-12-16T07:34:17.037+0000] {dagbag.py:387} ERROR - Failed to import: /opt/airflow/dags/test_pythonoperator_plus_clickhouse_connect_dag.py
Traceback (most recent call last):
  File "/home/airflow/.local/lib/python3.12/site-packages/airflow/models/dagbag.py", line 383, in parse
    loader.exec_module(new_module)
  File "<frozen importlib._bootstrap_external>", line 999, in exec_module
  File "<frozen importlib._bootstrap>", line 488, in _call_with_frames_removed
  File "/opt/airflow/dags/test_pythonoperator_plus_clickhouse_connect_dag.py", line 5, in <module>
    import clickhouse_connect
ModuleNotFoundError: No module named 'clickhouse_connect'
[2025-12-16T07:34:17.066+0000] {processor.py:927} WARNING - No viable dags retrieved from /opt/airflow/dags/test_pythonoperator_plus_clickhouse_connect_dag.py
[2025-12-16T07:34:17.150+0000] {processor.py:208} INFO - Processing /opt/airflow/dags/test_pythonoperator_plus_clickhouse_connect_dag.py took 0.231 seconds
[2025-12-16T07:34:49.749+0000] {processor.py:186} INFO - Started process (PID=1552) to work on /opt/airflow/dags/test_pythonoperator_plus_clickhouse_connect_dag.py
[2025-12-16T07:34:49.752+0000] {processor.py:914} INFO - Processing file /opt/airflow/dags/test_pythonoperator_plus_clickhouse_connect_dag.py for tasks to queue
[2025-12-16T07:34:49.756+0000] {logging_mixin.py:190} INFO - [2025-12-16T07:34:49.755+0000] {dagbag.py:588} INFO - Filling up the DagBag from /opt/airflow/dags/test_pythonoperator_plus_clickhouse_connect_dag.py
[2025-12-16T07:34:49.828+0000] {logging_mixin.py:190} INFO - [2025-12-16T07:34:49.819+0000] {dagbag.py:387} ERROR - Failed to import: /opt/airflow/dags/test_pythonoperator_plus_clickhouse_connect_dag.py
Traceback (most recent call last):
  File "/home/airflow/.local/lib/python3.12/site-packages/airflow/models/dagbag.py", line 383, in parse
    loader.exec_module(new_module)
  File "<frozen importlib._bootstrap_external>", line 999, in exec_module
  File "<frozen importlib._bootstrap>", line 488, in _call_with_frames_removed
  File "/opt/airflow/dags/test_pythonoperator_plus_clickhouse_connect_dag.py", line 5, in <module>
    import clickhouse_connect
ModuleNotFoundError: No module named 'clickhouse_connect'
[2025-12-16T07:34:49.832+0000] {processor.py:927} WARNING - No viable dags retrieved from /opt/airflow/dags/test_pythonoperator_plus_clickhouse_connect_dag.py
[2025-12-16T07:34:49.908+0000] {processor.py:208} INFO - Processing /opt/airflow/dags/test_pythonoperator_plus_clickhouse_connect_dag.py took 0.179 seconds
[2025-12-16T07:35:33.417+0000] {processor.py:186} INFO - Started process (PID=1646) to work on /opt/airflow/dags/test_pythonoperator_plus_clickhouse_connect_dag.py
[2025-12-16T07:35:33.437+0000] {processor.py:914} INFO - Processing file /opt/airflow/dags/test_pythonoperator_plus_clickhouse_connect_dag.py for tasks to queue
[2025-12-16T07:35:33.446+0000] {logging_mixin.py:190} INFO - [2025-12-16T07:35:33.444+0000] {dagbag.py:588} INFO - Filling up the DagBag from /opt/airflow/dags/test_pythonoperator_plus_clickhouse_connect_dag.py
[2025-12-16T07:35:33.520+0000] {logging_mixin.py:190} INFO - [2025-12-16T07:35:33.505+0000] {dagbag.py:387} ERROR - Failed to import: /opt/airflow/dags/test_pythonoperator_plus_clickhouse_connect_dag.py
Traceback (most recent call last):
  File "/home/airflow/.local/lib/python3.12/site-packages/airflow/models/dagbag.py", line 383, in parse
    loader.exec_module(new_module)
  File "<frozen importlib._bootstrap_external>", line 999, in exec_module
  File "<frozen importlib._bootstrap>", line 488, in _call_with_frames_removed
  File "/opt/airflow/dags/test_pythonoperator_plus_clickhouse_connect_dag.py", line 5, in <module>
    import clickhouse_connect
ModuleNotFoundError: No module named 'clickhouse_connect'
[2025-12-16T07:35:33.524+0000] {processor.py:927} WARNING - No viable dags retrieved from /opt/airflow/dags/test_pythonoperator_plus_clickhouse_connect_dag.py
[2025-12-16T07:35:33.601+0000] {processor.py:208} INFO - Processing /opt/airflow/dags/test_pythonoperator_plus_clickhouse_connect_dag.py took 0.212 seconds
[2025-12-16T07:36:27.216+0000] {processor.py:186} INFO - Started process (PID=1731) to work on /opt/airflow/dags/test_pythonoperator_plus_clickhouse_connect_dag.py
[2025-12-16T07:36:27.223+0000] {processor.py:914} INFO - Processing file /opt/airflow/dags/test_pythonoperator_plus_clickhouse_connect_dag.py for tasks to queue
[2025-12-16T07:36:27.228+0000] {logging_mixin.py:190} INFO - [2025-12-16T07:36:27.226+0000] {dagbag.py:588} INFO - Filling up the DagBag from /opt/airflow/dags/test_pythonoperator_plus_clickhouse_connect_dag.py
[2025-12-16T07:36:27.320+0000] {logging_mixin.py:190} INFO - [2025-12-16T07:36:27.304+0000] {dagbag.py:387} ERROR - Failed to import: /opt/airflow/dags/test_pythonoperator_plus_clickhouse_connect_dag.py
Traceback (most recent call last):
  File "/home/airflow/.local/lib/python3.12/site-packages/airflow/models/dagbag.py", line 383, in parse
    loader.exec_module(new_module)
  File "<frozen importlib._bootstrap_external>", line 999, in exec_module
  File "<frozen importlib._bootstrap>", line 488, in _call_with_frames_removed
  File "/opt/airflow/dags/test_pythonoperator_plus_clickhouse_connect_dag.py", line 5, in <module>
    import clickhouse_connect
ModuleNotFoundError: No module named 'clickhouse_connect'
[2025-12-16T07:36:27.330+0000] {processor.py:927} WARNING - No viable dags retrieved from /opt/airflow/dags/test_pythonoperator_plus_clickhouse_connect_dag.py
[2025-12-16T07:36:28.005+0000] {processor.py:208} INFO - Processing /opt/airflow/dags/test_pythonoperator_plus_clickhouse_connect_dag.py took 0.821 seconds
[2025-12-16T07:36:58.561+0000] {processor.py:186} INFO - Started process (PID=1803) to work on /opt/airflow/dags/test_pythonoperator_plus_clickhouse_connect_dag.py
[2025-12-16T07:36:58.568+0000] {processor.py:914} INFO - Processing file /opt/airflow/dags/test_pythonoperator_plus_clickhouse_connect_dag.py for tasks to queue
[2025-12-16T07:36:58.586+0000] {logging_mixin.py:190} INFO - [2025-12-16T07:36:58.574+0000] {dagbag.py:588} INFO - Filling up the DagBag from /opt/airflow/dags/test_pythonoperator_plus_clickhouse_connect_dag.py
[2025-12-16T07:36:58.646+0000] {logging_mixin.py:190} INFO - [2025-12-16T07:36:58.635+0000] {dagbag.py:387} ERROR - Failed to import: /opt/airflow/dags/test_pythonoperator_plus_clickhouse_connect_dag.py
Traceback (most recent call last):
  File "/home/airflow/.local/lib/python3.12/site-packages/airflow/models/dagbag.py", line 383, in parse
    loader.exec_module(new_module)
  File "<frozen importlib._bootstrap_external>", line 999, in exec_module
  File "<frozen importlib._bootstrap>", line 488, in _call_with_frames_removed
  File "/opt/airflow/dags/test_pythonoperator_plus_clickhouse_connect_dag.py", line 5, in <module>
    import clickhouse_connect
ModuleNotFoundError: No module named 'clickhouse_connect'
[2025-12-16T07:36:58.650+0000] {processor.py:927} WARNING - No viable dags retrieved from /opt/airflow/dags/test_pythonoperator_plus_clickhouse_connect_dag.py
[2025-12-16T07:36:58.718+0000] {processor.py:208} INFO - Processing /opt/airflow/dags/test_pythonoperator_plus_clickhouse_connect_dag.py took 0.208 seconds
[2025-12-16T07:37:32.912+0000] {processor.py:186} INFO - Started process (PID=1876) to work on /opt/airflow/dags/test_pythonoperator_plus_clickhouse_connect_dag.py
[2025-12-16T07:37:32.914+0000] {processor.py:914} INFO - Processing file /opt/airflow/dags/test_pythonoperator_plus_clickhouse_connect_dag.py for tasks to queue
[2025-12-16T07:37:32.918+0000] {logging_mixin.py:190} INFO - [2025-12-16T07:37:32.917+0000] {dagbag.py:588} INFO - Filling up the DagBag from /opt/airflow/dags/test_pythonoperator_plus_clickhouse_connect_dag.py
[2025-12-16T07:37:32.969+0000] {logging_mixin.py:190} INFO - [2025-12-16T07:37:32.953+0000] {dagbag.py:387} ERROR - Failed to import: /opt/airflow/dags/test_pythonoperator_plus_clickhouse_connect_dag.py
Traceback (most recent call last):
  File "/home/airflow/.local/lib/python3.12/site-packages/airflow/models/dagbag.py", line 383, in parse
    loader.exec_module(new_module)
  File "<frozen importlib._bootstrap_external>", line 999, in exec_module
  File "<frozen importlib._bootstrap>", line 488, in _call_with_frames_removed
  File "/opt/airflow/dags/test_pythonoperator_plus_clickhouse_connect_dag.py", line 5, in <module>
    import clickhouse_connect
ModuleNotFoundError: No module named 'clickhouse_connect'
[2025-12-16T07:37:32.972+0000] {processor.py:927} WARNING - No viable dags retrieved from /opt/airflow/dags/test_pythonoperator_plus_clickhouse_connect_dag.py
[2025-12-16T07:37:33.032+0000] {processor.py:208} INFO - Processing /opt/airflow/dags/test_pythonoperator_plus_clickhouse_connect_dag.py took 0.138 seconds
[2025-12-16T07:38:08.938+0000] {processor.py:186} INFO - Started process (PID=1948) to work on /opt/airflow/dags/test_pythonoperator_plus_clickhouse_connect_dag.py
[2025-12-16T07:38:08.942+0000] {processor.py:914} INFO - Processing file /opt/airflow/dags/test_pythonoperator_plus_clickhouse_connect_dag.py for tasks to queue
[2025-12-16T07:38:08.954+0000] {logging_mixin.py:190} INFO - [2025-12-16T07:38:08.948+0000] {dagbag.py:588} INFO - Filling up the DagBag from /opt/airflow/dags/test_pythonoperator_plus_clickhouse_connect_dag.py
[2025-12-16T07:38:09.029+0000] {logging_mixin.py:190} INFO - [2025-12-16T07:38:09.016+0000] {dagbag.py:387} ERROR - Failed to import: /opt/airflow/dags/test_pythonoperator_plus_clickhouse_connect_dag.py
Traceback (most recent call last):
  File "/home/airflow/.local/lib/python3.12/site-packages/airflow/models/dagbag.py", line 383, in parse
    loader.exec_module(new_module)
  File "<frozen importlib._bootstrap_external>", line 999, in exec_module
  File "<frozen importlib._bootstrap>", line 488, in _call_with_frames_removed
  File "/opt/airflow/dags/test_pythonoperator_plus_clickhouse_connect_dag.py", line 5, in <module>
    import clickhouse_connect
ModuleNotFoundError: No module named 'clickhouse_connect'
[2025-12-16T07:38:09.034+0000] {processor.py:927} WARNING - No viable dags retrieved from /opt/airflow/dags/test_pythonoperator_plus_clickhouse_connect_dag.py
[2025-12-16T07:38:09.098+0000] {processor.py:208} INFO - Processing /opt/airflow/dags/test_pythonoperator_plus_clickhouse_connect_dag.py took 0.182 seconds
[2025-12-16T07:38:52.728+0000] {processor.py:186} INFO - Started process (PID=2044) to work on /opt/airflow/dags/test_pythonoperator_plus_clickhouse_connect_dag.py
[2025-12-16T07:38:52.731+0000] {processor.py:914} INFO - Processing file /opt/airflow/dags/test_pythonoperator_plus_clickhouse_connect_dag.py for tasks to queue
[2025-12-16T07:38:52.734+0000] {logging_mixin.py:190} INFO - [2025-12-16T07:38:52.733+0000] {dagbag.py:588} INFO - Filling up the DagBag from /opt/airflow/dags/test_pythonoperator_plus_clickhouse_connect_dag.py
[2025-12-16T07:38:52.770+0000] {logging_mixin.py:190} INFO - [2025-12-16T07:38:52.763+0000] {dagbag.py:387} ERROR - Failed to import: /opt/airflow/dags/test_pythonoperator_plus_clickhouse_connect_dag.py
Traceback (most recent call last):
  File "/home/airflow/.local/lib/python3.12/site-packages/airflow/models/dagbag.py", line 383, in parse
    loader.exec_module(new_module)
  File "<frozen importlib._bootstrap_external>", line 999, in exec_module
  File "<frozen importlib._bootstrap>", line 488, in _call_with_frames_removed
  File "/opt/airflow/dags/test_pythonoperator_plus_clickhouse_connect_dag.py", line 5, in <module>
    import clickhouse_connect
ModuleNotFoundError: No module named 'clickhouse_connect'
[2025-12-16T07:38:52.773+0000] {processor.py:927} WARNING - No viable dags retrieved from /opt/airflow/dags/test_pythonoperator_plus_clickhouse_connect_dag.py
[2025-12-16T07:38:52.823+0000] {processor.py:208} INFO - Processing /opt/airflow/dags/test_pythonoperator_plus_clickhouse_connect_dag.py took 0.110 seconds
[2025-12-16T07:52:22.753+0000] {processor.py:186} INFO - Started process (PID=2169) to work on /opt/airflow/dags/test_pythonoperator_plus_clickhouse_connect_dag.py
[2025-12-16T07:52:22.788+0000] {processor.py:914} INFO - Processing file /opt/airflow/dags/test_pythonoperator_plus_clickhouse_connect_dag.py for tasks to queue
[2025-12-16T07:52:22.794+0000] {logging_mixin.py:190} INFO - [2025-12-16T07:52:22.792+0000] {dagbag.py:588} INFO - Filling up the DagBag from /opt/airflow/dags/test_pythonoperator_plus_clickhouse_connect_dag.py
[2025-12-16T07:52:23.013+0000] {logging_mixin.py:190} INFO - [2025-12-16T07:52:22.978+0000] {dagbag.py:387} ERROR - Failed to import: /opt/airflow/dags/test_pythonoperator_plus_clickhouse_connect_dag.py
Traceback (most recent call last):
  File "/home/airflow/.local/lib/python3.12/site-packages/airflow/models/dagbag.py", line 383, in parse
    loader.exec_module(new_module)
  File "<frozen importlib._bootstrap_external>", line 999, in exec_module
  File "<frozen importlib._bootstrap>", line 488, in _call_with_frames_removed
  File "/opt/airflow/dags/test_pythonoperator_plus_clickhouse_connect_dag.py", line 5, in <module>
    import clickhouse_connect
ModuleNotFoundError: No module named 'clickhouse_connect'
[2025-12-16T07:52:23.047+0000] {processor.py:927} WARNING - No viable dags retrieved from /opt/airflow/dags/test_pythonoperator_plus_clickhouse_connect_dag.py
[2025-12-16T07:52:23.198+0000] {processor.py:208} INFO - Processing /opt/airflow/dags/test_pythonoperator_plus_clickhouse_connect_dag.py took 0.546 seconds
[2025-12-16T07:53:38.035+0000] {processor.py:186} INFO - Started process (PID=2261) to work on /opt/airflow/dags/test_pythonoperator_plus_clickhouse_connect_dag.py
[2025-12-16T07:53:38.054+0000] {processor.py:914} INFO - Processing file /opt/airflow/dags/test_pythonoperator_plus_clickhouse_connect_dag.py for tasks to queue
[2025-12-16T07:53:38.068+0000] {logging_mixin.py:190} INFO - [2025-12-16T07:53:38.066+0000] {dagbag.py:588} INFO - Filling up the DagBag from /opt/airflow/dags/test_pythonoperator_plus_clickhouse_connect_dag.py
[2025-12-16T07:53:38.200+0000] {logging_mixin.py:190} INFO - [2025-12-16T07:53:38.183+0000] {dagbag.py:387} ERROR - Failed to import: /opt/airflow/dags/test_pythonoperator_plus_clickhouse_connect_dag.py
Traceback (most recent call last):
  File "/home/airflow/.local/lib/python3.12/site-packages/airflow/models/dagbag.py", line 383, in parse
    loader.exec_module(new_module)
  File "<frozen importlib._bootstrap_external>", line 999, in exec_module
  File "<frozen importlib._bootstrap>", line 488, in _call_with_frames_removed
  File "/opt/airflow/dags/test_pythonoperator_plus_clickhouse_connect_dag.py", line 5, in <module>
    import clickhouse_connect
ModuleNotFoundError: No module named 'clickhouse_connect'
[2025-12-16T07:53:38.205+0000] {processor.py:927} WARNING - No viable dags retrieved from /opt/airflow/dags/test_pythonoperator_plus_clickhouse_connect_dag.py
[2025-12-16T07:53:38.340+0000] {processor.py:208} INFO - Processing /opt/airflow/dags/test_pythonoperator_plus_clickhouse_connect_dag.py took 0.367 seconds
[2025-12-16T07:54:39.009+0000] {processor.py:186} INFO - Started process (PID=2340) to work on /opt/airflow/dags/test_pythonoperator_plus_clickhouse_connect_dag.py
[2025-12-16T07:54:39.014+0000] {processor.py:914} INFO - Processing file /opt/airflow/dags/test_pythonoperator_plus_clickhouse_connect_dag.py for tasks to queue
[2025-12-16T07:54:39.026+0000] {logging_mixin.py:190} INFO - [2025-12-16T07:54:39.025+0000] {dagbag.py:588} INFO - Filling up the DagBag from /opt/airflow/dags/test_pythonoperator_plus_clickhouse_connect_dag.py
[2025-12-16T07:54:39.323+0000] {logging_mixin.py:190} INFO - [2025-12-16T07:54:39.249+0000] {dagbag.py:387} ERROR - Failed to import: /opt/airflow/dags/test_pythonoperator_plus_clickhouse_connect_dag.py
Traceback (most recent call last):
  File "/home/airflow/.local/lib/python3.12/site-packages/airflow/models/dagbag.py", line 383, in parse
    loader.exec_module(new_module)
  File "<frozen importlib._bootstrap_external>", line 999, in exec_module
  File "<frozen importlib._bootstrap>", line 488, in _call_with_frames_removed
  File "/opt/airflow/dags/test_pythonoperator_plus_clickhouse_connect_dag.py", line 5, in <module>
    import clickhouse_connect
ModuleNotFoundError: No module named 'clickhouse_connect'
[2025-12-16T07:54:39.361+0000] {processor.py:927} WARNING - No viable dags retrieved from /opt/airflow/dags/test_pythonoperator_plus_clickhouse_connect_dag.py
[2025-12-16T07:54:39.473+0000] {processor.py:208} INFO - Processing /opt/airflow/dags/test_pythonoperator_plus_clickhouse_connect_dag.py took 0.486 seconds
[2025-12-16T07:55:36.637+0000] {processor.py:186} INFO - Started process (PID=2436) to work on /opt/airflow/dags/test_pythonoperator_plus_clickhouse_connect_dag.py
[2025-12-16T07:55:36.641+0000] {processor.py:914} INFO - Processing file /opt/airflow/dags/test_pythonoperator_plus_clickhouse_connect_dag.py for tasks to queue
[2025-12-16T07:55:36.646+0000] {logging_mixin.py:190} INFO - [2025-12-16T07:55:36.645+0000] {dagbag.py:588} INFO - Filling up the DagBag from /opt/airflow/dags/test_pythonoperator_plus_clickhouse_connect_dag.py
[2025-12-16T07:55:36.974+0000] {logging_mixin.py:190} INFO - [2025-12-16T07:55:36.912+0000] {dagbag.py:387} ERROR - Failed to import: /opt/airflow/dags/test_pythonoperator_plus_clickhouse_connect_dag.py
Traceback (most recent call last):
  File "/home/airflow/.local/lib/python3.12/site-packages/airflow/models/dagbag.py", line 383, in parse
    loader.exec_module(new_module)
  File "<frozen importlib._bootstrap_external>", line 999, in exec_module
  File "<frozen importlib._bootstrap>", line 488, in _call_with_frames_removed
  File "/opt/airflow/dags/test_pythonoperator_plus_clickhouse_connect_dag.py", line 5, in <module>
    import clickhouse_connect
ModuleNotFoundError: No module named 'clickhouse_connect'
[2025-12-16T07:55:36.984+0000] {processor.py:927} WARNING - No viable dags retrieved from /opt/airflow/dags/test_pythonoperator_plus_clickhouse_connect_dag.py
[2025-12-16T07:55:37.090+0000] {processor.py:208} INFO - Processing /opt/airflow/dags/test_pythonoperator_plus_clickhouse_connect_dag.py took 0.528 seconds
[2025-12-16T07:56:19.020+0000] {processor.py:186} INFO - Started process (PID=2511) to work on /opt/airflow/dags/test_pythonoperator_plus_clickhouse_connect_dag.py
[2025-12-16T07:56:19.030+0000] {processor.py:914} INFO - Processing file /opt/airflow/dags/test_pythonoperator_plus_clickhouse_connect_dag.py for tasks to queue
[2025-12-16T07:56:19.035+0000] {logging_mixin.py:190} INFO - [2025-12-16T07:56:19.034+0000] {dagbag.py:588} INFO - Filling up the DagBag from /opt/airflow/dags/test_pythonoperator_plus_clickhouse_connect_dag.py
[2025-12-16T07:56:19.307+0000] {logging_mixin.py:190} INFO - [2025-12-16T07:56:19.277+0000] {dagbag.py:387} ERROR - Failed to import: /opt/airflow/dags/test_pythonoperator_plus_clickhouse_connect_dag.py
Traceback (most recent call last):
  File "/home/airflow/.local/lib/python3.12/site-packages/airflow/models/dagbag.py", line 383, in parse
    loader.exec_module(new_module)
  File "<frozen importlib._bootstrap_external>", line 999, in exec_module
  File "<frozen importlib._bootstrap>", line 488, in _call_with_frames_removed
  File "/opt/airflow/dags/test_pythonoperator_plus_clickhouse_connect_dag.py", line 5, in <module>
    import clickhouse_connect
ModuleNotFoundError: No module named 'clickhouse_connect'
[2025-12-16T07:56:19.314+0000] {processor.py:927} WARNING - No viable dags retrieved from /opt/airflow/dags/test_pythonoperator_plus_clickhouse_connect_dag.py
[2025-12-16T07:56:19.417+0000] {processor.py:208} INFO - Processing /opt/airflow/dags/test_pythonoperator_plus_clickhouse_connect_dag.py took 0.450 seconds
[2025-12-16T07:56:54.056+0000] {processor.py:186} INFO - Started process (PID=2588) to work on /opt/airflow/dags/test_pythonoperator_plus_clickhouse_connect_dag.py
[2025-12-16T07:56:54.063+0000] {processor.py:914} INFO - Processing file /opt/airflow/dags/test_pythonoperator_plus_clickhouse_connect_dag.py for tasks to queue
[2025-12-16T07:56:54.074+0000] {logging_mixin.py:190} INFO - [2025-12-16T07:56:54.066+0000] {dagbag.py:588} INFO - Filling up the DagBag from /opt/airflow/dags/test_pythonoperator_plus_clickhouse_connect_dag.py
[2025-12-16T07:56:54.377+0000] {logging_mixin.py:190} INFO - [2025-12-16T07:56:54.300+0000] {dagbag.py:387} ERROR - Failed to import: /opt/airflow/dags/test_pythonoperator_plus_clickhouse_connect_dag.py
Traceback (most recent call last):
  File "/home/airflow/.local/lib/python3.12/site-packages/airflow/models/dagbag.py", line 383, in parse
    loader.exec_module(new_module)
  File "<frozen importlib._bootstrap_external>", line 999, in exec_module
  File "<frozen importlib._bootstrap>", line 488, in _call_with_frames_removed
  File "/opt/airflow/dags/test_pythonoperator_plus_clickhouse_connect_dag.py", line 5, in <module>
    import clickhouse_connect
ModuleNotFoundError: No module named 'clickhouse_connect'
[2025-12-16T07:56:54.396+0000] {processor.py:927} WARNING - No viable dags retrieved from /opt/airflow/dags/test_pythonoperator_plus_clickhouse_connect_dag.py
[2025-12-16T07:56:54.622+0000] {processor.py:208} INFO - Processing /opt/airflow/dags/test_pythonoperator_plus_clickhouse_connect_dag.py took 0.633 seconds
[2025-12-16T07:57:27.938+0000] {processor.py:186} INFO - Started process (PID=2659) to work on /opt/airflow/dags/test_pythonoperator_plus_clickhouse_connect_dag.py
[2025-12-16T07:57:27.951+0000] {processor.py:914} INFO - Processing file /opt/airflow/dags/test_pythonoperator_plus_clickhouse_connect_dag.py for tasks to queue
[2025-12-16T07:57:27.961+0000] {logging_mixin.py:190} INFO - [2025-12-16T07:57:27.955+0000] {dagbag.py:588} INFO - Filling up the DagBag from /opt/airflow/dags/test_pythonoperator_plus_clickhouse_connect_dag.py
[2025-12-16T07:57:28.103+0000] {logging_mixin.py:190} INFO - [2025-12-16T07:57:28.078+0000] {dagbag.py:387} ERROR - Failed to import: /opt/airflow/dags/test_pythonoperator_plus_clickhouse_connect_dag.py
Traceback (most recent call last):
  File "/home/airflow/.local/lib/python3.12/site-packages/airflow/models/dagbag.py", line 383, in parse
    loader.exec_module(new_module)
  File "<frozen importlib._bootstrap_external>", line 999, in exec_module
  File "<frozen importlib._bootstrap>", line 488, in _call_with_frames_removed
  File "/opt/airflow/dags/test_pythonoperator_plus_clickhouse_connect_dag.py", line 5, in <module>
    import clickhouse_connect
ModuleNotFoundError: No module named 'clickhouse_connect'
[2025-12-16T07:57:28.145+0000] {processor.py:927} WARNING - No viable dags retrieved from /opt/airflow/dags/test_pythonoperator_plus_clickhouse_connect_dag.py
[2025-12-16T07:57:28.386+0000] {processor.py:208} INFO - Processing /opt/airflow/dags/test_pythonoperator_plus_clickhouse_connect_dag.py took 0.493 seconds
[2025-12-16T07:58:15.651+0000] {processor.py:186} INFO - Started process (PID=2737) to work on /opt/airflow/dags/test_pythonoperator_plus_clickhouse_connect_dag.py
[2025-12-16T07:58:15.656+0000] {processor.py:914} INFO - Processing file /opt/airflow/dags/test_pythonoperator_plus_clickhouse_connect_dag.py for tasks to queue
[2025-12-16T07:58:15.661+0000] {logging_mixin.py:190} INFO - [2025-12-16T07:58:15.659+0000] {dagbag.py:588} INFO - Filling up the DagBag from /opt/airflow/dags/test_pythonoperator_plus_clickhouse_connect_dag.py
[2025-12-16T07:58:15.805+0000] {logging_mixin.py:190} INFO - [2025-12-16T07:58:15.789+0000] {dagbag.py:387} ERROR - Failed to import: /opt/airflow/dags/test_pythonoperator_plus_clickhouse_connect_dag.py
Traceback (most recent call last):
  File "/home/airflow/.local/lib/python3.12/site-packages/airflow/models/dagbag.py", line 383, in parse
    loader.exec_module(new_module)
  File "<frozen importlib._bootstrap_external>", line 999, in exec_module
  File "<frozen importlib._bootstrap>", line 488, in _call_with_frames_removed
  File "/opt/airflow/dags/test_pythonoperator_plus_clickhouse_connect_dag.py", line 5, in <module>
    import clickhouse_connect
ModuleNotFoundError: No module named 'clickhouse_connect'
[2025-12-16T07:58:15.815+0000] {processor.py:927} WARNING - No viable dags retrieved from /opt/airflow/dags/test_pythonoperator_plus_clickhouse_connect_dag.py
[2025-12-16T07:58:15.931+0000] {processor.py:208} INFO - Processing /opt/airflow/dags/test_pythonoperator_plus_clickhouse_connect_dag.py took 0.309 seconds
[2025-12-16T07:58:50.356+0000] {processor.py:186} INFO - Started process (PID=2811) to work on /opt/airflow/dags/test_pythonoperator_plus_clickhouse_connect_dag.py
[2025-12-16T07:58:50.383+0000] {processor.py:914} INFO - Processing file /opt/airflow/dags/test_pythonoperator_plus_clickhouse_connect_dag.py for tasks to queue
[2025-12-16T07:58:50.420+0000] {logging_mixin.py:190} INFO - [2025-12-16T07:58:50.409+0000] {dagbag.py:588} INFO - Filling up the DagBag from /opt/airflow/dags/test_pythonoperator_plus_clickhouse_connect_dag.py
[2025-12-16T07:58:51.118+0000] {logging_mixin.py:190} INFO - [2025-12-16T07:58:51.036+0000] {dagbag.py:387} ERROR - Failed to import: /opt/airflow/dags/test_pythonoperator_plus_clickhouse_connect_dag.py
Traceback (most recent call last):
  File "/home/airflow/.local/lib/python3.12/site-packages/airflow/models/dagbag.py", line 383, in parse
    loader.exec_module(new_module)
  File "<frozen importlib._bootstrap_external>", line 999, in exec_module
  File "<frozen importlib._bootstrap>", line 488, in _call_with_frames_removed
  File "/opt/airflow/dags/test_pythonoperator_plus_clickhouse_connect_dag.py", line 5, in <module>
    import clickhouse_connect
ModuleNotFoundError: No module named 'clickhouse_connect'
[2025-12-16T07:58:51.133+0000] {processor.py:927} WARNING - No viable dags retrieved from /opt/airflow/dags/test_pythonoperator_plus_clickhouse_connect_dag.py
[2025-12-16T07:58:51.363+0000] {processor.py:208} INFO - Processing /opt/airflow/dags/test_pythonoperator_plus_clickhouse_connect_dag.py took 1.072 seconds
[2025-12-16T07:59:33.528+0000] {processor.py:186} INFO - Started process (PID=2884) to work on /opt/airflow/dags/test_pythonoperator_plus_clickhouse_connect_dag.py
[2025-12-16T07:59:33.561+0000] {processor.py:914} INFO - Processing file /opt/airflow/dags/test_pythonoperator_plus_clickhouse_connect_dag.py for tasks to queue
[2025-12-16T07:59:33.577+0000] {logging_mixin.py:190} INFO - [2025-12-16T07:59:33.575+0000] {dagbag.py:588} INFO - Filling up the DagBag from /opt/airflow/dags/test_pythonoperator_plus_clickhouse_connect_dag.py
[2025-12-16T07:59:34.660+0000] {logging_mixin.py:190} INFO - [2025-12-16T07:59:34.601+0000] {dagbag.py:387} ERROR - Failed to import: /opt/airflow/dags/test_pythonoperator_plus_clickhouse_connect_dag.py
Traceback (most recent call last):
  File "/home/airflow/.local/lib/python3.12/site-packages/airflow/models/dagbag.py", line 383, in parse
    loader.exec_module(new_module)
  File "<frozen importlib._bootstrap_external>", line 999, in exec_module
  File "<frozen importlib._bootstrap>", line 488, in _call_with_frames_removed
  File "/opt/airflow/dags/test_pythonoperator_plus_clickhouse_connect_dag.py", line 5, in <module>
    import clickhouse_connect
ModuleNotFoundError: No module named 'clickhouse_connect'
[2025-12-16T07:59:34.750+0000] {processor.py:927} WARNING - No viable dags retrieved from /opt/airflow/dags/test_pythonoperator_plus_clickhouse_connect_dag.py
[2025-12-16T07:59:35.232+0000] {processor.py:208} INFO - Processing /opt/airflow/dags/test_pythonoperator_plus_clickhouse_connect_dag.py took 1.781 seconds
[2025-12-16T08:00:21.785+0000] {processor.py:186} INFO - Started process (PID=2963) to work on /opt/airflow/dags/test_pythonoperator_plus_clickhouse_connect_dag.py
[2025-12-16T08:00:21.792+0000] {processor.py:914} INFO - Processing file /opt/airflow/dags/test_pythonoperator_plus_clickhouse_connect_dag.py for tasks to queue
[2025-12-16T08:00:21.796+0000] {logging_mixin.py:190} INFO - [2025-12-16T08:00:21.795+0000] {dagbag.py:588} INFO - Filling up the DagBag from /opt/airflow/dags/test_pythonoperator_plus_clickhouse_connect_dag.py
[2025-12-16T08:00:21.875+0000] {logging_mixin.py:190} INFO - [2025-12-16T08:00:21.855+0000] {dagbag.py:387} ERROR - Failed to import: /opt/airflow/dags/test_pythonoperator_plus_clickhouse_connect_dag.py
Traceback (most recent call last):
  File "/home/airflow/.local/lib/python3.12/site-packages/airflow/models/dagbag.py", line 383, in parse
    loader.exec_module(new_module)
  File "<frozen importlib._bootstrap_external>", line 999, in exec_module
  File "<frozen importlib._bootstrap>", line 488, in _call_with_frames_removed
  File "/opt/airflow/dags/test_pythonoperator_plus_clickhouse_connect_dag.py", line 5, in <module>
    import clickhouse_connect
ModuleNotFoundError: No module named 'clickhouse_connect'
[2025-12-16T08:00:21.886+0000] {processor.py:927} WARNING - No viable dags retrieved from /opt/airflow/dags/test_pythonoperator_plus_clickhouse_connect_dag.py
[2025-12-16T08:00:21.985+0000] {processor.py:208} INFO - Processing /opt/airflow/dags/test_pythonoperator_plus_clickhouse_connect_dag.py took 0.221 seconds
[2025-12-16T08:01:04.456+0000] {processor.py:186} INFO - Started process (PID=3040) to work on /opt/airflow/dags/test_pythonoperator_plus_clickhouse_connect_dag.py
[2025-12-16T08:01:04.468+0000] {processor.py:914} INFO - Processing file /opt/airflow/dags/test_pythonoperator_plus_clickhouse_connect_dag.py for tasks to queue
[2025-12-16T08:01:04.485+0000] {logging_mixin.py:190} INFO - [2025-12-16T08:01:04.483+0000] {dagbag.py:588} INFO - Filling up the DagBag from /opt/airflow/dags/test_pythonoperator_plus_clickhouse_connect_dag.py
[2025-12-16T08:01:04.616+0000] {logging_mixin.py:190} INFO - [2025-12-16T08:01:04.591+0000] {dagbag.py:387} ERROR - Failed to import: /opt/airflow/dags/test_pythonoperator_plus_clickhouse_connect_dag.py
Traceback (most recent call last):
  File "/home/airflow/.local/lib/python3.12/site-packages/airflow/models/dagbag.py", line 383, in parse
    loader.exec_module(new_module)
  File "<frozen importlib._bootstrap_external>", line 999, in exec_module
  File "<frozen importlib._bootstrap>", line 488, in _call_with_frames_removed
  File "/opt/airflow/dags/test_pythonoperator_plus_clickhouse_connect_dag.py", line 5, in <module>
    import clickhouse_connect
ModuleNotFoundError: No module named 'clickhouse_connect'
[2025-12-16T08:01:04.621+0000] {processor.py:927} WARNING - No viable dags retrieved from /opt/airflow/dags/test_pythonoperator_plus_clickhouse_connect_dag.py
[2025-12-16T08:01:04.717+0000] {processor.py:208} INFO - Processing /opt/airflow/dags/test_pythonoperator_plus_clickhouse_connect_dag.py took 0.290 seconds
[2025-12-16T08:01:49.094+0000] {processor.py:186} INFO - Started process (PID=3127) to work on /opt/airflow/dags/test_pythonoperator_plus_clickhouse_connect_dag.py
[2025-12-16T08:01:49.097+0000] {processor.py:914} INFO - Processing file /opt/airflow/dags/test_pythonoperator_plus_clickhouse_connect_dag.py for tasks to queue
[2025-12-16T08:01:49.101+0000] {logging_mixin.py:190} INFO - [2025-12-16T08:01:49.100+0000] {dagbag.py:588} INFO - Filling up the DagBag from /opt/airflow/dags/test_pythonoperator_plus_clickhouse_connect_dag.py
[2025-12-16T08:01:49.155+0000] {logging_mixin.py:190} INFO - [2025-12-16T08:01:49.146+0000] {dagbag.py:387} ERROR - Failed to import: /opt/airflow/dags/test_pythonoperator_plus_clickhouse_connect_dag.py
Traceback (most recent call last):
  File "/home/airflow/.local/lib/python3.12/site-packages/airflow/models/dagbag.py", line 383, in parse
    loader.exec_module(new_module)
  File "<frozen importlib._bootstrap_external>", line 999, in exec_module
  File "<frozen importlib._bootstrap>", line 488, in _call_with_frames_removed
  File "/opt/airflow/dags/test_pythonoperator_plus_clickhouse_connect_dag.py", line 5, in <module>
    import clickhouse_connect
ModuleNotFoundError: No module named 'clickhouse_connect'
[2025-12-16T08:01:49.161+0000] {processor.py:927} WARNING - No viable dags retrieved from /opt/airflow/dags/test_pythonoperator_plus_clickhouse_connect_dag.py
[2025-12-16T08:01:49.213+0000] {processor.py:208} INFO - Processing /opt/airflow/dags/test_pythonoperator_plus_clickhouse_connect_dag.py took 0.138 seconds
[2025-12-16T08:02:26.203+0000] {processor.py:186} INFO - Started process (PID=3202) to work on /opt/airflow/dags/test_pythonoperator_plus_clickhouse_connect_dag.py
[2025-12-16T08:02:26.207+0000] {processor.py:914} INFO - Processing file /opt/airflow/dags/test_pythonoperator_plus_clickhouse_connect_dag.py for tasks to queue
[2025-12-16T08:02:26.219+0000] {logging_mixin.py:190} INFO - [2025-12-16T08:02:26.213+0000] {dagbag.py:588} INFO - Filling up the DagBag from /opt/airflow/dags/test_pythonoperator_plus_clickhouse_connect_dag.py
[2025-12-16T08:02:26.379+0000] {logging_mixin.py:190} INFO - [2025-12-16T08:02:26.284+0000] {dagbag.py:387} ERROR - Failed to import: /opt/airflow/dags/test_pythonoperator_plus_clickhouse_connect_dag.py
Traceback (most recent call last):
  File "/home/airflow/.local/lib/python3.12/site-packages/airflow/models/dagbag.py", line 383, in parse
    loader.exec_module(new_module)
  File "<frozen importlib._bootstrap_external>", line 999, in exec_module
  File "<frozen importlib._bootstrap>", line 488, in _call_with_frames_removed
  File "/opt/airflow/dags/test_pythonoperator_plus_clickhouse_connect_dag.py", line 5, in <module>
    import clickhouse_connect
ModuleNotFoundError: No module named 'clickhouse_connect'
[2025-12-16T08:02:26.383+0000] {processor.py:927} WARNING - No viable dags retrieved from /opt/airflow/dags/test_pythonoperator_plus_clickhouse_connect_dag.py
[2025-12-16T08:02:26.540+0000] {processor.py:208} INFO - Processing /opt/airflow/dags/test_pythonoperator_plus_clickhouse_connect_dag.py took 0.367 seconds
[2025-12-16T08:03:05.559+0000] {processor.py:186} INFO - Started process (PID=3277) to work on /opt/airflow/dags/test_pythonoperator_plus_clickhouse_connect_dag.py
[2025-12-16T08:03:05.563+0000] {processor.py:914} INFO - Processing file /opt/airflow/dags/test_pythonoperator_plus_clickhouse_connect_dag.py for tasks to queue
[2025-12-16T08:03:05.567+0000] {logging_mixin.py:190} INFO - [2025-12-16T08:03:05.566+0000] {dagbag.py:588} INFO - Filling up the DagBag from /opt/airflow/dags/test_pythonoperator_plus_clickhouse_connect_dag.py
[2025-12-16T08:03:05.678+0000] {logging_mixin.py:190} INFO - [2025-12-16T08:03:05.662+0000] {dagbag.py:387} ERROR - Failed to import: /opt/airflow/dags/test_pythonoperator_plus_clickhouse_connect_dag.py
Traceback (most recent call last):
  File "/home/airflow/.local/lib/python3.12/site-packages/airflow/models/dagbag.py", line 383, in parse
    loader.exec_module(new_module)
  File "<frozen importlib._bootstrap_external>", line 999, in exec_module
  File "<frozen importlib._bootstrap>", line 488, in _call_with_frames_removed
  File "/opt/airflow/dags/test_pythonoperator_plus_clickhouse_connect_dag.py", line 5, in <module>
    import clickhouse_connect
ModuleNotFoundError: No module named 'clickhouse_connect'
[2025-12-16T08:03:05.687+0000] {processor.py:927} WARNING - No viable dags retrieved from /opt/airflow/dags/test_pythonoperator_plus_clickhouse_connect_dag.py
[2025-12-16T08:03:05.801+0000] {processor.py:208} INFO - Processing /opt/airflow/dags/test_pythonoperator_plus_clickhouse_connect_dag.py took 0.260 seconds
[2025-12-16T08:03:49.324+0000] {processor.py:186} INFO - Started process (PID=3378) to work on /opt/airflow/dags/test_pythonoperator_plus_clickhouse_connect_dag.py
[2025-12-16T08:03:49.334+0000] {processor.py:914} INFO - Processing file /opt/airflow/dags/test_pythonoperator_plus_clickhouse_connect_dag.py for tasks to queue
[2025-12-16T08:03:49.371+0000] {logging_mixin.py:190} INFO - [2025-12-16T08:03:49.365+0000] {dagbag.py:588} INFO - Filling up the DagBag from /opt/airflow/dags/test_pythonoperator_plus_clickhouse_connect_dag.py
[2025-12-16T08:03:49.512+0000] {logging_mixin.py:190} INFO - [2025-12-16T08:03:49.494+0000] {dagbag.py:387} ERROR - Failed to import: /opt/airflow/dags/test_pythonoperator_plus_clickhouse_connect_dag.py
Traceback (most recent call last):
  File "/home/airflow/.local/lib/python3.12/site-packages/airflow/models/dagbag.py", line 383, in parse
    loader.exec_module(new_module)
  File "<frozen importlib._bootstrap_external>", line 999, in exec_module
  File "<frozen importlib._bootstrap>", line 488, in _call_with_frames_removed
  File "/opt/airflow/dags/test_pythonoperator_plus_clickhouse_connect_dag.py", line 5, in <module>
    import clickhouse_connect
ModuleNotFoundError: No module named 'clickhouse_connect'
[2025-12-16T08:03:49.523+0000] {processor.py:927} WARNING - No viable dags retrieved from /opt/airflow/dags/test_pythonoperator_plus_clickhouse_connect_dag.py
[2025-12-16T08:03:49.631+0000] {processor.py:208} INFO - Processing /opt/airflow/dags/test_pythonoperator_plus_clickhouse_connect_dag.py took 0.337 seconds
[2025-12-16T08:04:32.808+0000] {processor.py:186} INFO - Started process (PID=3461) to work on /opt/airflow/dags/test_pythonoperator_plus_clickhouse_connect_dag.py
[2025-12-16T08:04:32.819+0000] {processor.py:914} INFO - Processing file /opt/airflow/dags/test_pythonoperator_plus_clickhouse_connect_dag.py for tasks to queue
[2025-12-16T08:04:32.836+0000] {logging_mixin.py:190} INFO - [2025-12-16T08:04:32.823+0000] {dagbag.py:588} INFO - Filling up the DagBag from /opt/airflow/dags/test_pythonoperator_plus_clickhouse_connect_dag.py
[2025-12-16T08:04:33.048+0000] {logging_mixin.py:190} INFO - [2025-12-16T08:04:33.015+0000] {dagbag.py:387} ERROR - Failed to import: /opt/airflow/dags/test_pythonoperator_plus_clickhouse_connect_dag.py
Traceback (most recent call last):
  File "/home/airflow/.local/lib/python3.12/site-packages/airflow/models/dagbag.py", line 383, in parse
    loader.exec_module(new_module)
  File "<frozen importlib._bootstrap_external>", line 999, in exec_module
  File "<frozen importlib._bootstrap>", line 488, in _call_with_frames_removed
  File "/opt/airflow/dags/test_pythonoperator_plus_clickhouse_connect_dag.py", line 5, in <module>
    import clickhouse_connect
ModuleNotFoundError: No module named 'clickhouse_connect'
[2025-12-16T08:04:33.057+0000] {processor.py:927} WARNING - No viable dags retrieved from /opt/airflow/dags/test_pythonoperator_plus_clickhouse_connect_dag.py
[2025-12-16T08:04:33.193+0000] {processor.py:208} INFO - Processing /opt/airflow/dags/test_pythonoperator_plus_clickhouse_connect_dag.py took 0.440 seconds
[2025-12-16T08:05:13.541+0000] {processor.py:186} INFO - Started process (PID=3542) to work on /opt/airflow/dags/test_pythonoperator_plus_clickhouse_connect_dag.py
[2025-12-16T08:05:13.558+0000] {processor.py:914} INFO - Processing file /opt/airflow/dags/test_pythonoperator_plus_clickhouse_connect_dag.py for tasks to queue
[2025-12-16T08:05:13.588+0000] {logging_mixin.py:190} INFO - [2025-12-16T08:05:13.578+0000] {dagbag.py:588} INFO - Filling up the DagBag from /opt/airflow/dags/test_pythonoperator_plus_clickhouse_connect_dag.py
[2025-12-16T08:05:13.731+0000] {logging_mixin.py:190} INFO - [2025-12-16T08:05:13.718+0000] {dagbag.py:387} ERROR - Failed to import: /opt/airflow/dags/test_pythonoperator_plus_clickhouse_connect_dag.py
Traceback (most recent call last):
  File "/home/airflow/.local/lib/python3.12/site-packages/airflow/models/dagbag.py", line 383, in parse
    loader.exec_module(new_module)
  File "<frozen importlib._bootstrap_external>", line 999, in exec_module
  File "<frozen importlib._bootstrap>", line 488, in _call_with_frames_removed
  File "/opt/airflow/dags/test_pythonoperator_plus_clickhouse_connect_dag.py", line 5, in <module>
    import clickhouse_connect
ModuleNotFoundError: No module named 'clickhouse_connect'
[2025-12-16T08:05:13.736+0000] {processor.py:927} WARNING - No viable dags retrieved from /opt/airflow/dags/test_pythonoperator_plus_clickhouse_connect_dag.py
[2025-12-16T08:05:13.828+0000] {processor.py:208} INFO - Processing /opt/airflow/dags/test_pythonoperator_plus_clickhouse_connect_dag.py took 0.323 seconds
[2025-12-16T08:05:51.880+0000] {processor.py:186} INFO - Started process (PID=3621) to work on /opt/airflow/dags/test_pythonoperator_plus_clickhouse_connect_dag.py
[2025-12-16T08:05:51.887+0000] {processor.py:914} INFO - Processing file /opt/airflow/dags/test_pythonoperator_plus_clickhouse_connect_dag.py for tasks to queue
[2025-12-16T08:05:51.893+0000] {logging_mixin.py:190} INFO - [2025-12-16T08:05:51.892+0000] {dagbag.py:588} INFO - Filling up the DagBag from /opt/airflow/dags/test_pythonoperator_plus_clickhouse_connect_dag.py
[2025-12-16T08:05:51.951+0000] {logging_mixin.py:190} INFO - [2025-12-16T08:05:51.933+0000] {dagbag.py:387} ERROR - Failed to import: /opt/airflow/dags/test_pythonoperator_plus_clickhouse_connect_dag.py
Traceback (most recent call last):
  File "/home/airflow/.local/lib/python3.12/site-packages/airflow/models/dagbag.py", line 383, in parse
    loader.exec_module(new_module)
  File "<frozen importlib._bootstrap_external>", line 999, in exec_module
  File "<frozen importlib._bootstrap>", line 488, in _call_with_frames_removed
  File "/opt/airflow/dags/test_pythonoperator_plus_clickhouse_connect_dag.py", line 5, in <module>
    import clickhouse_connect
ModuleNotFoundError: No module named 'clickhouse_connect'
[2025-12-16T08:05:51.955+0000] {processor.py:927} WARNING - No viable dags retrieved from /opt/airflow/dags/test_pythonoperator_plus_clickhouse_connect_dag.py
[2025-12-16T08:05:52.046+0000] {processor.py:208} INFO - Processing /opt/airflow/dags/test_pythonoperator_plus_clickhouse_connect_dag.py took 0.184 seconds
[2025-12-16T08:08:41.401+0000] {processor.py:186} INFO - Started process (PID=3728) to work on /opt/airflow/dags/test_pythonoperator_plus_clickhouse_connect_dag.py
[2025-12-16T08:08:41.405+0000] {processor.py:914} INFO - Processing file /opt/airflow/dags/test_pythonoperator_plus_clickhouse_connect_dag.py for tasks to queue
[2025-12-16T08:08:41.410+0000] {logging_mixin.py:190} INFO - [2025-12-16T08:08:41.409+0000] {dagbag.py:588} INFO - Filling up the DagBag from /opt/airflow/dags/test_pythonoperator_plus_clickhouse_connect_dag.py
[2025-12-16T08:08:41.478+0000] {logging_mixin.py:190} INFO - [2025-12-16T08:08:41.465+0000] {dagbag.py:387} ERROR - Failed to import: /opt/airflow/dags/test_pythonoperator_plus_clickhouse_connect_dag.py
Traceback (most recent call last):
  File "/home/airflow/.local/lib/python3.12/site-packages/airflow/models/dagbag.py", line 383, in parse
    loader.exec_module(new_module)
  File "<frozen importlib._bootstrap_external>", line 999, in exec_module
  File "<frozen importlib._bootstrap>", line 488, in _call_with_frames_removed
  File "/opt/airflow/dags/test_pythonoperator_plus_clickhouse_connect_dag.py", line 5, in <module>
    import clickhouse_connect
ModuleNotFoundError: No module named 'clickhouse_connect'
[2025-12-16T08:08:41.483+0000] {processor.py:927} WARNING - No viable dags retrieved from /opt/airflow/dags/test_pythonoperator_plus_clickhouse_connect_dag.py
[2025-12-16T08:08:41.825+0000] {processor.py:208} INFO - Processing /opt/airflow/dags/test_pythonoperator_plus_clickhouse_connect_dag.py took 0.457 seconds
[2025-12-16T08:13:39.566+0000] {processor.py:186} INFO - Started process (PID=3834) to work on /opt/airflow/dags/test_pythonoperator_plus_clickhouse_connect_dag.py
[2025-12-16T08:13:39.601+0000] {processor.py:914} INFO - Processing file /opt/airflow/dags/test_pythonoperator_plus_clickhouse_connect_dag.py for tasks to queue
[2025-12-16T08:13:39.673+0000] {logging_mixin.py:190} INFO - [2025-12-16T08:13:39.643+0000] {dagbag.py:588} INFO - Filling up the DagBag from /opt/airflow/dags/test_pythonoperator_plus_clickhouse_connect_dag.py
[2025-12-16T08:13:41.019+0000] {logging_mixin.py:190} INFO - [2025-12-16T08:13:40.892+0000] {dagbag.py:387} ERROR - Failed to import: /opt/airflow/dags/test_pythonoperator_plus_clickhouse_connect_dag.py
Traceback (most recent call last):
  File "/home/airflow/.local/lib/python3.12/site-packages/airflow/models/dagbag.py", line 383, in parse
    loader.exec_module(new_module)
  File "<frozen importlib._bootstrap_external>", line 999, in exec_module
  File "<frozen importlib._bootstrap>", line 488, in _call_with_frames_removed
  File "/opt/airflow/dags/test_pythonoperator_plus_clickhouse_connect_dag.py", line 5, in <module>
    import clickhouse_connect
ModuleNotFoundError: No module named 'clickhouse_connect'
[2025-12-16T08:13:41.066+0000] {processor.py:927} WARNING - No viable dags retrieved from /opt/airflow/dags/test_pythonoperator_plus_clickhouse_connect_dag.py
[2025-12-16T08:13:42.453+0000] {processor.py:208} INFO - Processing /opt/airflow/dags/test_pythonoperator_plus_clickhouse_connect_dag.py took 3.241 seconds
[2025-12-16T08:16:55.034+0000] {processor.py:186} INFO - Started process (PID=3957) to work on /opt/airflow/dags/test_pythonoperator_plus_clickhouse_connect_dag.py
[2025-12-16T08:16:55.071+0000] {processor.py:914} INFO - Processing file /opt/airflow/dags/test_pythonoperator_plus_clickhouse_connect_dag.py for tasks to queue
[2025-12-16T08:16:55.082+0000] {logging_mixin.py:190} INFO - [2025-12-16T08:16:55.080+0000] {dagbag.py:588} INFO - Filling up the DagBag from /opt/airflow/dags/test_pythonoperator_plus_clickhouse_connect_dag.py
[2025-12-16T08:16:55.430+0000] {logging_mixin.py:190} INFO - [2025-12-16T08:16:55.365+0000] {dagbag.py:387} ERROR - Failed to import: /opt/airflow/dags/test_pythonoperator_plus_clickhouse_connect_dag.py
Traceback (most recent call last):
  File "/home/airflow/.local/lib/python3.12/site-packages/airflow/models/dagbag.py", line 383, in parse
    loader.exec_module(new_module)
  File "<frozen importlib._bootstrap_external>", line 999, in exec_module
  File "<frozen importlib._bootstrap>", line 488, in _call_with_frames_removed
  File "/opt/airflow/dags/test_pythonoperator_plus_clickhouse_connect_dag.py", line 5, in <module>
    import clickhouse_connect
ModuleNotFoundError: No module named 'clickhouse_connect'
[2025-12-16T08:16:55.457+0000] {processor.py:927} WARNING - No viable dags retrieved from /opt/airflow/dags/test_pythonoperator_plus_clickhouse_connect_dag.py
[2025-12-16T08:16:55.560+0000] {processor.py:208} INFO - Processing /opt/airflow/dags/test_pythonoperator_plus_clickhouse_connect_dag.py took 0.589 seconds
[2025-12-16T08:17:27.787+0000] {processor.py:186} INFO - Started process (PID=4029) to work on /opt/airflow/dags/test_pythonoperator_plus_clickhouse_connect_dag.py
[2025-12-16T08:17:27.790+0000] {processor.py:914} INFO - Processing file /opt/airflow/dags/test_pythonoperator_plus_clickhouse_connect_dag.py for tasks to queue
[2025-12-16T08:17:27.797+0000] {logging_mixin.py:190} INFO - [2025-12-16T08:17:27.794+0000] {dagbag.py:588} INFO - Filling up the DagBag from /opt/airflow/dags/test_pythonoperator_plus_clickhouse_connect_dag.py
[2025-12-16T08:17:27.920+0000] {logging_mixin.py:190} INFO - [2025-12-16T08:17:27.904+0000] {dagbag.py:387} ERROR - Failed to import: /opt/airflow/dags/test_pythonoperator_plus_clickhouse_connect_dag.py
Traceback (most recent call last):
  File "/home/airflow/.local/lib/python3.12/site-packages/airflow/models/dagbag.py", line 383, in parse
    loader.exec_module(new_module)
  File "<frozen importlib._bootstrap_external>", line 999, in exec_module
  File "<frozen importlib._bootstrap>", line 488, in _call_with_frames_removed
  File "/opt/airflow/dags/test_pythonoperator_plus_clickhouse_connect_dag.py", line 5, in <module>
    import clickhouse_connect
ModuleNotFoundError: No module named 'clickhouse_connect'
[2025-12-16T08:17:27.924+0000] {processor.py:927} WARNING - No viable dags retrieved from /opt/airflow/dags/test_pythonoperator_plus_clickhouse_connect_dag.py
[2025-12-16T08:17:28.022+0000] {processor.py:208} INFO - Processing /opt/airflow/dags/test_pythonoperator_plus_clickhouse_connect_dag.py took 0.261 seconds
[2025-12-16T08:18:06.523+0000] {processor.py:186} INFO - Started process (PID=4109) to work on /opt/airflow/dags/test_pythonoperator_plus_clickhouse_connect_dag.py
[2025-12-16T08:18:06.526+0000] {processor.py:914} INFO - Processing file /opt/airflow/dags/test_pythonoperator_plus_clickhouse_connect_dag.py for tasks to queue
[2025-12-16T08:18:06.530+0000] {logging_mixin.py:190} INFO - [2025-12-16T08:18:06.529+0000] {dagbag.py:588} INFO - Filling up the DagBag from /opt/airflow/dags/test_pythonoperator_plus_clickhouse_connect_dag.py
[2025-12-16T08:18:06.614+0000] {logging_mixin.py:190} INFO - [2025-12-16T08:18:06.603+0000] {dagbag.py:387} ERROR - Failed to import: /opt/airflow/dags/test_pythonoperator_plus_clickhouse_connect_dag.py
Traceback (most recent call last):
  File "/home/airflow/.local/lib/python3.12/site-packages/airflow/models/dagbag.py", line 383, in parse
    loader.exec_module(new_module)
  File "<frozen importlib._bootstrap_external>", line 999, in exec_module
  File "<frozen importlib._bootstrap>", line 488, in _call_with_frames_removed
  File "/opt/airflow/dags/test_pythonoperator_plus_clickhouse_connect_dag.py", line 5, in <module>
    import clickhouse_connect
ModuleNotFoundError: No module named 'clickhouse_connect'
[2025-12-16T08:18:06.655+0000] {processor.py:927} WARNING - No viable dags retrieved from /opt/airflow/dags/test_pythonoperator_plus_clickhouse_connect_dag.py
[2025-12-16T08:18:06.810+0000] {processor.py:208} INFO - Processing /opt/airflow/dags/test_pythonoperator_plus_clickhouse_connect_dag.py took 0.304 seconds
[2025-12-16T08:18:42.226+0000] {processor.py:186} INFO - Started process (PID=4180) to work on /opt/airflow/dags/test_pythonoperator_plus_clickhouse_connect_dag.py
[2025-12-16T08:18:42.230+0000] {processor.py:914} INFO - Processing file /opt/airflow/dags/test_pythonoperator_plus_clickhouse_connect_dag.py for tasks to queue
[2025-12-16T08:18:42.245+0000] {logging_mixin.py:190} INFO - [2025-12-16T08:18:42.244+0000] {dagbag.py:588} INFO - Filling up the DagBag from /opt/airflow/dags/test_pythonoperator_plus_clickhouse_connect_dag.py
[2025-12-16T08:18:42.450+0000] {logging_mixin.py:190} INFO - [2025-12-16T08:18:42.429+0000] {dagbag.py:387} ERROR - Failed to import: /opt/airflow/dags/test_pythonoperator_plus_clickhouse_connect_dag.py
Traceback (most recent call last):
  File "/home/airflow/.local/lib/python3.12/site-packages/airflow/models/dagbag.py", line 383, in parse
    loader.exec_module(new_module)
  File "<frozen importlib._bootstrap_external>", line 999, in exec_module
  File "<frozen importlib._bootstrap>", line 488, in _call_with_frames_removed
  File "/opt/airflow/dags/test_pythonoperator_plus_clickhouse_connect_dag.py", line 5, in <module>
    import clickhouse_connect
ModuleNotFoundError: No module named 'clickhouse_connect'
[2025-12-16T08:18:42.457+0000] {processor.py:927} WARNING - No viable dags retrieved from /opt/airflow/dags/test_pythonoperator_plus_clickhouse_connect_dag.py
[2025-12-16T08:18:42.741+0000] {processor.py:208} INFO - Processing /opt/airflow/dags/test_pythonoperator_plus_clickhouse_connect_dag.py took 0.561 seconds
[2025-12-16T08:19:27.102+0000] {processor.py:186} INFO - Started process (PID=4267) to work on /opt/airflow/dags/test_pythonoperator_plus_clickhouse_connect_dag.py
[2025-12-16T08:19:27.107+0000] {processor.py:914} INFO - Processing file /opt/airflow/dags/test_pythonoperator_plus_clickhouse_connect_dag.py for tasks to queue
[2025-12-16T08:19:27.118+0000] {logging_mixin.py:190} INFO - [2025-12-16T08:19:27.115+0000] {dagbag.py:588} INFO - Filling up the DagBag from /opt/airflow/dags/test_pythonoperator_plus_clickhouse_connect_dag.py
[2025-12-16T08:19:27.199+0000] {logging_mixin.py:190} INFO - [2025-12-16T08:19:27.184+0000] {dagbag.py:387} ERROR - Failed to import: /opt/airflow/dags/test_pythonoperator_plus_clickhouse_connect_dag.py
Traceback (most recent call last):
  File "/home/airflow/.local/lib/python3.12/site-packages/airflow/models/dagbag.py", line 383, in parse
    loader.exec_module(new_module)
  File "<frozen importlib._bootstrap_external>", line 999, in exec_module
  File "<frozen importlib._bootstrap>", line 488, in _call_with_frames_removed
  File "/opt/airflow/dags/test_pythonoperator_plus_clickhouse_connect_dag.py", line 5, in <module>
    import clickhouse_connect
ModuleNotFoundError: No module named 'clickhouse_connect'
[2025-12-16T08:19:27.204+0000] {processor.py:927} WARNING - No viable dags retrieved from /opt/airflow/dags/test_pythonoperator_plus_clickhouse_connect_dag.py
[2025-12-16T08:19:27.283+0000] {processor.py:208} INFO - Processing /opt/airflow/dags/test_pythonoperator_plus_clickhouse_connect_dag.py took 0.208 seconds
[2025-12-16T08:20:01.085+0000] {processor.py:186} INFO - Started process (PID=4339) to work on /opt/airflow/dags/test_pythonoperator_plus_clickhouse_connect_dag.py
[2025-12-16T08:20:01.087+0000] {processor.py:914} INFO - Processing file /opt/airflow/dags/test_pythonoperator_plus_clickhouse_connect_dag.py for tasks to queue
[2025-12-16T08:20:01.093+0000] {logging_mixin.py:190} INFO - [2025-12-16T08:20:01.092+0000] {dagbag.py:588} INFO - Filling up the DagBag from /opt/airflow/dags/test_pythonoperator_plus_clickhouse_connect_dag.py
[2025-12-16T08:20:01.155+0000] {logging_mixin.py:190} INFO - [2025-12-16T08:20:01.135+0000] {dagbag.py:387} ERROR - Failed to import: /opt/airflow/dags/test_pythonoperator_plus_clickhouse_connect_dag.py
Traceback (most recent call last):
  File "/home/airflow/.local/lib/python3.12/site-packages/airflow/models/dagbag.py", line 383, in parse
    loader.exec_module(new_module)
  File "<frozen importlib._bootstrap_external>", line 999, in exec_module
  File "<frozen importlib._bootstrap>", line 488, in _call_with_frames_removed
  File "/opt/airflow/dags/test_pythonoperator_plus_clickhouse_connect_dag.py", line 5, in <module>
    import clickhouse_connect
ModuleNotFoundError: No module named 'clickhouse_connect'
[2025-12-16T08:20:01.159+0000] {processor.py:927} WARNING - No viable dags retrieved from /opt/airflow/dags/test_pythonoperator_plus_clickhouse_connect_dag.py
[2025-12-16T08:20:01.231+0000] {processor.py:208} INFO - Processing /opt/airflow/dags/test_pythonoperator_plus_clickhouse_connect_dag.py took 0.167 seconds
[2025-12-16T08:20:40.530+0000] {processor.py:186} INFO - Started process (PID=4430) to work on /opt/airflow/dags/test_pythonoperator_plus_clickhouse_connect_dag.py
[2025-12-16T08:20:40.535+0000] {processor.py:914} INFO - Processing file /opt/airflow/dags/test_pythonoperator_plus_clickhouse_connect_dag.py for tasks to queue
[2025-12-16T08:20:40.540+0000] {logging_mixin.py:190} INFO - [2025-12-16T08:20:40.538+0000] {dagbag.py:588} INFO - Filling up the DagBag from /opt/airflow/dags/test_pythonoperator_plus_clickhouse_connect_dag.py
[2025-12-16T08:20:40.604+0000] {logging_mixin.py:190} INFO - [2025-12-16T08:20:40.594+0000] {dagbag.py:387} ERROR - Failed to import: /opt/airflow/dags/test_pythonoperator_plus_clickhouse_connect_dag.py
Traceback (most recent call last):
  File "/home/airflow/.local/lib/python3.12/site-packages/airflow/models/dagbag.py", line 383, in parse
    loader.exec_module(new_module)
  File "<frozen importlib._bootstrap_external>", line 999, in exec_module
  File "<frozen importlib._bootstrap>", line 488, in _call_with_frames_removed
  File "/opt/airflow/dags/test_pythonoperator_plus_clickhouse_connect_dag.py", line 5, in <module>
    import clickhouse_connect
ModuleNotFoundError: No module named 'clickhouse_connect'
[2025-12-16T08:20:40.611+0000] {processor.py:927} WARNING - No viable dags retrieved from /opt/airflow/dags/test_pythonoperator_plus_clickhouse_connect_dag.py
[2025-12-16T08:20:40.674+0000] {processor.py:208} INFO - Processing /opt/airflow/dags/test_pythonoperator_plus_clickhouse_connect_dag.py took 0.178 seconds
[2025-12-16T08:21:17.353+0000] {processor.py:186} INFO - Started process (PID=4514) to work on /opt/airflow/dags/test_pythonoperator_plus_clickhouse_connect_dag.py
[2025-12-16T08:21:17.356+0000] {processor.py:914} INFO - Processing file /opt/airflow/dags/test_pythonoperator_plus_clickhouse_connect_dag.py for tasks to queue
[2025-12-16T08:21:17.361+0000] {logging_mixin.py:190} INFO - [2025-12-16T08:21:17.360+0000] {dagbag.py:588} INFO - Filling up the DagBag from /opt/airflow/dags/test_pythonoperator_plus_clickhouse_connect_dag.py
[2025-12-16T08:21:17.427+0000] {logging_mixin.py:190} INFO - [2025-12-16T08:21:17.419+0000] {dagbag.py:387} ERROR - Failed to import: /opt/airflow/dags/test_pythonoperator_plus_clickhouse_connect_dag.py
Traceback (most recent call last):
  File "/home/airflow/.local/lib/python3.12/site-packages/airflow/models/dagbag.py", line 383, in parse
    loader.exec_module(new_module)
  File "<frozen importlib._bootstrap_external>", line 999, in exec_module
  File "<frozen importlib._bootstrap>", line 488, in _call_with_frames_removed
  File "/opt/airflow/dags/test_pythonoperator_plus_clickhouse_connect_dag.py", line 5, in <module>
    import clickhouse_connect
ModuleNotFoundError: No module named 'clickhouse_connect'
[2025-12-16T08:21:17.430+0000] {processor.py:927} WARNING - No viable dags retrieved from /opt/airflow/dags/test_pythonoperator_plus_clickhouse_connect_dag.py
[2025-12-16T08:21:17.479+0000] {processor.py:208} INFO - Processing /opt/airflow/dags/test_pythonoperator_plus_clickhouse_connect_dag.py took 0.144 seconds
[2025-12-16T08:21:59.939+0000] {processor.py:186} INFO - Started process (PID=4593) to work on /opt/airflow/dags/test_pythonoperator_plus_clickhouse_connect_dag.py
[2025-12-16T08:21:59.942+0000] {processor.py:914} INFO - Processing file /opt/airflow/dags/test_pythonoperator_plus_clickhouse_connect_dag.py for tasks to queue
[2025-12-16T08:21:59.955+0000] {logging_mixin.py:190} INFO - [2025-12-16T08:21:59.950+0000] {dagbag.py:588} INFO - Filling up the DagBag from /opt/airflow/dags/test_pythonoperator_plus_clickhouse_connect_dag.py
[2025-12-16T08:22:00.136+0000] {logging_mixin.py:190} INFO - [2025-12-16T08:22:00.103+0000] {dagbag.py:387} ERROR - Failed to import: /opt/airflow/dags/test_pythonoperator_plus_clickhouse_connect_dag.py
Traceback (most recent call last):
  File "/home/airflow/.local/lib/python3.12/site-packages/airflow/models/dagbag.py", line 383, in parse
    loader.exec_module(new_module)
  File "<frozen importlib._bootstrap_external>", line 999, in exec_module
  File "<frozen importlib._bootstrap>", line 488, in _call_with_frames_removed
  File "/opt/airflow/dags/test_pythonoperator_plus_clickhouse_connect_dag.py", line 5, in <module>
    import clickhouse_connect
ModuleNotFoundError: No module named 'clickhouse_connect'
[2025-12-16T08:22:00.146+0000] {processor.py:927} WARNING - No viable dags retrieved from /opt/airflow/dags/test_pythonoperator_plus_clickhouse_connect_dag.py
[2025-12-16T08:22:00.348+0000] {processor.py:208} INFO - Processing /opt/airflow/dags/test_pythonoperator_plus_clickhouse_connect_dag.py took 0.448 seconds
[2025-12-16T08:22:31.490+0000] {processor.py:186} INFO - Started process (PID=4664) to work on /opt/airflow/dags/test_pythonoperator_plus_clickhouse_connect_dag.py
[2025-12-16T08:22:31.501+0000] {processor.py:914} INFO - Processing file /opt/airflow/dags/test_pythonoperator_plus_clickhouse_connect_dag.py for tasks to queue
[2025-12-16T08:22:31.557+0000] {logging_mixin.py:190} INFO - [2025-12-16T08:22:31.514+0000] {dagbag.py:588} INFO - Filling up the DagBag from /opt/airflow/dags/test_pythonoperator_plus_clickhouse_connect_dag.py
[2025-12-16T08:22:31.707+0000] {logging_mixin.py:190} INFO - [2025-12-16T08:22:31.666+0000] {dagbag.py:387} ERROR - Failed to import: /opt/airflow/dags/test_pythonoperator_plus_clickhouse_connect_dag.py
Traceback (most recent call last):
  File "/home/airflow/.local/lib/python3.12/site-packages/airflow/models/dagbag.py", line 383, in parse
    loader.exec_module(new_module)
  File "<frozen importlib._bootstrap_external>", line 999, in exec_module
  File "<frozen importlib._bootstrap>", line 488, in _call_with_frames_removed
  File "/opt/airflow/dags/test_pythonoperator_plus_clickhouse_connect_dag.py", line 5, in <module>
    import clickhouse_connect
ModuleNotFoundError: No module named 'clickhouse_connect'
[2025-12-16T08:22:31.722+0000] {processor.py:927} WARNING - No viable dags retrieved from /opt/airflow/dags/test_pythonoperator_plus_clickhouse_connect_dag.py
[2025-12-16T08:22:31.948+0000] {processor.py:208} INFO - Processing /opt/airflow/dags/test_pythonoperator_plus_clickhouse_connect_dag.py took 0.539 seconds
[2025-12-16T08:23:02.970+0000] {processor.py:186} INFO - Started process (PID=4735) to work on /opt/airflow/dags/test_pythonoperator_plus_clickhouse_connect_dag.py
[2025-12-16T08:23:02.973+0000] {processor.py:914} INFO - Processing file /opt/airflow/dags/test_pythonoperator_plus_clickhouse_connect_dag.py for tasks to queue
[2025-12-16T08:23:02.989+0000] {logging_mixin.py:190} INFO - [2025-12-16T08:23:02.987+0000] {dagbag.py:588} INFO - Filling up the DagBag from /opt/airflow/dags/test_pythonoperator_plus_clickhouse_connect_dag.py
[2025-12-16T08:23:03.289+0000] {logging_mixin.py:190} INFO - [2025-12-16T08:23:03.199+0000] {dagbag.py:387} ERROR - Failed to import: /opt/airflow/dags/test_pythonoperator_plus_clickhouse_connect_dag.py
Traceback (most recent call last):
  File "/home/airflow/.local/lib/python3.12/site-packages/airflow/models/dagbag.py", line 383, in parse
    loader.exec_module(new_module)
  File "<frozen importlib._bootstrap_external>", line 999, in exec_module
  File "<frozen importlib._bootstrap>", line 488, in _call_with_frames_removed
  File "/opt/airflow/dags/test_pythonoperator_plus_clickhouse_connect_dag.py", line 5, in <module>
    import clickhouse_connect
ModuleNotFoundError: No module named 'clickhouse_connect'
[2025-12-16T08:23:03.355+0000] {processor.py:927} WARNING - No viable dags retrieved from /opt/airflow/dags/test_pythonoperator_plus_clickhouse_connect_dag.py
[2025-12-16T08:23:03.503+0000] {processor.py:208} INFO - Processing /opt/airflow/dags/test_pythonoperator_plus_clickhouse_connect_dag.py took 0.588 seconds
[2025-12-16T08:23:34.432+0000] {processor.py:186} INFO - Started process (PID=4806) to work on /opt/airflow/dags/test_pythonoperator_plus_clickhouse_connect_dag.py
[2025-12-16T08:23:34.438+0000] {processor.py:914} INFO - Processing file /opt/airflow/dags/test_pythonoperator_plus_clickhouse_connect_dag.py for tasks to queue
[2025-12-16T08:23:34.446+0000] {logging_mixin.py:190} INFO - [2025-12-16T08:23:34.445+0000] {dagbag.py:588} INFO - Filling up the DagBag from /opt/airflow/dags/test_pythonoperator_plus_clickhouse_connect_dag.py
[2025-12-16T08:23:34.516+0000] {logging_mixin.py:190} INFO - [2025-12-16T08:23:34.502+0000] {dagbag.py:387} ERROR - Failed to import: /opt/airflow/dags/test_pythonoperator_plus_clickhouse_connect_dag.py
Traceback (most recent call last):
  File "/home/airflow/.local/lib/python3.12/site-packages/airflow/models/dagbag.py", line 383, in parse
    loader.exec_module(new_module)
  File "<frozen importlib._bootstrap_external>", line 999, in exec_module
  File "<frozen importlib._bootstrap>", line 488, in _call_with_frames_removed
  File "/opt/airflow/dags/test_pythonoperator_plus_clickhouse_connect_dag.py", line 5, in <module>
    import clickhouse_connect
ModuleNotFoundError: No module named 'clickhouse_connect'
[2025-12-16T08:23:34.522+0000] {processor.py:927} WARNING - No viable dags retrieved from /opt/airflow/dags/test_pythonoperator_plus_clickhouse_connect_dag.py
[2025-12-16T08:23:34.903+0000] {processor.py:208} INFO - Processing /opt/airflow/dags/test_pythonoperator_plus_clickhouse_connect_dag.py took 0.496 seconds
[2025-12-16T08:24:07.843+0000] {processor.py:186} INFO - Started process (PID=4880) to work on /opt/airflow/dags/test_pythonoperator_plus_clickhouse_connect_dag.py
[2025-12-16T08:24:07.846+0000] {processor.py:914} INFO - Processing file /opt/airflow/dags/test_pythonoperator_plus_clickhouse_connect_dag.py for tasks to queue
[2025-12-16T08:24:07.851+0000] {logging_mixin.py:190} INFO - [2025-12-16T08:24:07.850+0000] {dagbag.py:588} INFO - Filling up the DagBag from /opt/airflow/dags/test_pythonoperator_plus_clickhouse_connect_dag.py
[2025-12-16T08:24:07.901+0000] {logging_mixin.py:190} INFO - [2025-12-16T08:24:07.894+0000] {dagbag.py:387} ERROR - Failed to import: /opt/airflow/dags/test_pythonoperator_plus_clickhouse_connect_dag.py
Traceback (most recent call last):
  File "/home/airflow/.local/lib/python3.12/site-packages/airflow/models/dagbag.py", line 383, in parse
    loader.exec_module(new_module)
  File "<frozen importlib._bootstrap_external>", line 999, in exec_module
  File "<frozen importlib._bootstrap>", line 488, in _call_with_frames_removed
  File "/opt/airflow/dags/test_pythonoperator_plus_clickhouse_connect_dag.py", line 5, in <module>
    import clickhouse_connect
ModuleNotFoundError: No module named 'clickhouse_connect'
[2025-12-16T08:24:07.904+0000] {processor.py:927} WARNING - No viable dags retrieved from /opt/airflow/dags/test_pythonoperator_plus_clickhouse_connect_dag.py
[2025-12-16T08:24:07.953+0000] {processor.py:208} INFO - Processing /opt/airflow/dags/test_pythonoperator_plus_clickhouse_connect_dag.py took 0.129 seconds
[2025-12-16T08:24:42.621+0000] {processor.py:186} INFO - Started process (PID=4962) to work on /opt/airflow/dags/test_pythonoperator_plus_clickhouse_connect_dag.py
[2025-12-16T08:24:42.624+0000] {processor.py:914} INFO - Processing file /opt/airflow/dags/test_pythonoperator_plus_clickhouse_connect_dag.py for tasks to queue
[2025-12-16T08:24:42.627+0000] {logging_mixin.py:190} INFO - [2025-12-16T08:24:42.627+0000] {dagbag.py:588} INFO - Filling up the DagBag from /opt/airflow/dags/test_pythonoperator_plus_clickhouse_connect_dag.py
[2025-12-16T08:24:42.669+0000] {logging_mixin.py:190} INFO - [2025-12-16T08:24:42.660+0000] {dagbag.py:387} ERROR - Failed to import: /opt/airflow/dags/test_pythonoperator_plus_clickhouse_connect_dag.py
Traceback (most recent call last):
  File "/home/airflow/.local/lib/python3.12/site-packages/airflow/models/dagbag.py", line 383, in parse
    loader.exec_module(new_module)
  File "<frozen importlib._bootstrap_external>", line 999, in exec_module
  File "<frozen importlib._bootstrap>", line 488, in _call_with_frames_removed
  File "/opt/airflow/dags/test_pythonoperator_plus_clickhouse_connect_dag.py", line 5, in <module>
    import clickhouse_connect
ModuleNotFoundError: No module named 'clickhouse_connect'
[2025-12-16T08:24:42.673+0000] {processor.py:927} WARNING - No viable dags retrieved from /opt/airflow/dags/test_pythonoperator_plus_clickhouse_connect_dag.py
[2025-12-16T08:24:42.734+0000] {processor.py:208} INFO - Processing /opt/airflow/dags/test_pythonoperator_plus_clickhouse_connect_dag.py took 0.133 seconds
[2025-12-16T08:25:26.611+0000] {processor.py:186} INFO - Started process (PID=5046) to work on /opt/airflow/dags/test_pythonoperator_plus_clickhouse_connect_dag.py
[2025-12-16T08:25:26.614+0000] {processor.py:914} INFO - Processing file /opt/airflow/dags/test_pythonoperator_plus_clickhouse_connect_dag.py for tasks to queue
[2025-12-16T08:25:26.617+0000] {logging_mixin.py:190} INFO - [2025-12-16T08:25:26.616+0000] {dagbag.py:588} INFO - Filling up the DagBag from /opt/airflow/dags/test_pythonoperator_plus_clickhouse_connect_dag.py
[2025-12-16T08:25:26.650+0000] {logging_mixin.py:190} INFO - [2025-12-16T08:25:26.643+0000] {dagbag.py:387} ERROR - Failed to import: /opt/airflow/dags/test_pythonoperator_plus_clickhouse_connect_dag.py
Traceback (most recent call last):
  File "/home/airflow/.local/lib/python3.12/site-packages/airflow/models/dagbag.py", line 383, in parse
    loader.exec_module(new_module)
  File "<frozen importlib._bootstrap_external>", line 999, in exec_module
  File "<frozen importlib._bootstrap>", line 488, in _call_with_frames_removed
  File "/opt/airflow/dags/test_pythonoperator_plus_clickhouse_connect_dag.py", line 5, in <module>
    import clickhouse_connect
ModuleNotFoundError: No module named 'clickhouse_connect'
[2025-12-16T08:25:26.653+0000] {processor.py:927} WARNING - No viable dags retrieved from /opt/airflow/dags/test_pythonoperator_plus_clickhouse_connect_dag.py
[2025-12-16T08:25:26.712+0000] {processor.py:208} INFO - Processing /opt/airflow/dags/test_pythonoperator_plus_clickhouse_connect_dag.py took 0.119 seconds
[2025-12-16T08:26:04.440+0000] {processor.py:186} INFO - Started process (PID=5126) to work on /opt/airflow/dags/test_pythonoperator_plus_clickhouse_connect_dag.py
[2025-12-16T08:26:04.443+0000] {processor.py:914} INFO - Processing file /opt/airflow/dags/test_pythonoperator_plus_clickhouse_connect_dag.py for tasks to queue
[2025-12-16T08:26:04.449+0000] {logging_mixin.py:190} INFO - [2025-12-16T08:26:04.447+0000] {dagbag.py:588} INFO - Filling up the DagBag from /opt/airflow/dags/test_pythonoperator_plus_clickhouse_connect_dag.py
[2025-12-16T08:26:04.523+0000] {logging_mixin.py:190} INFO - [2025-12-16T08:26:04.498+0000] {dagbag.py:387} ERROR - Failed to import: /opt/airflow/dags/test_pythonoperator_plus_clickhouse_connect_dag.py
Traceback (most recent call last):
  File "/home/airflow/.local/lib/python3.12/site-packages/airflow/models/dagbag.py", line 383, in parse
    loader.exec_module(new_module)
  File "<frozen importlib._bootstrap_external>", line 999, in exec_module
  File "<frozen importlib._bootstrap>", line 488, in _call_with_frames_removed
  File "/opt/airflow/dags/test_pythonoperator_plus_clickhouse_connect_dag.py", line 5, in <module>
    import clickhouse_connect
ModuleNotFoundError: No module named 'clickhouse_connect'
[2025-12-16T08:26:04.528+0000] {processor.py:927} WARNING - No viable dags retrieved from /opt/airflow/dags/test_pythonoperator_plus_clickhouse_connect_dag.py
[2025-12-16T08:26:04.698+0000] {processor.py:208} INFO - Processing /opt/airflow/dags/test_pythonoperator_plus_clickhouse_connect_dag.py took 0.279 seconds
[2025-12-16T08:26:46.041+0000] {processor.py:186} INFO - Started process (PID=5206) to work on /opt/airflow/dags/test_pythonoperator_plus_clickhouse_connect_dag.py
[2025-12-16T08:26:46.045+0000] {processor.py:914} INFO - Processing file /opt/airflow/dags/test_pythonoperator_plus_clickhouse_connect_dag.py for tasks to queue
[2025-12-16T08:26:46.056+0000] {logging_mixin.py:190} INFO - [2025-12-16T08:26:46.053+0000] {dagbag.py:588} INFO - Filling up the DagBag from /opt/airflow/dags/test_pythonoperator_plus_clickhouse_connect_dag.py
[2025-12-16T08:26:46.151+0000] {logging_mixin.py:190} INFO - [2025-12-16T08:26:46.118+0000] {dagbag.py:387} ERROR - Failed to import: /opt/airflow/dags/test_pythonoperator_plus_clickhouse_connect_dag.py
Traceback (most recent call last):
  File "/home/airflow/.local/lib/python3.12/site-packages/airflow/models/dagbag.py", line 383, in parse
    loader.exec_module(new_module)
  File "<frozen importlib._bootstrap_external>", line 999, in exec_module
  File "<frozen importlib._bootstrap>", line 488, in _call_with_frames_removed
  File "/opt/airflow/dags/test_pythonoperator_plus_clickhouse_connect_dag.py", line 5, in <module>
    import clickhouse_connect
ModuleNotFoundError: No module named 'clickhouse_connect'
[2025-12-16T08:26:46.156+0000] {processor.py:927} WARNING - No viable dags retrieved from /opt/airflow/dags/test_pythonoperator_plus_clickhouse_connect_dag.py
[2025-12-16T08:26:46.266+0000] {processor.py:208} INFO - Processing /opt/airflow/dags/test_pythonoperator_plus_clickhouse_connect_dag.py took 0.310 seconds
[2025-12-16T08:28:01.426+0000] {processor.py:186} INFO - Started process (PID=5324) to work on /opt/airflow/dags/test_pythonoperator_plus_clickhouse_connect_dag.py
[2025-12-16T08:28:01.435+0000] {processor.py:914} INFO - Processing file /opt/airflow/dags/test_pythonoperator_plus_clickhouse_connect_dag.py for tasks to queue
[2025-12-16T08:28:01.457+0000] {logging_mixin.py:190} INFO - [2025-12-16T08:28:01.456+0000] {dagbag.py:588} INFO - Filling up the DagBag from /opt/airflow/dags/test_pythonoperator_plus_clickhouse_connect_dag.py
[2025-12-16T08:28:01.988+0000] {logging_mixin.py:190} INFO - [2025-12-16T08:28:01.885+0000] {dagbag.py:387} ERROR - Failed to import: /opt/airflow/dags/test_pythonoperator_plus_clickhouse_connect_dag.py
Traceback (most recent call last):
  File "/home/airflow/.local/lib/python3.12/site-packages/airflow/models/dagbag.py", line 383, in parse
    loader.exec_module(new_module)
  File "<frozen importlib._bootstrap_external>", line 999, in exec_module
  File "<frozen importlib._bootstrap>", line 488, in _call_with_frames_removed
  File "/opt/airflow/dags/test_pythonoperator_plus_clickhouse_connect_dag.py", line 5, in <module>
    import clickhouse_connect
ModuleNotFoundError: No module named 'clickhouse_connect'
[2025-12-16T08:28:02.005+0000] {processor.py:927} WARNING - No viable dags retrieved from /opt/airflow/dags/test_pythonoperator_plus_clickhouse_connect_dag.py
[2025-12-16T08:28:02.402+0000] {processor.py:208} INFO - Processing /opt/airflow/dags/test_pythonoperator_plus_clickhouse_connect_dag.py took 1.045 seconds
[2025-12-16T13:34:16.653+0000] {processor.py:186} INFO - Started process (PID=209) to work on /opt/airflow/dags/test_pythonoperator_plus_clickhouse_connect_dag.py
[2025-12-16T13:34:16.657+0000] {processor.py:914} INFO - Processing file /opt/airflow/dags/test_pythonoperator_plus_clickhouse_connect_dag.py for tasks to queue
[2025-12-16T13:34:16.666+0000] {logging_mixin.py:190} INFO - [2025-12-16T13:34:16.666+0000] {dagbag.py:588} INFO - Filling up the DagBag from /opt/airflow/dags/test_pythonoperator_plus_clickhouse_connect_dag.py
[2025-12-16T13:34:16.733+0000] {logging_mixin.py:190} INFO - [2025-12-16T13:34:16.712+0000] {dagbag.py:387} ERROR - Failed to import: /opt/airflow/dags/test_pythonoperator_plus_clickhouse_connect_dag.py
Traceback (most recent call last):
  File "/home/airflow/.local/lib/python3.12/site-packages/airflow/models/dagbag.py", line 383, in parse
    loader.exec_module(new_module)
  File "<frozen importlib._bootstrap_external>", line 999, in exec_module
  File "<frozen importlib._bootstrap>", line 488, in _call_with_frames_removed
  File "/opt/airflow/dags/test_pythonoperator_plus_clickhouse_connect_dag.py", line 5, in <module>
    import clickhouse_connect
ModuleNotFoundError: No module named 'clickhouse_connect'
[2025-12-16T13:34:16.739+0000] {processor.py:927} WARNING - No viable dags retrieved from /opt/airflow/dags/test_pythonoperator_plus_clickhouse_connect_dag.py
[2025-12-16T13:34:16.820+0000] {processor.py:208} INFO - Processing /opt/airflow/dags/test_pythonoperator_plus_clickhouse_connect_dag.py took 0.188 seconds
[2025-12-16T13:35:10.307+0000] {processor.py:186} INFO - Started process (PID=305) to work on /opt/airflow/dags/test_pythonoperator_plus_clickhouse_connect_dag.py
[2025-12-16T13:35:10.321+0000] {processor.py:914} INFO - Processing file /opt/airflow/dags/test_pythonoperator_plus_clickhouse_connect_dag.py for tasks to queue
[2025-12-16T13:35:10.365+0000] {logging_mixin.py:190} INFO - [2025-12-16T13:35:10.359+0000] {dagbag.py:588} INFO - Filling up the DagBag from /opt/airflow/dags/test_pythonoperator_plus_clickhouse_connect_dag.py
[2025-12-16T13:35:10.542+0000] {logging_mixin.py:190} INFO - [2025-12-16T13:35:10.505+0000] {dagbag.py:387} ERROR - Failed to import: /opt/airflow/dags/test_pythonoperator_plus_clickhouse_connect_dag.py
Traceback (most recent call last):
  File "/home/airflow/.local/lib/python3.12/site-packages/airflow/models/dagbag.py", line 383, in parse
    loader.exec_module(new_module)
  File "<frozen importlib._bootstrap_external>", line 999, in exec_module
  File "<frozen importlib._bootstrap>", line 488, in _call_with_frames_removed
  File "/opt/airflow/dags/test_pythonoperator_plus_clickhouse_connect_dag.py", line 5, in <module>
    import clickhouse_connect
ModuleNotFoundError: No module named 'clickhouse_connect'
[2025-12-16T13:35:10.557+0000] {processor.py:927} WARNING - No viable dags retrieved from /opt/airflow/dags/test_pythonoperator_plus_clickhouse_connect_dag.py
[2025-12-16T13:35:10.697+0000] {processor.py:208} INFO - Processing /opt/airflow/dags/test_pythonoperator_plus_clickhouse_connect_dag.py took 0.465 seconds
[2025-12-16T13:36:02.359+0000] {processor.py:186} INFO - Started process (PID=401) to work on /opt/airflow/dags/test_pythonoperator_plus_clickhouse_connect_dag.py
[2025-12-16T13:36:02.364+0000] {processor.py:914} INFO - Processing file /opt/airflow/dags/test_pythonoperator_plus_clickhouse_connect_dag.py for tasks to queue
[2025-12-16T13:36:02.370+0000] {logging_mixin.py:190} INFO - [2025-12-16T13:36:02.369+0000] {dagbag.py:588} INFO - Filling up the DagBag from /opt/airflow/dags/test_pythonoperator_plus_clickhouse_connect_dag.py
[2025-12-16T13:36:02.447+0000] {logging_mixin.py:190} INFO - [2025-12-16T13:36:02.434+0000] {dagbag.py:387} ERROR - Failed to import: /opt/airflow/dags/test_pythonoperator_plus_clickhouse_connect_dag.py
Traceback (most recent call last):
  File "/home/airflow/.local/lib/python3.12/site-packages/airflow/models/dagbag.py", line 383, in parse
    loader.exec_module(new_module)
  File "<frozen importlib._bootstrap_external>", line 999, in exec_module
  File "<frozen importlib._bootstrap>", line 488, in _call_with_frames_removed
  File "/opt/airflow/dags/test_pythonoperator_plus_clickhouse_connect_dag.py", line 5, in <module>
    import clickhouse_connect
ModuleNotFoundError: No module named 'clickhouse_connect'
[2025-12-16T13:36:02.451+0000] {processor.py:927} WARNING - No viable dags retrieved from /opt/airflow/dags/test_pythonoperator_plus_clickhouse_connect_dag.py
[2025-12-16T13:36:02.531+0000] {processor.py:208} INFO - Processing /opt/airflow/dags/test_pythonoperator_plus_clickhouse_connect_dag.py took 0.191 seconds
[2025-12-16T13:36:37.834+0000] {processor.py:186} INFO - Started process (PID=491) to work on /opt/airflow/dags/test_pythonoperator_plus_clickhouse_connect_dag.py
[2025-12-16T13:36:37.847+0000] {processor.py:914} INFO - Processing file /opt/airflow/dags/test_pythonoperator_plus_clickhouse_connect_dag.py for tasks to queue
[2025-12-16T13:36:37.855+0000] {logging_mixin.py:190} INFO - [2025-12-16T13:36:37.854+0000] {dagbag.py:588} INFO - Filling up the DagBag from /opt/airflow/dags/test_pythonoperator_plus_clickhouse_connect_dag.py
[2025-12-16T13:36:38.018+0000] {logging_mixin.py:190} INFO - [2025-12-16T13:36:38.007+0000] {dagbag.py:387} ERROR - Failed to import: /opt/airflow/dags/test_pythonoperator_plus_clickhouse_connect_dag.py
Traceback (most recent call last):
  File "/home/airflow/.local/lib/python3.12/site-packages/airflow/models/dagbag.py", line 383, in parse
    loader.exec_module(new_module)
  File "<frozen importlib._bootstrap_external>", line 999, in exec_module
  File "<frozen importlib._bootstrap>", line 488, in _call_with_frames_removed
  File "/opt/airflow/dags/test_pythonoperator_plus_clickhouse_connect_dag.py", line 5, in <module>
    import clickhouse_connect
ModuleNotFoundError: No module named 'clickhouse_connect'
[2025-12-16T13:36:38.022+0000] {processor.py:927} WARNING - No viable dags retrieved from /opt/airflow/dags/test_pythonoperator_plus_clickhouse_connect_dag.py
[2025-12-16T13:36:38.120+0000] {processor.py:208} INFO - Processing /opt/airflow/dags/test_pythonoperator_plus_clickhouse_connect_dag.py took 0.327 seconds
[2025-12-16T13:37:13.547+0000] {processor.py:186} INFO - Started process (PID=584) to work on /opt/airflow/dags/test_pythonoperator_plus_clickhouse_connect_dag.py
[2025-12-16T13:37:13.550+0000] {processor.py:914} INFO - Processing file /opt/airflow/dags/test_pythonoperator_plus_clickhouse_connect_dag.py for tasks to queue
[2025-12-16T13:37:13.556+0000] {logging_mixin.py:190} INFO - [2025-12-16T13:37:13.555+0000] {dagbag.py:588} INFO - Filling up the DagBag from /opt/airflow/dags/test_pythonoperator_plus_clickhouse_connect_dag.py
[2025-12-16T13:37:13.597+0000] {logging_mixin.py:190} INFO - [2025-12-16T13:37:13.588+0000] {dagbag.py:387} ERROR - Failed to import: /opt/airflow/dags/test_pythonoperator_plus_clickhouse_connect_dag.py
Traceback (most recent call last):
  File "/home/airflow/.local/lib/python3.12/site-packages/airflow/models/dagbag.py", line 383, in parse
    loader.exec_module(new_module)
  File "<frozen importlib._bootstrap_external>", line 999, in exec_module
  File "<frozen importlib._bootstrap>", line 488, in _call_with_frames_removed
  File "/opt/airflow/dags/test_pythonoperator_plus_clickhouse_connect_dag.py", line 5, in <module>
    import clickhouse_connect
ModuleNotFoundError: No module named 'clickhouse_connect'
[2025-12-16T13:37:13.601+0000] {processor.py:927} WARNING - No viable dags retrieved from /opt/airflow/dags/test_pythonoperator_plus_clickhouse_connect_dag.py
[2025-12-16T13:37:13.648+0000] {processor.py:208} INFO - Processing /opt/airflow/dags/test_pythonoperator_plus_clickhouse_connect_dag.py took 0.117 seconds
[2025-12-16T13:38:42.741+0000] {processor.py:186} INFO - Started process (PID=702) to work on /opt/airflow/dags/test_pythonoperator_plus_clickhouse_connect_dag.py
[2025-12-16T13:38:42.754+0000] {processor.py:914} INFO - Processing file /opt/airflow/dags/test_pythonoperator_plus_clickhouse_connect_dag.py for tasks to queue
[2025-12-16T13:38:42.774+0000] {logging_mixin.py:190} INFO - [2025-12-16T13:38:42.772+0000] {dagbag.py:588} INFO - Filling up the DagBag from /opt/airflow/dags/test_pythonoperator_plus_clickhouse_connect_dag.py
[2025-12-16T13:38:43.239+0000] {logging_mixin.py:190} INFO - [2025-12-16T13:38:43.201+0000] {dagbag.py:387} ERROR - Failed to import: /opt/airflow/dags/test_pythonoperator_plus_clickhouse_connect_dag.py
Traceback (most recent call last):
  File "/home/airflow/.local/lib/python3.12/site-packages/airflow/models/dagbag.py", line 383, in parse
    loader.exec_module(new_module)
  File "<frozen importlib._bootstrap_external>", line 999, in exec_module
  File "<frozen importlib._bootstrap>", line 488, in _call_with_frames_removed
  File "/opt/airflow/dags/test_pythonoperator_plus_clickhouse_connect_dag.py", line 5, in <module>
    import clickhouse_connect
ModuleNotFoundError: No module named 'clickhouse_connect'
[2025-12-16T13:38:43.264+0000] {processor.py:927} WARNING - No viable dags retrieved from /opt/airflow/dags/test_pythonoperator_plus_clickhouse_connect_dag.py
[2025-12-16T13:38:43.473+0000] {processor.py:208} INFO - Processing /opt/airflow/dags/test_pythonoperator_plus_clickhouse_connect_dag.py took 0.782 seconds
[2025-12-16T13:39:40.457+0000] {processor.py:186} INFO - Started process (PID=804) to work on /opt/airflow/dags/test_pythonoperator_plus_clickhouse_connect_dag.py
[2025-12-16T13:39:40.460+0000] {processor.py:914} INFO - Processing file /opt/airflow/dags/test_pythonoperator_plus_clickhouse_connect_dag.py for tasks to queue
[2025-12-16T13:39:40.468+0000] {logging_mixin.py:190} INFO - [2025-12-16T13:39:40.467+0000] {dagbag.py:588} INFO - Filling up the DagBag from /opt/airflow/dags/test_pythonoperator_plus_clickhouse_connect_dag.py
[2025-12-16T13:39:40.535+0000] {logging_mixin.py:190} INFO - [2025-12-16T13:39:40.522+0000] {dagbag.py:387} ERROR - Failed to import: /opt/airflow/dags/test_pythonoperator_plus_clickhouse_connect_dag.py
Traceback (most recent call last):
  File "/home/airflow/.local/lib/python3.12/site-packages/airflow/models/dagbag.py", line 383, in parse
    loader.exec_module(new_module)
  File "<frozen importlib._bootstrap_external>", line 999, in exec_module
  File "<frozen importlib._bootstrap>", line 488, in _call_with_frames_removed
  File "/opt/airflow/dags/test_pythonoperator_plus_clickhouse_connect_dag.py", line 5, in <module>
    import clickhouse_connect
ModuleNotFoundError: No module named 'clickhouse_connect'
[2025-12-16T13:39:40.539+0000] {processor.py:927} WARNING - No viable dags retrieved from /opt/airflow/dags/test_pythonoperator_plus_clickhouse_connect_dag.py
[2025-12-16T13:39:40.642+0000] {processor.py:208} INFO - Processing /opt/airflow/dags/test_pythonoperator_plus_clickhouse_connect_dag.py took 0.210 seconds
[2025-12-16T13:40:14.532+0000] {processor.py:186} INFO - Started process (PID=889) to work on /opt/airflow/dags/test_pythonoperator_plus_clickhouse_connect_dag.py
[2025-12-16T13:40:14.535+0000] {processor.py:914} INFO - Processing file /opt/airflow/dags/test_pythonoperator_plus_clickhouse_connect_dag.py for tasks to queue
[2025-12-16T13:40:14.543+0000] {logging_mixin.py:190} INFO - [2025-12-16T13:40:14.541+0000] {dagbag.py:588} INFO - Filling up the DagBag from /opt/airflow/dags/test_pythonoperator_plus_clickhouse_connect_dag.py
[2025-12-16T13:40:14.583+0000] {logging_mixin.py:190} INFO - [2025-12-16T13:40:14.574+0000] {dagbag.py:387} ERROR - Failed to import: /opt/airflow/dags/test_pythonoperator_plus_clickhouse_connect_dag.py
Traceback (most recent call last):
  File "/home/airflow/.local/lib/python3.12/site-packages/airflow/models/dagbag.py", line 383, in parse
    loader.exec_module(new_module)
  File "<frozen importlib._bootstrap_external>", line 999, in exec_module
  File "<frozen importlib._bootstrap>", line 488, in _call_with_frames_removed
  File "/opt/airflow/dags/test_pythonoperator_plus_clickhouse_connect_dag.py", line 5, in <module>
    import clickhouse_connect
ModuleNotFoundError: No module named 'clickhouse_connect'
[2025-12-16T13:40:14.587+0000] {processor.py:927} WARNING - No viable dags retrieved from /opt/airflow/dags/test_pythonoperator_plus_clickhouse_connect_dag.py
[2025-12-16T13:40:14.644+0000] {processor.py:208} INFO - Processing /opt/airflow/dags/test_pythonoperator_plus_clickhouse_connect_dag.py took 0.127 seconds
