[2025-12-16T07:17:58.193+0000] {processor.py:186} INFO - Started process (PID=163) to work on /opt/airflow/dags/test_pyspark_postgres_dag.py
[2025-12-16T07:17:58.214+0000] {processor.py:914} INFO - Processing file /opt/airflow/dags/test_pyspark_postgres_dag.py for tasks to queue
[2025-12-16T07:17:58.235+0000] {logging_mixin.py:190} INFO - [2025-12-16T07:17:58.234+0000] {dagbag.py:588} INFO - Filling up the DagBag from /opt/airflow/dags/test_pyspark_postgres_dag.py
[2025-12-16T07:17:58.396+0000] {logging_mixin.py:190} INFO - [2025-12-16T07:17:58.379+0000] {dagbag.py:387} ERROR - Failed to import: /opt/airflow/dags/test_pyspark_postgres_dag.py
Traceback (most recent call last):
  File "/home/airflow/.local/lib/python3.12/site-packages/airflow/models/dagbag.py", line 383, in parse
    loader.exec_module(new_module)
  File "<frozen importlib._bootstrap_external>", line 999, in exec_module
  File "<frozen importlib._bootstrap>", line 488, in _call_with_frames_removed
  File "/opt/airflow/dags/test_pyspark_postgres_dag.py", line 1, in <module>
    from pyspark.sql import SparkSession
ModuleNotFoundError: No module named 'pyspark'
[2025-12-16T07:17:58.400+0000] {processor.py:927} WARNING - No viable dags retrieved from /opt/airflow/dags/test_pyspark_postgres_dag.py
[2025-12-16T07:17:58.526+0000] {processor.py:208} INFO - Processing /opt/airflow/dags/test_pyspark_postgres_dag.py took 0.369 seconds
[2025-12-16T07:18:31.311+0000] {processor.py:186} INFO - Started process (PID=234) to work on /opt/airflow/dags/test_pyspark_postgres_dag.py
[2025-12-16T07:18:31.314+0000] {processor.py:914} INFO - Processing file /opt/airflow/dags/test_pyspark_postgres_dag.py for tasks to queue
[2025-12-16T07:18:31.321+0000] {logging_mixin.py:190} INFO - [2025-12-16T07:18:31.320+0000] {dagbag.py:588} INFO - Filling up the DagBag from /opt/airflow/dags/test_pyspark_postgres_dag.py
[2025-12-16T07:18:31.391+0000] {logging_mixin.py:190} INFO - [2025-12-16T07:18:31.366+0000] {dagbag.py:387} ERROR - Failed to import: /opt/airflow/dags/test_pyspark_postgres_dag.py
Traceback (most recent call last):
  File "/home/airflow/.local/lib/python3.12/site-packages/airflow/models/dagbag.py", line 383, in parse
    loader.exec_module(new_module)
  File "<frozen importlib._bootstrap_external>", line 999, in exec_module
  File "<frozen importlib._bootstrap>", line 488, in _call_with_frames_removed
  File "/opt/airflow/dags/test_pyspark_postgres_dag.py", line 1, in <module>
    from pyspark.sql import SparkSession
ModuleNotFoundError: No module named 'pyspark'
[2025-12-16T07:18:31.395+0000] {processor.py:927} WARNING - No viable dags retrieved from /opt/airflow/dags/test_pyspark_postgres_dag.py
[2025-12-16T07:18:31.475+0000] {processor.py:208} INFO - Processing /opt/airflow/dags/test_pyspark_postgres_dag.py took 0.181 seconds
[2025-12-16T07:19:14.039+0000] {processor.py:186} INFO - Started process (PID=316) to work on /opt/airflow/dags/test_pyspark_postgres_dag.py
[2025-12-16T07:19:14.042+0000] {processor.py:914} INFO - Processing file /opt/airflow/dags/test_pyspark_postgres_dag.py for tasks to queue
[2025-12-16T07:19:14.050+0000] {logging_mixin.py:190} INFO - [2025-12-16T07:19:14.048+0000] {dagbag.py:588} INFO - Filling up the DagBag from /opt/airflow/dags/test_pyspark_postgres_dag.py
[2025-12-16T07:19:14.087+0000] {logging_mixin.py:190} INFO - [2025-12-16T07:19:14.078+0000] {dagbag.py:387} ERROR - Failed to import: /opt/airflow/dags/test_pyspark_postgres_dag.py
Traceback (most recent call last):
  File "/home/airflow/.local/lib/python3.12/site-packages/airflow/models/dagbag.py", line 383, in parse
    loader.exec_module(new_module)
  File "<frozen importlib._bootstrap_external>", line 999, in exec_module
  File "<frozen importlib._bootstrap>", line 488, in _call_with_frames_removed
  File "/opt/airflow/dags/test_pyspark_postgres_dag.py", line 1, in <module>
    from pyspark.sql import SparkSession
ModuleNotFoundError: No module named 'pyspark'
[2025-12-16T07:19:14.090+0000] {processor.py:927} WARNING - No viable dags retrieved from /opt/airflow/dags/test_pyspark_postgres_dag.py
[2025-12-16T07:19:14.151+0000] {processor.py:208} INFO - Processing /opt/airflow/dags/test_pyspark_postgres_dag.py took 0.136 seconds
[2025-12-16T07:20:01.568+0000] {processor.py:186} INFO - Started process (PID=398) to work on /opt/airflow/dags/test_pyspark_postgres_dag.py
[2025-12-16T07:20:01.571+0000] {processor.py:914} INFO - Processing file /opt/airflow/dags/test_pyspark_postgres_dag.py for tasks to queue
[2025-12-16T07:20:01.577+0000] {logging_mixin.py:190} INFO - [2025-12-16T07:20:01.576+0000] {dagbag.py:588} INFO - Filling up the DagBag from /opt/airflow/dags/test_pyspark_postgres_dag.py
[2025-12-16T07:20:01.704+0000] {logging_mixin.py:190} INFO - [2025-12-16T07:20:01.677+0000] {dagbag.py:387} ERROR - Failed to import: /opt/airflow/dags/test_pyspark_postgres_dag.py
Traceback (most recent call last):
  File "/home/airflow/.local/lib/python3.12/site-packages/airflow/models/dagbag.py", line 383, in parse
    loader.exec_module(new_module)
  File "<frozen importlib._bootstrap_external>", line 999, in exec_module
  File "<frozen importlib._bootstrap>", line 488, in _call_with_frames_removed
  File "/opt/airflow/dags/test_pyspark_postgres_dag.py", line 1, in <module>
    from pyspark.sql import SparkSession
ModuleNotFoundError: No module named 'pyspark'
[2025-12-16T07:20:01.709+0000] {processor.py:927} WARNING - No viable dags retrieved from /opt/airflow/dags/test_pyspark_postgres_dag.py
[2025-12-16T07:20:02.014+0000] {processor.py:208} INFO - Processing /opt/airflow/dags/test_pyspark_postgres_dag.py took 0.465 seconds
[2025-12-16T07:20:32.841+0000] {processor.py:186} INFO - Started process (PID=469) to work on /opt/airflow/dags/test_pyspark_postgres_dag.py
[2025-12-16T07:20:32.847+0000] {processor.py:914} INFO - Processing file /opt/airflow/dags/test_pyspark_postgres_dag.py for tasks to queue
[2025-12-16T07:20:32.856+0000] {logging_mixin.py:190} INFO - [2025-12-16T07:20:32.855+0000] {dagbag.py:588} INFO - Filling up the DagBag from /opt/airflow/dags/test_pyspark_postgres_dag.py
[2025-12-16T07:20:32.936+0000] {logging_mixin.py:190} INFO - [2025-12-16T07:20:32.916+0000] {dagbag.py:387} ERROR - Failed to import: /opt/airflow/dags/test_pyspark_postgres_dag.py
Traceback (most recent call last):
  File "/home/airflow/.local/lib/python3.12/site-packages/airflow/models/dagbag.py", line 383, in parse
    loader.exec_module(new_module)
  File "<frozen importlib._bootstrap_external>", line 999, in exec_module
  File "<frozen importlib._bootstrap>", line 488, in _call_with_frames_removed
  File "/opt/airflow/dags/test_pyspark_postgres_dag.py", line 1, in <module>
    from pyspark.sql import SparkSession
ModuleNotFoundError: No module named 'pyspark'
[2025-12-16T07:20:32.943+0000] {processor.py:927} WARNING - No viable dags retrieved from /opt/airflow/dags/test_pyspark_postgres_dag.py
[2025-12-16T07:20:33.094+0000] {processor.py:208} INFO - Processing /opt/airflow/dags/test_pyspark_postgres_dag.py took 0.279 seconds
[2025-12-16T07:21:03.336+0000] {processor.py:186} INFO - Started process (PID=540) to work on /opt/airflow/dags/test_pyspark_postgres_dag.py
[2025-12-16T07:21:03.343+0000] {processor.py:914} INFO - Processing file /opt/airflow/dags/test_pyspark_postgres_dag.py for tasks to queue
[2025-12-16T07:21:03.355+0000] {logging_mixin.py:190} INFO - [2025-12-16T07:21:03.354+0000] {dagbag.py:588} INFO - Filling up the DagBag from /opt/airflow/dags/test_pyspark_postgres_dag.py
[2025-12-16T07:21:03.485+0000] {logging_mixin.py:190} INFO - [2025-12-16T07:21:03.477+0000] {dagbag.py:387} ERROR - Failed to import: /opt/airflow/dags/test_pyspark_postgres_dag.py
Traceback (most recent call last):
  File "/home/airflow/.local/lib/python3.12/site-packages/airflow/models/dagbag.py", line 383, in parse
    loader.exec_module(new_module)
  File "<frozen importlib._bootstrap_external>", line 999, in exec_module
  File "<frozen importlib._bootstrap>", line 488, in _call_with_frames_removed
  File "/opt/airflow/dags/test_pyspark_postgres_dag.py", line 1, in <module>
    from pyspark.sql import SparkSession
ModuleNotFoundError: No module named 'pyspark'
[2025-12-16T07:21:03.489+0000] {processor.py:927} WARNING - No viable dags retrieved from /opt/airflow/dags/test_pyspark_postgres_dag.py
[2025-12-16T07:21:03.586+0000] {processor.py:208} INFO - Processing /opt/airflow/dags/test_pyspark_postgres_dag.py took 0.265 seconds
[2025-12-16T07:21:40.227+0000] {processor.py:186} INFO - Started process (PID=622) to work on /opt/airflow/dags/test_pyspark_postgres_dag.py
[2025-12-16T07:21:40.231+0000] {processor.py:914} INFO - Processing file /opt/airflow/dags/test_pyspark_postgres_dag.py for tasks to queue
[2025-12-16T07:21:40.238+0000] {logging_mixin.py:190} INFO - [2025-12-16T07:21:40.237+0000] {dagbag.py:588} INFO - Filling up the DagBag from /opt/airflow/dags/test_pyspark_postgres_dag.py
[2025-12-16T07:21:40.289+0000] {logging_mixin.py:190} INFO - [2025-12-16T07:21:40.278+0000] {dagbag.py:387} ERROR - Failed to import: /opt/airflow/dags/test_pyspark_postgres_dag.py
Traceback (most recent call last):
  File "/home/airflow/.local/lib/python3.12/site-packages/airflow/models/dagbag.py", line 383, in parse
    loader.exec_module(new_module)
  File "<frozen importlib._bootstrap_external>", line 999, in exec_module
  File "<frozen importlib._bootstrap>", line 488, in _call_with_frames_removed
  File "/opt/airflow/dags/test_pyspark_postgres_dag.py", line 1, in <module>
    from pyspark.sql import SparkSession
ModuleNotFoundError: No module named 'pyspark'
[2025-12-16T07:21:40.292+0000] {processor.py:927} WARNING - No viable dags retrieved from /opt/airflow/dags/test_pyspark_postgres_dag.py
[2025-12-16T07:21:40.359+0000] {processor.py:208} INFO - Processing /opt/airflow/dags/test_pyspark_postgres_dag.py took 0.149 seconds
[2025-12-16T07:22:16.007+0000] {processor.py:186} INFO - Started process (PID=698) to work on /opt/airflow/dags/test_pyspark_postgres_dag.py
[2025-12-16T07:22:16.010+0000] {processor.py:914} INFO - Processing file /opt/airflow/dags/test_pyspark_postgres_dag.py for tasks to queue
[2025-12-16T07:22:16.017+0000] {logging_mixin.py:190} INFO - [2025-12-16T07:22:16.016+0000] {dagbag.py:588} INFO - Filling up the DagBag from /opt/airflow/dags/test_pyspark_postgres_dag.py
[2025-12-16T07:22:16.060+0000] {logging_mixin.py:190} INFO - [2025-12-16T07:22:16.052+0000] {dagbag.py:387} ERROR - Failed to import: /opt/airflow/dags/test_pyspark_postgres_dag.py
Traceback (most recent call last):
  File "/home/airflow/.local/lib/python3.12/site-packages/airflow/models/dagbag.py", line 383, in parse
    loader.exec_module(new_module)
  File "<frozen importlib._bootstrap_external>", line 999, in exec_module
  File "<frozen importlib._bootstrap>", line 488, in _call_with_frames_removed
  File "/opt/airflow/dags/test_pyspark_postgres_dag.py", line 1, in <module>
    from pyspark.sql import SparkSession
ModuleNotFoundError: No module named 'pyspark'
[2025-12-16T07:22:16.063+0000] {processor.py:927} WARNING - No viable dags retrieved from /opt/airflow/dags/test_pyspark_postgres_dag.py
[2025-12-16T07:22:16.113+0000] {processor.py:208} INFO - Processing /opt/airflow/dags/test_pyspark_postgres_dag.py took 0.123 seconds
[2025-12-16T07:22:52.071+0000] {processor.py:186} INFO - Started process (PID=776) to work on /opt/airflow/dags/test_pyspark_postgres_dag.py
[2025-12-16T07:22:52.074+0000] {processor.py:914} INFO - Processing file /opt/airflow/dags/test_pyspark_postgres_dag.py for tasks to queue
[2025-12-16T07:22:52.080+0000] {logging_mixin.py:190} INFO - [2025-12-16T07:22:52.079+0000] {dagbag.py:588} INFO - Filling up the DagBag from /opt/airflow/dags/test_pyspark_postgres_dag.py
[2025-12-16T07:22:52.120+0000] {logging_mixin.py:190} INFO - [2025-12-16T07:22:52.111+0000] {dagbag.py:387} ERROR - Failed to import: /opt/airflow/dags/test_pyspark_postgres_dag.py
Traceback (most recent call last):
  File "/home/airflow/.local/lib/python3.12/site-packages/airflow/models/dagbag.py", line 383, in parse
    loader.exec_module(new_module)
  File "<frozen importlib._bootstrap_external>", line 999, in exec_module
  File "<frozen importlib._bootstrap>", line 488, in _call_with_frames_removed
  File "/opt/airflow/dags/test_pyspark_postgres_dag.py", line 1, in <module>
    from pyspark.sql import SparkSession
ModuleNotFoundError: No module named 'pyspark'
[2025-12-16T07:22:52.123+0000] {processor.py:927} WARNING - No viable dags retrieved from /opt/airflow/dags/test_pyspark_postgres_dag.py
[2025-12-16T07:22:52.175+0000] {processor.py:208} INFO - Processing /opt/airflow/dags/test_pyspark_postgres_dag.py took 0.121 seconds
[2025-12-16T07:23:27.645+0000] {processor.py:186} INFO - Started process (PID=847) to work on /opt/airflow/dags/test_pyspark_postgres_dag.py
[2025-12-16T07:23:27.648+0000] {processor.py:914} INFO - Processing file /opt/airflow/dags/test_pyspark_postgres_dag.py for tasks to queue
[2025-12-16T07:23:27.659+0000] {logging_mixin.py:190} INFO - [2025-12-16T07:23:27.658+0000] {dagbag.py:588} INFO - Filling up the DagBag from /opt/airflow/dags/test_pyspark_postgres_dag.py
[2025-12-16T07:23:27.765+0000] {logging_mixin.py:190} INFO - [2025-12-16T07:23:27.752+0000] {dagbag.py:387} ERROR - Failed to import: /opt/airflow/dags/test_pyspark_postgres_dag.py
Traceback (most recent call last):
  File "/home/airflow/.local/lib/python3.12/site-packages/airflow/models/dagbag.py", line 383, in parse
    loader.exec_module(new_module)
  File "<frozen importlib._bootstrap_external>", line 999, in exec_module
  File "<frozen importlib._bootstrap>", line 488, in _call_with_frames_removed
  File "/opt/airflow/dags/test_pyspark_postgres_dag.py", line 1, in <module>
    from pyspark.sql import SparkSession
ModuleNotFoundError: No module named 'pyspark'
[2025-12-16T07:23:27.770+0000] {processor.py:927} WARNING - No viable dags retrieved from /opt/airflow/dags/test_pyspark_postgres_dag.py
[2025-12-16T07:23:27.891+0000] {processor.py:208} INFO - Processing /opt/airflow/dags/test_pyspark_postgres_dag.py took 0.272 seconds
[2025-12-16T07:25:08.640+0000] {processor.py:186} INFO - Started process (PID=931) to work on /opt/airflow/dags/test_pyspark_postgres_dag.py
[2025-12-16T07:25:08.670+0000] {processor.py:914} INFO - Processing file /opt/airflow/dags/test_pyspark_postgres_dag.py for tasks to queue
[2025-12-16T07:25:08.693+0000] {logging_mixin.py:190} INFO - [2025-12-16T07:25:08.675+0000] {dagbag.py:588} INFO - Filling up the DagBag from /opt/airflow/dags/test_pyspark_postgres_dag.py
[2025-12-16T07:25:09.021+0000] {logging_mixin.py:190} INFO - [2025-12-16T07:25:08.968+0000] {dagbag.py:387} ERROR - Failed to import: /opt/airflow/dags/test_pyspark_postgres_dag.py
Traceback (most recent call last):
  File "/home/airflow/.local/lib/python3.12/site-packages/airflow/models/dagbag.py", line 383, in parse
    loader.exec_module(new_module)
  File "<frozen importlib._bootstrap_external>", line 999, in exec_module
  File "<frozen importlib._bootstrap>", line 488, in _call_with_frames_removed
  File "/opt/airflow/dags/test_pyspark_postgres_dag.py", line 1, in <module>
    from pyspark.sql import SparkSession
ModuleNotFoundError: No module named 'pyspark'
[2025-12-16T07:25:09.058+0000] {processor.py:927} WARNING - No viable dags retrieved from /opt/airflow/dags/test_pyspark_postgres_dag.py
[2025-12-16T07:25:18.366+0000] {processor.py:208} INFO - Processing /opt/airflow/dags/test_pyspark_postgres_dag.py took 9.896 seconds
[2025-12-16T07:28:08.363+0000] {processor.py:186} INFO - Started process (PID=1054) to work on /opt/airflow/dags/test_pyspark_postgres_dag.py
[2025-12-16T07:28:08.366+0000] {processor.py:914} INFO - Processing file /opt/airflow/dags/test_pyspark_postgres_dag.py for tasks to queue
[2025-12-16T07:28:08.370+0000] {logging_mixin.py:190} INFO - [2025-12-16T07:28:08.369+0000] {dagbag.py:588} INFO - Filling up the DagBag from /opt/airflow/dags/test_pyspark_postgres_dag.py
[2025-12-16T07:28:08.431+0000] {logging_mixin.py:190} INFO - [2025-12-16T07:28:08.410+0000] {dagbag.py:387} ERROR - Failed to import: /opt/airflow/dags/test_pyspark_postgres_dag.py
Traceback (most recent call last):
  File "/home/airflow/.local/lib/python3.12/site-packages/airflow/models/dagbag.py", line 383, in parse
    loader.exec_module(new_module)
  File "<frozen importlib._bootstrap_external>", line 999, in exec_module
  File "<frozen importlib._bootstrap>", line 488, in _call_with_frames_removed
  File "/opt/airflow/dags/test_pyspark_postgres_dag.py", line 1, in <module>
    from pyspark.sql import SparkSession
ModuleNotFoundError: No module named 'pyspark'
[2025-12-16T07:28:08.436+0000] {processor.py:927} WARNING - No viable dags retrieved from /opt/airflow/dags/test_pyspark_postgres_dag.py
[2025-12-16T07:28:08.527+0000] {processor.py:208} INFO - Processing /opt/airflow/dags/test_pyspark_postgres_dag.py took 0.185 seconds
[2025-12-16T07:29:50.940+0000] {processor.py:186} INFO - Started process (PID=1145) to work on /opt/airflow/dags/test_pyspark_postgres_dag.py
[2025-12-16T07:29:50.955+0000] {processor.py:914} INFO - Processing file /opt/airflow/dags/test_pyspark_postgres_dag.py for tasks to queue
[2025-12-16T07:29:50.974+0000] {logging_mixin.py:190} INFO - [2025-12-16T07:29:50.961+0000] {dagbag.py:588} INFO - Filling up the DagBag from /opt/airflow/dags/test_pyspark_postgres_dag.py
[2025-12-16T07:29:52.951+0000] {logging_mixin.py:190} INFO - [2025-12-16T07:29:52.850+0000] {dagbag.py:387} ERROR - Failed to import: /opt/airflow/dags/test_pyspark_postgres_dag.py
Traceback (most recent call last):
  File "/home/airflow/.local/lib/python3.12/site-packages/airflow/models/dagbag.py", line 383, in parse
    loader.exec_module(new_module)
  File "<frozen importlib._bootstrap_external>", line 999, in exec_module
  File "<frozen importlib._bootstrap>", line 488, in _call_with_frames_removed
  File "/opt/airflow/dags/test_pyspark_postgres_dag.py", line 1, in <module>
    from pyspark.sql import SparkSession
ModuleNotFoundError: No module named 'pyspark'
[2025-12-16T07:29:53.043+0000] {processor.py:927} WARNING - No viable dags retrieved from /opt/airflow/dags/test_pyspark_postgres_dag.py
[2025-12-16T07:29:53.444+0000] {processor.py:208} INFO - Processing /opt/airflow/dags/test_pyspark_postgres_dag.py took 2.687 seconds
[2025-12-16T07:32:36.176+0000] {processor.py:186} INFO - Started process (PID=1261) to work on /opt/airflow/dags/test_pyspark_postgres_dag.py
[2025-12-16T07:32:36.185+0000] {processor.py:914} INFO - Processing file /opt/airflow/dags/test_pyspark_postgres_dag.py for tasks to queue
[2025-12-16T07:32:36.214+0000] {logging_mixin.py:190} INFO - [2025-12-16T07:32:36.212+0000] {dagbag.py:588} INFO - Filling up the DagBag from /opt/airflow/dags/test_pyspark_postgres_dag.py
[2025-12-16T07:32:36.421+0000] {logging_mixin.py:190} INFO - [2025-12-16T07:32:36.349+0000] {dagbag.py:387} ERROR - Failed to import: /opt/airflow/dags/test_pyspark_postgres_dag.py
Traceback (most recent call last):
  File "/home/airflow/.local/lib/python3.12/site-packages/airflow/models/dagbag.py", line 383, in parse
    loader.exec_module(new_module)
  File "<frozen importlib._bootstrap_external>", line 999, in exec_module
  File "<frozen importlib._bootstrap>", line 488, in _call_with_frames_removed
  File "/opt/airflow/dags/test_pyspark_postgres_dag.py", line 1, in <module>
    from pyspark.sql import SparkSession
ModuleNotFoundError: No module named 'pyspark'
[2025-12-16T07:32:36.443+0000] {processor.py:927} WARNING - No viable dags retrieved from /opt/airflow/dags/test_pyspark_postgres_dag.py
[2025-12-16T07:32:36.821+0000] {processor.py:208} INFO - Processing /opt/airflow/dags/test_pyspark_postgres_dag.py took 0.727 seconds
[2025-12-16T07:33:12.719+0000] {processor.py:186} INFO - Started process (PID=1333) to work on /opt/airflow/dags/test_pyspark_postgres_dag.py
[2025-12-16T07:33:12.742+0000] {processor.py:914} INFO - Processing file /opt/airflow/dags/test_pyspark_postgres_dag.py for tasks to queue
[2025-12-16T07:33:12.754+0000] {logging_mixin.py:190} INFO - [2025-12-16T07:33:12.750+0000] {dagbag.py:588} INFO - Filling up the DagBag from /opt/airflow/dags/test_pyspark_postgres_dag.py
[2025-12-16T07:33:13.001+0000] {logging_mixin.py:190} INFO - [2025-12-16T07:33:12.931+0000] {dagbag.py:387} ERROR - Failed to import: /opt/airflow/dags/test_pyspark_postgres_dag.py
Traceback (most recent call last):
  File "/home/airflow/.local/lib/python3.12/site-packages/airflow/models/dagbag.py", line 383, in parse
    loader.exec_module(new_module)
  File "<frozen importlib._bootstrap_external>", line 999, in exec_module
  File "<frozen importlib._bootstrap>", line 488, in _call_with_frames_removed
  File "/opt/airflow/dags/test_pyspark_postgres_dag.py", line 1, in <module>
    from pyspark.sql import SparkSession
ModuleNotFoundError: No module named 'pyspark'
[2025-12-16T07:33:13.030+0000] {processor.py:927} WARNING - No viable dags retrieved from /opt/airflow/dags/test_pyspark_postgres_dag.py
[2025-12-16T07:33:13.150+0000] {processor.py:208} INFO - Processing /opt/airflow/dags/test_pyspark_postgres_dag.py took 0.491 seconds
[2025-12-16T07:33:44.781+0000] {processor.py:186} INFO - Started process (PID=1404) to work on /opt/airflow/dags/test_pyspark_postgres_dag.py
[2025-12-16T07:33:44.784+0000] {processor.py:914} INFO - Processing file /opt/airflow/dags/test_pyspark_postgres_dag.py for tasks to queue
[2025-12-16T07:33:44.788+0000] {logging_mixin.py:190} INFO - [2025-12-16T07:33:44.787+0000] {dagbag.py:588} INFO - Filling up the DagBag from /opt/airflow/dags/test_pyspark_postgres_dag.py
[2025-12-16T07:33:44.862+0000] {logging_mixin.py:190} INFO - [2025-12-16T07:33:44.847+0000] {dagbag.py:387} ERROR - Failed to import: /opt/airflow/dags/test_pyspark_postgres_dag.py
Traceback (most recent call last):
  File "/home/airflow/.local/lib/python3.12/site-packages/airflow/models/dagbag.py", line 383, in parse
    loader.exec_module(new_module)
  File "<frozen importlib._bootstrap_external>", line 999, in exec_module
  File "<frozen importlib._bootstrap>", line 488, in _call_with_frames_removed
  File "/opt/airflow/dags/test_pyspark_postgres_dag.py", line 1, in <module>
    from pyspark.sql import SparkSession
ModuleNotFoundError: No module named 'pyspark'
[2025-12-16T07:33:44.871+0000] {processor.py:927} WARNING - No viable dags retrieved from /opt/airflow/dags/test_pyspark_postgres_dag.py
[2025-12-16T07:33:44.965+0000] {processor.py:208} INFO - Processing /opt/airflow/dags/test_pyspark_postgres_dag.py took 0.203 seconds
[2025-12-16T07:34:16.716+0000] {processor.py:186} INFO - Started process (PID=1477) to work on /opt/airflow/dags/test_pyspark_postgres_dag.py
[2025-12-16T07:34:16.719+0000] {processor.py:914} INFO - Processing file /opt/airflow/dags/test_pyspark_postgres_dag.py for tasks to queue
[2025-12-16T07:34:16.725+0000] {logging_mixin.py:190} INFO - [2025-12-16T07:34:16.722+0000] {dagbag.py:588} INFO - Filling up the DagBag from /opt/airflow/dags/test_pyspark_postgres_dag.py
[2025-12-16T07:34:16.815+0000] {logging_mixin.py:190} INFO - [2025-12-16T07:34:16.785+0000] {dagbag.py:387} ERROR - Failed to import: /opt/airflow/dags/test_pyspark_postgres_dag.py
Traceback (most recent call last):
  File "/home/airflow/.local/lib/python3.12/site-packages/airflow/models/dagbag.py", line 383, in parse
    loader.exec_module(new_module)
  File "<frozen importlib._bootstrap_external>", line 999, in exec_module
  File "<frozen importlib._bootstrap>", line 488, in _call_with_frames_removed
  File "/opt/airflow/dags/test_pyspark_postgres_dag.py", line 1, in <module>
    from pyspark.sql import SparkSession
ModuleNotFoundError: No module named 'pyspark'
[2025-12-16T07:34:16.823+0000] {processor.py:927} WARNING - No viable dags retrieved from /opt/airflow/dags/test_pyspark_postgres_dag.py
[2025-12-16T07:34:16.949+0000] {processor.py:208} INFO - Processing /opt/airflow/dags/test_pyspark_postgres_dag.py took 0.252 seconds
[2025-12-16T07:34:49.556+0000] {processor.py:186} INFO - Started process (PID=1551) to work on /opt/airflow/dags/test_pyspark_postgres_dag.py
[2025-12-16T07:34:49.566+0000] {processor.py:914} INFO - Processing file /opt/airflow/dags/test_pyspark_postgres_dag.py for tasks to queue
[2025-12-16T07:34:49.571+0000] {logging_mixin.py:190} INFO - [2025-12-16T07:34:49.568+0000] {dagbag.py:588} INFO - Filling up the DagBag from /opt/airflow/dags/test_pyspark_postgres_dag.py
[2025-12-16T07:34:49.631+0000] {logging_mixin.py:190} INFO - [2025-12-16T07:34:49.620+0000] {dagbag.py:387} ERROR - Failed to import: /opt/airflow/dags/test_pyspark_postgres_dag.py
Traceback (most recent call last):
  File "/home/airflow/.local/lib/python3.12/site-packages/airflow/models/dagbag.py", line 383, in parse
    loader.exec_module(new_module)
  File "<frozen importlib._bootstrap_external>", line 999, in exec_module
  File "<frozen importlib._bootstrap>", line 488, in _call_with_frames_removed
  File "/opt/airflow/dags/test_pyspark_postgres_dag.py", line 1, in <module>
    from pyspark.sql import SparkSession
ModuleNotFoundError: No module named 'pyspark'
[2025-12-16T07:34:49.635+0000] {processor.py:927} WARNING - No viable dags retrieved from /opt/airflow/dags/test_pyspark_postgres_dag.py
[2025-12-16T07:34:49.726+0000] {processor.py:208} INFO - Processing /opt/airflow/dags/test_pyspark_postgres_dag.py took 0.197 seconds
[2025-12-16T07:35:33.087+0000] {processor.py:186} INFO - Started process (PID=1644) to work on /opt/airflow/dags/test_pyspark_postgres_dag.py
[2025-12-16T07:35:33.090+0000] {processor.py:914} INFO - Processing file /opt/airflow/dags/test_pyspark_postgres_dag.py for tasks to queue
[2025-12-16T07:35:33.095+0000] {logging_mixin.py:190} INFO - [2025-12-16T07:35:33.094+0000] {dagbag.py:588} INFO - Filling up the DagBag from /opt/airflow/dags/test_pyspark_postgres_dag.py
[2025-12-16T07:35:33.163+0000] {logging_mixin.py:190} INFO - [2025-12-16T07:35:33.152+0000] {dagbag.py:387} ERROR - Failed to import: /opt/airflow/dags/test_pyspark_postgres_dag.py
Traceback (most recent call last):
  File "/home/airflow/.local/lib/python3.12/site-packages/airflow/models/dagbag.py", line 383, in parse
    loader.exec_module(new_module)
  File "<frozen importlib._bootstrap_external>", line 999, in exec_module
  File "<frozen importlib._bootstrap>", line 488, in _call_with_frames_removed
  File "/opt/airflow/dags/test_pyspark_postgres_dag.py", line 1, in <module>
    from pyspark.sql import SparkSession
ModuleNotFoundError: No module named 'pyspark'
[2025-12-16T07:35:33.167+0000] {processor.py:927} WARNING - No viable dags retrieved from /opt/airflow/dags/test_pyspark_postgres_dag.py
[2025-12-16T07:35:33.223+0000] {processor.py:208} INFO - Processing /opt/airflow/dags/test_pyspark_postgres_dag.py took 0.156 seconds
[2025-12-16T07:36:26.871+0000] {processor.py:186} INFO - Started process (PID=1729) to work on /opt/airflow/dags/test_pyspark_postgres_dag.py
[2025-12-16T07:36:26.875+0000] {processor.py:914} INFO - Processing file /opt/airflow/dags/test_pyspark_postgres_dag.py for tasks to queue
[2025-12-16T07:36:26.880+0000] {logging_mixin.py:190} INFO - [2025-12-16T07:36:26.879+0000] {dagbag.py:588} INFO - Filling up the DagBag from /opt/airflow/dags/test_pyspark_postgres_dag.py
[2025-12-16T07:36:26.931+0000] {logging_mixin.py:190} INFO - [2025-12-16T07:36:26.925+0000] {dagbag.py:387} ERROR - Failed to import: /opt/airflow/dags/test_pyspark_postgres_dag.py
Traceback (most recent call last):
  File "/home/airflow/.local/lib/python3.12/site-packages/airflow/models/dagbag.py", line 383, in parse
    loader.exec_module(new_module)
  File "<frozen importlib._bootstrap_external>", line 999, in exec_module
  File "<frozen importlib._bootstrap>", line 488, in _call_with_frames_removed
  File "/opt/airflow/dags/test_pyspark_postgres_dag.py", line 1, in <module>
    from pyspark.sql import SparkSession
ModuleNotFoundError: No module named 'pyspark'
[2025-12-16T07:36:26.934+0000] {processor.py:927} WARNING - No viable dags retrieved from /opt/airflow/dags/test_pyspark_postgres_dag.py
[2025-12-16T07:36:27.047+0000] {processor.py:208} INFO - Processing /opt/airflow/dags/test_pyspark_postgres_dag.py took 0.199 seconds
[2025-12-16T07:36:57.387+0000] {processor.py:186} INFO - Started process (PID=1801) to work on /opt/airflow/dags/test_pyspark_postgres_dag.py
[2025-12-16T07:36:57.391+0000] {processor.py:914} INFO - Processing file /opt/airflow/dags/test_pyspark_postgres_dag.py for tasks to queue
[2025-12-16T07:36:57.394+0000] {logging_mixin.py:190} INFO - [2025-12-16T07:36:57.393+0000] {dagbag.py:588} INFO - Filling up the DagBag from /opt/airflow/dags/test_pyspark_postgres_dag.py
[2025-12-16T07:36:57.430+0000] {logging_mixin.py:190} INFO - [2025-12-16T07:36:57.423+0000] {dagbag.py:387} ERROR - Failed to import: /opt/airflow/dags/test_pyspark_postgres_dag.py
Traceback (most recent call last):
  File "/home/airflow/.local/lib/python3.12/site-packages/airflow/models/dagbag.py", line 383, in parse
    loader.exec_module(new_module)
  File "<frozen importlib._bootstrap_external>", line 999, in exec_module
  File "<frozen importlib._bootstrap>", line 488, in _call_with_frames_removed
  File "/opt/airflow/dags/test_pyspark_postgres_dag.py", line 1, in <module>
    from pyspark.sql import SparkSession
ModuleNotFoundError: No module named 'pyspark'
[2025-12-16T07:36:57.433+0000] {processor.py:927} WARNING - No viable dags retrieved from /opt/airflow/dags/test_pyspark_postgres_dag.py
[2025-12-16T07:36:57.485+0000] {processor.py:208} INFO - Processing /opt/airflow/dags/test_pyspark_postgres_dag.py took 0.112 seconds
[2025-12-16T07:37:32.720+0000] {processor.py:186} INFO - Started process (PID=1874) to work on /opt/airflow/dags/test_pyspark_postgres_dag.py
[2025-12-16T07:37:32.723+0000] {processor.py:914} INFO - Processing file /opt/airflow/dags/test_pyspark_postgres_dag.py for tasks to queue
[2025-12-16T07:37:32.726+0000] {logging_mixin.py:190} INFO - [2025-12-16T07:37:32.725+0000] {dagbag.py:588} INFO - Filling up the DagBag from /opt/airflow/dags/test_pyspark_postgres_dag.py
[2025-12-16T07:37:32.766+0000] {logging_mixin.py:190} INFO - [2025-12-16T07:37:32.757+0000] {dagbag.py:387} ERROR - Failed to import: /opt/airflow/dags/test_pyspark_postgres_dag.py
Traceback (most recent call last):
  File "/home/airflow/.local/lib/python3.12/site-packages/airflow/models/dagbag.py", line 383, in parse
    loader.exec_module(new_module)
  File "<frozen importlib._bootstrap_external>", line 999, in exec_module
  File "<frozen importlib._bootstrap>", line 488, in _call_with_frames_removed
  File "/opt/airflow/dags/test_pyspark_postgres_dag.py", line 1, in <module>
    from pyspark.sql import SparkSession
ModuleNotFoundError: No module named 'pyspark'
[2025-12-16T07:37:32.769+0000] {processor.py:927} WARNING - No viable dags retrieved from /opt/airflow/dags/test_pyspark_postgres_dag.py
[2025-12-16T07:37:32.817+0000] {processor.py:208} INFO - Processing /opt/airflow/dags/test_pyspark_postgres_dag.py took 0.121 seconds
[2025-12-16T07:38:08.098+0000] {processor.py:186} INFO - Started process (PID=1946) to work on /opt/airflow/dags/test_pyspark_postgres_dag.py
[2025-12-16T07:38:08.104+0000] {processor.py:914} INFO - Processing file /opt/airflow/dags/test_pyspark_postgres_dag.py for tasks to queue
[2025-12-16T07:38:08.108+0000] {logging_mixin.py:190} INFO - [2025-12-16T07:38:08.107+0000] {dagbag.py:588} INFO - Filling up the DagBag from /opt/airflow/dags/test_pyspark_postgres_dag.py
[2025-12-16T07:38:08.196+0000] {logging_mixin.py:190} INFO - [2025-12-16T07:38:08.175+0000] {dagbag.py:387} ERROR - Failed to import: /opt/airflow/dags/test_pyspark_postgres_dag.py
Traceback (most recent call last):
  File "/home/airflow/.local/lib/python3.12/site-packages/airflow/models/dagbag.py", line 383, in parse
    loader.exec_module(new_module)
  File "<frozen importlib._bootstrap_external>", line 999, in exec_module
  File "<frozen importlib._bootstrap>", line 488, in _call_with_frames_removed
  File "/opt/airflow/dags/test_pyspark_postgres_dag.py", line 1, in <module>
    from pyspark.sql import SparkSession
ModuleNotFoundError: No module named 'pyspark'
[2025-12-16T07:38:08.203+0000] {processor.py:927} WARNING - No viable dags retrieved from /opt/airflow/dags/test_pyspark_postgres_dag.py
[2025-12-16T07:38:08.302+0000] {processor.py:208} INFO - Processing /opt/airflow/dags/test_pyspark_postgres_dag.py took 0.247 seconds
[2025-12-16T07:38:52.017+0000] {processor.py:186} INFO - Started process (PID=2042) to work on /opt/airflow/dags/test_pyspark_postgres_dag.py
[2025-12-16T07:38:52.020+0000] {processor.py:914} INFO - Processing file /opt/airflow/dags/test_pyspark_postgres_dag.py for tasks to queue
[2025-12-16T07:38:52.030+0000] {logging_mixin.py:190} INFO - [2025-12-16T07:38:52.029+0000] {dagbag.py:588} INFO - Filling up the DagBag from /opt/airflow/dags/test_pyspark_postgres_dag.py
[2025-12-16T07:38:52.083+0000] {logging_mixin.py:190} INFO - [2025-12-16T07:38:52.072+0000] {dagbag.py:387} ERROR - Failed to import: /opt/airflow/dags/test_pyspark_postgres_dag.py
Traceback (most recent call last):
  File "/home/airflow/.local/lib/python3.12/site-packages/airflow/models/dagbag.py", line 383, in parse
    loader.exec_module(new_module)
  File "<frozen importlib._bootstrap_external>", line 999, in exec_module
  File "<frozen importlib._bootstrap>", line 488, in _call_with_frames_removed
  File "/opt/airflow/dags/test_pyspark_postgres_dag.py", line 1, in <module>
    from pyspark.sql import SparkSession
ModuleNotFoundError: No module named 'pyspark'
[2025-12-16T07:38:52.087+0000] {processor.py:927} WARNING - No viable dags retrieved from /opt/airflow/dags/test_pyspark_postgres_dag.py
[2025-12-16T07:38:52.150+0000] {processor.py:208} INFO - Processing /opt/airflow/dags/test_pyspark_postgres_dag.py took 0.162 seconds
[2025-12-16T07:52:21.270+0000] {processor.py:186} INFO - Started process (PID=2167) to work on /opt/airflow/dags/test_pyspark_postgres_dag.py
[2025-12-16T07:52:21.278+0000] {processor.py:914} INFO - Processing file /opt/airflow/dags/test_pyspark_postgres_dag.py for tasks to queue
[2025-12-16T07:52:21.283+0000] {logging_mixin.py:190} INFO - [2025-12-16T07:52:21.282+0000] {dagbag.py:588} INFO - Filling up the DagBag from /opt/airflow/dags/test_pyspark_postgres_dag.py
[2025-12-16T07:52:21.426+0000] {logging_mixin.py:190} INFO - [2025-12-16T07:52:21.412+0000] {dagbag.py:387} ERROR - Failed to import: /opt/airflow/dags/test_pyspark_postgres_dag.py
Traceback (most recent call last):
  File "/home/airflow/.local/lib/python3.12/site-packages/airflow/models/dagbag.py", line 383, in parse
    loader.exec_module(new_module)
  File "<frozen importlib._bootstrap_external>", line 999, in exec_module
  File "<frozen importlib._bootstrap>", line 488, in _call_with_frames_removed
  File "/opt/airflow/dags/test_pyspark_postgres_dag.py", line 1, in <module>
    from pyspark.sql import SparkSession
ModuleNotFoundError: No module named 'pyspark'
[2025-12-16T07:52:21.431+0000] {processor.py:927} WARNING - No viable dags retrieved from /opt/airflow/dags/test_pyspark_postgres_dag.py
[2025-12-16T07:52:21.512+0000] {processor.py:208} INFO - Processing /opt/airflow/dags/test_pyspark_postgres_dag.py took 0.269 seconds
[2025-12-16T07:53:36.450+0000] {processor.py:186} INFO - Started process (PID=2259) to work on /opt/airflow/dags/test_pyspark_postgres_dag.py
[2025-12-16T07:53:36.467+0000] {processor.py:914} INFO - Processing file /opt/airflow/dags/test_pyspark_postgres_dag.py for tasks to queue
[2025-12-16T07:53:36.478+0000] {logging_mixin.py:190} INFO - [2025-12-16T07:53:36.473+0000] {dagbag.py:588} INFO - Filling up the DagBag from /opt/airflow/dags/test_pyspark_postgres_dag.py
[2025-12-16T07:53:36.631+0000] {logging_mixin.py:190} INFO - [2025-12-16T07:53:36.605+0000] {dagbag.py:387} ERROR - Failed to import: /opt/airflow/dags/test_pyspark_postgres_dag.py
Traceback (most recent call last):
  File "/home/airflow/.local/lib/python3.12/site-packages/airflow/models/dagbag.py", line 383, in parse
    loader.exec_module(new_module)
  File "<frozen importlib._bootstrap_external>", line 999, in exec_module
  File "<frozen importlib._bootstrap>", line 488, in _call_with_frames_removed
  File "/opt/airflow/dags/test_pyspark_postgres_dag.py", line 1, in <module>
    from pyspark.sql import SparkSession
ModuleNotFoundError: No module named 'pyspark'
[2025-12-16T07:53:36.639+0000] {processor.py:927} WARNING - No viable dags retrieved from /opt/airflow/dags/test_pyspark_postgres_dag.py
[2025-12-16T07:53:36.914+0000] {processor.py:208} INFO - Processing /opt/airflow/dags/test_pyspark_postgres_dag.py took 0.522 seconds
[2025-12-16T07:54:38.266+0000] {processor.py:186} INFO - Started process (PID=2338) to work on /opt/airflow/dags/test_pyspark_postgres_dag.py
[2025-12-16T07:54:38.287+0000] {processor.py:914} INFO - Processing file /opt/airflow/dags/test_pyspark_postgres_dag.py for tasks to queue
[2025-12-16T07:54:38.329+0000] {logging_mixin.py:190} INFO - [2025-12-16T07:54:38.302+0000] {dagbag.py:588} INFO - Filling up the DagBag from /opt/airflow/dags/test_pyspark_postgres_dag.py
[2025-12-16T07:54:38.533+0000] {logging_mixin.py:190} INFO - [2025-12-16T07:54:38.518+0000] {dagbag.py:387} ERROR - Failed to import: /opt/airflow/dags/test_pyspark_postgres_dag.py
Traceback (most recent call last):
  File "/home/airflow/.local/lib/python3.12/site-packages/airflow/models/dagbag.py", line 383, in parse
    loader.exec_module(new_module)
  File "<frozen importlib._bootstrap_external>", line 999, in exec_module
  File "<frozen importlib._bootstrap>", line 488, in _call_with_frames_removed
  File "/opt/airflow/dags/test_pyspark_postgres_dag.py", line 1, in <module>
    from pyspark.sql import SparkSession
ModuleNotFoundError: No module named 'pyspark'
[2025-12-16T07:54:38.548+0000] {processor.py:927} WARNING - No viable dags retrieved from /opt/airflow/dags/test_pyspark_postgres_dag.py
[2025-12-16T07:54:38.744+0000] {processor.py:208} INFO - Processing /opt/airflow/dags/test_pyspark_postgres_dag.py took 0.529 seconds
[2025-12-16T07:55:35.930+0000] {processor.py:186} INFO - Started process (PID=2434) to work on /opt/airflow/dags/test_pyspark_postgres_dag.py
[2025-12-16T07:55:35.936+0000] {processor.py:914} INFO - Processing file /opt/airflow/dags/test_pyspark_postgres_dag.py for tasks to queue
[2025-12-16T07:55:35.943+0000] {logging_mixin.py:190} INFO - [2025-12-16T07:55:35.941+0000] {dagbag.py:588} INFO - Filling up the DagBag from /opt/airflow/dags/test_pyspark_postgres_dag.py
[2025-12-16T07:55:36.012+0000] {logging_mixin.py:190} INFO - [2025-12-16T07:55:35.994+0000] {dagbag.py:387} ERROR - Failed to import: /opt/airflow/dags/test_pyspark_postgres_dag.py
Traceback (most recent call last):
  File "/home/airflow/.local/lib/python3.12/site-packages/airflow/models/dagbag.py", line 383, in parse
    loader.exec_module(new_module)
  File "<frozen importlib._bootstrap_external>", line 999, in exec_module
  File "<frozen importlib._bootstrap>", line 488, in _call_with_frames_removed
  File "/opt/airflow/dags/test_pyspark_postgres_dag.py", line 1, in <module>
    from pyspark.sql import SparkSession
ModuleNotFoundError: No module named 'pyspark'
[2025-12-16T07:55:36.019+0000] {processor.py:927} WARNING - No viable dags retrieved from /opt/airflow/dags/test_pyspark_postgres_dag.py
[2025-12-16T07:55:36.107+0000] {processor.py:208} INFO - Processing /opt/airflow/dags/test_pyspark_postgres_dag.py took 0.202 seconds
[2025-12-16T07:56:18.452+0000] {processor.py:186} INFO - Started process (PID=2509) to work on /opt/airflow/dags/test_pyspark_postgres_dag.py
[2025-12-16T07:56:18.456+0000] {processor.py:914} INFO - Processing file /opt/airflow/dags/test_pyspark_postgres_dag.py for tasks to queue
[2025-12-16T07:56:18.462+0000] {logging_mixin.py:190} INFO - [2025-12-16T07:56:18.461+0000] {dagbag.py:588} INFO - Filling up the DagBag from /opt/airflow/dags/test_pyspark_postgres_dag.py
[2025-12-16T07:56:18.612+0000] {logging_mixin.py:190} INFO - [2025-12-16T07:56:18.550+0000] {dagbag.py:387} ERROR - Failed to import: /opt/airflow/dags/test_pyspark_postgres_dag.py
Traceback (most recent call last):
  File "/home/airflow/.local/lib/python3.12/site-packages/airflow/models/dagbag.py", line 383, in parse
    loader.exec_module(new_module)
  File "<frozen importlib._bootstrap_external>", line 999, in exec_module
  File "<frozen importlib._bootstrap>", line 488, in _call_with_frames_removed
  File "/opt/airflow/dags/test_pyspark_postgres_dag.py", line 1, in <module>
    from pyspark.sql import SparkSession
ModuleNotFoundError: No module named 'pyspark'
[2025-12-16T07:56:18.617+0000] {processor.py:927} WARNING - No viable dags retrieved from /opt/airflow/dags/test_pyspark_postgres_dag.py
[2025-12-16T07:56:18.762+0000] {processor.py:208} INFO - Processing /opt/airflow/dags/test_pyspark_postgres_dag.py took 0.340 seconds
[2025-12-16T07:56:53.309+0000] {processor.py:186} INFO - Started process (PID=2586) to work on /opt/airflow/dags/test_pyspark_postgres_dag.py
[2025-12-16T07:56:53.313+0000] {processor.py:914} INFO - Processing file /opt/airflow/dags/test_pyspark_postgres_dag.py for tasks to queue
[2025-12-16T07:56:53.328+0000] {logging_mixin.py:190} INFO - [2025-12-16T07:56:53.327+0000] {dagbag.py:588} INFO - Filling up the DagBag from /opt/airflow/dags/test_pyspark_postgres_dag.py
[2025-12-16T07:56:53.470+0000] {logging_mixin.py:190} INFO - [2025-12-16T07:56:53.406+0000] {dagbag.py:387} ERROR - Failed to import: /opt/airflow/dags/test_pyspark_postgres_dag.py
Traceback (most recent call last):
  File "/home/airflow/.local/lib/python3.12/site-packages/airflow/models/dagbag.py", line 383, in parse
    loader.exec_module(new_module)
  File "<frozen importlib._bootstrap_external>", line 999, in exec_module
  File "<frozen importlib._bootstrap>", line 488, in _call_with_frames_removed
  File "/opt/airflow/dags/test_pyspark_postgres_dag.py", line 1, in <module>
    from pyspark.sql import SparkSession
ModuleNotFoundError: No module named 'pyspark'
[2025-12-16T07:56:53.507+0000] {processor.py:927} WARNING - No viable dags retrieved from /opt/airflow/dags/test_pyspark_postgres_dag.py
[2025-12-16T07:56:53.715+0000] {processor.py:208} INFO - Processing /opt/airflow/dags/test_pyspark_postgres_dag.py took 0.441 seconds
[2025-12-16T07:57:26.826+0000] {processor.py:186} INFO - Started process (PID=2657) to work on /opt/airflow/dags/test_pyspark_postgres_dag.py
[2025-12-16T07:57:26.831+0000] {processor.py:914} INFO - Processing file /opt/airflow/dags/test_pyspark_postgres_dag.py for tasks to queue
[2025-12-16T07:57:26.835+0000] {logging_mixin.py:190} INFO - [2025-12-16T07:57:26.834+0000] {dagbag.py:588} INFO - Filling up the DagBag from /opt/airflow/dags/test_pyspark_postgres_dag.py
[2025-12-16T07:57:27.228+0000] {logging_mixin.py:190} INFO - [2025-12-16T07:57:27.110+0000] {dagbag.py:387} ERROR - Failed to import: /opt/airflow/dags/test_pyspark_postgres_dag.py
Traceback (most recent call last):
  File "/home/airflow/.local/lib/python3.12/site-packages/airflow/models/dagbag.py", line 383, in parse
    loader.exec_module(new_module)
  File "<frozen importlib._bootstrap_external>", line 999, in exec_module
  File "<frozen importlib._bootstrap>", line 488, in _call_with_frames_removed
  File "/opt/airflow/dags/test_pyspark_postgres_dag.py", line 1, in <module>
    from pyspark.sql import SparkSession
ModuleNotFoundError: No module named 'pyspark'
[2025-12-16T07:57:27.257+0000] {processor.py:927} WARNING - No viable dags retrieved from /opt/airflow/dags/test_pyspark_postgres_dag.py
[2025-12-16T07:57:27.457+0000] {processor.py:208} INFO - Processing /opt/airflow/dags/test_pyspark_postgres_dag.py took 0.670 seconds
[2025-12-16T07:58:15.269+0000] {processor.py:186} INFO - Started process (PID=2735) to work on /opt/airflow/dags/test_pyspark_postgres_dag.py
[2025-12-16T07:58:15.272+0000] {processor.py:914} INFO - Processing file /opt/airflow/dags/test_pyspark_postgres_dag.py for tasks to queue
[2025-12-16T07:58:15.277+0000] {logging_mixin.py:190} INFO - [2025-12-16T07:58:15.276+0000] {dagbag.py:588} INFO - Filling up the DagBag from /opt/airflow/dags/test_pyspark_postgres_dag.py
[2025-12-16T07:58:15.368+0000] {logging_mixin.py:190} INFO - [2025-12-16T07:58:15.351+0000] {dagbag.py:387} ERROR - Failed to import: /opt/airflow/dags/test_pyspark_postgres_dag.py
Traceback (most recent call last):
  File "/home/airflow/.local/lib/python3.12/site-packages/airflow/models/dagbag.py", line 383, in parse
    loader.exec_module(new_module)
  File "<frozen importlib._bootstrap_external>", line 999, in exec_module
  File "<frozen importlib._bootstrap>", line 488, in _call_with_frames_removed
  File "/opt/airflow/dags/test_pyspark_postgres_dag.py", line 1, in <module>
    from pyspark.sql import SparkSession
ModuleNotFoundError: No module named 'pyspark'
[2025-12-16T07:58:15.372+0000] {processor.py:927} WARNING - No viable dags retrieved from /opt/airflow/dags/test_pyspark_postgres_dag.py
[2025-12-16T07:58:15.472+0000] {processor.py:208} INFO - Processing /opt/airflow/dags/test_pyspark_postgres_dag.py took 0.229 seconds
[2025-12-16T07:58:47.604+0000] {processor.py:186} INFO - Started process (PID=2807) to work on /opt/airflow/dags/test_pyspark_postgres_dag.py
[2025-12-16T07:58:47.610+0000] {processor.py:914} INFO - Processing file /opt/airflow/dags/test_pyspark_postgres_dag.py for tasks to queue
[2025-12-16T07:58:47.621+0000] {logging_mixin.py:190} INFO - [2025-12-16T07:58:47.619+0000] {dagbag.py:588} INFO - Filling up the DagBag from /opt/airflow/dags/test_pyspark_postgres_dag.py
[2025-12-16T07:58:47.723+0000] {logging_mixin.py:190} INFO - [2025-12-16T07:58:47.710+0000] {dagbag.py:387} ERROR - Failed to import: /opt/airflow/dags/test_pyspark_postgres_dag.py
Traceback (most recent call last):
  File "/home/airflow/.local/lib/python3.12/site-packages/airflow/models/dagbag.py", line 383, in parse
    loader.exec_module(new_module)
  File "<frozen importlib._bootstrap_external>", line 999, in exec_module
  File "<frozen importlib._bootstrap>", line 488, in _call_with_frames_removed
  File "/opt/airflow/dags/test_pyspark_postgres_dag.py", line 1, in <module>
    from pyspark.sql import SparkSession
ModuleNotFoundError: No module named 'pyspark'
[2025-12-16T07:58:47.727+0000] {processor.py:927} WARNING - No viable dags retrieved from /opt/airflow/dags/test_pyspark_postgres_dag.py
[2025-12-16T07:58:47.841+0000] {processor.py:208} INFO - Processing /opt/airflow/dags/test_pyspark_postgres_dag.py took 0.268 seconds
[2025-12-16T07:59:31.291+0000] {processor.py:186} INFO - Started process (PID=2882) to work on /opt/airflow/dags/test_pyspark_postgres_dag.py
[2025-12-16T07:59:31.306+0000] {processor.py:914} INFO - Processing file /opt/airflow/dags/test_pyspark_postgres_dag.py for tasks to queue
[2025-12-16T07:59:31.337+0000] {logging_mixin.py:190} INFO - [2025-12-16T07:59:31.323+0000] {dagbag.py:588} INFO - Filling up the DagBag from /opt/airflow/dags/test_pyspark_postgres_dag.py
[2025-12-16T07:59:32.318+0000] {logging_mixin.py:190} INFO - [2025-12-16T07:59:32.115+0000] {dagbag.py:387} ERROR - Failed to import: /opt/airflow/dags/test_pyspark_postgres_dag.py
Traceback (most recent call last):
  File "/home/airflow/.local/lib/python3.12/site-packages/airflow/models/dagbag.py", line 383, in parse
    loader.exec_module(new_module)
  File "<frozen importlib._bootstrap_external>", line 999, in exec_module
  File "<frozen importlib._bootstrap>", line 488, in _call_with_frames_removed
  File "/opt/airflow/dags/test_pyspark_postgres_dag.py", line 1, in <module>
    from pyspark.sql import SparkSession
ModuleNotFoundError: No module named 'pyspark'
[2025-12-16T07:59:32.343+0000] {processor.py:927} WARNING - No viable dags retrieved from /opt/airflow/dags/test_pyspark_postgres_dag.py
[2025-12-16T07:59:32.717+0000] {processor.py:208} INFO - Processing /opt/airflow/dags/test_pyspark_postgres_dag.py took 1.553 seconds
[2025-12-16T08:00:19.605+0000] {processor.py:186} INFO - Started process (PID=2961) to work on /opt/airflow/dags/test_pyspark_postgres_dag.py
[2025-12-16T08:00:19.629+0000] {processor.py:914} INFO - Processing file /opt/airflow/dags/test_pyspark_postgres_dag.py for tasks to queue
[2025-12-16T08:00:19.641+0000] {logging_mixin.py:190} INFO - [2025-12-16T08:00:19.636+0000] {dagbag.py:588} INFO - Filling up the DagBag from /opt/airflow/dags/test_pyspark_postgres_dag.py
[2025-12-16T08:00:19.785+0000] {logging_mixin.py:190} INFO - [2025-12-16T08:00:19.765+0000] {dagbag.py:387} ERROR - Failed to import: /opt/airflow/dags/test_pyspark_postgres_dag.py
Traceback (most recent call last):
  File "/home/airflow/.local/lib/python3.12/site-packages/airflow/models/dagbag.py", line 383, in parse
    loader.exec_module(new_module)
  File "<frozen importlib._bootstrap_external>", line 999, in exec_module
  File "<frozen importlib._bootstrap>", line 488, in _call_with_frames_removed
  File "/opt/airflow/dags/test_pyspark_postgres_dag.py", line 1, in <module>
    from pyspark.sql import SparkSession
ModuleNotFoundError: No module named 'pyspark'
[2025-12-16T08:00:19.789+0000] {processor.py:927} WARNING - No viable dags retrieved from /opt/airflow/dags/test_pyspark_postgres_dag.py
[2025-12-16T08:00:20.012+0000] {processor.py:208} INFO - Processing /opt/airflow/dags/test_pyspark_postgres_dag.py took 0.441 seconds
[2025-12-16T08:01:03.871+0000] {processor.py:186} INFO - Started process (PID=3038) to work on /opt/airflow/dags/test_pyspark_postgres_dag.py
[2025-12-16T08:01:03.878+0000] {processor.py:914} INFO - Processing file /opt/airflow/dags/test_pyspark_postgres_dag.py for tasks to queue
[2025-12-16T08:01:03.882+0000] {logging_mixin.py:190} INFO - [2025-12-16T08:01:03.881+0000] {dagbag.py:588} INFO - Filling up the DagBag from /opt/airflow/dags/test_pyspark_postgres_dag.py
[2025-12-16T08:01:03.943+0000] {logging_mixin.py:190} INFO - [2025-12-16T08:01:03.933+0000] {dagbag.py:387} ERROR - Failed to import: /opt/airflow/dags/test_pyspark_postgres_dag.py
Traceback (most recent call last):
  File "/home/airflow/.local/lib/python3.12/site-packages/airflow/models/dagbag.py", line 383, in parse
    loader.exec_module(new_module)
  File "<frozen importlib._bootstrap_external>", line 999, in exec_module
  File "<frozen importlib._bootstrap>", line 488, in _call_with_frames_removed
  File "/opt/airflow/dags/test_pyspark_postgres_dag.py", line 1, in <module>
    from pyspark.sql import SparkSession
ModuleNotFoundError: No module named 'pyspark'
[2025-12-16T08:01:03.947+0000] {processor.py:927} WARNING - No viable dags retrieved from /opt/airflow/dags/test_pyspark_postgres_dag.py
[2025-12-16T08:01:04.063+0000] {processor.py:208} INFO - Processing /opt/airflow/dags/test_pyspark_postgres_dag.py took 0.213 seconds
[2025-12-16T08:01:48.292+0000] {processor.py:186} INFO - Started process (PID=3125) to work on /opt/airflow/dags/test_pyspark_postgres_dag.py
[2025-12-16T08:01:48.299+0000] {processor.py:914} INFO - Processing file /opt/airflow/dags/test_pyspark_postgres_dag.py for tasks to queue
[2025-12-16T08:01:48.325+0000] {logging_mixin.py:190} INFO - [2025-12-16T08:01:48.323+0000] {dagbag.py:588} INFO - Filling up the DagBag from /opt/airflow/dags/test_pyspark_postgres_dag.py
[2025-12-16T08:01:48.407+0000] {logging_mixin.py:190} INFO - [2025-12-16T08:01:48.387+0000] {dagbag.py:387} ERROR - Failed to import: /opt/airflow/dags/test_pyspark_postgres_dag.py
Traceback (most recent call last):
  File "/home/airflow/.local/lib/python3.12/site-packages/airflow/models/dagbag.py", line 383, in parse
    loader.exec_module(new_module)
  File "<frozen importlib._bootstrap_external>", line 999, in exec_module
  File "<frozen importlib._bootstrap>", line 488, in _call_with_frames_removed
  File "/opt/airflow/dags/test_pyspark_postgres_dag.py", line 1, in <module>
    from pyspark.sql import SparkSession
ModuleNotFoundError: No module named 'pyspark'
[2025-12-16T08:01:48.415+0000] {processor.py:927} WARNING - No viable dags retrieved from /opt/airflow/dags/test_pyspark_postgres_dag.py
[2025-12-16T08:01:48.477+0000] {processor.py:208} INFO - Processing /opt/airflow/dags/test_pyspark_postgres_dag.py took 0.206 seconds
[2025-12-16T08:02:24.586+0000] {processor.py:186} INFO - Started process (PID=3200) to work on /opt/airflow/dags/test_pyspark_postgres_dag.py
[2025-12-16T08:02:24.590+0000] {processor.py:914} INFO - Processing file /opt/airflow/dags/test_pyspark_postgres_dag.py for tasks to queue
[2025-12-16T08:02:24.602+0000] {logging_mixin.py:190} INFO - [2025-12-16T08:02:24.601+0000] {dagbag.py:588} INFO - Filling up the DagBag from /opt/airflow/dags/test_pyspark_postgres_dag.py
[2025-12-16T08:02:24.831+0000] {logging_mixin.py:190} INFO - [2025-12-16T08:02:24.789+0000] {dagbag.py:387} ERROR - Failed to import: /opt/airflow/dags/test_pyspark_postgres_dag.py
Traceback (most recent call last):
  File "/home/airflow/.local/lib/python3.12/site-packages/airflow/models/dagbag.py", line 383, in parse
    loader.exec_module(new_module)
  File "<frozen importlib._bootstrap_external>", line 999, in exec_module
  File "<frozen importlib._bootstrap>", line 488, in _call_with_frames_removed
  File "/opt/airflow/dags/test_pyspark_postgres_dag.py", line 1, in <module>
    from pyspark.sql import SparkSession
ModuleNotFoundError: No module named 'pyspark'
[2025-12-16T08:02:24.843+0000] {processor.py:927} WARNING - No viable dags retrieved from /opt/airflow/dags/test_pyspark_postgres_dag.py
[2025-12-16T08:02:24.988+0000] {processor.py:208} INFO - Processing /opt/airflow/dags/test_pyspark_postgres_dag.py took 0.449 seconds
[2025-12-16T08:03:04.718+0000] {processor.py:186} INFO - Started process (PID=3275) to work on /opt/airflow/dags/test_pyspark_postgres_dag.py
[2025-12-16T08:03:04.723+0000] {processor.py:914} INFO - Processing file /opt/airflow/dags/test_pyspark_postgres_dag.py for tasks to queue
[2025-12-16T08:03:04.860+0000] {logging_mixin.py:190} INFO - [2025-12-16T08:03:04.859+0000] {dagbag.py:588} INFO - Filling up the DagBag from /opt/airflow/dags/test_pyspark_postgres_dag.py
[2025-12-16T08:03:05.262+0000] {logging_mixin.py:190} INFO - [2025-12-16T08:03:05.240+0000] {dagbag.py:387} ERROR - Failed to import: /opt/airflow/dags/test_pyspark_postgres_dag.py
Traceback (most recent call last):
  File "/home/airflow/.local/lib/python3.12/site-packages/airflow/models/dagbag.py", line 383, in parse
    loader.exec_module(new_module)
  File "<frozen importlib._bootstrap_external>", line 999, in exec_module
  File "<frozen importlib._bootstrap>", line 488, in _call_with_frames_removed
  File "/opt/airflow/dags/test_pyspark_postgres_dag.py", line 1, in <module>
    from pyspark.sql import SparkSession
ModuleNotFoundError: No module named 'pyspark'
[2025-12-16T08:03:05.271+0000] {processor.py:927} WARNING - No viable dags retrieved from /opt/airflow/dags/test_pyspark_postgres_dag.py
[2025-12-16T08:03:05.385+0000] {processor.py:208} INFO - Processing /opt/airflow/dags/test_pyspark_postgres_dag.py took 0.705 seconds
[2025-12-16T08:03:42.131+0000] {processor.py:186} INFO - Started process (PID=3348) to work on /opt/airflow/dags/test_pyspark_postgres_dag.py
[2025-12-16T08:03:42.134+0000] {processor.py:914} INFO - Processing file /opt/airflow/dags/test_pyspark_postgres_dag.py for tasks to queue
[2025-12-16T08:03:42.137+0000] {logging_mixin.py:190} INFO - [2025-12-16T08:03:42.136+0000] {dagbag.py:588} INFO - Filling up the DagBag from /opt/airflow/dags/test_pyspark_postgres_dag.py
[2025-12-16T08:03:42.186+0000] {logging_mixin.py:190} INFO - [2025-12-16T08:03:42.177+0000] {dagbag.py:387} ERROR - Failed to import: /opt/airflow/dags/test_pyspark_postgres_dag.py
Traceback (most recent call last):
  File "/home/airflow/.local/lib/python3.12/site-packages/airflow/models/dagbag.py", line 383, in parse
    loader.exec_module(new_module)
  File "<frozen importlib._bootstrap_external>", line 999, in exec_module
  File "<frozen importlib._bootstrap>", line 488, in _call_with_frames_removed
  File "/opt/airflow/dags/test_pyspark_postgres_dag.py", line 1, in <module>
    from pyspark.sql import SparkSession
ModuleNotFoundError: No module named 'pyspark'
[2025-12-16T08:03:42.192+0000] {processor.py:927} WARNING - No viable dags retrieved from /opt/airflow/dags/test_pyspark_postgres_dag.py
[2025-12-16T08:03:42.243+0000] {processor.py:208} INFO - Processing /opt/airflow/dags/test_pyspark_postgres_dag.py took 0.128 seconds
[2025-12-16T08:04:24.059+0000] {processor.py:186} INFO - Started process (PID=3435) to work on /opt/airflow/dags/test_pyspark_postgres_dag.py
[2025-12-16T08:04:24.063+0000] {processor.py:914} INFO - Processing file /opt/airflow/dags/test_pyspark_postgres_dag.py for tasks to queue
[2025-12-16T08:04:24.076+0000] {logging_mixin.py:190} INFO - [2025-12-16T08:04:24.074+0000] {dagbag.py:588} INFO - Filling up the DagBag from /opt/airflow/dags/test_pyspark_postgres_dag.py
[2025-12-16T08:04:24.198+0000] {logging_mixin.py:190} INFO - [2025-12-16T08:04:24.157+0000] {dagbag.py:387} ERROR - Failed to import: /opt/airflow/dags/test_pyspark_postgres_dag.py
Traceback (most recent call last):
  File "/home/airflow/.local/lib/python3.12/site-packages/airflow/models/dagbag.py", line 383, in parse
    loader.exec_module(new_module)
  File "<frozen importlib._bootstrap_external>", line 999, in exec_module
  File "<frozen importlib._bootstrap>", line 488, in _call_with_frames_removed
  File "/opt/airflow/dags/test_pyspark_postgres_dag.py", line 1, in <module>
    from pyspark.sql import SparkSession
ModuleNotFoundError: No module named 'pyspark'
[2025-12-16T08:04:24.204+0000] {processor.py:927} WARNING - No viable dags retrieved from /opt/airflow/dags/test_pyspark_postgres_dag.py
[2025-12-16T08:04:24.270+0000] {processor.py:208} INFO - Processing /opt/airflow/dags/test_pyspark_postgres_dag.py took 0.242 seconds
[2025-12-16T08:05:06.147+0000] {processor.py:186} INFO - Started process (PID=3511) to work on /opt/airflow/dags/test_pyspark_postgres_dag.py
[2025-12-16T08:05:06.150+0000] {processor.py:914} INFO - Processing file /opt/airflow/dags/test_pyspark_postgres_dag.py for tasks to queue
[2025-12-16T08:05:06.153+0000] {logging_mixin.py:190} INFO - [2025-12-16T08:05:06.152+0000] {dagbag.py:588} INFO - Filling up the DagBag from /opt/airflow/dags/test_pyspark_postgres_dag.py
[2025-12-16T08:05:06.208+0000] {logging_mixin.py:190} INFO - [2025-12-16T08:05:06.196+0000] {dagbag.py:387} ERROR - Failed to import: /opt/airflow/dags/test_pyspark_postgres_dag.py
Traceback (most recent call last):
  File "/home/airflow/.local/lib/python3.12/site-packages/airflow/models/dagbag.py", line 383, in parse
    loader.exec_module(new_module)
  File "<frozen importlib._bootstrap_external>", line 999, in exec_module
  File "<frozen importlib._bootstrap>", line 488, in _call_with_frames_removed
  File "/opt/airflow/dags/test_pyspark_postgres_dag.py", line 1, in <module>
    from pyspark.sql import SparkSession
ModuleNotFoundError: No module named 'pyspark'
[2025-12-16T08:05:06.211+0000] {processor.py:927} WARNING - No viable dags retrieved from /opt/airflow/dags/test_pyspark_postgres_dag.py
[2025-12-16T08:05:06.275+0000] {processor.py:208} INFO - Processing /opt/airflow/dags/test_pyspark_postgres_dag.py took 0.144 seconds
[2025-12-16T08:05:44.573+0000] {processor.py:186} INFO - Started process (PID=3594) to work on /opt/airflow/dags/test_pyspark_postgres_dag.py
[2025-12-16T08:05:44.576+0000] {processor.py:914} INFO - Processing file /opt/airflow/dags/test_pyspark_postgres_dag.py for tasks to queue
[2025-12-16T08:05:44.583+0000] {logging_mixin.py:190} INFO - [2025-12-16T08:05:44.582+0000] {dagbag.py:588} INFO - Filling up the DagBag from /opt/airflow/dags/test_pyspark_postgres_dag.py
[2025-12-16T08:05:44.636+0000] {logging_mixin.py:190} INFO - [2025-12-16T08:05:44.618+0000] {dagbag.py:387} ERROR - Failed to import: /opt/airflow/dags/test_pyspark_postgres_dag.py
Traceback (most recent call last):
  File "/home/airflow/.local/lib/python3.12/site-packages/airflow/models/dagbag.py", line 383, in parse
    loader.exec_module(new_module)
  File "<frozen importlib._bootstrap_external>", line 999, in exec_module
  File "<frozen importlib._bootstrap>", line 488, in _call_with_frames_removed
  File "/opt/airflow/dags/test_pyspark_postgres_dag.py", line 1, in <module>
    from pyspark.sql import SparkSession
ModuleNotFoundError: No module named 'pyspark'
[2025-12-16T08:05:44.640+0000] {processor.py:927} WARNING - No viable dags retrieved from /opt/airflow/dags/test_pyspark_postgres_dag.py
[2025-12-16T08:05:44.729+0000] {processor.py:208} INFO - Processing /opt/airflow/dags/test_pyspark_postgres_dag.py took 0.175 seconds
[2025-12-16T08:06:39.133+0000] {processor.py:186} INFO - Started process (PID=3678) to work on /opt/airflow/dags/test_pyspark_postgres_dag.py
[2025-12-16T08:06:39.136+0000] {processor.py:914} INFO - Processing file /opt/airflow/dags/test_pyspark_postgres_dag.py for tasks to queue
[2025-12-16T08:06:39.146+0000] {logging_mixin.py:190} INFO - [2025-12-16T08:06:39.145+0000] {dagbag.py:588} INFO - Filling up the DagBag from /opt/airflow/dags/test_pyspark_postgres_dag.py
[2025-12-16T08:06:39.209+0000] {logging_mixin.py:190} INFO - [2025-12-16T08:06:39.193+0000] {dagbag.py:387} ERROR - Failed to import: /opt/airflow/dags/test_pyspark_postgres_dag.py
Traceback (most recent call last):
  File "/home/airflow/.local/lib/python3.12/site-packages/airflow/models/dagbag.py", line 383, in parse
    loader.exec_module(new_module)
  File "<frozen importlib._bootstrap_external>", line 999, in exec_module
  File "<frozen importlib._bootstrap>", line 488, in _call_with_frames_removed
  File "/opt/airflow/dags/test_pyspark_postgres_dag.py", line 1, in <module>
    from pyspark.sql import SparkSession
ModuleNotFoundError: No module named 'pyspark'
[2025-12-16T08:06:39.214+0000] {processor.py:927} WARNING - No viable dags retrieved from /opt/airflow/dags/test_pyspark_postgres_dag.py
[2025-12-16T08:06:39.294+0000] {processor.py:208} INFO - Processing /opt/airflow/dags/test_pyspark_postgres_dag.py took 0.205 seconds
[2025-12-16T08:09:39.076+0000] {processor.py:186} INFO - Started process (PID=3792) to work on /opt/airflow/dags/test_pyspark_postgres_dag.py
[2025-12-16T08:09:39.081+0000] {processor.py:914} INFO - Processing file /opt/airflow/dags/test_pyspark_postgres_dag.py for tasks to queue
[2025-12-16T08:09:39.108+0000] {logging_mixin.py:190} INFO - [2025-12-16T08:09:39.106+0000] {dagbag.py:588} INFO - Filling up the DagBag from /opt/airflow/dags/test_pyspark_postgres_dag.py
[2025-12-16T08:09:39.254+0000] {logging_mixin.py:190} INFO - [2025-12-16T08:09:39.216+0000] {dagbag.py:387} ERROR - Failed to import: /opt/airflow/dags/test_pyspark_postgres_dag.py
Traceback (most recent call last):
  File "/home/airflow/.local/lib/python3.12/site-packages/airflow/models/dagbag.py", line 383, in parse
    loader.exec_module(new_module)
  File "<frozen importlib._bootstrap_external>", line 999, in exec_module
  File "<frozen importlib._bootstrap>", line 488, in _call_with_frames_removed
  File "/opt/airflow/dags/test_pyspark_postgres_dag.py", line 1, in <module>
    from pyspark.sql import SparkSession
ModuleNotFoundError: No module named 'pyspark'
[2025-12-16T08:09:39.265+0000] {processor.py:927} WARNING - No viable dags retrieved from /opt/airflow/dags/test_pyspark_postgres_dag.py
[2025-12-16T08:09:39.416+0000] {processor.py:208} INFO - Processing /opt/airflow/dags/test_pyspark_postgres_dag.py took 0.380 seconds
[2025-12-16T08:16:16.250+0000] {processor.py:186} INFO - Started process (PID=3913) to work on /opt/airflow/dags/test_pyspark_postgres_dag.py
[2025-12-16T08:16:16.379+0000] {processor.py:914} INFO - Processing file /opt/airflow/dags/test_pyspark_postgres_dag.py for tasks to queue
[2025-12-16T08:16:16.393+0000] {logging_mixin.py:190} INFO - [2025-12-16T08:16:16.392+0000] {dagbag.py:588} INFO - Filling up the DagBag from /opt/airflow/dags/test_pyspark_postgres_dag.py
[2025-12-16T08:16:16.628+0000] {logging_mixin.py:190} INFO - [2025-12-16T08:16:16.548+0000] {dagbag.py:387} ERROR - Failed to import: /opt/airflow/dags/test_pyspark_postgres_dag.py
Traceback (most recent call last):
  File "/home/airflow/.local/lib/python3.12/site-packages/airflow/models/dagbag.py", line 383, in parse
    loader.exec_module(new_module)
  File "<frozen importlib._bootstrap_external>", line 999, in exec_module
  File "<frozen importlib._bootstrap>", line 488, in _call_with_frames_removed
  File "/opt/airflow/dags/test_pyspark_postgres_dag.py", line 1, in <module>
    from pyspark.sql import SparkSession
ModuleNotFoundError: No module named 'pyspark'
[2025-12-16T08:16:16.664+0000] {processor.py:927} WARNING - No viable dags retrieved from /opt/airflow/dags/test_pyspark_postgres_dag.py
[2025-12-16T08:16:16.776+0000] {processor.py:208} INFO - Processing /opt/airflow/dags/test_pyspark_postgres_dag.py took 0.569 seconds
[2025-12-16T08:17:14.768+0000] {processor.py:186} INFO - Started process (PID=3993) to work on /opt/airflow/dags/test_pyspark_postgres_dag.py
[2025-12-16T08:17:14.775+0000] {processor.py:914} INFO - Processing file /opt/airflow/dags/test_pyspark_postgres_dag.py for tasks to queue
[2025-12-16T08:17:14.793+0000] {logging_mixin.py:190} INFO - [2025-12-16T08:17:14.792+0000] {dagbag.py:588} INFO - Filling up the DagBag from /opt/airflow/dags/test_pyspark_postgres_dag.py
[2025-12-16T08:17:14.910+0000] {logging_mixin.py:190} INFO - [2025-12-16T08:17:14.877+0000] {dagbag.py:387} ERROR - Failed to import: /opt/airflow/dags/test_pyspark_postgres_dag.py
Traceback (most recent call last):
  File "/home/airflow/.local/lib/python3.12/site-packages/airflow/models/dagbag.py", line 383, in parse
    loader.exec_module(new_module)
  File "<frozen importlib._bootstrap_external>", line 999, in exec_module
  File "<frozen importlib._bootstrap>", line 488, in _call_with_frames_removed
  File "/opt/airflow/dags/test_pyspark_postgres_dag.py", line 1, in <module>
    from pyspark.sql import SparkSession
ModuleNotFoundError: No module named 'pyspark'
[2025-12-16T08:17:14.922+0000] {processor.py:927} WARNING - No viable dags retrieved from /opt/airflow/dags/test_pyspark_postgres_dag.py
[2025-12-16T08:17:15.055+0000] {processor.py:208} INFO - Processing /opt/airflow/dags/test_pyspark_postgres_dag.py took 0.324 seconds
[2025-12-16T08:17:52.064+0000] {processor.py:186} INFO - Started process (PID=4070) to work on /opt/airflow/dags/test_pyspark_postgres_dag.py
[2025-12-16T08:17:52.070+0000] {processor.py:914} INFO - Processing file /opt/airflow/dags/test_pyspark_postgres_dag.py for tasks to queue
[2025-12-16T08:17:52.078+0000] {logging_mixin.py:190} INFO - [2025-12-16T08:17:52.076+0000] {dagbag.py:588} INFO - Filling up the DagBag from /opt/airflow/dags/test_pyspark_postgres_dag.py
[2025-12-16T08:17:52.163+0000] {logging_mixin.py:190} INFO - [2025-12-16T08:17:52.139+0000] {dagbag.py:387} ERROR - Failed to import: /opt/airflow/dags/test_pyspark_postgres_dag.py
Traceback (most recent call last):
  File "/home/airflow/.local/lib/python3.12/site-packages/airflow/models/dagbag.py", line 383, in parse
    loader.exec_module(new_module)
  File "<frozen importlib._bootstrap_external>", line 999, in exec_module
  File "<frozen importlib._bootstrap>", line 488, in _call_with_frames_removed
  File "/opt/airflow/dags/test_pyspark_postgres_dag.py", line 1, in <module>
    from pyspark.sql import SparkSession
ModuleNotFoundError: No module named 'pyspark'
[2025-12-16T08:17:52.170+0000] {processor.py:927} WARNING - No viable dags retrieved from /opt/airflow/dags/test_pyspark_postgres_dag.py
[2025-12-16T08:17:52.277+0000] {processor.py:208} INFO - Processing /opt/airflow/dags/test_pyspark_postgres_dag.py took 0.247 seconds
[2025-12-16T08:18:28.877+0000] {processor.py:186} INFO - Started process (PID=4149) to work on /opt/airflow/dags/test_pyspark_postgres_dag.py
[2025-12-16T08:18:28.899+0000] {processor.py:914} INFO - Processing file /opt/airflow/dags/test_pyspark_postgres_dag.py for tasks to queue
[2025-12-16T08:18:28.911+0000] {logging_mixin.py:190} INFO - [2025-12-16T08:18:28.910+0000] {dagbag.py:588} INFO - Filling up the DagBag from /opt/airflow/dags/test_pyspark_postgres_dag.py
[2025-12-16T08:18:29.172+0000] {logging_mixin.py:190} INFO - [2025-12-16T08:18:29.082+0000] {dagbag.py:387} ERROR - Failed to import: /opt/airflow/dags/test_pyspark_postgres_dag.py
Traceback (most recent call last):
  File "/home/airflow/.local/lib/python3.12/site-packages/airflow/models/dagbag.py", line 383, in parse
    loader.exec_module(new_module)
  File "<frozen importlib._bootstrap_external>", line 999, in exec_module
  File "<frozen importlib._bootstrap>", line 488, in _call_with_frames_removed
  File "/opt/airflow/dags/test_pyspark_postgres_dag.py", line 1, in <module>
    from pyspark.sql import SparkSession
ModuleNotFoundError: No module named 'pyspark'
[2025-12-16T08:18:29.182+0000] {processor.py:927} WARNING - No viable dags retrieved from /opt/airflow/dags/test_pyspark_postgres_dag.py
[2025-12-16T08:18:29.318+0000] {processor.py:208} INFO - Processing /opt/airflow/dags/test_pyspark_postgres_dag.py took 0.480 seconds
[2025-12-16T08:19:11.745+0000] {processor.py:186} INFO - Started process (PID=4234) to work on /opt/airflow/dags/test_pyspark_postgres_dag.py
[2025-12-16T08:19:11.749+0000] {processor.py:914} INFO - Processing file /opt/airflow/dags/test_pyspark_postgres_dag.py for tasks to queue
[2025-12-16T08:19:11.753+0000] {logging_mixin.py:190} INFO - [2025-12-16T08:19:11.752+0000] {dagbag.py:588} INFO - Filling up the DagBag from /opt/airflow/dags/test_pyspark_postgres_dag.py
[2025-12-16T08:19:11.891+0000] {logging_mixin.py:190} INFO - [2025-12-16T08:19:11.838+0000] {dagbag.py:387} ERROR - Failed to import: /opt/airflow/dags/test_pyspark_postgres_dag.py
Traceback (most recent call last):
  File "/home/airflow/.local/lib/python3.12/site-packages/airflow/models/dagbag.py", line 383, in parse
    loader.exec_module(new_module)
  File "<frozen importlib._bootstrap_external>", line 999, in exec_module
  File "<frozen importlib._bootstrap>", line 488, in _call_with_frames_removed
  File "/opt/airflow/dags/test_pyspark_postgres_dag.py", line 1, in <module>
    from pyspark.sql import SparkSession
ModuleNotFoundError: No module named 'pyspark'
[2025-12-16T08:19:11.898+0000] {processor.py:927} WARNING - No viable dags retrieved from /opt/airflow/dags/test_pyspark_postgres_dag.py
[2025-12-16T08:19:11.985+0000] {processor.py:208} INFO - Processing /opt/airflow/dags/test_pyspark_postgres_dag.py took 0.280 seconds
[2025-12-16T08:19:42.236+0000] {processor.py:186} INFO - Started process (PID=4306) to work on /opt/airflow/dags/test_pyspark_postgres_dag.py
[2025-12-16T08:19:42.240+0000] {processor.py:914} INFO - Processing file /opt/airflow/dags/test_pyspark_postgres_dag.py for tasks to queue
[2025-12-16T08:19:42.244+0000] {logging_mixin.py:190} INFO - [2025-12-16T08:19:42.243+0000] {dagbag.py:588} INFO - Filling up the DagBag from /opt/airflow/dags/test_pyspark_postgres_dag.py
[2025-12-16T08:19:42.338+0000] {logging_mixin.py:190} INFO - [2025-12-16T08:19:42.317+0000] {dagbag.py:387} ERROR - Failed to import: /opt/airflow/dags/test_pyspark_postgres_dag.py
Traceback (most recent call last):
  File "/home/airflow/.local/lib/python3.12/site-packages/airflow/models/dagbag.py", line 383, in parse
    loader.exec_module(new_module)
  File "<frozen importlib._bootstrap_external>", line 999, in exec_module
  File "<frozen importlib._bootstrap>", line 488, in _call_with_frames_removed
  File "/opt/airflow/dags/test_pyspark_postgres_dag.py", line 1, in <module>
    from pyspark.sql import SparkSession
ModuleNotFoundError: No module named 'pyspark'
[2025-12-16T08:19:42.343+0000] {processor.py:927} WARNING - No viable dags retrieved from /opt/airflow/dags/test_pyspark_postgres_dag.py
[2025-12-16T08:19:42.403+0000] {processor.py:208} INFO - Processing /opt/airflow/dags/test_pyspark_postgres_dag.py took 0.187 seconds
[2025-12-16T08:20:13.761+0000] {processor.py:186} INFO - Started process (PID=4378) to work on /opt/airflow/dags/test_pyspark_postgres_dag.py
[2025-12-16T08:20:13.765+0000] {processor.py:914} INFO - Processing file /opt/airflow/dags/test_pyspark_postgres_dag.py for tasks to queue
[2025-12-16T08:20:13.769+0000] {logging_mixin.py:190} INFO - [2025-12-16T08:20:13.768+0000] {dagbag.py:588} INFO - Filling up the DagBag from /opt/airflow/dags/test_pyspark_postgres_dag.py
[2025-12-16T08:20:13.823+0000] {logging_mixin.py:190} INFO - [2025-12-16T08:20:13.812+0000] {dagbag.py:387} ERROR - Failed to import: /opt/airflow/dags/test_pyspark_postgres_dag.py
Traceback (most recent call last):
  File "/home/airflow/.local/lib/python3.12/site-packages/airflow/models/dagbag.py", line 383, in parse
    loader.exec_module(new_module)
  File "<frozen importlib._bootstrap_external>", line 999, in exec_module
  File "<frozen importlib._bootstrap>", line 488, in _call_with_frames_removed
  File "/opt/airflow/dags/test_pyspark_postgres_dag.py", line 1, in <module>
    from pyspark.sql import SparkSession
ModuleNotFoundError: No module named 'pyspark'
[2025-12-16T08:20:13.827+0000] {processor.py:927} WARNING - No viable dags retrieved from /opt/airflow/dags/test_pyspark_postgres_dag.py
[2025-12-16T08:20:13.937+0000] {processor.py:208} INFO - Processing /opt/airflow/dags/test_pyspark_postgres_dag.py took 0.197 seconds
[2025-12-16T08:20:46.075+0000] {processor.py:186} INFO - Started process (PID=4451) to work on /opt/airflow/dags/test_pyspark_postgres_dag.py
[2025-12-16T08:20:46.078+0000] {processor.py:914} INFO - Processing file /opt/airflow/dags/test_pyspark_postgres_dag.py for tasks to queue
[2025-12-16T08:20:46.083+0000] {logging_mixin.py:190} INFO - [2025-12-16T08:20:46.082+0000] {dagbag.py:588} INFO - Filling up the DagBag from /opt/airflow/dags/test_pyspark_postgres_dag.py
[2025-12-16T08:20:46.140+0000] {logging_mixin.py:190} INFO - [2025-12-16T08:20:46.128+0000] {dagbag.py:387} ERROR - Failed to import: /opt/airflow/dags/test_pyspark_postgres_dag.py
Traceback (most recent call last):
  File "/home/airflow/.local/lib/python3.12/site-packages/airflow/models/dagbag.py", line 383, in parse
    loader.exec_module(new_module)
  File "<frozen importlib._bootstrap_external>", line 999, in exec_module
  File "<frozen importlib._bootstrap>", line 488, in _call_with_frames_removed
  File "/opt/airflow/dags/test_pyspark_postgres_dag.py", line 1, in <module>
    from pyspark.sql import SparkSession
ModuleNotFoundError: No module named 'pyspark'
[2025-12-16T08:20:46.143+0000] {processor.py:927} WARNING - No viable dags retrieved from /opt/airflow/dags/test_pyspark_postgres_dag.py
[2025-12-16T08:20:46.211+0000] {processor.py:208} INFO - Processing /opt/airflow/dags/test_pyspark_postgres_dag.py took 0.185 seconds
[2025-12-16T08:21:19.668+0000] {processor.py:186} INFO - Started process (PID=4524) to work on /opt/airflow/dags/test_pyspark_postgres_dag.py
[2025-12-16T08:21:19.671+0000] {processor.py:914} INFO - Processing file /opt/airflow/dags/test_pyspark_postgres_dag.py for tasks to queue
[2025-12-16T08:21:19.674+0000] {logging_mixin.py:190} INFO - [2025-12-16T08:21:19.673+0000] {dagbag.py:588} INFO - Filling up the DagBag from /opt/airflow/dags/test_pyspark_postgres_dag.py
[2025-12-16T08:21:19.724+0000] {logging_mixin.py:190} INFO - [2025-12-16T08:21:19.717+0000] {dagbag.py:387} ERROR - Failed to import: /opt/airflow/dags/test_pyspark_postgres_dag.py
Traceback (most recent call last):
  File "/home/airflow/.local/lib/python3.12/site-packages/airflow/models/dagbag.py", line 383, in parse
    loader.exec_module(new_module)
  File "<frozen importlib._bootstrap_external>", line 999, in exec_module
  File "<frozen importlib._bootstrap>", line 488, in _call_with_frames_removed
  File "/opt/airflow/dags/test_pyspark_postgres_dag.py", line 1, in <module>
    from pyspark.sql import SparkSession
ModuleNotFoundError: No module named 'pyspark'
[2025-12-16T08:21:19.729+0000] {processor.py:927} WARNING - No viable dags retrieved from /opt/airflow/dags/test_pyspark_postgres_dag.py
[2025-12-16T08:21:20.199+0000] {processor.py:208} INFO - Processing /opt/airflow/dags/test_pyspark_postgres_dag.py took 0.553 seconds
[2025-12-16T08:22:09.832+0000] {processor.py:186} INFO - Started process (PID=4618) to work on /opt/airflow/dags/test_pyspark_postgres_dag.py
[2025-12-16T08:22:09.837+0000] {processor.py:914} INFO - Processing file /opt/airflow/dags/test_pyspark_postgres_dag.py for tasks to queue
[2025-12-16T08:22:09.847+0000] {logging_mixin.py:190} INFO - [2025-12-16T08:22:09.842+0000] {dagbag.py:588} INFO - Filling up the DagBag from /opt/airflow/dags/test_pyspark_postgres_dag.py
[2025-12-16T08:22:09.925+0000] {logging_mixin.py:190} INFO - [2025-12-16T08:22:09.912+0000] {dagbag.py:387} ERROR - Failed to import: /opt/airflow/dags/test_pyspark_postgres_dag.py
Traceback (most recent call last):
  File "/home/airflow/.local/lib/python3.12/site-packages/airflow/models/dagbag.py", line 383, in parse
    loader.exec_module(new_module)
  File "<frozen importlib._bootstrap_external>", line 999, in exec_module
  File "<frozen importlib._bootstrap>", line 488, in _call_with_frames_removed
  File "/opt/airflow/dags/test_pyspark_postgres_dag.py", line 1, in <module>
    from pyspark.sql import SparkSession
ModuleNotFoundError: No module named 'pyspark'
[2025-12-16T08:22:09.929+0000] {processor.py:927} WARNING - No viable dags retrieved from /opt/airflow/dags/test_pyspark_postgres_dag.py
[2025-12-16T08:22:10.018+0000] {processor.py:208} INFO - Processing /opt/airflow/dags/test_pyspark_postgres_dag.py took 0.208 seconds
[2025-12-16T08:22:42.752+0000] {processor.py:186} INFO - Started process (PID=4691) to work on /opt/airflow/dags/test_pyspark_postgres_dag.py
[2025-12-16T08:22:42.755+0000] {processor.py:914} INFO - Processing file /opt/airflow/dags/test_pyspark_postgres_dag.py for tasks to queue
[2025-12-16T08:22:42.760+0000] {logging_mixin.py:190} INFO - [2025-12-16T08:22:42.759+0000] {dagbag.py:588} INFO - Filling up the DagBag from /opt/airflow/dags/test_pyspark_postgres_dag.py
[2025-12-16T08:22:42.812+0000] {logging_mixin.py:190} INFO - [2025-12-16T08:22:42.801+0000] {dagbag.py:387} ERROR - Failed to import: /opt/airflow/dags/test_pyspark_postgres_dag.py
Traceback (most recent call last):
  File "/home/airflow/.local/lib/python3.12/site-packages/airflow/models/dagbag.py", line 383, in parse
    loader.exec_module(new_module)
  File "<frozen importlib._bootstrap_external>", line 999, in exec_module
  File "<frozen importlib._bootstrap>", line 488, in _call_with_frames_removed
  File "/opt/airflow/dags/test_pyspark_postgres_dag.py", line 1, in <module>
    from pyspark.sql import SparkSession
ModuleNotFoundError: No module named 'pyspark'
[2025-12-16T08:22:42.815+0000] {processor.py:927} WARNING - No viable dags retrieved from /opt/airflow/dags/test_pyspark_postgres_dag.py
[2025-12-16T08:22:42.866+0000] {processor.py:208} INFO - Processing /opt/airflow/dags/test_pyspark_postgres_dag.py took 0.132 seconds
[2025-12-16T08:23:24.992+0000] {processor.py:186} INFO - Started process (PID=4770) to work on /opt/airflow/dags/test_pyspark_postgres_dag.py
[2025-12-16T08:23:24.997+0000] {processor.py:914} INFO - Processing file /opt/airflow/dags/test_pyspark_postgres_dag.py for tasks to queue
[2025-12-16T08:23:25.001+0000] {logging_mixin.py:190} INFO - [2025-12-16T08:23:25.000+0000] {dagbag.py:588} INFO - Filling up the DagBag from /opt/airflow/dags/test_pyspark_postgres_dag.py
[2025-12-16T08:23:25.107+0000] {logging_mixin.py:190} INFO - [2025-12-16T08:23:25.084+0000] {dagbag.py:387} ERROR - Failed to import: /opt/airflow/dags/test_pyspark_postgres_dag.py
Traceback (most recent call last):
  File "/home/airflow/.local/lib/python3.12/site-packages/airflow/models/dagbag.py", line 383, in parse
    loader.exec_module(new_module)
  File "<frozen importlib._bootstrap_external>", line 999, in exec_module
  File "<frozen importlib._bootstrap>", line 488, in _call_with_frames_removed
  File "/opt/airflow/dags/test_pyspark_postgres_dag.py", line 1, in <module>
    from pyspark.sql import SparkSession
ModuleNotFoundError: No module named 'pyspark'
[2025-12-16T08:23:25.110+0000] {processor.py:927} WARNING - No viable dags retrieved from /opt/airflow/dags/test_pyspark_postgres_dag.py
[2025-12-16T08:23:25.164+0000] {processor.py:208} INFO - Processing /opt/airflow/dags/test_pyspark_postgres_dag.py took 0.203 seconds
[2025-12-16T08:23:55.445+0000] {processor.py:186} INFO - Started process (PID=4841) to work on /opt/airflow/dags/test_pyspark_postgres_dag.py
[2025-12-16T08:23:55.448+0000] {processor.py:914} INFO - Processing file /opt/airflow/dags/test_pyspark_postgres_dag.py for tasks to queue
[2025-12-16T08:23:55.452+0000] {logging_mixin.py:190} INFO - [2025-12-16T08:23:55.451+0000] {dagbag.py:588} INFO - Filling up the DagBag from /opt/airflow/dags/test_pyspark_postgres_dag.py
[2025-12-16T08:23:55.513+0000] {logging_mixin.py:190} INFO - [2025-12-16T08:23:55.501+0000] {dagbag.py:387} ERROR - Failed to import: /opt/airflow/dags/test_pyspark_postgres_dag.py
Traceback (most recent call last):
  File "/home/airflow/.local/lib/python3.12/site-packages/airflow/models/dagbag.py", line 383, in parse
    loader.exec_module(new_module)
  File "<frozen importlib._bootstrap_external>", line 999, in exec_module
  File "<frozen importlib._bootstrap>", line 488, in _call_with_frames_removed
  File "/opt/airflow/dags/test_pyspark_postgres_dag.py", line 1, in <module>
    from pyspark.sql import SparkSession
ModuleNotFoundError: No module named 'pyspark'
[2025-12-16T08:23:55.519+0000] {processor.py:927} WARNING - No viable dags retrieved from /opt/airflow/dags/test_pyspark_postgres_dag.py
[2025-12-16T08:23:55.588+0000] {processor.py:208} INFO - Processing /opt/airflow/dags/test_pyspark_postgres_dag.py took 0.159 seconds
[2025-12-16T08:24:26.293+0000] {processor.py:186} INFO - Started process (PID=4913) to work on /opt/airflow/dags/test_pyspark_postgres_dag.py
[2025-12-16T08:24:26.296+0000] {processor.py:914} INFO - Processing file /opt/airflow/dags/test_pyspark_postgres_dag.py for tasks to queue
[2025-12-16T08:24:26.301+0000] {logging_mixin.py:190} INFO - [2025-12-16T08:24:26.300+0000] {dagbag.py:588} INFO - Filling up the DagBag from /opt/airflow/dags/test_pyspark_postgres_dag.py
[2025-12-16T08:24:26.370+0000] {logging_mixin.py:190} INFO - [2025-12-16T08:24:26.355+0000] {dagbag.py:387} ERROR - Failed to import: /opt/airflow/dags/test_pyspark_postgres_dag.py
Traceback (most recent call last):
  File "/home/airflow/.local/lib/python3.12/site-packages/airflow/models/dagbag.py", line 383, in parse
    loader.exec_module(new_module)
  File "<frozen importlib._bootstrap_external>", line 999, in exec_module
  File "<frozen importlib._bootstrap>", line 488, in _call_with_frames_removed
  File "/opt/airflow/dags/test_pyspark_postgres_dag.py", line 1, in <module>
    from pyspark.sql import SparkSession
ModuleNotFoundError: No module named 'pyspark'
[2025-12-16T08:24:26.379+0000] {processor.py:927} WARNING - No viable dags retrieved from /opt/airflow/dags/test_pyspark_postgres_dag.py
[2025-12-16T08:24:26.548+0000] {processor.py:208} INFO - Processing /opt/airflow/dags/test_pyspark_postgres_dag.py took 0.276 seconds
[2025-12-16T08:24:57.022+0000] {processor.py:186} INFO - Started process (PID=4985) to work on /opt/airflow/dags/test_pyspark_postgres_dag.py
[2025-12-16T08:24:57.024+0000] {processor.py:914} INFO - Processing file /opt/airflow/dags/test_pyspark_postgres_dag.py for tasks to queue
[2025-12-16T08:24:57.032+0000] {logging_mixin.py:190} INFO - [2025-12-16T08:24:57.029+0000] {dagbag.py:588} INFO - Filling up the DagBag from /opt/airflow/dags/test_pyspark_postgres_dag.py
[2025-12-16T08:24:57.092+0000] {logging_mixin.py:190} INFO - [2025-12-16T08:24:57.078+0000] {dagbag.py:387} ERROR - Failed to import: /opt/airflow/dags/test_pyspark_postgres_dag.py
Traceback (most recent call last):
  File "/home/airflow/.local/lib/python3.12/site-packages/airflow/models/dagbag.py", line 383, in parse
    loader.exec_module(new_module)
  File "<frozen importlib._bootstrap_external>", line 999, in exec_module
  File "<frozen importlib._bootstrap>", line 488, in _call_with_frames_removed
  File "/opt/airflow/dags/test_pyspark_postgres_dag.py", line 1, in <module>
    from pyspark.sql import SparkSession
ModuleNotFoundError: No module named 'pyspark'
[2025-12-16T08:24:57.095+0000] {processor.py:927} WARNING - No viable dags retrieved from /opt/airflow/dags/test_pyspark_postgres_dag.py
[2025-12-16T08:24:57.152+0000] {processor.py:208} INFO - Processing /opt/airflow/dags/test_pyspark_postgres_dag.py took 0.147 seconds
[2025-12-16T08:25:30.326+0000] {processor.py:186} INFO - Started process (PID=5062) to work on /opt/airflow/dags/test_pyspark_postgres_dag.py
[2025-12-16T08:25:30.328+0000] {processor.py:914} INFO - Processing file /opt/airflow/dags/test_pyspark_postgres_dag.py for tasks to queue
[2025-12-16T08:25:30.332+0000] {logging_mixin.py:190} INFO - [2025-12-16T08:25:30.331+0000] {dagbag.py:588} INFO - Filling up the DagBag from /opt/airflow/dags/test_pyspark_postgres_dag.py
[2025-12-16T08:25:30.373+0000] {logging_mixin.py:190} INFO - [2025-12-16T08:25:30.365+0000] {dagbag.py:387} ERROR - Failed to import: /opt/airflow/dags/test_pyspark_postgres_dag.py
Traceback (most recent call last):
  File "/home/airflow/.local/lib/python3.12/site-packages/airflow/models/dagbag.py", line 383, in parse
    loader.exec_module(new_module)
  File "<frozen importlib._bootstrap_external>", line 999, in exec_module
  File "<frozen importlib._bootstrap>", line 488, in _call_with_frames_removed
  File "/opt/airflow/dags/test_pyspark_postgres_dag.py", line 1, in <module>
    from pyspark.sql import SparkSession
ModuleNotFoundError: No module named 'pyspark'
[2025-12-16T08:25:30.380+0000] {processor.py:927} WARNING - No viable dags retrieved from /opt/airflow/dags/test_pyspark_postgres_dag.py
[2025-12-16T08:25:30.442+0000] {processor.py:208} INFO - Processing /opt/airflow/dags/test_pyspark_postgres_dag.py took 0.141 seconds
[2025-12-16T08:26:07.323+0000] {processor.py:186} INFO - Started process (PID=5139) to work on /opt/airflow/dags/test_pyspark_postgres_dag.py
[2025-12-16T08:26:07.329+0000] {processor.py:914} INFO - Processing file /opt/airflow/dags/test_pyspark_postgres_dag.py for tasks to queue
[2025-12-16T08:26:07.339+0000] {logging_mixin.py:190} INFO - [2025-12-16T08:26:07.337+0000] {dagbag.py:588} INFO - Filling up the DagBag from /opt/airflow/dags/test_pyspark_postgres_dag.py
[2025-12-16T08:26:07.444+0000] {logging_mixin.py:190} INFO - [2025-12-16T08:26:07.403+0000] {dagbag.py:387} ERROR - Failed to import: /opt/airflow/dags/test_pyspark_postgres_dag.py
Traceback (most recent call last):
  File "/home/airflow/.local/lib/python3.12/site-packages/airflow/models/dagbag.py", line 383, in parse
    loader.exec_module(new_module)
  File "<frozen importlib._bootstrap_external>", line 999, in exec_module
  File "<frozen importlib._bootstrap>", line 488, in _call_with_frames_removed
  File "/opt/airflow/dags/test_pyspark_postgres_dag.py", line 1, in <module>
    from pyspark.sql import SparkSession
ModuleNotFoundError: No module named 'pyspark'
[2025-12-16T08:26:07.452+0000] {processor.py:927} WARNING - No viable dags retrieved from /opt/airflow/dags/test_pyspark_postgres_dag.py
[2025-12-16T08:26:07.506+0000] {processor.py:208} INFO - Processing /opt/airflow/dags/test_pyspark_postgres_dag.py took 0.211 seconds
[2025-12-16T08:26:51.122+0000] {processor.py:186} INFO - Started process (PID=5223) to work on /opt/airflow/dags/test_pyspark_postgres_dag.py
[2025-12-16T08:26:51.125+0000] {processor.py:914} INFO - Processing file /opt/airflow/dags/test_pyspark_postgres_dag.py for tasks to queue
[2025-12-16T08:26:51.129+0000] {logging_mixin.py:190} INFO - [2025-12-16T08:26:51.128+0000] {dagbag.py:588} INFO - Filling up the DagBag from /opt/airflow/dags/test_pyspark_postgres_dag.py
[2025-12-16T08:26:51.173+0000] {logging_mixin.py:190} INFO - [2025-12-16T08:26:51.165+0000] {dagbag.py:387} ERROR - Failed to import: /opt/airflow/dags/test_pyspark_postgres_dag.py
Traceback (most recent call last):
  File "/home/airflow/.local/lib/python3.12/site-packages/airflow/models/dagbag.py", line 383, in parse
    loader.exec_module(new_module)
  File "<frozen importlib._bootstrap_external>", line 999, in exec_module
  File "<frozen importlib._bootstrap>", line 488, in _call_with_frames_removed
  File "/opt/airflow/dags/test_pyspark_postgres_dag.py", line 1, in <module>
    from pyspark.sql import SparkSession
ModuleNotFoundError: No module named 'pyspark'
[2025-12-16T08:26:51.176+0000] {processor.py:927} WARNING - No viable dags retrieved from /opt/airflow/dags/test_pyspark_postgres_dag.py
[2025-12-16T08:26:51.224+0000] {processor.py:208} INFO - Processing /opt/airflow/dags/test_pyspark_postgres_dag.py took 0.124 seconds
[2025-12-16T08:28:00.118+0000] {processor.py:186} INFO - Started process (PID=5322) to work on /opt/airflow/dags/test_pyspark_postgres_dag.py
[2025-12-16T08:28:00.121+0000] {processor.py:914} INFO - Processing file /opt/airflow/dags/test_pyspark_postgres_dag.py for tasks to queue
[2025-12-16T08:28:00.126+0000] {logging_mixin.py:190} INFO - [2025-12-16T08:28:00.124+0000] {dagbag.py:588} INFO - Filling up the DagBag from /opt/airflow/dags/test_pyspark_postgres_dag.py
[2025-12-16T08:28:00.460+0000] {logging_mixin.py:190} INFO - [2025-12-16T08:28:00.401+0000] {dagbag.py:387} ERROR - Failed to import: /opt/airflow/dags/test_pyspark_postgres_dag.py
Traceback (most recent call last):
  File "/home/airflow/.local/lib/python3.12/site-packages/airflow/models/dagbag.py", line 383, in parse
    loader.exec_module(new_module)
  File "<frozen importlib._bootstrap_external>", line 999, in exec_module
  File "<frozen importlib._bootstrap>", line 488, in _call_with_frames_removed
  File "/opt/airflow/dags/test_pyspark_postgres_dag.py", line 1, in <module>
    from pyspark.sql import SparkSession
ModuleNotFoundError: No module named 'pyspark'
[2025-12-16T08:28:00.497+0000] {processor.py:927} WARNING - No viable dags retrieved from /opt/airflow/dags/test_pyspark_postgres_dag.py
[2025-12-16T08:28:00.752+0000] {processor.py:208} INFO - Processing /opt/airflow/dags/test_pyspark_postgres_dag.py took 0.722 seconds
